
Mon Jul 08 2024 13:59:46:904 GMT-0400 (Eastern Daylight Time) -- [SUCCESS] You can now access your local server(s) in our remote browser

Mon Jul 08 2024 13:59:48:363 GMT-0400 (Eastern Daylight Time) -- Starting configuration console on http://localhost:45454
Mon Jul 08 2024 13:59:48:881 GMT-0400 (Eastern Daylight Time) -- Press Ctrl-C to exit



Mon Jul 08 2024 14:06:22:569 GMT-0400 (Eastern Daylight Time) -- [SUCCESS] You can now access your local server(s) in our remote browser

Mon Jul 08 2024 14:06:23:928 GMT-0400 (Eastern Daylight Time) -- Starting configuration console on http://localhost:45454
Mon Jul 08 2024 14:06:24:530 GMT-0400 (Eastern Daylight Time) -- Press Ctrl-C to exit



Mon Jul 08 2024 14:23:18:720 GMT-0400 (Eastern Daylight Time) -- [SUCCESS] You can now access your local server(s) in our remote browser

Mon Jul 08 2024 14:23:20:108 GMT-0400 (Eastern Daylight Time) -- Starting configuration console on http://localhost:45454
Mon Jul 08 2024 14:23:20:622 GMT-0400 (Eastern Daylight Time) -- Press Ctrl-C to exit



Mon Jul 08 2024 14:24:40:999 GMT-0400 (Eastern Daylight Time) -- [SUCCESS] You can now access your local server(s) in our remote browser

Mon Jul 08 2024 14:24:42:361 GMT-0400 (Eastern Daylight Time) -- Starting configuration console on http://localhost:45454
Mon Jul 08 2024 14:24:42:624 GMT-0400 (Eastern Daylight Time) -- Press Ctrl-C to exit



Mon Jul 08 2024 14:26:27:64 GMT-0400 (Eastern Daylight Time) -- [SUCCESS] You can now access your local server(s) in our remote browser

Mon Jul 08 2024 14:26:28:461 GMT-0400 (Eastern Daylight Time) -- Starting configuration console on http://localhost:45454
Mon Jul 08 2024 14:26:28:619 GMT-0400 (Eastern Daylight Time) -- Press Ctrl-C to exit



Mon Jul 08 2024 14:35:01:875 GMT-0400 (Eastern Daylight Time) -- [SUCCESS] You can now access your local server(s) in our remote browser

Mon Jul 08 2024 14:35:02:773 GMT-0400 (Eastern Daylight Time) -- Starting configuration console on http://localhost:45454
Mon Jul 08 2024 14:35:03:275 GMT-0400 (Eastern Daylight Time) -- Press Ctrl-C to exit



Mon Jul 08 2024 14:44:56:894 GMT-0400 (Eastern Daylight Time) -- [SUCCESS] You can now access your local server(s) in our remote browser

Mon Jul 08 2024 14:44:58:96 GMT-0400 (Eastern Daylight Time) -- Starting configuration console on http://localhost:45454
Mon Jul 08 2024 14:44:59:449 GMT-0400 (Eastern Daylight Time) -- Press Ctrl-C to exit



Mon Jul 08 2024 14:47:09:761 GMT-0400 (Eastern Daylight Time) -- [SUCCESS] You can now access your local server(s) in our remote browser

Mon Jul 08 2024 14:47:11:108 GMT-0400 (Eastern Daylight Time) -- Starting configuration console on http://localhost:45454
Mon Jul 08 2024 14:47:11:369 GMT-0400 (Eastern Daylight Time) -- Press Ctrl-C to exit



Mon Jul 08 2024 14:47:38:530 GMT-0400 (Eastern Daylight Time) -- [SUCCESS] You can now access your local server(s) in our remote browser

Mon Jul 08 2024 14:47:39:910 GMT-0400 (Eastern Daylight Time) -- Starting configuration console on http://localhost:45454
Mon Jul 08 2024 14:47:40:280 GMT-0400 (Eastern Daylight Time) -- Press Ctrl-C to exit



Mon Jul 08 2024 14:48:33:605 GMT-0400 (Eastern Daylight Time) -- [SUCCESS] You can now access your local server(s) in our remote browser

Mon Jul 08 2024 14:48:35:62 GMT-0400 (Eastern Daylight Time) -- Starting configuration console on http://localhost:45454
Mon Jul 08 2024 14:48:35:160 GMT-0400 (Eastern Daylight Time) -- Press Ctrl-C to exit



Mon Jul 08 2024 14:49:10:459 GMT-0400 (Eastern Daylight Time) -- [SUCCESS] You can now access your local server(s) in our remote browser

Mon Jul 08 2024 14:49:11:931 GMT-0400 (Eastern Daylight Time) -- Starting configuration console on http://localhost:45454
Mon Jul 08 2024 14:49:12:84 GMT-0400 (Eastern Daylight Time) -- Press Ctrl-C to exit



Mon Jul 08 2024 14:56:01:505 GMT-0400 (Eastern Daylight Time) -- [SUCCESS] You can now access your local server(s) in our remote browser

Mon Jul 08 2024 14:56:02:879 GMT-0400 (Eastern Daylight Time) -- Starting configuration console on http://localhost:45454
Mon Jul 08 2024 14:56:03:228 GMT-0400 (Eastern Daylight Time) -- Press Ctrl-C to exit



Mon Jul 08 2024 15:03:15:928 GMT-0400 (Eastern Daylight Time) -- [SUCCESS] You can now access your local server(s) in our remote browser

Mon Jul 08 2024 15:03:17:312 GMT-0400 (Eastern Daylight Time) -- Starting configuration console on http://localhost:45454
Mon Jul 08 2024 15:03:17:604 GMT-0400 (Eastern Daylight Time) -- Press Ctrl-C to exit



Mon Jul 08 2024 15:05:24:980 GMT-0400 (Eastern Daylight Time) -- [WARNING] Skipping initialisation of configuration console because: port already in use by another Binary
Mon Jul 08 2024 15:05:25:624 GMT-0400 (Eastern Daylight Time) -- [SUCCESS] You can now access your local server(s) in our remote browser

Mon Jul 08 2024 15:05:27:597 GMT-0400 (Eastern Daylight Time) -- Press Ctrl-C to exit



Mon Jul 08 2024 15:22:58:764 GMT-0400 (Eastern Daylight Time) -- [SUCCESS] You can now access your local server(s) in our remote browser

Mon Jul 08 2024 15:23:00:128 GMT-0400 (Eastern Daylight Time) -- Starting configuration console on http://localhost:45454
Mon Jul 08 2024 15:23:00:378 GMT-0400 (Eastern Daylight Time) -- Press Ctrl-C to exit



Tue Aug 27 2024 16:41:35:395 GMT-0400 (Eastern Daylight Time) -- [SUCCESS] You can now access your local server(s) in our remote browser

Tue Aug 27 2024 16:41:36:838 GMT-0400 (Eastern Daylight Time) -- Starting configuration console on http://localhost:45454
Tue Aug 27 2024 16:41:37:342 GMT-0400 (Eastern Daylight Time) -- Press Ctrl-C to exit



Tue Aug 27 2024 16:47:22:53 GMT-0400 (Eastern Daylight Time) -- [SUCCESS] You can now access your local server(s) in our remote browser

Tue Aug 27 2024 16:47:23:509 GMT-0400 (Eastern Daylight Time) -- Starting configuration console on http://localhost:45454
Tue Aug 27 2024 16:47:24:958 GMT-0400 (Eastern Daylight Time) -- Press Ctrl-C to exit



Mon Sep 09 2024 17:08:27:747 GMT-0400 (Eastern Daylight Time) -- [SUCCESS] You can now access your local server(s) in our remote browser

Mon Sep 09 2024 17:08:29:75 GMT-0400 (Eastern Daylight Time) -- Starting configuration console on http://localhost:45454
Mon Sep 09 2024 17:08:30:874 GMT-0400 (Eastern Daylight Time) -- Press Ctrl-C to exit



Fri Sep 13 2024 15:32:35:661 GMT-0400 (Eastern Daylight Time) -- [SUCCESS] You can now access your local server(s) in our remote browser

Fri Sep 13 2024 15:32:36:676 GMT-0400 (Eastern Daylight Time) -- Starting configuration console on http://localhost:45454
Fri Sep 13 2024 15:32:43:258 GMT-0400 (Eastern Daylight Time) -- Press Ctrl-C to exit



Fri Sep 13 2024 16:08:33:266 GMT-0400 (Eastern Daylight Time) -- [SUCCESS] You can now access your local server(s) in our remote browser

Fri Sep 13 2024 16:08:34:569 GMT-0400 (Eastern Daylight Time) -- Starting configuration console on http://localhost:45454
Fri Sep 13 2024 16:08:37:847 GMT-0400 (Eastern Daylight Time) -- Press Ctrl-C to exit



Mon Sep 16 2024 11:10:58:329 GMT-0400 (Eastern Daylight Time) -- [SUCCESS] You can now access your local server(s) in our remote browser

Mon Sep 16 2024 11:10:58:555 GMT-0400 (Eastern Daylight Time) -- Starting configuration console on http://localhost:45454
Mon Sep 16 2024 11:11:03:234 GMT-0400 (Eastern Daylight Time) -- Press Ctrl-C to exit



Mon Sep 16 2024 11:11:43:735 GMT-0400 (Eastern Daylight Time) -- [SUCCESS] You can now access your local server(s) in our remote browser

Mon Sep 16 2024 11:11:44:289 GMT-0400 (Eastern Daylight Time) -- Starting configuration console on http://localhost:45454
Mon Sep 16 2024 11:11:46:934 GMT-0400 (Eastern Daylight Time) -- Press Ctrl-C to exit


