1720534265721	geckodriver	INFO	Listening on 127.0.0.1:55074
1720534268778	mozrunner::runner	INFO	Running command: "C:\\Program Files\\Mozilla Firefox\\firefox.exe" "--marionette" "--remote-debugging-port" "55075" "--remote-allow-hosts" "localhost" "-no-remote" "-profile" "D:\\Users\\sainiarchana\\AppData\\Local\\Temp\\rust_mozprofileR66GsK"
console.warn: services.settings: Ignoring preference override of remote settings server
console.warn: services.settings: Allow by setting MOZ_REMOTE_SETTINGS_DEVTOOLS=1 in the environment
Dynamically enable window occlusion 0
1720534269788	Marionette	INFO	Marionette enabled
1720534270148	Marionette	INFO	Listening on port 55085
WebDriver BiDi listening on ws://127.0.0.1:55075
Read port: 55085
1720534270573	RemoteAgent	WARN	TLS certificate errors will be ignored for this session
DevTools listening on ws://127.0.0.1:55075/devtools/browser/e232ae40-7bf2-4eea-9e3e-013400f403be
JavaScript warning: https://z.moatads.com/dowjonesheader64568365681/moatheader.js, line 386: WEBGL_debug_renderer_info is deprecated in Firefox and will be removed. Please use RENDERER.
JavaScript error: https://cdn.cxense.com/sp1.html#ver=2.8.65&typ=pgv&rnd=lyehoq7x5qiapjte&sid=1139592114930554183&loc=https%3A%2F%2Fwww.s.dev.fnlondon.com%2F&new=1&arf=0&ltm=1720534279108&ref=&tzo=240&wsz=1366x545&res=1366x670&dpr=1&col=24&bln=en-US&chs=UTF-8&cks=lyehoq9ipmrtjey2&ckp=lyehoq7xdx07pgif&glb=&cp_userState=anon&cp_testGroup=98&cp_env=staging&cp_topDomain=fnlondon.com&cp_template=Full&cp_access=free&cp_section=Home&cp_subsection=&cp_cms_name=CAPS&cp_subscriber=nonsubscriber&cp_edition=europegb&cp_bucket=7&cp_ab_bucket=27&cp_pageContentSource=FN%20London&cp_pageContentType=Home&cp_pageContentTypeDetai=default&cp_pageSiteProduct=FN&cp_userTags=&cp_sessionState=none, line 1: TypeError: cX.loadScript is not a function
JavaScript warning: https://pagead2.googlesyndication.com/bg/KV3D6fBnFTiXbIv-4-1-itQxPECiOLE_JpSNKJs5lP8.js line 2 > eval line 131 > eval line 1 > eval line 1 > eval, line 1: WEBGL_debug_renderer_info is deprecated in Firefox and will be removed. Please use RENDERER.
JavaScript error: , line 0: TypeError: NetworkError when attempting to fetch resource.
JavaScript warning: https://z.moatads.com/dowjonesheader64568365681/moatheader.js, line 386: WEBGL_debug_renderer_info is deprecated in Firefox and will be removed. Please use RENDERER.
JavaScript error: https://www.s.dev.fnlondon.com/articles/testing-article-timestamp-20231102, line 648: SyntaxError: missing } after property list
JavaScript note: https://www.s.dev.fnlondon.com/articles/testing-article-timestamp-20231102, line 643: { opened at line 643, column 33
JavaScript error: https://asset.barrons.com/article/public/fn_full_article.f75f15a42d72.js, line 62: TypeError: e(...).offset() is undefined
JavaScript error: https://asset.barrons.com/article/public/fn_full_article.f75f15a42d72.js, line 26: TypeError: e(...).offset() is undefined
JavaScript warning: https://pagead2.googlesyndication.com/bg/KV3D6fBnFTiXbIv-4-1-itQxPECiOLE_JpSNKJs5lP8.js line 2 > eval line 4725 > eval line 1 > eval line 1 > eval, line 1: WEBGL_debug_renderer_info is deprecated in Firefox and will be removed. Please use RENDERER.
JavaScript error: https://asset.barrons.com/article/public/fn_full_article.f75f15a42d72.js, line 26: TypeError: e(...).offset() is undefined
JavaScript error: https://asset.barrons.com/article/public/fn_full_article.f75f15a42d72.js, line 26: TypeError: e(...).offset() is undefined
JavaScript error: https://asset.barrons.com/article/public/fn_full_article.f75f15a42d72.js, line 26: TypeError: e(...).offset() is undefined
JavaScript error: https://asset.barrons.com/article/public/fn_full_article.f75f15a42d72.js, line 26: TypeError: e(...).offset() is undefined
1720534299870	addons.xpi	ERROR	System addon update list error SyntaxError: XMLHttpRequest.open: 'http://%(server)s/dummy-system-addons.xml' is not a valid URL.
JavaScript warning: https://cdn.parsely.com/keys/fnlondon.com/p.js, line 7: Script terminated by timeout at:
value@https://cdn.parsely.com/keys/fnlondon.com/p.js:7:22404
value@https://cdn.parsely.com/keys/fnlondon.com/p.js:7:22256
value@https://cdn.parsely.com/keys/fnlondon.com/p.js:7:24351
value@https://cdn.parsely.com/keys/fnlondon.com/p.js:7:24771

JavaScript warning: https://imasdk.googleapis.com/js/core/bridge3.650.0_en.html#goog_707773832, line 450: Script terminated by timeout at:
oB@https://imasdk.googleapis.com/js/core/bridge3.650.0_en.html#goog_707773832:450:310
sB/this.aa@https://imasdk.googleapis.com/js/core/bridge3.650.0_en.html#goog_707773832:448:29

JavaScript error: , line 0: TypeError: NetworkError when attempting to fetch resource.
1720534307205	Marionette	INFO	Stopped listening on port 55085
Dynamically enable window occlusion 1
