1728546758574	geckodriver	INFO	Listening on 127.0.0.1:50636
1728546761632	mozrunner::runner	INFO	Running command: "C:\\Program Files\\Mozilla Firefox\\firefox.exe" "--marionette" "--remote-debugging-port" "50637" "--remote-allow-hosts" "localhost" "-no-remote" "-profile" "D:\\Users\\sasikumarj\\AppData\\Local\\Temp\\rust_mozprofileVdMR0C"
console.warn: services.settings: Ignoring preference override of remote settings server
console.warn: services.settings: Allow by setting MOZ_REMOTE_SETTINGS_DEVTOOLS=1 in the environment
Dynamically enable window occlusion 0
1728546762288	Marionette	INFO	Marionette enabled
1728546762541	Marionette	INFO	Listening on port 50644
WebDriver BiDi listening on ws://127.0.0.1:50637
Read port: 50644
1728546762702	RemoteAgent	WARN	TLS certificate errors will be ignored for this session
DevTools listening on ws://127.0.0.1:50637/devtools/browser/f81fa235-45eb-45b2-b08b-c627908d18af
JavaScript error: https://cdn.cxense.com/sp1.html#ver=2.8.80&typ=pgv&rnd=m230488xxn1177lf&sid=1144071410389139719&loc=https%3A%2F%2Fwww.s.dev.mansionglobal.com%2F&new=1&arf=0&ltm=1728546770628&ref=&tzo=-330&wsz=1280x595&res=1280x720&dpr=1&col=24&bln=en-US&chs=UTF-8&cks=m23048bditqyq2vl&ckp=m230488x9uk7l6zi&glb=&cp_userState=anon&cp_testGroup=55&cp_env=staging&cp_topDomain=mansionglobal.com&cp_template=full&cp_access=free&cp_section=Home&cp_subsection=&cp_cms_name=CMS%20Wordpress&cp_subscriber=nonsubscriber&cp_edition=naus&cp_bucket=1&cp_ab_bucket=11&cp_pageContentSource=Mansion%20Global&cp_pageContentType=Home&cp_pageContentTypeDetai=default&cp_pageSiteProduct=MG&cp_userTags=&cp_sessionState=none, line 1: TypeError: cX.loadScript is not a function
JavaScript warning: https://cdn.parsely.com/keys/mansionglobal.com/p.js, line 7: Script terminated by timeout at:
n._getCacheFromString@https://cdn.parsely.com/keys/mansionglobal.com/p.js:7:29545
n._renewCache@https://cdn.parsely.com/keys/mansionglobal.com/p.js:7:30030
n.get@https://cdn.parsely.com/keys/mansionglobal.com/p.js:7:27898
getVisitorInfo@https://cdn.parsely.com/keys/mansionglobal.com/p.js:7:33929
getSession@https://cdn.parsely.com/keys/mansionglobal.com/p.js:7:35584
beacon@https://cdn.parsely.com/keys/mansionglobal.com/p.js:7:64086
e.engagedTime.sendHeartbeat@https://cdn.parsely.com/keys/mansionglobal.com/p.js:7:43415
i.sendHeartbeat@https://cdn.parsely.com/keys/mansionglobal.com/p.js:7:41440
i._sendHeartbeats@https://cdn.parsely.com/keys/mansionglobal.com/p.js:7:41594
i._setUnloadListeners/<@https://cdn.parsely.com/keys/mansionglobal.com/p.js:7:41747
value/<@https://cdn.parsely.com/keys/mansionglobal.com/p.js:7:22304
value@https://cdn.parsely.com/keys/mansionglobal.com/p.js:7:22277
value@https://cdn.parsely.com/keys/mansionglobal.com/p.js:7:24351
value@https://cdn.parsely.com/keys/mansionglobal.com/p.js:7:24771

JavaScript warning: https://imasdk.googleapis.com/js/core/bridge3.672.0_en.html#goog_805494074, line 452: Script terminated by timeout at:
cC@https://imasdk.googleapis.com/js/core/bridge3.672.0_en.html#goog_805494074:452:275
fC/this.Y<@https://imasdk.googleapis.com/js/core/bridge3.672.0_en.html#goog_805494074:449:426
f@https://imasdk.googleapis.com/js/core/bridge3.672.0_en.html#goog_805494074:98:334
pf/<@https://imasdk.googleapis.com/js/core/bridge3.672.0_en.html#goog_805494074:98:389
fC/this.ba@https://imasdk.googleapis.com/js/core/bridge3.672.0_en.html#goog_805494074:450:59

console.warn: LoginRecipes: "Falling back to a synchronous message for: https://sso.int.accounts.dowjones.com."
console.warn: LoginRecipes: "Falling back to a synchronous message for: https://sso.int.accounts.dowjones.com."
console.warn: LoginRecipes: "Falling back to a synchronous message for: https://sso.int.accounts.dowjones.com."
console.warn: LoginRecipes: "Falling back to a synchronous message for: https://sso.int.accounts.dowjones.com."
JavaScript warning: https://www.googletagmanager.com/gtag/js?id=G-GJ5S1GJYKT, line 591: Script terminated by timeout at:
aA@https://www.googletagmanager.com/gtag/js?id=G-GJ5S1GJYKT:591:482
sA@https://www.googletagmanager.com/gtag/js?id=G-GJ5S1GJYKT:598:163
qA/</<@https://www.googletagmanager.com/gtag/js?id=G-GJ5S1GJYKT:597:187
z@https://www.googletagmanager.com/gtag/js?id=G-GJ5S1GJYKT:199:203
qA/<@https://www.googletagmanager.com/gtag/js?id=G-GJ5S1GJYKT:597:167
z@https://www.googletagmanager.com/gtag/js?id=G-GJ5S1GJYKT:199:203
qA@https://www.googletagmanager.com/gtag/js?id=G-GJ5S1GJYKT:597:134
rA/<@https://www.googletagmanager.com/gtag/js?id=G-GJ5S1GJYKT:597:111

JavaScript error: https://www.s.dev.mansionglobal.com/follow?alert=news_alert&id=NewsAlertEmailTechnology, line 256: TypeError: window.__ace is not a function
JavaScript error: https://aswpsdkus.com/notify/v1/ua-sdk.min.js, line 1: Error: Notification permission is denied.
JavaScript warning: https://cdn.cxense.com/cx.js, line 6: Script terminated by timeout at:
Ii@https://cdn.cxense.com/cx.js:6:48049
Yi@https://cdn.cxense.com/cx.js:6:52822
ea@https://cdn.cxense.com/cx.js:6:70153
ra/<@https://cdn.cxense.com/cx.js:6:70614

JavaScript warning: https://fpt.live.com/?session_id=97d25d10e06d42ef983b967d76ff012c&CustomerId=33e01921-4d64-4f8c-a055-5bdaffd5e33d&PageId=SI, line 5: WEBGL_debug_renderer_info is deprecated in Firefox and will be removed. Please use RENDERER.
console.warn: LoginRecipes: "Falling back to a synchronous message for: https://login.live.com."
1728546883022	Marionette	WARN	Ignoring event 'DOMContentLoaded' because document has an invalid readyState of 'complete'.
console.warn: WindowsJumpLists: "Failed to fetch favicon for " "https://login.live.com/login.srf?wa=wsignin1.0&rpsnv=162&ct=1728546883&rver=7.5.2211.0&wp=MBI_SSL&wreply=https%3a%2f%2foutlook.live.com%2fowa%2f%3fnlp%3d1%26RpsCsrfState%3d804450ff-80e8-6bad-fa99-af83ca10888b%26wa%3dwsignin1.0&id=292841&aadredir=1&CBCXT=out&lw=1&fl=dob%2cflname%2cwld&cobrandid=90015" ({})
console.warn: WindowsJumpLists: "Failed to fetch favicon for " "https://www.s.dev.mansionglobal.com/follow" ({})
JavaScript error: https://ib.3lift.com/rev/73b0a2e789423ec7967c05c79956a444f3f713ba/dist/bundle.js, line 1: SecurityError: Permission denied to access property "__gpp" on cross-origin object
1728546889510	Marionette	WARN	Ignoring event 'pageshow' because document has an invalid readyState of 'interactive'.
JavaScript warning: https://res-1.cdn.office.net/midgard/versionless/livepersonacard_without-react_4e09eb534f633f2b7d57.js, line 2: unreachable code after return statement
JavaScript warning: https://cdn.adnxs.com/v/s/246/trk.js, line 560: Script terminated by timeout at:
_.C@https://cdn.adnxs.com/v/s/246/trk.js:560:1382
md/<@https://cdn.adnxs.com/v/s/246/trk.js:560:5653

JavaScript warning: https://pagead2.googlesyndication.com/bg/OPjMWwJBtReHhWwOPXWsCqm1x5VpbT9SkyMWV37nL8g.js line 2 > eval line 968 > eval line 1 > eval line 1 > eval, line 1: WEBGL_debug_renderer_info is deprecated in Firefox and will be removed. Please use RENDERER.
JavaScript warning: https://pagead2.googlesyndication.com/bg/OPjMWwJBtReHhWwOPXWsCqm1x5VpbT9SkyMWV37nL8g.js line 2 > eval line 1437 > eval line 1 > eval line 1 > eval, line 1: WEBGL_debug_renderer_info is deprecated in Firefox and will be removed. Please use RENDERER.
JavaScript warning: https://cdn.adnxs.com/v/s/246/trk.js, line 334: Script terminated by timeout at:
cf@https://cdn.adnxs.com/v/s/246/trk.js:334:84
_e@https://cdn.adnxs.com/v/s/246/trk.js:513:127
mi@https://cdn.adnxs.com/v/s/246/trk.js:557:831
gi@https://cdn.adnxs.com/v/s/246/trk.js:139:30
Kh@https://cdn.adnxs.com/v/s/246/trk.js:521:194
Uh@https://cdn.adnxs.com/v/s/246/trk.js:365:60
Cc@https://cdn.adnxs.com/v/s/246/trk.js:449:76
_.B@https://cdn.adnxs.com/v/s/246/trk.js:560:3327
_.C@https://cdn.adnxs.com/v/s/246/trk.js:560:1400
md/<@https://cdn.adnxs.com/v/s/246/trk.js:560:5653
dn/this.Ka/<@https://acdn.adnxs-simple.com/strikeforce/script.js:1:51401
dL/<@https://acdn.adnxs-simple.com/strikeforce/script.js:1:76182

JavaScript warning: https://s0.2mdn.net/879366/express_html_inpage_rendering_lib_200_280.js, line 49: Script terminated by timeout at:
M@https://s0.2mdn.net/879366/express_html_inpage_rendering_lib_200_280.js:49:2159
Ie@https://s0.2mdn.net/879366/express_html_inpage_rendering_lib_200_280.js:49:2489
zf@https://s0.2mdn.net/879366/express_html_inpage_rendering_lib_200_280.js:55:244
b@https://s0.2mdn.net/879366/express_html_inpage_rendering_lib_200_280.js:53:297

JavaScript error: , line 0: TypeError: NetworkError when attempting to fetch resource.
JavaScript warning: https://pagead2.googlesyndication.com/bg/OPjMWwJBtReHhWwOPXWsCqm1x5VpbT9SkyMWV37nL8g.js line 2 > eval line 4010 > eval line 1 > eval line 1 > eval, line 1: WEBGL_debug_renderer_info is deprecated in Firefox and will be removed. Please use RENDERER.
1728546966150	Marionette	INFO	Stopped listening on port 50644
JavaScript warning: https://res.public.onecdn.static.microsoft/owamail/hashed-v1/scripts/owa.mailindex.7c391d98.js, line 1: Script terminated by timeout at:
f/<@https://res.public.onecdn.static.microsoft/owamail/hashed-v1/scripts/owa.mailindex.7c391d98.js:1:35541
nN/</<@https://res.public.onecdn.static.microsoft/owamail/hashed-v1/scripts/owa.mailindex.7c391d98.js:2:156258
nN/<@https://res.public.onecdn.static.microsoft/owamail/hashed-v1/scripts/owa.mailindex.7c391d98.js:2:156234
f@https://res.public.onecdn.static.microsoft/owamail/hashed-v1/scripts/owa.mailindex.7c391d98.js:1:35532
419344/p/t<@https://res.public.onecdn.static.microsoft/owamail/hashed-v1/scripts/owa.AppBoot.m.d5c9c439.js:17:170578
p@https://res.public.onecdn.static.microsoft/owamail/hashed-v1/scripts/owa.AppBoot.m.d5c9c439.js:17:171078
a@https://res.public.onecdn.static.microsoft/owamail/hashed-v1/scripts/owa.mailindex.7c391d98.js:1:67245
s@https://res.public.onecdn.static.microsoft/owamail/hashed-v1/scripts/owa.mailindex.7c391d98.js:1:66536
a@https://res.public.onecdn.static.microsoft/owamail/hashed-v1/scripts/owa.AppBoot.m.d5c9c439.js:17:393525
i@https://res.public.onecdn.static.microsoft/owamail/hashed-v1/scripts/owa.AppBoot.m.d5c9c439.js:17:389970
s@https://res.public.onecdn.static.microsoft/owamail/hashed-v1/scripts/owa.AppBoot.m.d5c9c439.js:17:394511
62167/et/ee<@https://res.public.onecdn.static.microsoft/owamail/hashed-v1/scripts/owa.62167.m.98a00357.js:1:8056

Dynamically enable window occlusion 1
