1728465186202	geckodriver	INFO	Listening on 127.0.0.1:51250
1728465189244	mozrunner::runner	INFO	Running command: "C:\\Program Files\\Mozilla Firefox\\firefox.exe" "--marionette" "--remote-debugging-port" "51251" "--remote-allow-hosts" "localhost" "-no-remote" "-profile" "D:\\Users\\sasikumarj\\AppData\\Local\\Temp\\rust_mozprofile7Li083"
console.warn: services.settings: Ignoring preference override of remote settings server
console.warn: services.settings: Allow by setting MOZ_REMOTE_SETTINGS_DEVTOOLS=1 in the environment
Dynamically enable window occlusion 0
1728465189926	Marionette	INFO	Marionette enabled
1728465190173	Marionette	INFO	Listening on port 51261
Read port: 51261
WebDriver BiDi listening on ws://127.0.0.1:51251
1728465190303	RemoteAgent	WARN	TLS certificate errors will be ignored for this session
DevTools listening on ws://127.0.0.1:51251/devtools/browser/faa1248b-83e3-4c99-861a-14cc4d8a71a5
JavaScript error: https://cdn.cxense.com/sp1.html#ver=2.8.80&typ=pgv&rnd=m21njxaznccw2t3o&sid=9222325317970825875&loc=https%3A%2F%2Fwww.s.dev.barrons.com%2F&new=1&arf=0&ltm=1728465201762&ref=&tzo=-330&wsz=1278x497&res=1278x622&dpr=1&col=24&bln=en-US&chs=UTF-8&cks=m21njxi4x8w2uvjt&ckp=m21njxb0u0o73h2x&glb=&amo=1728052320&cp_userState=anon&cp_testGroup=52&cp_env=staging&cp_topDomain=barrons.com&cp_type=&cp_template=preview&cp_access=paid&cp_section=&cp_subsection=&cp_cms_name=Barron's%20Authoring%20QA&cp_vix=&cp_subscriber=nonsubscriber&cp_edition=naus&cp_bucket=2&cp_ab_bucket=12&cp_pageContentSource=Barrons%20Online&cp_pageContentType=Article&cp_pageContentTypeDetai=continuous&cp_pageSiteProduct=BOL&cp_userTags=&cp_sessionState=none, line 1: TypeError: cX.loadScript is not a function
JavaScript warning: https://cdn.gbqofs.com/sv/b/detector-bootstrap.min.js, line 0: Successfully compiled asm.js code (total compilation time 2ms)
JavaScript warning: https://cdn.gbqofs.com/sv/b/detector-bootstrap.min.js, line 0: Successfully compiled asm.js code (total compilation time 1ms)
console.error: ({})
console.error: ({})
JavaScript warning: https://cdn.doubleverify.com/dv-measurements6793.js, line 2: Script terminated by timeout at:
handleViewabilityData@https://cdn.doubleverify.com/dv-measurements6793.js:2:126660
7360/mapToWrapperFunction/</t[e]@https://cdn.doubleverify.com/dv-measurements6793.js:2:196720
runSafely@https://cdn.doubleverify.com/dv-measurements6793.js:2:197487
7360/publishEvents/<@https://cdn.doubleverify.com/dv-measurements6793.js:2:196577
publishEvents@https://cdn.doubleverify.com/dv-measurements6793.js:2:196559
dispatchEvent@https://cdn.doubleverify.com/dv-measurements6793.js:2:195141
collectViewabilityData@https://cdn.doubleverify.com/dv-measurements6793.js:2:89651
7360/mapToWrapperFunction/</t[e]@https://cdn.doubleverify.com/dv-measurements6793.js:2:196720
runSafely@https://cdn.doubleverify.com/dv-measurements6793.js:2:197487
7360/publishEvents/<@https://cdn.doubleverify.com/dv-measurements6793.js:2:196577
publishEvents@https://cdn.doubleverify.com/dv-measurements6793.js:2:196559
dispatchEvent@https://cdn.doubleverify.com/dv-measurements6793.js:2:195141
publishAdViewabilityData@https://cdn.doubleverify.com/dv-measurements6793.js:2:309945
2478/runSafelyWhenInvoked/<@https://cdn.doubleverify.com/dv-measurements6793.js:2:241142
131/e.wrapFunction/<@https://cdn.doubleverify.com/dv-measurements6793.js:2:342805

JavaScript error: , line 0: TypeError: NetworkError when attempting to fetch resource.
JavaScript error: https://ace.wsj.com/assets-staging/ace/uac.min.js, line 1: TypeError: o is null
JavaScript error: https://ace.wsj.com/assets-staging/ace/uac.min.js, line 1: TypeError: o is null
JavaScript error: , line 0: uncaught exception: undefined
JavaScript error: https://cdn.gbqofs.com/sv/b/detector-bootstrap.min.js, line 10: ChunkLoadError: Loading chunk 877 failed.
(error: https://www.s.dev.barrons.com/__CDN_PLACEHOLDER__/877.4e5d331222ef02.js)
JavaScript error: https://cdn.gbqofs.com/sv/b/detector-bootstrap.min.js, line 10: ChunkLoadError: Loading chunk 877 failed.
(error: https://www.s.dev.barrons.com/__CDN_PLACEHOLDER__/877.4e5d331222ef02.js)
JavaScript error: , line 0: TypeError: NetworkError when attempting to fetch resource.
JavaScript error: , line 0: TypeError: NetworkError when attempting to fetch resource.
JavaScript error: , line 0: TypeError: NetworkError when attempting to fetch resource.
JavaScript error: , line 0: TypeError: NetworkError when attempting to fetch resource.
JavaScript error: , line 0: TypeError: NetworkError when attempting to fetch resource.
JavaScript error: , line 0: TypeError: NetworkError when attempting to fetch resource.
JavaScript error: , line 0: TypeError: NetworkError when attempting to fetch resource.
JavaScript error: , line 0: TypeError: NetworkError when attempting to fetch resource.
JavaScript error: , line 0: TypeError: NetworkError when attempting to fetch resource.
JavaScript error: , line 0: TypeError: NetworkError when attempting to fetch resource.
JavaScript error: https://instant.page/5.1.0, line 1: SyntaxError: redeclaration of var e
JavaScript warning: https://pagead2.googlesyndication.com/bg/OPjMWwJBtReHhWwOPXWsCqm1x5VpbT9SkyMWV37nL8g.js line 2 > eval line 7049 > eval line 1 > eval line 1 > eval, line 1: WEBGL_debug_renderer_info is deprecated in Firefox and will be removed. Please use RENDERER.
JavaScript error: , line 0: TypeError: NetworkError when attempting to fetch resource.
JavaScript warning: https://www.gstatic.com/_/mss/boq-subscribewithgoogle/_/js/k=boq-subscribewithgoogle.SubscribewithgoogleClientUi.en_US.Y7snZc84UmY.es5.O/am=YDBgBg/d=1/excm=_b,_tp,serviceiframeview/ed=1/dg=0/wt=2/ujg=1/rs=ABXTjI4o6JJW61vjfL39b99y1stb_FZTXg/m=_b,_tp, line 290: Script terminated by timeout at:
c@https://www.gstatic.com/_/mss/boq-subscribewithgoogle/_/js/k=boq-subscribewithgoogle.SubscribewithgoogleClientUi.en_US.Y7snZc84UmY.es5.O/am=YDBgBg/d=1/excm=_b,_tp,serviceiframeview/ed=1/dg=0/wt=2/ujg=1/rs=ABXTjI4o6JJW61vjfL39b99y1stb_FZTXg/m=_b,_tp:290:187
b@https://www.gstatic.com/_/mss/boq-subscribewithgoogle/_/js/k=boq-subscribewithgoogle.SubscribewithgoogleClientUi.en_US.Y7snZc84UmY.es5.O/am=YDBgBg/d=1/excm=_b,_tp,serviceiframeview/ed=1/dg=0/wt=2/ujg=1/rs=ABXTjI4o6JJW61vjfL39b99y1stb_FZTXg/m=_b,_tp:281:48

JavaScript warning: https://gum.criteo.com/syncframe?origin=criteoPrebidAdapter&topUrl=www.s.dev.barrons.com&us_privacy=1YNN&gpp=DBABRg~BVoAACA&gpp_sid=9#{%22cw%22:true,%22lsw%22:true,%22origin%22:%22criteoPrebidAdapter%22,%22requestId%22:%220.4422513480220098%22,%22tld%22:%22www.s.dev.barrons.com%22,%22topUrl%22:%22www.s.dev.barrons.com%22,%22version%22:%229_12_0%22}, line 13: Script terminated by timeout at:
r.prototype.flushEventQueue@https://gum.criteo.com/syncframe?origin=criteoPrebidAdapter&topUrl=www.s.dev.barrons.com&us_privacy=1YNN&gpp=DBABRg~BVoAACA&gpp_sid=9#{%22cw%22:true,%22lsw%22:true,%22origin%22:%22criteoPrebidAdapter%22,%22requestId%22:%220.4422513480220098%22,%22tld%22:%22www.s.dev.barrons.com%22,%22topUrl%22:%22www.s.dev.barrons.com%22,%22version%22:%229_12_0%22}:13:3137
r/<@https://gum.criteo.com/syncframe?origin=criteoPrebidAdapter&topUrl=www.s.dev.barrons.com&us_privacy=1YNN&gpp=DBABRg~BVoAACA&gpp_sid=9#{%22cw%22:true,%22lsw%22:true,%22origin%22:%22criteoPrebidAdapter%22,%22requestId%22:%220.4422513480220098%22,%22tld%22:%22www.s.dev.barrons.com%22,%22topUrl%22:%22www.s.dev.barrons.com%22,%22version%22:%229_12_0%22}:13:3642

JavaScript warning: https://pagead2.googlesyndication.com/bg/OPjMWwJBtReHhWwOPXWsCqm1x5VpbT9SkyMWV37nL8g.js line 2 > eval line 4490 > eval line 1 > eval line 1 > eval, line 1: WEBGL_debug_renderer_info is deprecated in Firefox and will be removed. Please use RENDERER.
JavaScript warning: https://cdn.gbqofs.com/sv/b/detector-bootstrap.min.js, line 0: Successfully compiled asm.js code (total compilation time 2ms)
JavaScript warning: https://pagead2.googlesyndication.com/bg/OPjMWwJBtReHhWwOPXWsCqm1x5VpbT9SkyMWV37nL8g.js line 2 > eval line 1545 > eval line 1 > eval line 1 > eval, line 1: WEBGL_debug_renderer_info is deprecated in Firefox and will be removed. Please use RENDERER.
JavaScript warning: https://pagead2.googlesyndication.com/bg/OPjMWwJBtReHhWwOPXWsCqm1x5VpbT9SkyMWV37nL8g.js line 2 > eval line 5343 > eval line 1 > eval line 1 > eval, line 1: WEBGL_debug_renderer_info is deprecated in Firefox and will be removed. Please use RENDERER.
JavaScript warning: https://cdn.gbqofs.com/sv/b/detector-bootstrap.min.js, line 0: Successfully compiled asm.js code (total compilation time 7ms)
1728465224886	Marionette	WARN	TimedPromise timed out after 500 ms: stacktrace:
TimedPromise/<@chrome://remote/content/marionette/sync.sys.mjs:219:24
TimedPromise@chrome://remote/content/marionette/sync.sys.mjs:203:10
interaction.flushEventLoop@chrome://remote/content/marionette/interaction.sys.mjs:467:10
webdriverClickElement@chrome://remote/content/marionette/interaction.sys.mjs:220:33
JavaScript warning: https://www.s.dev.barrons.com/_next/static/chunks/main-fc8ea3f3c8e9e983.js, line 6: Script terminated by timeout at:
78018/w/<@https://www.s.dev.barrons.com/_next/static/chunks/main-fc8ea3f3c8e9e983.js:6:16343
t@https://www.s.dev.barrons.com/_next/static/chunks/main-fc8ea3f3c8e9e983.js:6:15839

JavaScript warning: https://pagead2.googlesyndication.com/pagead/managed/js/activeview/current/ufs_web_display.js, line 14: Script terminated by timeout at:
E@https://pagead2.googlesyndication.com/pagead/managed/js/activeview/current/ufs_web_display.js:14:325
h@https://pagead2.googlesyndication.com/pagead/managed/js/activeview/current/ufs_web_display.js:94:449

JavaScript error: , line 0: TypeError: NetworkError when attempting to fetch resource.
console.warn: LoginRecipes: "Falling back to a synchronous message for: https://sso.int.accounts.dowjones.com."
console.warn: LoginRecipes: "Falling back to a synchronous message for: https://sso.int.accounts.dowjones.com."
console.warn: LoginRecipes: "Falling back to a synchronous message for: https://sso.int.accounts.dowjones.com."
console.warn: LoginRecipes: "Falling back to a synchronous message for: https://sso.int.accounts.dowjones.com."
1728465243108	Marionette	INFO	Stopped listening on port 51261
Dynamically enable window occlusion 1
