1728405644147	geckodriver	INFO	Listening on 127.0.0.1:54712
1728405647168	mozrunner::runner	INFO	Running command: "C:\\Program Files\\Mozilla Firefox\\firefox.exe" "--marionette" "--remote-debugging-port" "54713" "--remote-allow-hosts" "localhost" "-no-remote" "-profile" "D:\\Users\\sasikumarj\\AppData\\Local\\Temp\\rust_mozprofilem4BerE"
console.warn: services.settings: Ignoring preference override of remote settings server
console.warn: services.settings: Allow by setting MOZ_REMOTE_SETTINGS_DEVTOOLS=1 in the environment
Dynamically enable window occlusion 0
1728405647841	Marionette	INFO	Marionette enabled
1728405648094	Marionette	INFO	Listening on port 54729
Read port: 54729
WebDriver BiDi listening on ws://127.0.0.1:54713
1728405648230	RemoteAgent	WARN	TLS certificate errors will be ignored for this session
DevTools listening on ws://127.0.0.1:54713/devtools/browser/c2e27a00-bf75-4881-8dbd-98cd24014211
JavaScript error: https://cdn.cxense.com/sp1.html#ver=2.8.80&typ=pgv&rnd=m20o3mzl5lkc63tt&sid=1139592114930554183&loc=https%3A%2F%2Fwww.s.dev.fnlondon.com%2F&new=1&arf=0&ltm=1728405655332&ref=&tzo=-330&wsz=1278x497&res=1278x622&dpr=1&col=24&bln=en-US&chs=UTF-8&cks=m20o3n0ud2n2zajj&ckp=m20o3mzla20jku6a&glb=&cp_userState=anon&cp_testGroup=52&cp_env=staging&cp_topDomain=fnlondon.com&cp_template=full&cp_access=free&cp_section=Home&cp_subsection=&cp_cms_name=CAPS&cp_subscriber=nonsubscriber&cp_edition=europegb&cp_bucket=8&cp_ab_bucket=8&cp_pageContentSource=FN%20London&cp_pageContentType=Home&cp_pageContentTypeDetai=default&cp_pageSiteProduct=FN&cp_userTags=&cp_sessionState=none, line 1: TypeError: cX.loadScript is not a function
JavaScript error: , line 0: TypeError: NetworkError when attempting to fetch resource.
JavaScript error: , line 0: TypeError: NetworkError when attempting to fetch resource.
JavaScript warning: https://pagead2.googlesyndication.com/bg/WEoqGYGTldYSfSNCQ9Ugqu-00NFuS6e6WOK2G2Y_zzI.js line 2 > eval line 4420 > eval line 1 > eval line 1 > eval, line 1: WEBGL_debug_renderer_info is deprecated in Firefox and will be removed. Please use RENDERER.
JavaScript error: , line 0: TypeError: NetworkError when attempting to fetch resource.
JavaScript error: https://asset.barrons.com/article/public/fn_full_article.dfb75bf78e25.js, line 62: TypeError: e(...).offset() is undefined
JavaScript warning: https://pagead2.googlesyndication.com/bg/WEoqGYGTldYSfSNCQ9Ugqu-00NFuS6e6WOK2G2Y_zzI.js line 2 > eval line 5073 > eval line 1 > eval line 1 > eval, line 1: WEBGL_debug_renderer_info is deprecated in Firefox and will be removed. Please use RENDERER.
JavaScript error: https://asset.barrons.com/article/public/fn_full_article.dfb75bf78e25.js, line 26: TypeError: e(...).offset() is undefined
JavaScript warning: https://cdn.parsely.com/keys/fnlondon.com/p.js, line 7: Script terminated by timeout at:
value/n<@https://cdn.parsely.com/keys/fnlondon.com/p.js:7:24273
value@https://cdn.parsely.com/keys/fnlondon.com/p.js:7:24274
value@https://cdn.parsely.com/keys/fnlondon.com/p.js:7:24771

JavaScript warning: https://www.gstatic.com/_/mss/boq-subscribewithgoogle/_/js/k=boq-subscribewithgoogle.SubscribewithgoogleClientUi.en_US.xcV4V6jcAFU.es5.O/am=gMGAGQ/d=1/excm=_b,_tp,serviceiframeview/ed=1/dg=0/wt=2/ujg=1/rs=ABXTjI69xVttCoDqJ8sg09JB8svYohtvQw/m=_b,_tp, line 225: Script terminated by timeout at:
_.ce@https://www.gstatic.com/_/mss/boq-subscribewithgoogle/_/js/k=boq-subscribewithgoogle.SubscribewithgoogleClientUi.en_US.xcV4V6jcAFU.es5.O/am=gMGAGQ/d=1/excm=_b,_tp,serviceiframeview/ed=1/dg=0/wt=2/ujg=1/rs=ABXTjI69xVttCoDqJ8sg09JB8svYohtvQw/m=_b,_tp:225:256
ne@https://www.gstatic.com/_/mss/boq-subscribewithgoogle/_/js/k=boq-subscribewithgoogle.SubscribewithgoogleClientUi.en_US.xcV4V6jcAFU.es5.O/am=gMGAGQ/d=1/excm=_b,_tp,serviceiframeview/ed=1/dg=0/wt=2/ujg=1/rs=ABXTjI69xVttCoDqJ8sg09JB8svYohtvQw/m=_b,_tp:68:369
_.El@https://www.gstatic.com/_/mss/boq-subscribewithgoogle/_/js/k=boq-subscribewithgoogle.SubscribewithgoogleClientUi.en_US.xcV4V6jcAFU.es5.O/am=gMGAGQ/d=1/excm=_b,_tp,serviceiframeview/ed=1/dg=0/wt=2/ujg=1/rs=ABXTjI69xVttCoDqJ8sg09JB8svYohtvQw/m=_b,_tp:227:26
MI@https://www.gstatic.com/_/mss/boq-subscribewithgoogle/_/js/k=boq-subscribewithgoogle.SubscribewithgoogleClientUi.en_US.xcV4V6jcAFU.es5.O/ck=boq-subscribewithgoogle.SubscribewithgoogleClientUi.DJZvEfF3JjM.L.F4.O/am=gMGAGQ/d=1/exm=_b,_tp/excm=_b,_tp,serviceiframeview/ed=1/wt=2/ujg=1/rs=ABXTjI6mDvR6rAHrf-F57u6v6sIVdDbh9g/ee=EVNhjf:pw70Gc;EmZ2Bf:zr1jrb;JsbNhc:Xd8iUd;K5nYTd:ZDZcre;LBgRLc:SdcwHb;Me32dd:MEeYgc;NPKaK:SdcwHb;NSEoX:lazG7b;Pjplud:EEDORb;QGR0gd:Mlhmy;SNUn3:ZwDk9d;ScI3Yc:e7Hzgb;Uvc8o:VDovNc;YIZmRd:A1yn5d;a56pNe:JEfCwb;cEt90b:ws9Tlc;dIoSBb:SpsfSb;dowIGb:ebZ3mb;eBAeSb:zbML3c;iFQyKf:QIhFr;lOO0Vd:OTA3Ae;nAFL3:s39S4;oGtAuc:sOXFj;pXdRYb:MdUzUe;qafBPd:yDVVkb;qddgKe:xQtZb;wR5FRb:O1Gjze;xqZiqf:wmnU7d;yxTchf:KUM7Z;zxnPse:GkRiKb/m=W93Wdc:38:299
PI@https://www.gstatic.com/_/mss/boq-subscribewithgoogle/_/js/k=boq-subscribewithgoogle.SubscribewithgoogleClientUi.en_US.xcV4V6jcAFU.es5.O/ck=boq-subscribewithgoogle.SubscribewithgoogleClientUi.DJZvEfF3JjM.L.F4.O/am=gMGAGQ/d=1/exm=_b,_tp/excm=_b,_tp,serviceiframeview/ed=1/wt=2/ujg=1/rs=ABXTjI6mDvR6rAHrf-F57u6v6sIVdDbh9g/ee=EVNhjf:pw70Gc;EmZ2Bf:zr1jrb;JsbNhc:Xd8iUd;K5nYTd:ZDZcre;LBgRLc:SdcwHb;Me32dd:MEeYgc;NPKaK:SdcwHb;NSEoX:lazG7b;Pjplud:EEDORb;QGR0gd:Mlhmy;SNUn3:ZwDk9d;ScI3Yc:e7Hzgb;Uvc8o:VDovNc;YIZmRd:A1yn5d;a56pNe:JEfCwb;cEt90b:ws9Tlc;dIoSBb:SpsfSb;dowIGb:ebZ3mb;eBAeSb:zbML3c;iFQyKf:QIhFr;lOO0Vd:OTA3Ae;nAFL3:s39S4;oGtAuc:sOXFj;pXdRYb:MdUzUe;qafBPd:yDVVkb;qddgKe:xQtZb;wR5FRb:O1Gjze;xqZiqf:wmnU7d;yxTchf:KUM7Z;zxnPse:GkRiKb/m=W93Wdc:38:238
SI.prototype.ma@https://www.gstatic.com/_/mss/boq-subscribewithgoogle/_/js/k=boq-subscribewithgoogle.SubscribewithgoogleClientUi.en_US.xcV4V6jcAFU.es5.O/ck=boq-subscribewithgoogle.SubscribewithgoogleClientUi.DJZvEfF3JjM.L.F4.O/am=gMGAGQ/d=1/exm=_b,_tp/excm=_b,_tp,serviceiframeview/ed=1/wt=2/ujg=1/rs=ABXTjI6mDvR6rAHrf-F57u6v6sIVdDbh9g/ee=EVNhjf:pw70Gc;EmZ2Bf:zr1jrb;JsbNhc:Xd8iUd;K5nYTd:ZDZcre;LBgRLc:SdcwHb;Me32dd:MEeYgc;NPKaK:SdcwHb;NSEoX:lazG7b;Pjplud:EEDORb;QGR0gd:Mlhmy;SNUn3:ZwDk9d;ScI3Yc:e7Hzgb;Uvc8o:VDovNc;YIZmRd:A1yn5d;a56pNe:JEfCwb;cEt90b:ws9Tlc;dIoSBb:SpsfSb;dowIGb:ebZ3mb;eBAeSb:zbML3c;iFQyKf:QIhFr;lOO0Vd:OTA3Ae;nAFL3:s39S4;oGtAuc:sOXFj;pXdRYb:MdUzUe;qafBPd:yDVVkb;qddgKe:xQtZb;wR5FRb:O1Gjze;xqZiqf:wmnU7d;yxTchf:KUM7Z;zxnPse:GkRiKb/m=W93Wdc:48:37
SI/<@https://www.gstatic.com/_/mss/boq-subscribewithgoogle/_/js/k=boq-subscribewithgoogle.SubscribewithgoogleClientUi.en_US.xcV4V6jcAFU.es5.O/ck=boq-subscribewithgoogle.SubscribewithgoogleClientUi.DJZvEfF3JjM.L.F4.O/am=gMGAGQ/d=1/exm=_b,_tp/excm=_b,_tp,serviceiframeview/ed=1/wt=2/ujg=1/rs=ABXTjI6mDvR6rAHrf-F57u6v6sIVdDbh9g/ee=EVNhjf:pw70Gc;EmZ2Bf:zr1jrb;JsbNhc:Xd8iUd;K5nYTd:ZDZcre;LBgRLc:SdcwHb;Me32dd:MEeYgc;NPKaK:SdcwHb;NSEoX:lazG7b;Pjplud:EEDORb;QGR0gd:Mlhmy;SNUn3:ZwDk9d;ScI3Yc:e7Hzgb;Uvc8o:VDovNc;YIZmRd:A1yn5d;a56pNe:JEfCwb;cEt90b:ws9Tlc;dIoSBb:SpsfSb;dowIGb:ebZ3mb;eBAeSb:zbML3c;iFQyKf:QIhFr;lOO0Vd:OTA3Ae;nAFL3:s39S4;oGtAuc:sOXFj;pXdRYb:MdUzUe;qafBPd:yDVVkb;qddgKe:xQtZb;wR5FRb:O1Gjze;xqZiqf:wmnU7d;yxTchf:KUM7Z;zxnPse:GkRiKb/m=W93Wdc:42:334

console.warn: LoginRecipes: "Falling back to a synchronous message for: https://sso.int.accounts.dowjones.com."
console.warn: LoginRecipes: "Falling back to a synchronous message for: https://sso.int.accounts.dowjones.com."
console.warn: LoginRecipes: "Falling back to a synchronous message for: https://sso.int.accounts.dowjones.com."
console.warn: LoginRecipes: "Falling back to a synchronous message for: https://sso.int.accounts.dowjones.com."
JavaScript warning: https://www.googletagmanager.com/gtag/js?id=G-GJ5S1GJYKT, line 187: Script terminated by timeout at:
ba.get@https://www.googletagmanager.com/gtag/js?id=G-GJ5S1GJYKT:187:137
Da.prototype.get@https://www.googletagmanager.com/gtag/js?id=G-GJ5S1GJYKT:187:964
Da.prototype.get@https://www.googletagmanager.com/gtag/js?id=G-GJ5S1GJYKT:187:995
Da.prototype.get@https://www.googletagmanager.com/gtag/js?id=G-GJ5S1GJYKT:187:995
Ia@https://www.googletagmanager.com/gtag/js?id=G-GJ5S1GJYKT:188:427
Ha@https://www.googletagmanager.com/gtag/js?id=G-GJ5S1GJYKT:188:314
Jd/<@https://www.googletagmanager.com/gtag/js?id=G-GJ5S1GJYKT:242:20
Vc.prototype.invoke@https://www.googletagmanager.com/gtag/js?id=G-GJ5S1GJYKT:218:403
r@https://www.googletagmanager.com/gtag/js?id=G-GJ5S1GJYKT:220:32
lA@https://www.googletagmanager.com/gtag/js?id=G-GJ5S1GJYKT:592:149
jA/</<@https://www.googletagmanager.com/gtag/js?id=G-GJ5S1GJYKT:590:187
z@https://www.googletagmanager.com/gtag/js?id=G-GJ5S1GJYKT:198:203
jA/<@https://www.googletagmanager.com/gtag/js?id=G-GJ5S1GJYKT:590:167
z@https://www.googletagmanager.com/gtag/js?id=G-GJ5S1GJYKT:198:203
jA@https://www.googletagmanager.com/gtag/js?id=G-GJ5S1GJYKT:590:134
kA/<@https://www.googletagmanager.com/gtag/js?id=G-GJ5S1GJYKT:590:111

1728405676476	Marionette	INFO	Stopped listening on port 54729
JavaScript warning: https://asset.barrons.com/article/public/fn_full_article.dfb75bf78e25.js, line 86: Script terminated by timeout at:
ceIN/</E.fn.init@https://asset.barrons.com/article/public/fn_full_article.dfb75bf78e25.js:86:21190
E@https://asset.barrons.com/article/public/fn_full_article.dfb75bf78e25.js:75:909
UdIG/</r/<@https://asset.barrons.com/article/public/fn_full_article.dfb75bf78e25.js:62:15476
r@https://asset.barrons.com/article/public/fn_full_article.dfb75bf78e25.js:62:16812
UdIG/<@https://asset.barrons.com/article/public/fn_full_article.dfb75bf78e25.js:62:16822
UdIG@https://asset.barrons.com/article/public/fn_full_article.dfb75bf78e25.js:62:16853
h@https://asset.barrons.com/article/public/runtime.e9d161dd6bf6.js:1:526
60@https://asset.barrons.com/article/public/fn_full_article.dfb75bf78e25.js:9:40560
h@https://asset.barrons.com/article/public/runtime.e9d161dd6bf6.js:1:526
d@https://asset.barrons.com/article/public/runtime.e9d161dd6bf6.js:1:387
a@https://asset.barrons.com/article/public/runtime.e9d161dd6bf6.js:1:250
@https://asset.barrons.com/article/public/fn_full_article.dfb75bf78e25.js:1:47

Dynamically enable window occlusion 1
IPDL protocol Error: Received an invalid file descriptor
