1728453772881	geckodriver	INFO	Listening on 127.0.0.1:56658
1728453775914	mozrunner::runner	INFO	Running command: "C:\\Program Files\\Mozilla Firefox\\firefox.exe" "--marionette" "--remote-debugging-port" "56659" "--remote-allow-hosts" "localhost" "-no-remote" "-profile" "D:\\Users\\sasikumarj\\AppData\\Local\\Temp\\rust_mozprofilenPsnm8"
console.warn: services.settings: Ignoring preference override of remote settings server
console.warn: services.settings: Allow by setting MOZ_REMOTE_SETTINGS_DEVTOOLS=1 in the environment
Dynamically enable window occlusion 0
1728453776572	Marionette	INFO	Marionette enabled
1728453776811	Marionette	INFO	Listening on port 56666
WebDriver BiDi listening on ws://127.0.0.1:56659
Read port: 56666
1728453777040	RemoteAgent	WARN	TLS certificate errors will be ignored for this session
DevTools listening on ws://127.0.0.1:56659/devtools/browser/a32e3715-f59a-4f39-b6c1-6ef80caf8f2e
JavaScript warning: https://www.marketwatch.com/_next/static/chunks/main-7c2c5b4ee7ae4ea0.js, line 1: unreachable code after return statement
JavaScript warning: https://www.marketwatch.com/story/is-the-u-s-stock-market-closed-on-juneteenth-what-investors-need-to-know-11655230158, line 104: Script terminated by timeout at:
emit@https://www.marketwatch.com/story/is-the-u-s-stock-market-closed-on-juneteenth-what-investors-need-to-know-11655230158:104:9463
i@https://www.marketwatch.com/story/is-the-u-s-stock-market-closed-on-juneteenth-what-investors-need-to-know-11655230158:104:17943
nrWrapper@https://www.marketwatch.com/story/is-the-u-s-stock-market-closed-on-juneteenth-what-investors-need-to-know-11655230158:104:17771
ks@https://tagan.adlightning.com/newscorp-marketwatch-aps/op.js:1:8965
Ko@https://www.marketwatch.com/_next/static/chunks/framework-788dfc04dc310699.js:1:83089
uu@https://www.marketwatch.com/_next/static/chunks/framework-788dfc04dc310699.js:1:78296
zi@https://www.marketwatch.com/_next/static/chunks/framework-788dfc04dc310699.js:1:99349
Li@https://www.marketwatch.com/_next/static/chunks/framework-788dfc04dc310699.js:1:99231
Ni@https://www.marketwatch.com/_next/static/chunks/framework-788dfc04dc310699.js:1:99100
Pi@https://www.marketwatch.com/_next/static/chunks/framework-788dfc04dc310699.js:1:98961
bi@https://www.marketwatch.com/_next/static/chunks/framework-788dfc04dc310699.js:1:95927
64448/Yl/<@https://www.marketwatch.com/_next/static/chunks/framework-788dfc04dc310699.js:1:45421
60053/t.unstable_runWithPriority@https://www.marketwatch.com/_next/static/chunks/framework-788dfc04dc310699.js:1:129645
Ql@https://www.marketwatch.com/_next/static/chunks/framework-788dfc04dc310699.js:1:45198
Yl@https://www.marketwatch.com/_next/static/chunks/framework-788dfc04dc310699.js:1:45368
Kl@https://www.marketwatch.com/_next/static/chunks/framework-788dfc04dc310699.js:1:45301
hi@https://www.marketwatch.com/_next/static/chunks/framework-788dfc04dc310699.js:1:93304
zo@https://www.marketwatch.com/_next/static/chunks/framework-788dfc04dc310699.js:1:64956
10850/t.Z/</</<@https://www.marketwatch.com/_next/static/chunks/1866-571a2b59acf42cad.js:1:15712
nrWrapper@https://www.marketwatch.com/story/is-the-u-s-stock-market-closed-on-juneteenth-what-investors-need-to-know-11655230158:104:17810

JavaScript warning: https://www.gstatic.com/_/mss/boq-subscribewithgoogle/_/js/k=boq-subscribewithgoogle.SubscribewithgoogleClientUi.en_US.Y7snZc84UmY.es5.O/am=YDBgBg/d=1/excm=_b,_tp,serviceiframeview/ed=1/dg=0/wt=2/ujg=1/rs=ABXTjI4o6JJW61vjfL39b99y1stb_FZTXg/m=_b,_tp, line 290: Script terminated by timeout at:
c@https://www.gstatic.com/_/mss/boq-subscribewithgoogle/_/js/k=boq-subscribewithgoogle.SubscribewithgoogleClientUi.en_US.Y7snZc84UmY.es5.O/am=YDBgBg/d=1/excm=_b,_tp,serviceiframeview/ed=1/dg=0/wt=2/ujg=1/rs=ABXTjI4o6JJW61vjfL39b99y1stb_FZTXg/m=_b,_tp:290:187
b@https://www.gstatic.com/_/mss/boq-subscribewithgoogle/_/js/k=boq-subscribewithgoogle.SubscribewithgoogleClientUi.en_US.Y7snZc84UmY.es5.O/am=YDBgBg/d=1/excm=_b,_tp,serviceiframeview/ed=1/dg=0/wt=2/ujg=1/rs=ABXTjI4o6JJW61vjfL39b99y1stb_FZTXg/m=_b,_tp:281:48

JavaScript warning: https://www.datadoghq-browser-agent.com/datadog-logs-v4.js, line 1: Script terminated by timeout at:
ut@https://www.datadoghq-browser-agent.com/datadog-logs-v4.js:1:15421
st@https://www.datadoghq-browser-agent.com/datadog-logs-v4.js:1:14808
lr@https://www.datadoghq-browser-agent.com/datadog-logs-v4.js:1:41565
d@https://www.datadoghq-browser-agent.com/datadog-logs-v4.js:1:905
fr/e</</<@https://www.datadoghq-browser-agent.com/datadog-logs-v4.js:1:41340
i@https://www.datadoghq-browser-agent.com/datadog-logs-v4.js:1:40041
Kc@https://www.googletagmanager.com/gtag/js?id=G-9NT3490RYG&l=dataLayer&cx=c:254:213
yG@https://www.googletagmanager.com/gtag/js?id=G-9NT3490RYG&l=dataLayer&cx=c:715:262
AG.prototype.flush@https://www.googletagmanager.com/gtag/js?id=G-9NT3490RYG&l=dataLayer&cx=c:719:300
aa.flush@https://www.googletagmanager.com/gtag/js?id=G-9NT3490RYG&l=dataLayer&cx=c:736:138
QH/<@https://www.googletagmanager.com/gtag/js?id=G-9NT3490RYG&l=dataLayer&cx=c:747:210
aa.Yk/<@https://www.googletagmanager.com/gtag/js?id=G-9NT3490RYG&l=dataLayer&cx=c:690:126
aa.Yk/c/<@https://www.googletagmanager.com/gtag/js?id=G-9NT3490RYG&l=dataLayer&cx=c:689:420

console.warn: LoginRecipes: "Falling back to a synchronous message for: https://sso.accounts.dowjones.com."
console.warn: LoginRecipes: "Falling back to a synchronous message for: https://sso.accounts.dowjones.com."
console.warn: LoginRecipes: "Falling back to a synchronous message for: https://sso.accounts.dowjones.com."
console.warn: LoginRecipes: "Falling back to a synchronous message for: https://sso.accounts.dowjones.com."
JavaScript warning: https://sso.accounts.dowjones.com/one_identity_login_pages/login/0905e7365768f8c947bfb0c526fb8b9e/js/vendor.js, line 51: Script terminated by timeout at:
BE@https://sso.accounts.dowjones.com/one_identity_login_pages/login/0905e7365768f8c947bfb0c526fb8b9e/js/vendor.js:51:4468
b@https://sso.accounts.dowjones.com/one_identity_login_pages/login/0905e7365768f8c947bfb0c526fb8b9e/js/vendor.js:49:13761

JavaScript warning: https://www.marketwatch.com/follow, line 276: Script terminated by timeout at:
p@https://www.marketwatch.com/follow:276:10435
_/<@https://www.marketwatch.com/follow:276:34818

1728453834168	Marionette	INFO	Stopped listening on port 56666
Dynamically enable window occlusion 1
