1728551671853	geckodriver	INFO	Listening on 127.0.0.1:61165
1728551674911	mozrunner::runner	INFO	Running command: "C:\\Program Files\\Mozilla Firefox\\firefox.exe" "--marionette" "--remote-debugging-port" "61166" "--remote-allow-hosts" "localhost" "-no-remote" "-profile" "D:\\Users\\sasikumarj\\AppData\\Local\\Temp\\rust_mozprofileyfIeza"
console.warn: services.settings: Ignoring preference override of remote settings server
console.warn: services.settings: Allow by setting MOZ_REMOTE_SETTINGS_DEVTOOLS=1 in the environment
Dynamically enable window occlusion 0
1728551675546	Marionette	INFO	Marionette enabled
1728551675822	Marionette	INFO	Listening on port 61176
Read port: 61176
WebDriver BiDi listening on ws://127.0.0.1:61166
1728551675964	RemoteAgent	WARN	TLS certificate errors will be ignored for this session
DevTools listening on ws://127.0.0.1:61166/devtools/browser/597853d3-17e3-46d5-aeb0-c800e7d7b366
JavaScript error: https://cdn.cxense.com/sp1.html#ver=2.8.81&typ=pgv&rnd=m2331gcvs4ulvib2&sid=9222325317970825875&loc=https%3A%2F%2Fwww.barrons.com%2F&new=1&arf=0&ltm=1728551680019&ref=&tzo=-330&wsz=1280x595&res=1280x720&dpr=1&col=24&bln=en-US&chs=UTF-8&cks=m2331h8n3z6nwmnv&ckp=m2331gcvad8g46to&glb=&cp_userState=anon&cp_testGroup=63&cp_topDomain=barrons.com&cp_access=free&cp_section=US%20Home%20Page%20Weekday&cp_subsection=&cp_cms_name=CAPS&cp_subscriber=nonsubscriber&cp_edition=naus&cp_bucket=3&cp_ab_bucket=13&cp_pageContentSource=Barrons%20Online&cp_pageContentType=Home&cp_pageContentTypeDetai=default&cp_pageSiteProduct=BOL&cp_userTags=&cp_sessionState=none, line 1: TypeError: cX.loadScript is not a function
JavaScript error: , line 0: TypeError: NetworkError when attempting to fetch resource.
JavaScript error: , line 0: TypeError: NetworkError when attempting to fetch resource.
JavaScript error: , line 0: TypeError: NetworkError when attempting to fetch resource.
JavaScript error: , line 0: TypeError: NetworkError when attempting to fetch resource.
JavaScript error: , line 0: TypeError: NetworkError when attempting to fetch resource.
JavaScript error: , line 0: TypeError: NetworkError when attempting to fetch resource.
JavaScript error: , line 0: TypeError: NetworkError when attempting to fetch resource.
JavaScript error: , line 0: TypeError: NetworkError when attempting to fetch resource.
JavaScript error: , line 0: TypeError: NetworkError when attempting to fetch resource.
JavaScript error: , line 0: TypeError: NetworkError when attempting to fetch resource.
JavaScript error: https://www.barrons.com/asset/dj-watchlist/v1.11.0/p-8e3b6675.entry.js, line 11: TypeError: Error.captureStackTrace is not a function
JavaScript error: https://video-api.barrons.com/api-video/player/v3/js/video.min.js, line 56: TypeError: this._adContainer is null
JavaScript error: https://www.barrons.com/asset/dj-watchlist/v1.11.0/p-8e3b6675.entry.js, line 11: TypeError: Error.captureStackTrace is not a function
console.error: ({})
console.error: ({})
JavaScript warning: https://cdn.gbqofs.com/sv/b/detector-bootstrap.min.js, line 0: Successfully compiled asm.js code (total compilation time 3ms)
JavaScript error: https://cdn.cxense.com/sp1.html#ver=2.8.81&typ=pgv&rnd=m2331o23t1s1wvh6&sid=9222325317970825875&loc=https%3A%2F%2Fwww.s.dev.barrons.com%2Farticles%2Fbuy-under-armour-stock-pick-51650672000&new=0&arf=0&ltm=1728551690005&ref=&tzo=-330&wsz=1280x595&res=1280x720&dpr=1&col=24&bln=en-US&chs=UTF-8&cks=m2331o59bnwx2qsw&ckp=m2331gcvad8g46to&glb=&amo=1720048200&cp_userState=anon&cp_testGroup=63&cp_topDomain=barrons.com&cp_pwTag=default&cp_pwPlacement=cx-snippetad&cp_pwCampaign=10&cp_pwType=personalized&cp_type=Retail&cp_template=preview&cp_access=PAID&cp_section=Retail&cp_subsection=Sizing%20Up%20Small-Caps&cp_cms_name=Methode&cp_vix=&cp_subscriber=nonsubscriber&cp_edition=naus&cp_bucket=3&cp_ab_bucket=13&cp_pageContentSource=Barron's%20Online&cp_pageContentType=Article&cp_pageContentTypeDetai=STANDARD&cp_pageSiteProduct=BOL&cp_userTags=&cp_sessionState=none, line 1: TypeError: cX.loadScript is not a function
JavaScript warning: https://pagead2.googlesyndication.com/bg/OPjMWwJBtReHhWwOPXWsCqm1x5VpbT9SkyMWV37nL8g.js line 2 > eval line 6244 > eval line 1 > eval line 1 > eval, line 1: WEBGL_debug_renderer_info is deprecated in Firefox and will be removed. Please use RENDERER.
JavaScript error: , line 0: TypeError: NetworkError when attempting to fetch resource.
JavaScript error: , line 0: TypeError: NetworkError when attempting to fetch resource.
JavaScript error: , line 0: TypeError: NetworkError when attempting to fetch resource.
JavaScript error: , line 0: TypeError: NetworkError when attempting to fetch resource.
JavaScript error: , line 0: TypeError: NetworkError when attempting to fetch resource.
JavaScript warning: https://www.s.dev.barrons.com/articles/buy-under-armour-stock-pick-51650672000 line 41 > injectedScript, line 48: Script terminated by timeout at:
get@https://www.s.dev.barrons.com/articles/buy-under-armour-stock-pick-51650672000 line 41 > injectedScript:48:2313
get@https://www.s.dev.barrons.com/articles/buy-under-armour-stock-pick-51650672000 line 41 > injectedScript:48:2206
View.prototype.getNode@https://www.s.dev.barrons.com/articles/buy-under-armour-stock-pick-51650672000 line 41 > injectedScript:48:3125
InViewObject.prototype.getNode@https://www.s.dev.barrons.com/articles/buy-under-armour-stock-pick-51650672000 line 33 > injectedScript:10:457
InViewObject.prototype.getBoundingClientRect@https://www.s.dev.barrons.com/articles/buy-under-armour-stock-pick-51650672000 line 33 > injectedScript:10:1363
InViewObject.prototype.computeRectInView@https://www.s.dev.barrons.com/articles/buy-under-armour-stock-pick-51650672000 line 33 > injectedScript:10:724
emit/<@https://www.s.dev.barrons.com/articles/buy-under-armour-stock-pick-51650672000 line 33 > injectedScript:6:156
emit@https://www.s.dev.barrons.com/articles/buy-under-armour-stock-pick-51650672000 line 33 > injectedScript:6:104
PlacementInView.prototype._autoSwitchObserverRunningState@https://www.s.dev.barrons.com/articles/buy-under-armour-stock-pick-51650672000 line 33 > injectedScript:49:1931
emit/<@https://www.s.dev.barrons.com/articles/buy-under-armour-stock-pick-51650672000 line 33 > injectedScript:6:156
emit@https://www.s.dev.barrons.com/articles/buy-under-armour-stock-pick-51650672000 line 33 > injectedScript:6:104
BrowserAdapter.prototype._createContainerViewabilityObserver/o<@https://www.s.dev.barrons.com/articles/buy-under-armour-stock-pick-51650672000 line 33 > injectedScript:53:3249

1728551819076	Marionette	INFO	Stopped listening on port 61176
Dynamically enable window occlusion 1
JavaScript error: , line 0: TypeError: NetworkError when attempting to fetch resource.
JavaScript error: , line 0: TypeError: NetworkError when attempting to fetch resource.
