1728381796278	geckodriver	INFO	Listening on 127.0.0.1:56130
1728381799299	mozrunner::runner	INFO	Running command: "C:\\Program Files\\Mozilla Firefox\\firefox.exe" "--marionette" "--remote-debugging-port" "56131" "--remote-allow-hosts" "localhost" "-no-remote" "-profile" "D:\\Users\\sasikumarj\\AppData\\Local\\Temp\\rust_mozprofileebdEAJ"
console.warn: services.settings: Ignoring preference override of remote settings server
console.warn: services.settings: Allow by setting MOZ_REMOTE_SETTINGS_DEVTOOLS=1 in the environment
Dynamically enable window occlusion 0
1728381799929	Marionette	INFO	Marionette enabled
1728381800166	Marionette	INFO	Listening on port 56138
WebDriver BiDi listening on ws://127.0.0.1:56131
Read port: 56138
1728381800428	RemoteAgent	WARN	TLS certificate errors will be ignored for this session
DevTools listening on ws://127.0.0.1:56131/devtools/browser/de84e149-b9bc-4cc6-af2d-89edbfbeba05
JavaScript warning: https://int-replay-wsj-elections.ore.onservo.com/election/_next/static/chunks/main-c0569e4635de2e62.js, line 1: unreachable code after return statement
JavaScript error: https://d3h0wybtovte4j.cloudfront.net/ugeovhprh.js, line 1: TypeError: URL constructor: null/foo.html?o=u&r=&l=https://www.dev.wsj.com/&aa=NA&ib=false&buster=rDwhSDplBrHvpiGA is not a valid URL.
JavaScript error: https://cdn.cxense.com/sp1.html#ver=2.8.80&typ=pgv&rnd=m209wipokd19cbp1&sid=1134002947328204066&loc=https%3A%2F%2Fwww.dev.wsj.com%2F&new=1&arf=0&ltm=1728381808577&ref=&tzo=-330&wsz=1278x497&res=1278x622&dpr=1&col=24&bln=en-US&chs=UTF-8&cks=m209wj8lbzeeysjg&ckp=m209wipoewado7aj&glb=&cp_userState=anon&cp_testGroup=37&cp_env=staging&cp_topDomain=wsj.com&cp_template=full&cp_access=free&cp_section=US%20Home%20Page&cp_subsection=&cp_cms_name=CAPS&cp_subscriber=nonsubscriber&cp_edition=naus&cp_bucket=8&cp_ab_bucket=28&cp_pageContentSource=WSJ%20Online&cp_pageContentType=Home&cp_pageContentTypeDetai=desktopweb&cp_pageSiteProduct=WSJ&cp_userTags=&cp_sessionState=none, line 1: TypeError: cX.loadScript is not a function
1728381809792	Marionette	WARN	Ignoring event 'DOMContentLoaded' because document has an invalid readyState of 'complete'.
JavaScript warning: https://sc-static.net/scevent.min.js, line 2: Script terminated by timeout at:
m@https://sc-static.net/scevent.min.js:2:2789
c@https://sc-static.net/scevent.min.js:2:6893

JavaScript error: , line 0: TypeError: NetworkError when attempting to fetch resource.
JavaScript error: , line 0: TypeError: NetworkError when attempting to fetch resource.
JavaScript error: , line 0: TypeError: NetworkError when attempting to fetch resource.
JavaScript warning: https://pagead2.googlesyndication.com/bg/WEoqGYGTldYSfSNCQ9Ugqu-00NFuS6e6WOK2G2Y_zzI.js line 2 > eval line 3076 > eval line 1 > eval line 1 > eval, line 1: WEBGL_debug_renderer_info is deprecated in Firefox and will be removed. Please use RENDERER.
JavaScript warning: https://cdn.parsely.com/keys/sandbox.wsj.com/p.js, line 7: Script terminated by timeout at:
n._renewCache@https://cdn.parsely.com/keys/sandbox.wsj.com/p.js:7:30140
n.get@https://cdn.parsely.com/keys/sandbox.wsj.com/p.js:7:27898
t._migrateCookie@https://cdn.parsely.com/keys/sandbox.wsj.com/p.js:7:32395
t.get@https://cdn.parsely.com/keys/sandbox.wsj.com/p.js:7:31085
t.getJSON@https://cdn.parsely.com/keys/sandbox.wsj.com/p.js:7:31452
getSession@https://cdn.parsely.com/keys/sandbox.wsj.com/p.js:7:35605
beacon@https://cdn.parsely.com/keys/sandbox.wsj.com/p.js:7:55120
e.engagedTime.sendHeartbeat@https://cdn.parsely.com/keys/sandbox.wsj.com/p.js:7:50892
i.sendHeartbeat@https://cdn.parsely.com/keys/sandbox.wsj.com/p.js:7:48917
i._sendHeartbeats@https://cdn.parsely.com/keys/sandbox.wsj.com/p.js:7:49071
i._setUnloadListeners/<@https://cdn.parsely.com/keys/sandbox.wsj.com/p.js:7:49224
value/<@https://cdn.parsely.com/keys/sandbox.wsj.com/p.js:7:22304
value@https://cdn.parsely.com/keys/sandbox.wsj.com/p.js:7:22277
value@https://cdn.parsely.com/keys/sandbox.wsj.com/p.js:7:24351
value@https://cdn.parsely.com/keys/sandbox.wsj.com/p.js:7:24771

[GFX1-]: CompositorBri[GFX1-]: Composi[GFX1-dgeChild receives IPC close with reason=AbnormalShutdown
]: CompositorBridgeChild receives IPC close with reason=AbnormalShutdown
torBridgeChild receives IPC close with reason=AbnormalShutdown
[GFX1-]: CompositorBridgeChild receives IPC close with reason=AbnormalShutdown
[GFX1-]: CompositorBridgeChild receives IPC close with reason=AbnormalShutdown
Exiting due to channel error.
Exiting due to channel error.
