1727691062609	geckodriver	INFO	Listening on 127.0.0.1:64941
1727691066039	mozrunner::runner	INFO	Running command: "C:\\Program Files\\Mozilla Firefox\\firefox.exe" "--marionette" "--remote-debugging-port" "64942" "--remote-allow-hosts" "localhost" "-no-remote" "-profile" "D:\\Users\\sasikumarj\\AppData\\Local\\Temp\\rust_mozprofile1S0SUF"
console.warn: services.settings: Ignoring preference override of remote settings server
console.warn: services.settings: Allow by setting MOZ_REMOTE_SETTINGS_DEVTOOLS=1 in the environment
Dynamically enable window occlusion 0
1727691066929	Marionette	INFO	Marionette enabled
1727691067263	Marionette	INFO	Listening on port 64998
WebDriver BiDi listening on ws://127.0.0.1:64942
Read port: 64998
1727691067580	RemoteAgent	WARN	TLS certificate errors will be ignored for this session
DevTools listening on ws://127.0.0.1:64942/devtools/browser/eaaee24c-5baf-4695-8cb3-9e96ea7449aa
JavaScript error: https://cdn.cxense.com/sp1.html#ver=2.8.80&typ=pgv&rnd=m1ounrokrd4iwng3&sid=9222325317970825875&loc=https%3A%2F%2Fwww.s.dev.barrons.com%2F&new=1&arf=0&ltm=1727691078121&ref=&tzo=-330&wsz=1280x595&res=1280x720&dpr=1&col=24&bln=en-US&chs=UTF-8&cks=m1ounrsn1lxp1dwc&ckp=m1ounrokvpobgvv4&glb=&amo=1726570740&cp_userState=anon&cp_testGroup=64&cp_env=staging&cp_topDomain=barrons.com&cp_pwTag=default&cp_pwPlacement=cx-snippetad&cp_pwCampaign=10&cp_pwType=personalized&cp_type=&cp_template=preview&cp_access=paid&cp_section=&cp_subsection=&cp_cms_name=Barron's%20Authoring%20QA&cp_vix=&cp_subscriber=nonsubscriber&cp_edition=naus&cp_bucket=9&cp_ab_bucket=9&cp_pageContentSource=Barrons%20Online&cp_pageContentType=Article&cp_pageContentTypeDetai=continuous&cp_pageSiteProduct=BOL&cp_userTags=&cp_sessionState=none, line 1: TypeError: cX.loadScript is not a function
console.error: ({})
console.error: ({})
JavaScript error: https://instant.page/5.1.0, line 1: SyntaxError: redeclaration of var e
JavaScript error: https://www.s.dev.barrons.com/_next/static/chunks/framework-1093784b1a58324b.js, line 9: Error: Minified React error #418; visit https://reactjs.org/docs/error-decoder.html?invariant=418 for the full message or use the non-minified dev environment for full errors and additional helpful warnings.
JavaScript error: https://www.s.dev.barrons.com/_next/static/chunks/framework-1093784b1a58324b.js, line 9: Error: Minified React error #418; visit https://reactjs.org/docs/error-decoder.html?invariant=418 for the full message or use the non-minified dev environment for full errors and additional helpful warnings.
JavaScript error: https://www.s.dev.barrons.com/_next/static/chunks/framework-1093784b1a58324b.js, line 9: Error: Minified React error #418; visit https://reactjs.org/docs/error-decoder.html?invariant=418 for the full message or use the non-minified dev environment for full errors and additional helpful warnings.
JavaScript error: https://www.s.dev.barrons.com/_next/static/chunks/framework-1093784b1a58324b.js, line 9: Error: Minified React error #418; visit https://reactjs.org/docs/error-decoder.html?invariant=418 for the full message or use the non-minified dev environment for full errors and additional helpful warnings.
JavaScript error: https://www.s.dev.barrons.com/_next/static/chunks/framework-1093784b1a58324b.js, line 9: Error: Minified React error #418; visit https://reactjs.org/docs/error-decoder.html?invariant=418 for the full message or use the non-minified dev environment for full errors and additional helpful warnings.
JavaScript error: https://www.s.dev.barrons.com/_next/static/chunks/framework-1093784b1a58324b.js, line 9: Error: Minified React error #418; visit https://reactjs.org/docs/error-decoder.html?invariant=418 for the full message or use the non-minified dev environment for full errors and additional helpful warnings.
JavaScript error: https://www.s.dev.barrons.com/_next/static/chunks/framework-1093784b1a58324b.js, line 9: Error: Minified React error #418; visit https://reactjs.org/docs/error-decoder.html?invariant=418 for the full message or use the non-minified dev environment for full errors and additional helpful warnings.
JavaScript error: https://www.s.dev.barrons.com/_next/static/chunks/framework-1093784b1a58324b.js, line 9: Error: Minified React error #418; visit https://reactjs.org/docs/error-decoder.html?invariant=418 for the full message or use the non-minified dev environment for full errors and additional helpful warnings.
JavaScript error: https://www.s.dev.barrons.com/_next/static/chunks/framework-1093784b1a58324b.js, line 9: Error: Minified React error #423; visit https://reactjs.org/docs/error-decoder.html?invariant=423 for the full message or use the non-minified dev environment for full errors and additional helpful warnings.
JavaScript error: https://ace.wsj.com/assets-staging/ace/uac.min.js, line 1: TypeError: o is null
JavaScript error: https://ace.wsj.com/assets-staging/ace/uac.min.js, line 1: TypeError: o is null
JavaScript error: https://ace.wsj.com/assets-staging/ace/uac.min.js, line 1: TypeError: o is null
JavaScript error: , line 0: TypeError: NetworkError when attempting to fetch resource.
JavaScript error: , line 0: TypeError: NetworkError when attempting to fetch resource.
JavaScript error: , line 0: TypeError: NetworkError when attempting to fetch resource.
JavaScript error: , line 0: TypeError: NetworkError when attempting to fetch resource.
JavaScript error: , line 0: TypeError: NetworkError when attempting to fetch resource.
JavaScript error: , line 0: TypeError: NetworkError when attempting to fetch resource.
JavaScript error: , line 0: TypeError: NetworkError when attempting to fetch resource.
JavaScript error: , line 0: TypeError: NetworkError when attempting to fetch resource.
JavaScript error: , line 0: TypeError: NetworkError when attempting to fetch resource.
JavaScript error: , line 0: TypeError: NetworkError when attempting to fetch resource.
JavaScript error: , line 0: TypeError: NetworkError when attempting to fetch resource.
JavaScript error: https://djcs-multi-region-assets-ohio.s3.us-east-2.amazonaws.com/dj-watchlist/asset/dj-watchlist/qa/v1.12.0-beta.85/p-c4e7c817.entry.js, line 11: TypeError: Error.captureStackTrace is not a function
JavaScript error: https://video-api.stg.wsj.com/api-video/player/v3/js/video.min.js, line 56: TypeError: this._adContainer is null
JavaScript error: https://ace.wsj.com/assets-staging/ace/uac.min.js, line 1: TypeError: o is null
JavaScript error: https://ace.wsj.com/assets-staging/ace/uac.min.js, line 1: TypeError: o is null
JavaScript error: https://ace.wsj.com/assets-staging/ace/uac.min.js, line 1: TypeError: o is null
JavaScript error: https://ace.wsj.com/assets-staging/ace/uac.min.js, line 1: TypeError: o is null
JavaScript error: https://ace.wsj.com/assets-staging/ace/uac.min.js, line 1: TypeError: o is null
JavaScript error: https://ace.wsj.com/assets-staging/ace/uac.min.js, line 1: TypeError: o is null
JavaScript error: https://ace.wsj.com/assets-staging/ace/uac.min.js, line 1: TypeError: o is null
JavaScript error: https://ace.wsj.com/assets-staging/ace/uac.min.js, line 1: TypeError: o is null
JavaScript error: https://ace.wsj.com/assets-staging/ace/uac.min.js, line 1: TypeError: o is null
JavaScript error: https://ace.wsj.com/assets-staging/ace/uac.min.js, line 1: TypeError: o is null
JavaScript error: https://ace.wsj.com/assets-staging/ace/uac.min.js, line 1: TypeError: o is null
JavaScript error: https://ace.wsj.com/assets-staging/ace/uac.min.js, line 1: TypeError: o is null
JavaScript warning: https://www.gstatic.com/_/mss/boq-subscribewithgoogle/_/js/k=boq-subscribewithgoogle.SubscribewithgoogleClientUi.en_US.0eXORzFfzfU.es5.O/am=AMGAGQ/d=1/excm=_b,_tp,serviceiframeview/ed=1/dg=0/wt=2/ujg=1/rs=ABXTjI4LpzYUKp_ZcvThenLf86tdLtnqaQ/m=_b,_tp, line 286: Script terminated by timeout at:
c@https://www.gstatic.com/_/mss/boq-subscribewithgoogle/_/js/k=boq-subscribewithgoogle.SubscribewithgoogleClientUi.en_US.0eXORzFfzfU.es5.O/am=AMGAGQ/d=1/excm=_b,_tp,serviceiframeview/ed=1/dg=0/wt=2/ujg=1/rs=ABXTjI4LpzYUKp_ZcvThenLf86tdLtnqaQ/m=_b,_tp:286:187
b@https://www.gstatic.com/_/mss/boq-subscribewithgoogle/_/js/k=boq-subscribewithgoogle.SubscribewithgoogleClientUi.en_US.0eXORzFfzfU.es5.O/am=AMGAGQ/d=1/excm=_b,_tp,serviceiframeview/ed=1/dg=0/wt=2/ujg=1/rs=ABXTjI4LpzYUKp_ZcvThenLf86tdLtnqaQ/m=_b,_tp:277:48

JavaScript warning: https://cdn.gbqofs.com/sv/b/detector-bootstrap.min.js, line 0: Successfully compiled asm.js code (total compilation time 2ms)
JavaScript error: https://cdn.gbqofs.com/sv/b/detector-bootstrap.min.js, line 10: Error: Piano SDK is loaded twice on same page. Try to fix that to prevent the message.
JavaScript warning: https://pagead2.googlesyndication.com/bg/Ofjd5SEjadZox9_ebcUE7qVtcVJKxbTf46gjSEHhnaE.js line 2 > eval line 3078 > eval line 1 > eval line 1 > eval, line 1: WEBGL_debug_renderer_info is deprecated in Firefox and will be removed. Please use RENDERER.
1727691094001	Marionette	INFO	Stopped listening on port 64998
JavaScript warning: https://www.dianomi.com/js/contextfeed.js, line 1: Script terminated by timeout at:
u@https://www.dianomi.com/js/contextfeed.js:1:303401
pf/e/<@https://www.dianomi.com/js/contextfeed.js:1:302461
e@https://www.dianomi.com/js/contextfeed.js:1:303403
pf/pf/<@https://www.dianomi.com/js/contextfeed.js:1:303829
pf@https://www.dianomi.com/js/contextfeed.js:1:303794
pf@https://www.dianomi.com/js/contextfeed.js:1:303932
ff@https://www.dianomi.com/js/contextfeed.js:1:302255
lf/i/u.onload@https://www.dianomi.com/js/contextfeed.js:1:302007

Dynamically enable window occlusion 1
