1729053926288	geckodriver	INFO	Listening on 127.0.0.1:63396
1729053929629	mozrunner::runner	INFO	Running command: "C:\\Program Files\\Mozilla Firefox\\firefox.exe" "--marionette" "--remote-debugging-port" "63397" "--remote-allow-hosts" "localhost" "-no-remote" "-profile" "D:\\Users\\sasikumarj\\AppData\\Local\\Temp\\rust_mozprofilehNLZxI"
console.warn: services.settings: Ignoring preference override of remote settings server
console.warn: services.settings: Allow by setting MOZ_REMOTE_SETTINGS_DEVTOOLS=1 in the environment
Dynamically enable window occlusion 0
1729053930484	Marionette	INFO	Marionette enabled
1729053930802	Marionette	INFO	Listening on port 63418
WebDriver BiDi listening on ws://127.0.0.1:63397
Read port: 63418
1729053931046	RemoteAgent	WARN	TLS certificate errors will be ignored for this session
DevTools listening on ws://127.0.0.1:63397/devtools/browser/d69abdfc-f6bc-48bf-8297-e82e9af81c48
JavaScript error: https://cdn.cxense.com/sp1.html#ver=2.8.81&typ=pgv&rnd=m2be2kotkrsvmmxo&sid=1134002947328204066&loc=https%3A%2F%2Fwww.s.dev.wsj.com%2F&new=1&arf=0&ltm=1729053937474&ref=&tzo=-330&wsz=1278x497&res=1278x622&dpr=1&col=24&bln=en-US&chs=UTF-8&cks=m2be2kw2yv2bbnoq&ckp=m2be2kotdynxx7xy&glb=&cp_userState=anon&cp_testGroup=41&cp_env=staging&cp_topDomain=wsj.com&cp_access=free&cp_section=US%20Home%20Page&cp_subsection=&cp_cms_name=CAPS&cp_subscriber=nonsubscriber&cp_edition=naus&cp_bucket=6&cp_ab_bucket=26&cp_pageContentSource=WSJ%20Online&cp_pageContentType=Home&cp_pageContentTypeDetai=desktopweb&cp_pageSiteProduct=WSJ&cp_userTags=&cp_sessionState=none, line 1: TypeError: cX.loadScript is not a function
JavaScript error: https://www.s.dev.wsj.com/ line 1 > injectedScript, line 1: SyntaxError: redeclaration of const cxHandleCusomterNavSubscribeBtnUpdate
JavaScript warning: https://int-replay-wsj-elections.ore.onservo.com/election/_next/static/chunks/main-c0569e4635de2e62.js, line 1: unreachable code after return statement
1729053947657	Marionette	WARN	Ignoring event 'DOMContentLoaded' because document has an invalid readyState of 'complete'.
JavaScript warning: https://sc-static.net/scevent.min.js, line 2: Script terminated by timeout at:
m@https://sc-static.net/scevent.min.js:2:2789
c@https://sc-static.net/scevent.min.js:2:6893

JavaScript error: , line 0: TypeError: NetworkError when attempting to fetch resource.
JavaScript warning: https://pagead2.googlesyndication.com/bg/-DbLkJJK3YZOSOasYi6rcjkBM_N5vpNI48728xD2bD8.js line 2 > eval line 5265 > eval line 1 > eval line 1 > eval, line 1: WEBGL_debug_renderer_info is deprecated in Firefox and will be removed. Please use RENDERER.
JavaScript error: , line 0: TypeError: NetworkError when attempting to fetch resource.
JavaScript warning: https://pagead2.googlesyndication.com/bg/-DbLkJJK3YZOSOasYi6rcjkBM_N5vpNI48728xD2bD8.js line 2 > eval line 6623 > eval line 1 > eval line 1 > eval, line 1: WEBGL_debug_renderer_info is deprecated in Firefox and will be removed. Please use RENDERER.
JavaScript warning: https://pagead2.googlesyndication.com/bg/-DbLkJJK3YZOSOasYi6rcjkBM_N5vpNI48728xD2bD8.js line 2 > eval line 953 > eval line 1 > eval line 1 > eval, line 1: WEBGL_debug_renderer_info is deprecated in Firefox and will be removed. Please use RENDERER.
JavaScript warning: https://www.googletagmanager.com/gtag/js?id=G-GJ5S1GJYKT, line 220: Script terminated by timeout at:
Wc@https://www.googletagmanager.com/gtag/js?id=G-GJ5S1GJYKT:220:208
f@https://www.googletagmanager.com/gtag/js?id=G-GJ5S1GJYKT:223:344
e@https://www.googletagmanager.com/gtag/js?id=G-GJ5S1GJYKT:223:91
f@https://www.googletagmanager.com/gtag/js?id=G-GJ5S1GJYKT:223:297
dd@https://www.googletagmanager.com/gtag/js?id=G-GJ5S1GJYKT:225:79
RI/<@https://www.googletagmanager.com/gtag/js?id=G-GJ5S1GJYKT:737:697
ws@https://www.googletagmanager.com/gtag/js?id=G-GJ5S1GJYKT:496:242
aa.Pm@https://www.googletagmanager.com/gtag/js?id=G-GJ5S1GJYKT:709:165
aa.Om/</<@https://www.googletagmanager.com/gtag/js?id=G-GJ5S1GJYKT:706:489
Zk@https://www.googletagmanager.com/gtag/js?id=G-GJ5S1GJYKT:374:151
yl@https://www.googletagmanager.com/gtag/js?id=G-GJ5S1GJYKT:379:432
aa.Om/<@https://www.googletagmanager.com/gtag/js?id=G-GJ5S1GJYKT:706:475
c@https://www.googletagmanager.com/gtag/js?id=G-GJ5S1GJYKT:515:411
qu@https://www.googletagmanager.com/gtag/js?id=G-GJ5S1GJYKT:516:237
aa.Om@https://www.googletagmanager.com/gtag/js?id=G-GJ5S1GJYKT:706:461
c@https://www.googletagmanager.com/gtag/js?id=G-GJ5S1GJYKT:720:970
Sm@https://www.googletagmanager.com/gtag/js?id=G-GJ5S1GJYKT:393:1
Rm.prototype.flush@https://www.googletagmanager.com/gtag/js?id=G-GJ5S1GJYKT:395:336
Rm.prototype.push@https://www.googletagmanager.com/gtag/js?id=G-GJ5S1GJYKT:393:403
Km@https://www.googletagmanager.com/gtag/js?id=G-GJ5S1GJYKT:390:785
fI/<@https://www.googletagmanager.com/gtag/js?id=G-GJ5S1GJYKT:721:187
aa.Yk/<@https://www.googletagmanager.com/gtag/js?id=G-GJ5S1GJYKT:663:126
aa.Yk/c/<@https://www.googletagmanager.com/gtag/js?id=G-GJ5S1GJYKT:662:420

JavaScript error: , line 0: TypeError: NetworkError when attempting to fetch resource.
JavaScript error: , line 0: TypeError: NetworkError when attempting to fetch resource.
console.warn: LoginRecipes: "Falling back to a synchronous message for: https://sso.int.accounts.dowjones.com."
console.warn: LoginRecipes: "Falling back to a synchronous message for: https://sso.int.accounts.dowjones.com."
console.warn: LoginRecipes: "Falling back to a synchronous message for: https://sso.int.accounts.dowjones.com."
console.warn: LoginRecipes: "Falling back to a synchronous message for: https://sso.int.accounts.dowjones.com."
JavaScript warning: https://sso.int.accounts.dowjones.com/one_identity_login_pages/login/b7359049d4e1392dd34868849d74326b/js/vendor.js, line 51: Script terminated by timeout at:
WE@https://sso.int.accounts.dowjones.com/one_identity_login_pages/login/b7359049d4e1392dd34868849d74326b/js/vendor.js:51:4767
k@https://sso.int.accounts.dowjones.com/one_identity_login_pages/login/b7359049d4e1392dd34868849d74326b/js/vendor.js:49:13806

JavaScript warning: https://rock.defybrick.com/placement_invocation?id=65349&idx=0, line 1: Failed to create WebGL context: WebGL creation failed: 
* AllowWebgl2:false restricts context creation on this system. ()
JavaScript warning: https://rock.defybrick.com/placement_invocation?id=65349&idx=0, line 1: WEBGL_debug_renderer_info is deprecated in Firefox and will be removed. Please use RENDERER.
JavaScript error: https://cdn.cxense.com/sp1.html#ver=2.8.81&typ=pgv&rnd=m2be3at1e3z1s4fz&sid=1134002947328204066&loc=https%3A%2F%2Fwww.dev.wsj.com%2Fpreference-center%2Falerts%3Falert%3Dsection%26id%3Dtech%252Fai&new=0&arf=0&ltm=1729053971326&ref=&tzo=-330&wsz=1278x497&res=1278x622&dpr=1&col=24&bln=en-US&chs=UTF-8&cks=m2be3azid15pt2x3&ckp=m2be2kotdynxx7xy&glb=&eid0=e4cefa22ef027cc0132f0c218da37da39cdb3228234af4df969b5c463592e123&eit0=wsj&cp_userState=anon&cp_testGroup=41&cp_env=staging&cp_topDomain=wsj.com&cp_template=full&cp_access=paid&cp_section=Preference%20Center&cp_subsection=Alerts&cp_cms_name=servo&cp_subscriber=registered&cp_edition=naus&cp_bucket=5&cp_ab_bucket=55&cp_pageContentSource=WSJ%20Online&cp_pageContentType=CustomerResources&cp_pageContentTypeDetai=preference-center&cp_pageSiteProduct=WSJ&cp_userTags=BARRONS-SUB&cp_sessionState=ca, line 1: TypeError: cX.loadScript is not a function
1729053973010	Marionette	WARN	Ignoring event 'DOMContentLoaded' because document has an invalid readyState of 'complete'.
1729053973512	Marionette	INFO	Stopped listening on port 63418
Dynamically enable window occlusion 1
