1727348642240	geckodriver	INFO	Listening on 127.0.0.1:64255
1727348645297	mozrunner::runner	INFO	Running command: "C:\\Program Files\\Mozilla Firefox\\firefox.exe" "--marionette" "--remote-debugging-port" "64256" "--remote-allow-hosts" "localhost" "-no-remote" "-profile" "D:\\Users\\sasikumarj\\AppData\\Local\\Temp\\rust_mozprofile9buPvt"
console.warn: services.settings: Ignoring preference override of remote settings server
console.warn: services.settings: Allow by setting MOZ_REMOTE_SETTINGS_DEVTOOLS=1 in the environment
Dynamically enable window occlusion 0
1727348645877	Marionette	INFO	Marionette enabled
1727348646135	Marionette	INFO	Listening on port 64263
WebDriver BiDi listening on ws://127.0.0.1:64256
Read port: 64263
1727348646442	RemoteAgent	WARN	TLS certificate errors will be ignored for this session
DevTools listening on ws://127.0.0.1:64256/devtools/browser/8cc0d433-5c58-4f60-b3c3-51d77965c8b1
JavaScript warning: https://www.dev.marketwatch.com/_next/static/chunks/main-7c2c5b4ee7ae4ea0.js, line 1: unreachable code after return statement
JavaScript warning: https://z.moatads.com/dowjonesheader64568365681/moatheader.js, line 386: WEBGL_debug_renderer_info is deprecated in Firefox and will be removed. Please use RENDERER.
JavaScript error: https://cdn.cxense.com/sp1.html#ver=2.8.80&typ=pgv&rnd=m1j6shklj4y4dlh5&sid=1138573015853471556&loc=https%3A%2F%2Fwww.dev.marketwatch.com%2Fauthor%2FCatey-Hill&new=1&arf=0&ltm=1727348656632&ref=&tzo=-330&wsz=1278x497&res=1278x622&dpr=1&col=24&bln=en-US&chs=UTF-8&cks=m1j6shm8oe4k7n1s&ckp=m1j6shkla2hhoct4&glb=&cp_userState=anon&cp_testGroup=43&cp_env=staging&cp_topDomain=marketwatch.com&cp_template=full&cp_access=free&cp_section=Author&cp_subsection=Catey%20Hill&cp_cms_name=Peavey&cp_subscriber=nonsubscriber&cp_edition=naus&cp_bucket=9&cp_ab_bucket=89&cp_pageContentSource=MarketWatch&cp_pageContentType=Summaries&cp_pageContentTypeDetai=default&cp_pageSiteProduct=MW&cp_userTags=&cp_sessionState=none, line 1: TypeError: cX.loadScript is not a function
JavaScript error: https://d3h0wybtovte4j.cloudfront.net/xlxnqhtit.js, line 1: TypeError: URL constructor: null/foo.html?o=u&r=&l=https://www.dev.marketwatch.com/author/Catey-Hill&aa=NA&ib=false&buster=TulAQXgCJewGxSZx is not a valid URL.
JavaScript warning: https://pagead2.googlesyndication.com/bg/gV8oOBGKSZbVoBuTsHuy49HjUHUKsGGS79HUBzhlvTM.js line 2 > eval line 114 > eval line 1 > eval line 1 > eval, line 1: WEBGL_debug_renderer_info is deprecated in Firefox and will be removed. Please use RENDERER.
JavaScript warning: https://z.moatads.com/dowjones8650224/moatcore.js#moatClientLevel1=5134677082&moatClientLevel2=3533325821&moatClientLevel3=6697606749&moatClientLevel4=138472298490&moatClientSlicer1=50398826&moatClientSlicer2=21959938491&zMoatmivr=&refresh=1&zMoatMData=&zMoatMSafety=&zMoatMGV=&zMoatMMV=&zMoatWD=728&zMoatAdLocation=BANNERTOP&zMoatHT=90&zMoatSZ=728x90&fMoatCb=MFPA_962102146454, line 336: WEBGL_debug_renderer_info is deprecated in Firefox and will be removed. Please use RENDERER.
JavaScript warning: https://pagead2.googlesyndication.com/bg/gV8oOBGKSZbVoBuTsHuy49HjUHUKsGGS79HUBzhlvTM.js line 2 > eval line 5751 > eval line 1 > eval line 1 > eval, line 1: WEBGL_debug_renderer_info is deprecated in Firefox and will be removed. Please use RENDERER.
JavaScript warning: https://pagead2.googlesyndication.com/bg/gV8oOBGKSZbVoBuTsHuy49HjUHUKsGGS79HUBzhlvTM.js line 2 > eval line 6675 > eval line 1 > eval line 1 > eval, line 1: WEBGL_debug_renderer_info is deprecated in Firefox and will be removed. Please use RENDERER.
JavaScript error: , line 0: TypeError: NetworkError when attempting to fetch resource.
JavaScript warning: https://pagead2.googlesyndication.com/bg/gV8oOBGKSZbVoBuTsHuy49HjUHUKsGGS79HUBzhlvTM.js line 2 > eval line 2356 > eval line 1 > eval line 1 > eval, line 1: WEBGL_debug_renderer_info is deprecated in Firefox and will be removed. Please use RENDERER.
JavaScript error: , line 0: TypeError: NetworkError when attempting to fetch resource.
JavaScript warning: https://pagead2.googlesyndication.com/bg/gV8oOBGKSZbVoBuTsHuy49HjUHUKsGGS79HUBzhlvTM.js line 2 > eval line 2980 > eval line 1 > eval line 1 > eval, line 1: WEBGL_debug_renderer_info is deprecated in Firefox and will be removed. Please use RENDERER.
JavaScript error: , line 0: TypeError: NetworkError when attempting to fetch resource.
JavaScript warning: https://pagead2.googlesyndication.com/bg/gV8oOBGKSZbVoBuTsHuy49HjUHUKsGGS79HUBzhlvTM.js line 2 > eval line 3565 > eval line 1 > eval line 1 > eval, line 1: WEBGL_debug_renderer_info is deprecated in Firefox and will be removed. Please use RENDERER.
JavaScript error: , line 0: TypeError: NetworkError when attempting to fetch resource.
JavaScript warning: https://pagead2.googlesyndication.com/bg/gV8oOBGKSZbVoBuTsHuy49HjUHUKsGGS79HUBzhlvTM.js line 2 > eval line 5342 > eval line 1 > eval line 1 > eval, line 1: WEBGL_debug_renderer_info is deprecated in Firefox and will be removed. Please use RENDERER.
JavaScript error: , line 0: TypeError: NetworkError when attempting to fetch resource.
JavaScript warning: https://pagead2.googlesyndication.com/bg/gV8oOBGKSZbVoBuTsHuy49HjUHUKsGGS79HUBzhlvTM.js line 2 > eval line 5487 > eval line 1 > eval line 1 > eval, line 1: WEBGL_debug_renderer_info is deprecated in Firefox and will be removed. Please use RENDERER.
console.warn: WindowsJumpLists: "Failed to fetch favicon for " "https://www.dev.marketwatch.com/" ({})
console.warn: WindowsJumpLists: "Failed to fetch favicon for " "https://www.dev.marketwatch.com/" ({})
console.warn: WindowsJumpLists: "Failed to fetch favicon for " "https://www.dev.marketwatch.com/" ({})
console.warn: WindowsJumpLists: "Failed to fetch favicon for " "https://www.dev.marketwatch.com/" ({})
console.warn: WindowsJumpLists: "Failed to fetch favicon for " "https://www.dev.marketwatch.com/" ({})
JavaScript warning: https://cdn.cxense.com/cx.js, line 6: Script terminated by timeout at:
s@https://cdn.cxense.com/cx.js:6:338
n@https://cdn.cxense.com/cx.js:6:1207
r@https://cdn.cxense.com/cx.js:6:1272
Xi@https://cdn.cxense.com/cx.js:6:52098
ro@https://cdn.cxense.com/cx.js:6:54449
ea@https://cdn.cxense.com/cx.js:6:70307
ta@https://cdn.cxense.com/cx.js:6:70555
ra/<@https://cdn.cxense.com/cx.js:6:70614

1727349288092	Marionette	INFO	Stopped listening on port 64263
Dynamically enable window occlusion 1
!!! error running onStopped callback: TypeError: callback is not a function
JavaScript error: , line 0: TypeError: NetworkError when attempting to fetch resource.
JavaScript error: , line 0: TypeError: NetworkError when attempting to fetch resource.
