1728420664373	geckodriver	INFO	Listening on 127.0.0.1:52425
1728420667413	mozrunner::runner	INFO	Running command: "C:\\Program Files\\Mozilla Firefox\\firefox.exe" "--marionette" "--remote-debugging-port" "52426" "--remote-allow-hosts" "localhost" "-no-remote" "-profile" "D:\\Users\\sasikumarj\\AppData\\Local\\Temp\\rust_mozprofile3bPWUL"
console.warn: services.settings: Ignoring preference override of remote settings server
console.warn: services.settings: Allow by setting MOZ_REMOTE_SETTINGS_DEVTOOLS=1 in the environment
Dynamically enable window occlusion 0
1728420668062	Marionette	INFO	Marionette enabled
1728420668325	Marionette	INFO	Listening on port 52434
Read port: 52434
WebDriver BiDi listening on ws://127.0.0.1:52426
1728420668454	RemoteAgent	WARN	TLS certificate errors will be ignored for this session
DevTools listening on ws://127.0.0.1:52426/devtools/browser/7bcad8e8-7ca8-4131-95a8-23dec78fe192
JavaScript error: https://cdn.cxense.com/sp1.html#ver=2.8.80&typ=pgv&rnd=m20x1ldq2lv97y5i&sid=1144071410389139719&loc=https%3A%2F%2Fwww.mansionglobal.com%2F&new=1&arf=0&ltm=1728420676484&ref=&tzo=-330&wsz=1278x497&res=1278x622&dpr=1&col=24&bln=en-US&chs=UTF-8&cks=m20x1lg53u9kv1g1&ckp=m20x1ldqh4d1vybr&glb=&cp_userState=anon&cp_testGroup=95&cp_topDomain=mansionglobal.com&cp_template=full&cp_access=free&cp_section=Home&cp_subsection=&cp_cms_name=CMS%20Wordpress&cp_subscriber=nonsubscriber&cp_edition=naus&cp_bucket=7&cp_ab_bucket=77&cp_pageContentSource=Mansion%20Global&cp_pageContentType=Home&cp_pageContentTypeDetai=default&cp_pageSiteProduct=MG&cp_userTags=&cp_sessionState=none, line 1: TypeError: cX.loadScript is not a function
JavaScript warning: https://pagead2.googlesyndication.com/bg/WEoqGYGTldYSfSNCQ9Ugqu-00NFuS6e6WOK2G2Y_zzI.js line 2 > eval line 3486 > eval line 1 > eval line 1 > eval, line 1: WEBGL_debug_renderer_info is deprecated in Firefox and will be removed. Please use RENDERER.
JavaScript warning: https://www.mansionglobal.com/articles/are-there-tax-breaks-on-agricultural-land-in-pennsylvania-01648119848, line 115: Script terminated by timeout at:
nrWrapper@https://www.mansionglobal.com/articles/are-there-tax-breaks-on-agricultural-land-in-pennsylvania-01648119848:115:17660

JavaScript warning: https://pagead2.googlesyndication.com/pagead/managed/js/activeview/current/ufs_web_display.js, line 14: Script terminated by timeout at:
E@https://pagead2.googlesyndication.com/pagead/managed/js/activeview/current/ufs_web_display.js:14:325
h@https://pagead2.googlesyndication.com/pagead/managed/js/activeview/current/ufs_web_display.js:94:449

JavaScript warning: https://static.cdninstagram.com/rsrc.php/v3in_J4/y-/l/en_US/inXJ93GYvmE.js, line 56: Script terminated by timeout at:
i.canUseNavigatorBeacon@https://static.cdninstagram.com/rsrc.php/v3in_J4/y-/l/en_US/inXJ93GYvmE.js:56:4276
C@https://static.cdninstagram.com/rsrc.php/v3in_J4/y-/l/en_US/inXJ93GYvmE.js:56:1597
i._initialize/<@https://static.cdninstagram.com/rsrc.php/v3in_J4/y-/l/en_US/inXJ93GYvmE.js:56:4912
d@https://static.cdninstagram.com/rsrc.php/v3in_J4/y-/l/en_US/inXJ93GYvmE.js:28:158

JavaScript warning: https://www.youtube-nocookie.com/s/player/8579e400/player_ias.vflset/en_US/base.js, line 8939: Script terminated by timeout at:
kC.prototype.lV@https://www.youtube-nocookie.com/s/player/8579e400/player_ias.vflset/en_US/base.js:8939:40
g.k.isInitialized@https://www.youtube-nocookie.com/s/player/8579e400/player_ias.vflset/en_US/base.js:8930:42
g.k.cI@https://www.youtube-nocookie.com/s/player/8579e400/player_ias.vflset/en_US/base.js:11552:60
g.k.sendAbandonmentPing@https://www.youtube-nocookie.com/s/player/8579e400/player_ias.vflset/en_US/base.js:11431:204
g.k.sendAbandonmentPing@https://www.youtube-nocookie.com/s/player/8579e400/player_ias.vflset/en_US/base.js:10424:62
$R/a.state.j[b]@https://www.youtube-nocookie.com/s/player/8579e400/player_ias.vflset/en_US/base.js:4587:53
Wy/<@https://www.youtube-nocookie.com/s/player/8579e400/www-embed-player.vflset/www-embed-player.js:1899:106
hz@https://www.youtube-nocookie.com/s/player/8579e400/www-embed-player.vflset/www-embed-player.js:1936:46
@https://www.youtube-nocookie.com/s/player/8579e400/www-embed-player.vflset/www-embed-player.js:1944:137
gm/<@https://www.youtube-nocookie.com/s/player/8579e400/www-embed-player.vflset/www-embed-player.js:928:63

console.warn: LoginRecipes: "Falling back to a synchronous message for: https://sso.accounts.dowjones.com."
console.warn: LoginRecipes: "Falling back to a synchronous message for: https://sso.accounts.dowjones.com."
console.warn: LoginRecipes: "Falling back to a synchronous message for: https://sso.accounts.dowjones.com."
console.warn: LoginRecipes: "Falling back to a synchronous message for: https://sso.accounts.dowjones.com."
JavaScript warning: https://www.googletagmanager.com/gtag/js?id=G-K2H7B9JRSS, line 183: Script terminated by timeout at:
yb@https://www.googletagmanager.com/gtag/js?id=G-K2H7B9JRSS:183:197
zb@https://www.googletagmanager.com/gtag/js?id=G-K2H7B9JRSS:183:219
get@https://www.googletagmanager.com/gtag/js?id=G-K2H7B9JRSS:622:128
stop@https://www.googletagmanager.com/gtag/js?id=G-K2H7B9JRSS:622:87
ba.Qk/c/<@https://www.googletagmanager.com/gtag/js?id=G-K2H7B9JRSS:622:412

JavaScript error: https://www.mansionglobal.com/follow?alert=news_alert&id=NewsAlertEmailTechnology, line 257: TypeError: window.__ace is not a function
JavaScript error: https://aswpsdkus.com/notify/v1/ua-sdk.min.js, line 1: Error: Notification permission is denied.
console.warn: WindowsJumpLists: "Failed to fetch favicon for " "https://www.mansionglobal.com/follow" ({})
1728420839289	Marionette	INFO	Stopped listening on port 52434
Dynamically enable window occlusion 1
