1728058608207	geckodriver	INFO	Listening on 127.0.0.1:62130
1728058611852	mozrunner::runner	INFO	Running command: "C:\\Program Files\\Mozilla Firefox\\firefox.exe" "--marionette" "--remote-debugging-port" "62131" "--remote-allow-hosts" "localhost" "-no-remote" "-profile" "D:\\Users\\sasikumarj\\AppData\\Local\\Temp\\rust_mozprofileb6J0jj"
console.warn: services.settings: Ignoring preference override of remote settings server
console.warn: services.settings: Allow by setting MOZ_REMOTE_SETTINGS_DEVTOOLS=1 in the environment
Dynamically enable window occlusion 0
1728058613864	Marionette	INFO	Marionette enabled
1728058614621	Marionette	INFO	Listening on port 62160
WebDriver BiDi listening on ws://127.0.0.1:62131
Read port: 62160
1728058615112	RemoteAgent	WARN	TLS certificate errors will be ignored for this session
DevTools listening on ws://127.0.0.1:62131/devtools/browser/e8d7a82c-2dc8-4f34-8b60-6d5c5f99ec4a
JavaScript error: https://cdn.cxense.com/sp1.html#ver=2.8.80&typ=pgv&rnd=m1uxhmjwpomrel88&sid=9222325317970825873&loc=https%3A%2F%2Fwww.marketwatch.com%2F&new=1&arf=0&ltm=1728058627458&ref=&tzo=-330&wsz=1278x497&res=1278x622&dpr=1&col=24&bln=en-US&chs=UTF-8&cks=m1uxhmqa7505obnr&ckp=m1uxhmjwr2j8u98x&glb=&cp_userState=anon&cp_testGroup=71&cp_topDomain=marketwatch.com&cp_template=full&cp_access=free&cp_section=Home%20Page&cp_cms_name=Peavey&cp_subscriber=nonsubscriber&cp_edition=naus&cp_bucket=5&cp_ab_bucket=15&cp_pageContentSource=MarketWatch&cp_pageContentType=Home&cp_pageContentTypeDetai=default&cp_pageSiteProduct=MW&cp_userTags=&cp_sessionState=none, line 1: TypeError: cX.loadScript is not a function
JavaScript warning: https://www.marketwatch.com/, line 358: Script terminated by timeout at:
nrWrapper@https://www.marketwatch.com/:358:17660

1728058661918	Marionette	INFO	Stopped listening on port 62160
Dynamically enable window occlusion 1
JavaScript error: chrome://remote/content/marionette/cert.sys.mjs, line 47: NS_ERROR_NOT_AVAILABLE: Component returned failure code: 0x80040111 (NS_ERROR_NOT_AVAILABLE) [nsICertOverrideService.setDisableAllSecurityChecksAndLetAttackersInterceptMyData]
!!! error running onStopped callback: TypeError: callback is not a function
Exiting due to channel error.
Exiting due to channel error.
