1729773347575	geckodriver	INFO	Listening on 127.0.0.1:59592
1729773350593	mozrunner::runner	INFO	Running command: "C:\\Program Files\\Mozilla Firefox\\firefox.exe" "--marionette" "--remote-debugging-port" "59593" "--remote-allow-hosts" "localhost" "-no-remote" "-profile" "D:\\Users\\sasikumarj\\AppData\\Local\\Temp\\rust_mozprofileopXcO3"
console.warn: services.settings: Ignoring preference override of remote settings server
console.warn: services.settings: Allow by setting MOZ_REMOTE_SETTINGS_DEVTOOLS=1 in the environment
Dynamically enable window occlusion 0
1729773351491	Marionette	INFO	Marionette enabled
1729773351771	Marionette	INFO	Listening on port 59600
WebDriver BiDi listening on ws://127.0.0.1:59593
Read port: 59600
1729773352029	RemoteAgent	WARN	TLS certificate errors will be ignored for this session
DevTools listening on ws://127.0.0.1:59593/devtools/browser/69b19514-3264-4cca-9908-454697424326
JavaScript warning: https://int-replay-wsj-elections.ore.onservo.com/election/_next/static/chunks/main-c0569e4635de2e62.js, line 1: unreachable code after return statement
JavaScript warning: https://int-replay-wsj-elections.ore.onservo.com/election/_next/static/chunks/main-c0569e4635de2e62.js, line 1: unreachable code after return statement
JavaScript error: https://cdn.cxense.com/sp1.html#ver=2.8.82&typ=pgv&rnd=m2naeaevvbvmgtdy&sid=1134002947328204066&loc=https%3A%2F%2Fwww.dev.wsj.com%2F&new=1&arf=0&ltm=1729773359676&ref=&tzo=-330&wsz=1278x497&res=1278x622&dpr=1&col=24&bln=en-US&chs=UTF-8&cks=m2naeag03lfb1fpn&ckp=m2naeaevf3jlf2m2&glb=&cp_userState=anon&cp_testGroup=95&cp_env=staging&cp_topDomain=wsj.com&cp_access=free&cp_section=US%20Home%20Page&cp_subsection=&cp_cms_name=CAPS&cp_subscriber=nonsubscriber&cp_edition=naus&cp_bucket=1&cp_ab_bucket=21&cp_pageContentSource=WSJ%20Online&cp_pageContentType=Home&cp_pageContentTypeDetai=desktopweb&cp_pageSiteProduct=WSJ&cp_userTags=&cp_sessionState=none, line 1: TypeError: cX.loadScript is not a function
JavaScript error: , line 0: uncaught exception: out of memory
out of memory: 0x0000000000037FC0 bytes requested
[GFX1-]: CompositorBridgeChild receives IPC close with reason=AbnormalShutdown
[GFX1-]: CompositorBridgeChild receives IPC close with reason=AbnormalShutdown
[GFX1-]: CompositorBridgeChild receives IPC close with reason=AbnormalShutdown
[GFX1-]: Compo[GFX1-]: CompositorBridgeChild receives IPC close with reason=AbnormalShutdown
sitorBridgeChild receives IPC close with reason=AbnormalShutdown
[GFX1-]: CompositorBridgeChild receives IPC close with reason=AbnormalShutdown
[GFX1-]: CompositorBridgeChild receives IPC close with reason=AbnormalShutdown
A content process crashed and MOZ_CRASHREPORTER_SHUTDOWN is set, shutting down
JavaScript warning: https://ace.wsj.com/assets-staging/ace/uac.min.js, line 1: Script terminated by timeout at:
c/i<@https://ace.wsj.com/assets-staging/ace/uac.min.js:1:41059

A content process crashed and MOZ_CRASHREPORTER_SHUTDOWN is set, shutting down
1729773361649	Marionette	INFO	Stopped listening on port 59600
Dynamically enable window occlusion 1
