1728053945312	geckodriver	INFO	Listening on 127.0.0.1:51834
1728053948354	mozrunner::runner	INFO	Running command: "C:\\Program Files\\Mozilla Firefox\\firefox.exe" "--marionette" "--remote-debugging-port" "51835" "--remote-allow-hosts" "localhost" "-no-remote" "-profile" "D:\\Users\\sasikumarj\\AppData\\Local\\Temp\\rust_mozprofileEhIk50"
console.warn: services.settings: Ignoring preference override of remote settings server
console.warn: services.settings: Allow by setting MOZ_REMOTE_SETTINGS_DEVTOOLS=1 in the environment
Dynamically enable window occlusion 0
1728053949186	Marionette	INFO	Marionette enabled
1728053949484	Marionette	INFO	Listening on port 51853
WebDriver BiDi listening on ws://127.0.0.1:51835
Read port: 51853
1728053949792	RemoteAgent	WARN	TLS certificate errors will be ignored for this session
DevTools listening on ws://127.0.0.1:51835/devtools/browser/eabdde6d-3dd4-47cf-b02f-e10faa658427
JavaScript warning: https://securepubads.g.doubleclick.net/pagead/managed/js/gpt/m202410010101/pubads_impl.js, line 33: Script terminated by timeout at:
Ak@https://securepubads.g.doubleclick.net/pagead/managed/js/gpt/m202410010101/pubads_impl.js:33:60540
Dk@https://securepubads.g.doubleclick.net/pagead/managed/js/gpt/m202410010101/pubads_impl.js:33:60841
Fk/<@https://securepubads.g.doubleclick.net/pagead/managed/js/gpt/m202410010101/pubads_impl.js:33:61092
Ek@https://securepubads.g.doubleclick.net/pagead/managed/js/gpt/m202410010101/pubads_impl.js:33:191506
Fk@https://securepubads.g.doubleclick.net/pagead/managed/js/gpt/m202410010101/pubads_impl.js:33:61068
Uq@https://securepubads.g.doubleclick.net/pagead/managed/js/gpt/m202410010101/pubads_impl.js:33:90978
Vq@https://securepubads.g.doubleclick.net/pagead/managed/js/gpt/m202410010101/pubads_impl.js:33:90742
Kx<@https://securepubads.g.doubleclick.net/pagead/managed/js/gpt/m202410010101/pubads_impl.js:33:454163
Mx/<@https://securepubads.g.doubleclick.net/pagead/managed/js/gpt/m202410010101/pubads_impl.js:33:131156
pm/<@https://securepubads.g.doubleclick.net/pagead/managed/js/gpt/m202410010101/pubads_impl.js:33:68627
Cm@https://securepubads.g.doubleclick.net/pagead/managed/js/gpt/m202410010101/pubads_impl.js:33:68842
Mx@https://securepubads.g.doubleclick.net/pagead/managed/js/gpt/m202410010101/pubads_impl.js:33:130846
IT.prototype.g@https://securepubads.g.doubleclick.net/pagead/managed/js/gpt/m202410010101/pubads_impl.js:33:466943
YK.prototype.start/<@https://securepubads.g.doubleclick.net/pagead/managed/js/gpt/m202410010101/pubads_impl.js:33:256632
Qy@https://securepubads.g.doubleclick.net/pagead/managed/js/gpt/m202410010101/pubads_impl.js:33:139341
Sy/this.next@https://securepubads.g.doubleclick.net/pagead/managed/js/gpt/m202410010101/pubads_impl.js:33:139640
b@https://securepubads.g.doubleclick.net/pagead/managed/js/gpt/m202410010101/pubads_impl.js:33:139891
nrWrapper@https://www.marketwatch.com/:358:17810

console.warn: LoginRecipes: "Falling back to a synchronous message for: https://sso.accounts.dowjones.com."
console.warn: LoginRecipes: "Falling back to a synchronous message for: https://sso.accounts.dowjones.com."
console.warn: LoginRecipes: "Falling back to a synchronous message for: https://sso.accounts.dowjones.com."
console.warn: LoginRecipes: "Falling back to a synchronous message for: https://sso.accounts.dowjones.com."
JavaScript warning: https://sso.accounts.dowjones.com/one_identity_login_pages/login/0905e7365768f8c947bfb0c526fb8b9e/js/vendor.js, line 51: Script terminated by timeout at:
BE@https://sso.accounts.dowjones.com/one_identity_login_pages/login/0905e7365768f8c947bfb0c526fb8b9e/js/vendor.js:51:4468
b@https://sso.accounts.dowjones.com/one_identity_login_pages/login/0905e7365768f8c947bfb0c526fb8b9e/js/vendor.js:49:13761

JavaScript error: https://us.tags.newscgp.com/prod/ncg/ncg.js, line 10: TypeError: window.GlobalSnowplowNamespace is undefined
JavaScript error: https://cdn.cxense.com/sp1.html#ver=2.8.80&typ=pgv&rnd=m1uupwicyqycyluo&sid=9222325317970825873&loc=https%3A%2F%2Fwww.marketwatch.com%2Ffollow&new=1&arf=0&ltm=1728053974743&ref=https%3A%2F%2Fsso.accounts.dowjones.com%2F&tzo=-330&wsz=1278x497&res=1278x622&dpr=1&col=24&bln=en-US&chs=UTF-8&cks=m1uupwk3bpjl33tv&ckp=m1uupwicr5nxmxgj&glb=&eid0=e4cefa22ef027cc0132f0c218da37da39cdb3228234af4df969b5c463592e123&eit0=wsj&cp_userState=anon&cp_testGroup=8&cp_topDomain=marketwatch.com&cp_template=full&cp_access=free&cp_section=Follow&cp_subsection=mw&cp_cms_name=CAPS&cp_subscriber=registered&cp_edition=naus&cp_bucket=0&cp_ab_bucket=10&cp_pageContentSource=MarketWatch&cp_pageContentType=Follow&cp_pageContentTypeDetai=follow&cp_pageSiteProduct=MW&cp_userTags=&cp_sessionState=ca, line 1: TypeError: cX.loadScript is not a function
JavaScript error: https://us.tags.newscgp.com/prod/ncg/ncg.js, line 10: TypeError: window.GlobalSnowplowNamespace is undefined
1728053987367	Marionette	INFO	Stopped listening on port 51853
Dynamically enable window occlusion 1
