1729050023804	geckodriver	INFO	Listening on 127.0.0.1:53507
1729050027031	mozrunner::runner	INFO	Running command: "C:\\Program Files\\Mozilla Firefox\\firefox.exe" "--marionette" "--remote-debugging-port" "53508" "--remote-allow-hosts" "localhost" "-no-remote" "-profile" "D:\\Users\\sasikumarj\\AppData\\Local\\Temp\\rust_mozprofileUqQoVw"
console.warn: services.settings: Ignoring preference override of remote settings server
console.warn: services.settings: Allow by setting MOZ_REMOTE_SETTINGS_DEVTOOLS=1 in the environment
Dynamically enable window occlusion 0
1729050027650	Marionette	INFO	Marionette enabled
1729050027901	Marionette	INFO	Listening on port 53530
WebDriver BiDi listening on ws://127.0.0.1:53508
Read port: 53530
1729050028258	RemoteAgent	WARN	TLS certificate errors will be ignored for this session
DevTools listening on ws://127.0.0.1:53508/devtools/browser/cd1cbffe-8a0c-4f20-bee8-21c7a2d4d4a5
JavaScript error: https://cdn.cxense.com/sp1.html#ver=2.8.81&typ=pgv&rnd=m2bbqx7bu73cbryi&sid=1134002947328204066&loc=https%3A%2F%2Fwww.s.dev.wsj.com%2F&new=1&arf=0&ltm=1729050034589&ref=&tzo=-330&wsz=1278x497&res=1278x622&dpr=1&col=24&bln=en-US&chs=UTF-8&cks=m2bbqxbqnmahewm9&ckp=m2bbqx7cz4bjze3p&glb=&cp_userState=anon&cp_testGroup=62&cp_env=staging&cp_topDomain=wsj.com&cp_access=free&cp_section=US%20Home%20Page&cp_subsection=&cp_cms_name=CAPS&cp_subscriber=nonsubscriber&cp_edition=naus&cp_bucket=8&cp_ab_bucket=68&cp_pageContentSource=WSJ%20Online&cp_pageContentType=Home&cp_pageContentTypeDetai=desktopweb&cp_pageSiteProduct=WSJ&cp_userTags=&cp_sessionState=none, line 1: TypeError: cX.loadScript is not a function
JavaScript warning: https://int-replay-wsj-elections.ore.onservo.com/election/_next/static/chunks/main-c0569e4635de2e62.js, line 1: unreachable code after return statement
JavaScript error: https://www.s.dev.wsj.com/ line 1 > injectedScript, line 1: SyntaxError: redeclaration of const cxHandleCusomterNavSubscribeBtnUpdate
1729050043802	Marionette	WARN	Ignoring event 'DOMContentLoaded' because document has an invalid readyState of 'complete'.
JavaScript warning: https://sc-static.net/scevent.min.js, line 2: Script terminated by timeout at:
m@https://sc-static.net/scevent.min.js:2:2789
c@https://sc-static.net/scevent.min.js:2:6893

JavaScript error: , line 0: TypeError: NetworkError when attempting to fetch resource.
JavaScript error: , line 0: TypeError: NetworkError when attempting to fetch resource.
JavaScript error: , line 0: TypeError: NetworkError when attempting to fetch resource.
1729050046004	Marionette	INFO	Stopped listening on port 53530
JavaScript warning: https://www.s.dev.wsj.com/ line 33 > injectedScript, line 54: Script terminated by timeout at:
MobileWebAdapter.prototype.getTopWindow@https://www.s.dev.wsj.com/ line 33 > injectedScript:54:7091
SDKAdapter.prototype._startObservingEnvironment/</<@https://www.s.dev.wsj.com/ line 33 > injectedScript:52:7794
SDKAdapter.prototype.collectAndTrackData/<@https://www.s.dev.wsj.com/ line 33 > injectedScript:52:22709
i@https://www.s.dev.wsj.com/ line 33 > injectedScript:1:5813

Dynamically enable window occlusion 1
