1727955273730	geckodriver	INFO	Listening on 127.0.0.1:63085
1727955276998	mozrunner::runner	INFO	Running command: "C:\\Program Files\\Mozilla Firefox\\firefox.exe" "--marionette" "--remote-debugging-port" "63086" "--remote-allow-hosts" "localhost" "-no-remote" "-profile" "D:\\Users\\sasikumarj\\AppData\\Local\\Temp\\rust_mozprofilebrNbJh"
console.warn: services.settings: Ignoring preference override of remote settings server
console.warn: services.settings: Allow by setting MOZ_REMOTE_SETTINGS_DEVTOOLS=1 in the environment
Dynamically enable window occlusion 0
1727955277679	Marionette	INFO	Marionette enabled
1727955277977	Marionette	INFO	Listening on port 63101
WebDriver BiDi listening on ws://127.0.0.1:63086
Read port: 63101
1727955278241	RemoteAgent	WARN	TLS certificate errors will be ignored for this session
DevTools listening on ws://127.0.0.1:63086/devtools/browser/30624690-9f21-4545-a2fa-c78f8e737e55
JavaScript error: https://www.dev.wsj.com/preference-center/newsletters, line 9: SyntaxError: function statement requires a name
JavaScript error: https://cdn.cxense.com/sp1.html#ver=2.8.80&typ=pgv&rnd=m1t7ymwj3g7glq1x&sid=1134002947328204066&loc=https%3A%2F%2Fwww.dev.wsj.com%2Fpreference-center%2Fnewsletters&new=1&arf=0&ltm=1727955284854&ref=&tzo=-330&wsz=1280x595&res=1280x720&dpr=1&col=24&bln=en-US&chs=UTF-8&cks=m1t7ymy29u8ox3n2&ckp=m1t7ymwj55579yws&glb=&cp_userState=anon&cp_testGroup=52&cp_env=staging&cp_topDomain=wsj.com&cp_template=full&cp_access=paid&cp_section=Preference%20Center&cp_subsection=Newsletters&cp_cms_name=servo&cp_subscriber=nonsubscriber&cp_edition=naus&cp_bucket=0&cp_ab_bucket=10&cp_pageContentSource=WSJ%20Online&cp_pageContentType=CustomerResources&cp_pageContentTypeDetai=preference-center&cp_pageSiteProduct=WSJ&cp_userTags=&cp_sessionState=none, line 1: TypeError: cX.loadScript is not a function
1727955285609	Marionette	WARN	Ignoring event 'DOMContentLoaded' because document has an invalid readyState of 'complete'.
JavaScript warning: https://sc-static.net/scevent.min.js, line 2: Script terminated by timeout at:
m@https://sc-static.net/scevent.min.js:2:2789
c@https://sc-static.net/scevent.min.js:2:6893

1727955289184	Marionette	INFO	Stopped listening on port 63101
JavaScript warning: https://www.dev.wsj.com/_next/static/chunks/framework-788dfc04dc310699.js, line 1: Script terminated by timeout at:
Gt@https://www.dev.wsj.com/_next/static/chunks/framework-788dfc04dc310699.js:1:23976

Dynamically enable window occlusion 1
