1728405471406	geckodriver	INFO	Listening on 127.0.0.1:54202
1728405474435	mozrunner::runner	INFO	Running command: "C:\\Program Files\\Mozilla Firefox\\firefox.exe" "--marionette" "--remote-debugging-port" "54203" "--remote-allow-hosts" "localhost" "-no-remote" "-profile" "D:\\Users\\sasikumarj\\AppData\\Local\\Temp\\rust_mozprofiletCeeUE"
console.warn: services.settings: Ignoring preference override of remote settings server
console.warn: services.settings: Allow by setting MOZ_REMOTE_SETTINGS_DEVTOOLS=1 in the environment
Dynamically enable window occlusion 0
1728405475143	Marionette	INFO	Marionette enabled
1728405475383	Marionette	INFO	Listening on port 54213
WebDriver BiDi listening on ws://127.0.0.1:54203
Read port: 54213
1728405475638	RemoteAgent	WARN	TLS certificate errors will be ignored for this session
DevTools listening on ws://127.0.0.1:54203/devtools/browser/3167151e-a870-4340-9622-1d0853a7702d
JavaScript error: https://cdn.cxense.com/sp1.html#ver=2.8.80&typ=pgv&rnd=m20nzybvwlryc0fo&sid=1139592114930554183&loc=https%3A%2F%2Fwww.s.dev.fnlondon.com%2F&new=1&arf=0&ltm=1728405483410&ref=&tzo=-330&wsz=1278x497&res=1278x622&dpr=1&col=24&bln=en-US&chs=UTF-8&cks=m20nzyehl915fw5r&ckp=m20nzybv3k4wlwg3&glb=&cp_userState=anon&cp_testGroup=88&cp_env=staging&cp_topDomain=fnlondon.com&cp_template=full&cp_access=free&cp_section=Home&cp_subsection=&cp_cms_name=CAPS&cp_subscriber=nonsubscriber&cp_edition=europegb&cp_bucket=3&cp_ab_bucket=33&cp_pageContentSource=FN%20London&cp_pageContentType=Home&cp_pageContentTypeDetai=default&cp_pageSiteProduct=FN&cp_userTags=&cp_sessionState=none, line 1: TypeError: cX.loadScript is not a function
JavaScript warning: https://pagead2.googlesyndication.com/bg/WEoqGYGTldYSfSNCQ9Ugqu-00NFuS6e6WOK2G2Y_zzI.js line 2 > eval line 5719 > eval line 1 > eval line 1 > eval, line 1: WEBGL_debug_renderer_info is deprecated in Firefox and will be removed. Please use RENDERER.
JavaScript error: , line 0: TypeError: NetworkError when attempting to fetch resource.
JavaScript error: https://asset.barrons.com/article/public/fn_full_article.dfb75bf78e25.js, line 62: TypeError: e(...).offset() is undefined
JavaScript error: https://asset.barrons.com/article/public/fn_full_article.dfb75bf78e25.js, line 26: TypeError: e(...).offset() is undefined
JavaScript warning: https://pagead2.googlesyndication.com/bg/WEoqGYGTldYSfSNCQ9Ugqu-00NFuS6e6WOK2G2Y_zzI.js line 2 > eval line 539 > eval line 1 > eval line 1 > eval, line 1: WEBGL_debug_renderer_info is deprecated in Firefox and will be removed. Please use RENDERER.
JavaScript warning: https://cdn.parsely.com/keys/fnlondon.com/p.js, line 7: Script terminated by timeout at:
value/n<@https://cdn.parsely.com/keys/fnlondon.com/p.js:7:24273
value@https://cdn.parsely.com/keys/fnlondon.com/p.js:7:24274
value@https://cdn.parsely.com/keys/fnlondon.com/p.js:7:24771

JavaScript warning: https://imasdk.googleapis.com/js/core/bridge3.670.0_en.html#goog_1394186417, line 453: Script terminated by timeout at:
PB@https://imasdk.googleapis.com/js/core/bridge3.670.0_en.html#goog_1394186417:453:310
TB/this.aa@https://imasdk.googleapis.com/js/core/bridge3.670.0_en.html#goog_1394186417:451:29

JavaScript warning: https://www.gstatic.com/_/mss/boq-subscribewithgoogle/_/js/k=boq-subscribewithgoogle.SubscribewithgoogleClientUi.en_US.xcV4V6jcAFU.es5.O/ck=boq-subscribewithgoogle.SubscribewithgoogleClientUi.DJZvEfF3JjM.L.F4.O/am=gMGAGQ/d=1/exm=FCpbqb,LEikZe,P6sQOc,W93Wdc,WhJNk,Wt6vjf,_b,_tp,hhhU8/excm=_b,_tp,serviceiframeview/ed=1/wt=2/ujg=1/rs=ABXTjI6mDvR6rAHrf-F57u6v6sIVdDbh9g/ee=EVNhjf:pw70Gc;EmZ2Bf:zr1jrb;JsbNhc:Xd8iUd;K5nYTd:ZDZcre;LBgRLc:SdcwHb;Me32dd:MEeYgc;NPKaK:SdcwHb;NSEoX:lazG7b;Pjplud:EEDORb;QGR0gd:Mlhmy;SNUn3:ZwDk9d;ScI3Yc:e7Hzgb;Uvc8o:VDovNc;YIZmRd:A1yn5d;a56pNe:JEfCwb;cEt90b:ws9Tlc;dIoSBb:SpsfSb;dowIGb:ebZ3mb;eBAeSb:zbML3c;iFQyKf:QIhFr;lOO0Vd:OTA3Ae;nAFL3:s39S4;oGtAuc:sOXFj;pXdRYb:MdUzUe;qafBPd:yDVVkb;qddgKe:xQtZb;wR5FRb:O1Gjze;xqZiqf:wmnU7d;yxTchf:KUM7Z;zxnPse:GkRiKb/m=RqjULd, line 29: Script terminated by timeout at:
e@https://www.gstatic.com/_/mss/boq-subscribewithgoogle/_/js/k=boq-subscribewithgoogle.SubscribewithgoogleClientUi.en_US.xcV4V6jcAFU.es5.O/ck=boq-subscribewithgoogle.SubscribewithgoogleClientUi.DJZvEfF3JjM.L.F4.O/am=gMGAGQ/d=1/exm=FCpbqb,LEikZe,P6sQOc,W93Wdc,WhJNk,Wt6vjf,_b,_tp,hhhU8/excm=_b,_tp,serviceiframeview/ed=1/wt=2/ujg=1/rs=ABXTjI6mDvR6rAHrf-F57u6v6sIVdDbh9g/ee=EVNhjf:pw70Gc;EmZ2Bf:zr1jrb;JsbNhc:Xd8iUd;K5nYTd:ZDZcre;LBgRLc:SdcwHb;Me32dd:MEeYgc;NPKaK:SdcwHb;NSEoX:lazG7b;Pjplud:EEDORb;QGR0gd:Mlhmy;SNUn3:ZwDk9d;ScI3Yc:e7Hzgb;Uvc8o:VDovNc;YIZmRd:A1yn5d;a56pNe:JEfCwb;cEt90b:ws9Tlc;dIoSBb:SpsfSb;dowIGb:ebZ3mb;eBAeSb:zbML3c;iFQyKf:QIhFr;lOO0Vd:OTA3Ae;nAFL3:s39S4;oGtAuc:sOXFj;pXdRYb:MdUzUe;qafBPd:yDVVkb;qddgKe:xQtZb;wR5FRb:O1Gjze;xqZiqf:wmnU7d;yxTchf:KUM7Z;zxnPse:GkRiKb/m=RqjULd:29:438
uia/</k<@https://www.gstatic.com/_/mss/boq-subscribewithgoogle/_/js/k=boq-subscribewithgoogle.SubscribewithgoogleClientUi.en_US.xcV4V6jcAFU.es5.O/ck=boq-subscribewithgoogle.SubscribewithgoogleClientUi.DJZvEfF3JjM.L.F4.O/am=gMGAGQ/d=1/exm=FCpbqb,LEikZe,P6sQOc,W93Wdc,WhJNk,Wt6vjf,_b,_tp,hhhU8/excm=_b,_tp,serviceiframeview/ed=1/wt=2/ujg=1/rs=ABXTjI6mDvR6rAHrf-F57u6v6sIVdDbh9g/ee=EVNhjf:pw70Gc;EmZ2Bf:zr1jrb;JsbNhc:Xd8iUd;K5nYTd:ZDZcre;LBgRLc:SdcwHb;Me32dd:MEeYgc;NPKaK:SdcwHb;NSEoX:lazG7b;Pjplud:EEDORb;QGR0gd:Mlhmy;SNUn3:ZwDk9d;ScI3Yc:e7Hzgb;Uvc8o:VDovNc;YIZmRd:A1yn5d;a56pNe:JEfCwb;cEt90b:ws9Tlc;dIoSBb:SpsfSb;dowIGb:ebZ3mb;eBAeSb:zbML3c;iFQyKf:QIhFr;lOO0Vd:OTA3Ae;nAFL3:s39S4;oGtAuc:sOXFj;pXdRYb:MdUzUe;qafBPd:yDVVkb;qddgKe:xQtZb;wR5FRb:O1Gjze;xqZiqf:wmnU7d;yxTchf:KUM7Z;zxnPse:GkRiKb/m=RqjULd:29:630
bK/<@https://www.gstatic.com/_/mss/boq-subscribewithgoogle/_/js/k=boq-subscribewithgoogle.SubscribewithgoogleClientUi.en_US.xcV4V6jcAFU.es5.O/ck=boq-subscribewithgoogle.SubscribewithgoogleClientUi.DJZvEfF3JjM.L.F4.O/am=gMGAGQ/d=1/exm=FCpbqb,LEikZe,P6sQOc,W93Wdc,WhJNk,Wt6vjf,_b,_tp,hhhU8/excm=_b,_tp,serviceiframeview/ed=1/wt=2/ujg=1/rs=ABXTjI6mDvR6rAHrf-F57u6v6sIVdDbh9g/ee=EVNhjf:pw70Gc;EmZ2Bf:zr1jrb;JsbNhc:Xd8iUd;K5nYTd:ZDZcre;LBgRLc:SdcwHb;Me32dd:MEeYgc;NPKaK:SdcwHb;NSEoX:lazG7b;Pjplud:EEDORb;QGR0gd:Mlhmy;SNUn3:ZwDk9d;ScI3Yc:e7Hzgb;Uvc8o:VDovNc;YIZmRd:A1yn5d;a56pNe:JEfCwb;cEt90b:ws9Tlc;dIoSBb:SpsfSb;dowIGb:ebZ3mb;eBAeSb:zbML3c;iFQyKf:QIhFr;lOO0Vd:OTA3Ae;nAFL3:s39S4;oGtAuc:sOXFj;pXdRYb:MdUzUe;qafBPd:yDVVkb;qddgKe:xQtZb;wR5FRb:O1Gjze;xqZiqf:wmnU7d;yxTchf:KUM7Z;zxnPse:GkRiKb/m=RqjULd:22:377
TJ/<@https://www.gstatic.com/_/mss/boq-subscribewithgoogle/_/js/k=boq-subscribewithgoogle.SubscribewithgoogleClientUi.en_US.xcV4V6jcAFU.es5.O/ck=boq-subscribewithgoogle.SubscribewithgoogleClientUi.DJZvEfF3JjM.L.F4.O/am=gMGAGQ/d=1/exm=FCpbqb,LEikZe,P6sQOc,W93Wdc,WhJNk,Wt6vjf,_b,_tp,hhhU8/excm=_b,_tp,serviceiframeview/ed=1/wt=2/ujg=1/rs=ABXTjI6mDvR6rAHrf-F57u6v6sIVdDbh9g/ee=EVNhjf:pw70Gc;EmZ2Bf:zr1jrb;JsbNhc:Xd8iUd;K5nYTd:ZDZcre;LBgRLc:SdcwHb;Me32dd:MEeYgc;NPKaK:SdcwHb;NSEoX:lazG7b;Pjplud:EEDORb;QGR0gd:Mlhmy;SNUn3:ZwDk9d;ScI3Yc:e7Hzgb;Uvc8o:VDovNc;YIZmRd:A1yn5d;a56pNe:JEfCwb;cEt90b:ws9Tlc;dIoSBb:SpsfSb;dowIGb:ebZ3mb;eBAeSb:zbML3c;iFQyKf:QIhFr;lOO0Vd:OTA3Ae;nAFL3:s39S4;oGtAuc:sOXFj;pXdRYb:MdUzUe;qafBPd:yDVVkb;qddgKe:xQtZb;wR5FRb:O1Gjze;xqZiqf:wmnU7d;yxTchf:KUM7Z;zxnPse:GkRiKb/m=RqjULd:21:835

JavaScript error: , line 0: TypeError: NetworkError when attempting to fetch resource.
console.warn: LoginRecipes: "Falling back to a synchronous message for: https://sso.int.accounts.dowjones.com."
console.warn: LoginRecipes: "Falling back to a synchronous message for: https://sso.int.accounts.dowjones.com."
console.warn: LoginRecipes: "Falling back to a synchronous message for: https://sso.int.accounts.dowjones.com."
console.warn: LoginRecipes: "Falling back to a synchronous message for: https://sso.int.accounts.dowjones.com."
JavaScript warning: https://sso.int.accounts.dowjones.com/one_identity_login_pages/login/8ef5d3ebeaef210670e951a3a15529f6/js/vendor.js, line 51: Script terminated by timeout at:
BE@https://sso.int.accounts.dowjones.com/one_identity_login_pages/login/8ef5d3ebeaef210670e951a3a15529f6/js/vendor.js:51:4767
b@https://sso.int.accounts.dowjones.com/one_identity_login_pages/login/8ef5d3ebeaef210670e951a3a15529f6/js/vendor.js:49:13806

JavaScript error: https://asset.barrons.com/article/public/fn_full_article.dfb75bf78e25.js, line 62: TypeError: e(...).offset() is undefined
1728405505658	Marionette	INFO	Stopped listening on port 54213
Dynamically enable window occlusion 1
console.warn: services.settings: main/doh-config sync interrupted by shutdown
console.warn: services.settings: main/devtools-devices sync interrupted by shutdown
console.warn: services.settings: main/websites-with-shared-credential-backends sync interrupted by shutdown
console.warn: services.settings: main/language-dictionaries sync interrupted by shutdown
console.warn: services.settings: main/password-recipes sync interrupted by shutdown
console.warn: services.settings: main/password-rules sync interrupted by shutdown
console.warn: services.settings: main/addons-manager-settings sync interrupted by shutdown
console.warn: services.settings: main/query-stripping sync interrupted by shutdown
console.error: (new AbortError("IndexedDB: main/cfr getLastModified() IndexedDB:  execute() A request was aborted, for example through a call to IDBTransaction.abort.", "resource://services-settings/IDBHelpers.sys.mjs", 16))
