1728454881129	geckodriver	INFO	Listening on 127.0.0.1:61047
1728454884167	mozrunner::runner	INFO	Running command: "C:\\Program Files\\Mozilla Firefox\\firefox.exe" "--marionette" "--remote-debugging-port" "61048" "--remote-allow-hosts" "localhost" "-no-remote" "-profile" "D:\\Users\\sasikumarj\\AppData\\Local\\Temp\\rust_mozprofilemONOyr"
console.warn: services.settings: Ignoring preference override of remote settings server
console.warn: services.settings: Allow by setting MOZ_REMOTE_SETTINGS_DEVTOOLS=1 in the environment
Dynamically enable window occlusion 0
1728454884779	Marionette	INFO	Marionette enabled
1728454885017	Marionette	INFO	Listening on port 61059
WebDriver BiDi listening on ws://127.0.0.1:61048
Read port: 61059
1728454885263	RemoteAgent	WARN	TLS certificate errors will be ignored for this session
DevTools listening on ws://127.0.0.1:61048/devtools/browser/af9130be-1948-4ba7-af53-2bd6ffcefda0
JavaScript warning: https://www.marketwatch.com/_next/static/chunks/main-7c2c5b4ee7ae4ea0.js, line 1: unreachable code after return statement
JavaScript error: https://cdn.cxense.com/sp1.html#ver=2.8.80&typ=pgv&rnd=m21hezan8rzewmfz&sid=9222325317970825873&loc=https%3A%2F%2Fwww.marketwatch.com%2Fstory%2Fis-the-u-s-stock-market-closed-on-juneteenth-what-investors-need-to-know-11655230158&new=1&arf=0&ltm=1728454893363&ref=&tzo=-330&wsz=1278x497&res=1278x622&dpr=1&col=24&bln=en-US&chs=UTF-8&cks=m21hezfa35vexjk1&ckp=m21hezangyot3nkr&glb=&amo=1655731440&cp_userState=anon&cp_testGroup=61&cp_topDomain=marketwatch.com&cp_pwTag=default&cp_pwPlacement=cx-articlecover&cp_pwCampaign=226&cp_pwType=free&cp_type=Market%20Extra&cp_template=preview&cp_access=paid&cp_section=Markets&cp_subsection=Markets&cp_cms_name=MarketWatch%20CMS%20(PROD)&cp_vix=&cp_subscriber=nonsubscriber&cp_edition=naus&cp_bucket=8&cp_ab_bucket=88&cp_pageContentSource=MarketWatch&cp_pageContentType=Article&cp_pageContentTypeDetai=standard&cp_pageSiteProduct=MW&cp_userTags=&cp_sessionState=none, line 1: TypeError: cX.loadScript is not a function
JavaScript warning: https://pagead2.googlesyndication.com/bg/WEoqGYGTldYSfSNCQ9Ugqu-00NFuS6e6WOK2G2Y_zzI.js line 2 > eval line 3313 > eval line 1 > eval line 1 > eval, line 1: WEBGL_debug_renderer_info is deprecated in Firefox and will be removed. Please use RENDERER.
JavaScript warning: https://www.marketwatch.com/story/is-the-u-s-stock-market-closed-on-juneteenth-what-investors-need-to-know-11655230158, line 104: Script terminated by timeout at:
nrWrapper@https://www.marketwatch.com/story/is-the-u-s-stock-market-closed-on-juneteenth-what-investors-need-to-know-11655230158:104:17660

JavaScript error: , line 0: TypeError: NetworkError when attempting to fetch resource.
JavaScript error: , line 0: TypeError: NetworkError when attempting to fetch resource.
JavaScript warning: https://www.datadoghq-browser-agent.com/datadog-logs-v4.js, line 1: Script terminated by timeout at:
Cr</t</r<@https://www.datadoghq-browser-agent.com/datadog-logs-v4.js:1:48771
d@https://www.datadoghq-browser-agent.com/datadog-logs-v4.js:1:905
l/<@https://www.datadoghq-browser-agent.com/datadog-logs-v4.js:1:853

1728454904788	Marionette	INFO	Stopped listening on port 61059
Dynamically enable window occlusion 1
