1728421712997	geckodriver	INFO	Listening on 127.0.0.1:57071
1728421716211	mozrunner::runner	INFO	Running command: "C:\\Program Files\\Mozilla Firefox\\firefox.exe" "--marionette" "--remote-debugging-port" "57072" "--remote-allow-hosts" "localhost" "-no-remote" "-profile" "D:\\Users\\sasikumarj\\AppData\\Local\\Temp\\rust_mozprofilebUaAR3"
console.warn: services.settings: Ignoring preference override of remote settings server
console.warn: services.settings: Allow by setting MOZ_REMOTE_SETTINGS_DEVTOOLS=1 in the environment
Dynamically enable window occlusion 0
1728421718900	Marionette	INFO	Marionette enabled
1728421719857	Marionette	INFO	Listening on port 57204
WebDriver BiDi listening on ws://127.0.0.1:57072
Read port: 57204
1728421720298	RemoteAgent	WARN	TLS certificate errors will be ignored for this session
DevTools listening on ws://127.0.0.1:57072/devtools/browser/9b6e737c-e829-4751-b629-5b27b99051da
JavaScript warning: https://sts3.wsj.net/bucket-a/maggie/static/js/scripts-9518c21bc3.min.js, line 31: Script terminated by timeout at:
add@https://sts3.wsj.net/bucket-a/maggie/static/js/scripts-9518c21bc3.min.js:31:33422
le/<@https://sts3.wsj.net/bucket-a/maggie/static/js/scripts-9518c21bc3.min.js:31:33049
each@https://sts3.wsj.net/bucket-a/maggie/static/js/scripts-9518c21bc3.min.js:20:3062
each@https://sts3.wsj.net/bucket-a/maggie/static/js/scripts-9518c21bc3.min.js:20:1046
le@https://sts3.wsj.net/bucket-a/maggie/static/js/scripts-9518c21bc3.min.js:31:33024
on@https://sts3.wsj.net/bucket-a/maggie/static/js/scripts-9518c21bc3.min.js:31:38831
bind@https://sts3.wsj.net/bucket-a/maggie/static/js/scripts-9518c21bc3.min.js:31:79075
start/o/<@https://sts3.wsj.net/bucket-a/maggie/static/js/scripts-9518c21bc3.min.js:47:9206
initReceived/<@https://sts3.wsj.net/bucket-a/maggie/static/js/scripts-9518c21bc3.min.js:47:15646
success@https://sts3.wsj.net/bucket-a/maggie/static/js/scripts-9518c21bc3.min.js:47:19345
c@https://sts3.wsj.net/bucket-a/maggie/static/js/scripts-9518c21bc3.min.js:31:23002
fireWith@https://sts3.wsj.net/bucket-a/maggie/static/js/scripts-9518c21bc3.min.js:31:23763
M@https://sts3.wsj.net/bucket-a/maggie/static/js/scripts-9518c21bc3.min.js:31:71794
send/n/<@https://sts3.wsj.net/bucket-a/maggie/static/js/scripts-9518c21bc3.min.js:31:74618
nrWrapper@https://www.marketwatch.com/:358:17810

console.warn: LoginRecipes: "Falling back to a synchronous message for: https://sso.accounts.dowjones.com."
console.warn: LoginRecipes: "Falling back to a synchronous message for: https://sso.accounts.dowjones.com."
console.warn: LoginRecipes: "Falling back to a synchronous message for: https://sso.accounts.dowjones.com."
console.warn: LoginRecipes: "Falling back to a synchronous message for: https://sso.accounts.dowjones.com."
JavaScript error: https://cdn.cxense.com/sp1.html#ver=2.8.80&typ=pgv&rnd=m20xooabsmqj51z7&sid=9222325317970825873&loc=https%3A%2F%2Fwww.marketwatch.com%2Ffollow&new=1&arf=0&ltm=1728421753334&ref=https%3A%2F%2Fsso.accounts.dowjones.com%2F&tzo=-330&wsz=1278x497&res=1278x622&dpr=1&col=24&bln=en-US&chs=UTF-8&cks=m20xoohfqer92swk&ckp=m20xooabs1s4ofbu&glb=&eid0=e4cefa22ef027cc0132f0c218da37da39cdb3228234af4df969b5c463592e123&eit0=wsj&cp_userState=anon&cp_testGroup=13&cp_topDomain=marketwatch.com&cp_template=full&cp_access=free&cp_section=Follow&cp_subsection=mw&cp_cms_name=CAPS&cp_subscriber=registered&cp_edition=naus&cp_bucket=9&cp_ab_bucket=59&cp_pageContentSource=MarketWatch&cp_pageContentType=Follow&cp_pageContentTypeDetai=follow&cp_pageSiteProduct=MW&cp_userTags=&cp_sessionState=ca, line 1: TypeError: cX.loadScript is not a function
1728421783350	Marionette	INFO	Stopped listening on port 57204
Dynamically enable window occlusion 1
