1727697582223	geckodriver	INFO	Listening on 127.0.0.1:57252
1727697585271	mozrunner::runner	INFO	Running command: "C:\\Program Files\\Mozilla Firefox\\firefox.exe" "--marionette" "--remote-debugging-port" "57253" "--remote-allow-hosts" "localhost" "-no-remote" "-profile" "D:\\Users\\sasikumarj\\AppData\\Local\\Temp\\rust_mozprofilehZ8JFC"
console.warn: services.settings: Ignoring preference override of remote settings server
console.warn: services.settings: Allow by setting MOZ_REMOTE_SETTINGS_DEVTOOLS=1 in the environment
Dynamically enable window occlusion 0
1727697585923	Marionette	INFO	Marionette enabled
1727697586172	Marionette	INFO	Listening on port 57261
Read port: 57261
WebDriver BiDi listening on ws://127.0.0.1:57253
1727697586303	RemoteAgent	WARN	TLS certificate errors will be ignored for this session
DevTools listening on ws://127.0.0.1:57253/devtools/browser/1a8acd4e-0bd9-4804-8688-0cf555bf2446
JavaScript error: , line 0: uncaught exception: undefined
console.error: ({})
console.error: ({})
JavaScript error: https://cdn.cxense.com/sp1.html#ver=2.8.80&typ=pgv&rnd=m1oyjhj6q6a4h7cs&sid=9222325317970825875&loc=https%3A%2F%2Fwww.s.dev.barrons.com%2Farticles%2Fbuy-under-armour-stock-pick-51650672000&new=1&arf=0&ltm=1727697596804&ref=&tzo=-330&wsz=1278x497&res=1278x622&dpr=1&col=24&bln=en-US&chs=UTF-8&cks=m1oyjhky3a6ihxd5&ckp=m1oyjhj6f0lp8jqp&glb=&amo=1720048200&cp_userState=anon&cp_testGroup=35&cp_topDomain=barrons.com&cp_pwTag=default&cp_pwPlacement=cx-snippetad&cp_pwCampaign=10&cp_pwType=personalized&cp_type=Retail&cp_template=preview&cp_access=paid&cp_section=Retail&cp_subsection=Sizing%20Up%20Small-Caps&cp_cms_name=Methode&cp_vix=&cp_subscriber=nonsubscriber&cp_edition=naus&cp_bucket=3&cp_ab_bucket=23&cp_pageContentSource=Barrons%20Online&cp_pageContentType=Article&cp_pageContentTypeDetai=continuous&cp_pageSiteProduct=BOL&cp_userTags=&cp_sessionState=none, line 1: TypeError: cX.loadScript is not a function
JavaScript warning: https://cdn.gbqofs.com/sv/b/detector-bootstrap.min.js, line 0: Successfully compiled asm.js code (total compilation time 2ms)
JavaScript warning: https://pagead2.googlesyndication.com/bg/Ofjd5SEjadZox9_ebcUE7qVtcVJKxbTf46gjSEHhnaE.js line 2 > eval line 2021 > eval line 1 > eval line 1 > eval, line 1: WEBGL_debug_renderer_info is deprecated in Firefox and will be removed. Please use RENDERER.
1727697602914	Marionette	WARN	Ignoring event 'pageshow' because document has an invalid readyState of 'loading'.
console.warn: WindowsJumpLists: "Failed to fetch favicon for " "https://www.s.dev.barrons.com/articles/buy-under-armour-stock-pick-51650672000" ({})
JavaScript warning: https://cdn.cxense.com/cx.js, line 6: Script terminated by timeout at:
zn@https://cdn.cxense.com/cx.js:6:40216
ea/<@https://cdn.cxense.com/cx.js:6:70427
ea@https://cdn.cxense.com/cx.js:6:70519
ta@https://cdn.cxense.com/cx.js:6:70555
ra/<@https://cdn.cxense.com/cx.js:6:70614

1727697788860	Marionette	INFO	Stopped listening on port 57261
Dynamically enable window occlusion 1
JavaScript error: , line 0: TypeError: NetworkError when attempting to fetch resource.
JavaScript error: , line 0: TypeError: NetworkError when attempting to fetch resource.
