1728421697364	geckodriver	INFO	Listening on 127.0.0.1:52994
1728421700397	mozrunner::runner	INFO	Running command: "C:\\Program Files\\Mozilla Firefox\\firefox.exe" "--marionette" "--remote-debugging-port" "52995" "--remote-allow-hosts" "localhost" "-no-remote" "-profile" "D:\\Users\\sasikumarj\\AppData\\Local\\Temp\\rust_mozprofileRMMjk2"
console.warn: services.settings: Ignoring preference override of remote settings server
console.warn: services.settings: Allow by setting MOZ_REMOTE_SETTINGS_DEVTOOLS=1 in the environment
Dynamically enable window occlusion 0
1728421701110	Marionette	INFO	Marionette enabled
1728421701469	Marionette	INFO	Listening on port 53002
WebDriver BiDi listening on ws://127.0.0.1:52995
Read port: 53002
1728421701777	RemoteAgent	WARN	TLS certificate errors will be ignored for this session
DevTools listening on ws://127.0.0.1:52995/devtools/browser/16f0fdb7-0e9e-4291-a80d-0fe4473bd828
JavaScript warning: https://www.marketwatch.com/_next/static/chunks/main-7c2c5b4ee7ae4ea0.js, line 1: unreachable code after return statement
JavaScript error: https://cdn.cxense.com/sp1.html#ver=2.8.80&typ=pgv&rnd=m20xnttku5ls2rzd&sid=9222325317970825873&loc=https%3A%2F%2Fwww.marketwatch.com%2Fstory%2Fis-the-u-s-stock-market-closed-on-juneteenth-what-investors-need-to-know-11655230158&new=1&arf=0&ltm=1728421713852&ref=&tzo=-330&wsz=1278x497&res=1278x622&dpr=1&col=24&bln=en-US&chs=UTF-8&cks=m20xnu05d2d5nsno&ckp=m20xnttkr215lqqm&glb=&amo=1655731440&cp_userState=anon&cp_testGroup=35&cp_topDomain=marketwatch.com&cp_pwTag=default&cp_pwPlacement=cx-articlecover&cp_pwCampaign=226&cp_pwType=free&cp_type=Market%20Extra&cp_template=preview&cp_access=paid&cp_section=Markets&cp_subsection=Markets&cp_cms_name=MarketWatch%20CMS%20(PROD)&cp_vix=&cp_subscriber=nonsubscriber&cp_edition=naus&cp_bucket=9&cp_ab_bucket=59&cp_pageContentSource=MarketWatch&cp_pageContentType=Article&cp_pageContentTypeDetai=standard&cp_pageSiteProduct=MW&cp_userTags=&cp_sessionState=none, line 1: TypeError: cX.loadScript is not a function
JavaScript warning: https://pagead2.googlesyndication.com/bg/WEoqGYGTldYSfSNCQ9Ugqu-00NFuS6e6WOK2G2Y_zzI.js line 2 > eval line 5725 > eval line 1 > eval line 1 > eval, line 1: WEBGL_debug_renderer_info is deprecated in Firefox and will be removed. Please use RENDERER.
JavaScript error: , line 0: TypeError: NetworkError when attempting to fetch resource.
JavaScript error: , line 0: TypeError: NetworkError when attempting to fetch resource.
JavaScript error: , line 0: TypeError: NetworkError when attempting to fetch resource.
JavaScript error: , line 0: TypeError: NetworkError when attempting to fetch resource.
JavaScript error: , line 0: TypeError: NetworkError when attempting to fetch resource.
Exiting due to channel error.
Exiting due to channel error.
[GFX1-]: CompositorBridgeChild receives IPC close with reason=AbnormalShutdown
[G[GFX1-]: CompositorBridgeChild receives IPC close with reason=Abno[[[GFX1-]: CompositorBridgeChild receives IPC close with reason=Abnormal[[GFX1-]: CompositorBridgeChild receives IPC close with reason=AbnormalShutdown
[GFX1-]: Composit[GFX1-]: CompositorBridgeChild receives IPC close with reason=AbnormalShutdown
[GFX1-]: CompositorBridge[[GFX1-][[GFX1-]: CompositorBridgeCh[[GFX1-]: Compositor[GFX[GFX1-][i[B[[[[[[GFX1-]: CompositorBridgeChild receives IPC close with reason=AbnormalShutdown
Exiting due to channel error.
Exiting due to channel error.
Exiting due to channel error.
Exiting due to channel error.
Exiting due to channel error.
Exiting due to channel error.
Exiting due to channel error.
C