1728044450550	geckodriver	INFO	Listening on 127.0.0.1:61896
1728044453941	mozrunner::runner	INFO	Running command: "C:\\Program Files\\Mozilla Firefox\\firefox.exe" "--marionette" "--remote-debugging-port" "61897" "--remote-allow-hosts" "localhost" "-no-remote" "-profile" "D:\\Users\\sasikumarj\\AppData\\Local\\Temp\\rust_mozprofileUyPNho"
console.warn: services.settings: Ignoring preference override of remote settings server
console.warn: services.settings: Allow by setting MOZ_REMOTE_SETTINGS_DEVTOOLS=1 in the environment
Dynamically enable window occlusion 0
1728044454731	Marionette	INFO	Marionette enabled
1728044455038	Marionette	INFO	Listening on port 61928
WebDriver BiDi listening on ws://127.0.0.1:61897
Read port: 61928
1728044455314	RemoteAgent	WARN	TLS certificate errors will be ignored for this session
DevTools listening on ws://127.0.0.1:61897/devtools/browser/62e309a0-10d0-4496-8116-501eb0d6bfb9
JavaScript error: https://cdn.cxense.com/sp1.html#ver=2.8.80&typ=pgv&rnd=m1up227gvki7txda&sid=9222325317970825873&loc=https%3A%2F%2Fwww.marketwatch.com%2F&new=1&arf=0&ltm=1728044464385&ref=&tzo=-330&wsz=1278x497&res=1278x622&dpr=1&col=24&bln=en-US&chs=UTF-8&cks=m1up22az7en6hkvf&ckp=m1up227glbvfzpfn&glb=&cp_userState=anon&cp_testGroup=87&cp_topDomain=marketwatch.com&cp_template=full&cp_access=free&cp_section=Home%20Page&cp_cms_name=Peavey&cp_subscriber=nonsubscriber&cp_edition=naus&cp_bucket=7&cp_ab_bucket=77&cp_pageContentSource=MarketWatch&cp_pageContentType=Home&cp_pageContentTypeDetai=default&cp_pageSiteProduct=MW&cp_userTags=&cp_sessionState=none, line 1: TypeError: cX.loadScript is not a function
1728044471391	Marionette	WARN	Ignoring event 'pageshow' because document has an invalid readyState of 'loading'.
JavaScript warning: https://www.marketwatch.com/, line 358: Script terminated by timeout at:
z@https://www.marketwatch.com/:358:36889
me/R/n<@https://www.marketwatch.com/:358:46589
R@https://www.marketwatch.com/:358:46614
x@https://www.marketwatch.com/:358:46295
u@https://www.marketwatch.com/:358:43643
emit@https://www.marketwatch.com/:358:9476
v@https://www.marketwatch.com/:358:44253
emit@https://www.marketwatch.com/:358:9476
emit@https://www.marketwatch.com/:358:9414
i@https://www.marketwatch.com/:358:17943
nrWrapper@https://www.marketwatch.com/:358:17870

JavaScript error: , line 0: TypeError: NetworkError when attempting to fetch resource.
JavaScript error: , line 0: TypeError: NetworkError when attempting to fetch resource.
JavaScript warning: https://gum.criteo.com/syncframe?origin=criteoPrebidAdapter&topUrl=www.marketwatch.com&us_privacy=1---&gpp=DBAA&gpp_sid=-1#{%22cw%22:true,%22lsw%22:true,%22origin%22:%22criteoPrebidAdapter%22,%22requestId%22:%220.31000709174925645%22,%22tld%22:%22www.marketwatch.com%22,%22topUrl%22:%22www.marketwatch.com%22,%22version%22:%229_12_0%22}, line 13: Script terminated by timeout at:
r.prototype.flushEventQueue@https://gum.criteo.com/syncframe?origin=criteoPrebidAdapter&topUrl=www.marketwatch.com&us_privacy=1---&gpp=DBAA&gpp_sid=-1#{%22cw%22:true,%22lsw%22:true,%22origin%22:%22criteoPrebidAdapter%22,%22requestId%22:%220.31000709174925645%22,%22tld%22:%22www.marketwatch.com%22,%22topUrl%22:%22www.marketwatch.com%22,%22version%22:%229_12_0%22}:13:3137
r/<@https://gum.criteo.com/syncframe?origin=criteoPrebidAdapter&topUrl=www.marketwatch.com&us_privacy=1---&gpp=DBAA&gpp_sid=-1#{%22cw%22:true,%22lsw%22:true,%22origin%22:%22criteoPrebidAdapter%22,%22requestId%22:%220.31000709174925645%22,%22tld%22:%22www.marketwatch.com%22,%22topUrl%22:%22www.marketwatch.com%22,%22version%22:%229_12_0%22}:13:3642

console.warn: LoginRecipes: "Falling back to a synchronous message for: https://sso.accounts.dowjones.com."
console.warn: LoginRecipes: "Falling back to a synchronous message for: https://sso.accounts.dowjones.com."
console.warn: LoginRecipes: "Falling back to a synchronous message for: https://sso.accounts.dowjones.com."
console.warn: LoginRecipes: "Falling back to a synchronous message for: https://sso.accounts.dowjones.com."
JavaScript warning: https://sso.accounts.dowjones.com/one_identity_login_pages/login/0905e7365768f8c947bfb0c526fb8b9e/js/vendor.js, line 51: Script terminated by timeout at:
BE@https://sso.accounts.dowjones.com/one_identity_login_pages/login/0905e7365768f8c947bfb0c526fb8b9e/js/vendor.js:51:4468
b@https://sso.accounts.dowjones.com/one_identity_login_pages/login/0905e7365768f8c947bfb0c526fb8b9e/js/vendor.js:49:13761

1728044504268	Marionette	INFO	Stopped listening on port 61928
Dynamically enable window occlusion 1
