1728285123394	geckodriver	INFO	Listening on 127.0.0.1:59312
1728285126421	mozrunner::runner	INFO	Running command: "C:\\Program Files\\Mozilla Firefox\\firefox.exe" "--marionette" "--remote-debugging-port" "59313" "--remote-allow-hosts" "localhost" "-no-remote" "-profile" "D:\\Users\\sasikumarj\\AppData\\Local\\Temp\\rust_mozprofileje2KY7"
console.warn: services.settings: Ignoring preference override of remote settings server
console.warn: services.settings: Allow by setting MOZ_REMOTE_SETTINGS_DEVTOOLS=1 in the environment
Dynamically enable window occlusion 0
1728285127217	Marionette	INFO	Marionette enabled
1728285127488	Marionette	INFO	Listening on port 59342
WebDriver BiDi listening on ws://127.0.0.1:59313
Read port: 59342
1728285127781	RemoteAgent	WARN	TLS certificate errors will be ignored for this session
DevTools listening on ws://127.0.0.1:59313/devtools/browser/19974789-3e03-4a57-afc9-09ae009983c4
JavaScript warning: https://cdn.privacy-mgmt.com/unified/4.25.2/usnat-uspapi.52a61f8a8a6d0bc6ea8e.bundle.js, line 1: Script terminated by timeout at:
201/p/window.__uspapi@https://cdn.privacy-mgmt.com/unified/4.25.2/usnat-uspapi.52a61f8a8a6d0bc6ea8e.bundle.js:1:215222
uJ@https://securepubads.g.doubleclick.net/pagead/managed/js/gpt/m202410010101/pubads_impl.js?cb=31087719:33:230718
RI@https://securepubads.g.doubleclick.net/pagead/managed/js/gpt/m202410010101/pubads_impl.js?cb=31087719:33:223383
xJ@https://securepubads.g.doubleclick.net/pagead/managed/js/gpt/m202410010101/pubads_impl.js?cb=31087719:33:231469
Dp.prototype.g@https://securepubads.g.doubleclick.net/pagead/managed/js/gpt/m202410010101/pubads_impl.js?cb=31087719:33:325616
YK.prototype.start/<@https://securepubads.g.doubleclick.net/pagead/managed/js/gpt/m202410010101/pubads_impl.js?cb=31087719:33:256632
Qy@https://securepubads.g.doubleclick.net/pagead/managed/js/gpt/m202410010101/pubads_impl.js?cb=31087719:33:139341
Sy/this.next@https://securepubads.g.doubleclick.net/pagead/managed/js/gpt/m202410010101/pubads_impl.js?cb=31087719:33:139640
b@https://securepubads.g.doubleclick.net/pagead/managed/js/gpt/m202410010101/pubads_impl.js?cb=31087719:33:139891
nrWrapper@https://www.marketwatch.com/:358:17810

console.warn: LoginRecipes: "Falling back to a synchronous message for: https://sso.accounts.dowjones.com."
console.warn: LoginRecipes: "Falling back to a synchronous message for: https://sso.accounts.dowjones.com."
console.warn: LoginRecipes: "Falling back to a synchronous message for: https://sso.accounts.dowjones.com."
console.warn: LoginRecipes: "Falling back to a synchronous message for: https://sso.accounts.dowjones.com."
JavaScript warning: https://www.googletagmanager.com/gtag/js?id=G-K2H7B9JRSS, line 623: Script terminated by timeout at:
ba.Ch@https://www.googletagmanager.com/gtag/js?id=G-K2H7B9JRSS:623:491
get@https://www.googletagmanager.com/gtag/js?id=G-K2H7B9JRSS:622:119
stop@https://www.googletagmanager.com/gtag/js?id=G-K2H7B9JRSS:622:87
ba.Qk/c/<@https://www.googletagmanager.com/gtag/js?id=G-K2H7B9JRSS:622:412

JavaScript error: https://cdn.cxense.com/sp1.html#ver=2.8.80&typ=pgv&rnd=m1yoctfmkm5pj2q3&sid=9222325317970825873&loc=https%3A%2F%2Fwww.marketwatch.com%2Ffollow&new=1&arf=0&ltm=1728285151250&ref=https%3A%2F%2Fsso.accounts.dowjones.com%2F&tzo=-330&wsz=1278x497&res=1278x622&dpr=1&col=24&bln=en-US&chs=UTF-8&cks=m1yocu8ug1herqqc&ckp=m1yoctfmz65guxnp&glb=&eid0=e4cefa22ef027cc0132f0c218da37da39cdb3228234af4df969b5c463592e123&eit0=wsj&cp_userState=anon&cp_testGroup=93&cp_topDomain=marketwatch.com&cp_template=full&cp_access=free&cp_section=Follow&cp_subsection=mw&cp_cms_name=CAPS&cp_subscriber=registered&cp_edition=naus&cp_bucket=3&cp_ab_bucket=13&cp_pageContentSource=MarketWatch&cp_pageContentType=Follow&cp_pageContentTypeDetai=follow&cp_pageSiteProduct=MW&cp_userTags=&cp_sessionState=ca, line 1: TypeError: cX.loadScript is not a function
1728285168871	Marionette	INFO	Stopped listening on port 59342
JavaScript warning: https://js-agent.newrelic.com/nr-spa-1.267.0.min.js, line 2: Script terminated by timeout at:
5592/b.checkFinish/e.finishTimer<@https://js-agent.newrelic.com/nr-spa-1.267.0.min.js:2:76039

Dynamically enable window occlusion 1
