1728399386702	geckodriver	INFO	Listening on 127.0.0.1:50125
1728399389750	mozrunner::runner	INFO	Running command: "C:\\Program Files\\Mozilla Firefox\\firefox.exe" "--marionette" "--remote-debugging-port" "50126" "--remote-allow-hosts" "localhost" "-no-remote" "-profile" "D:\\Users\\sasikumarj\\AppData\\Local\\Temp\\rust_mozprofileJzv7Lv"
console.warn: services.settings: Ignoring preference override of remote settings server
console.warn: services.settings: Allow by setting MOZ_REMOTE_SETTINGS_DEVTOOLS=1 in the environment
Dynamically enable window occlusion 0
1728399390396	Marionette	INFO	Marionette enabled
1728399390658	Marionette	INFO	Listening on port 50133
Read port: 50133
WebDriver BiDi listening on ws://127.0.0.1:50126
1728399390814	RemoteAgent	WARN	TLS certificate errors will be ignored for this session
DevTools listening on ws://127.0.0.1:50126/devtools/browser/c0162a22-a4eb-43cf-bbcd-4a3aa222495e
JavaScript warning: https://int-replay-wsj-elections.ore.onservo.com/election/_next/static/chunks/main-c0569e4635de2e62.js, line 1: unreachable code after return statement
JavaScript error: , line 0: TypeError: NetworkError when attempting to fetch resource.
JavaScript warning: https://www.dev.wsj.com/_next/static/chunks/main-cd92e5a27ba2f238.js, line 1: Script terminated by timeout at:
78018/y/<@https://www.dev.wsj.com/_next/static/chunks/main-cd92e5a27ba2f238.js:1:118364
r@https://www.dev.wsj.com/_next/static/chunks/main-cd92e5a27ba2f238.js:1:117860

JavaScript warning: https://int-replay-wsj-elections.ore.onservo.com/election/_next/static/chunks/main-c0569e4635de2e62.js, line 1: Script terminated by timeout at:
8018/g/<@https://int-replay-wsj-elections.ore.onservo.com/election/_next/static/chunks/main-c0569e4635de2e62.js:1:111956
r@https://int-replay-wsj-elections.ore.onservo.com/election/_next/static/chunks/main-c0569e4635de2e62.js:1:111426

console.warn: WindowsJumpLists: "Failed to fetch favicon for " "file:///D:/Users/sasikumarj/PycharmProjects/userservices-qa-automation/results/selenium-screenshot-522.png" ({})
console.warn: WindowsJumpLists: "Failed to fetch favicon for " "file:///D:/Users/sasikumarj/PycharmProjects/userservices-qa-automation/results/selenium-screenshot-522.png" ({})
console.warn: WindowsJumpLists: "Failed to fetch favicon for " "file:///D:/Users/sasikumarj/PycharmProjects/userservices-qa-automation/results/selenium-screenshot-522.png" ({})
1728407911460	Marionette	INFO	Stopped listening on port 50133
Dynamically enable window occlusion 1
!!! error running onStopped callback: TypeError: callback is not a function
