1728566163843	geckodriver	INFO	Listening on 127.0.0.1:61797
1728566166910	mozrunner::runner	INFO	Running command: "C:\\Program Files\\Mozilla Firefox\\firefox.exe" "--marionette" "--remote-debugging-port" "61798" "--remote-allow-hosts" "localhost" "-no-remote" "-profile" "D:\\Users\\sasikumarj\\AppData\\Local\\Temp\\rust_mozprofileMrcsnj"
console.warn: services.settings: Ignoring preference override of remote settings server
console.warn: services.settings: Allow by setting MOZ_REMOTE_SETTINGS_DEVTOOLS=1 in the environment
Dynamically enable window occlusion 0
1728566167579	Marionette	INFO	Marionette enabled
1728566167839	Marionette	INFO	Listening on port 61805
WebDriver BiDi listening on ws://127.0.0.1:61798
Read port: 61805
1728566168112	RemoteAgent	WARN	TLS certificate errors will be ignored for this session
DevTools listening on ws://127.0.0.1:61798/devtools/browser/cebfbb34-013a-448b-8a41-85de6fb4f0de
JavaScript error: https://cdn.cxense.com/sp1.html#ver=2.8.81&typ=pgv&rnd=m23bo91457t7dujn&sid=1144071410389139719&loc=https%3A%2F%2Fwww.s.dev.mansionglobal.com%2Farticles%2Farticle-long-text-01643043212&new=1&arf=0&ltm=1728566180543&ref=&tzo=-330&wsz=1278x497&res=1278x622&dpr=1&col=24&bln=en-US&chs=UTF-8&cks=m23bo97efd5p33a3&ckp=m23bo914z75ik9up&glb=&amo=1643043180&cp_userState=anon&cp_testGroup=57&cp_env=staging&cp_topDomain=mansionglobal.com&cp_type=Mansion%20Global%20Article&cp_template=full&cp_access=free&cp_section=location_region-africa&cp_subsection=location_region-africa&cp_cms_name=METHODE&cp_subscriber=nonsubscriber&cp_edition=naus&cp_bucket=7&cp_ab_bucket=67&cp_pageContentSource=Mansion%20Global&cp_pageContentType=Article&cp_pageContentTypeDetai=continuous&cp_pageSiteProduct=MG&cp_userTags=&cp_sessionState=none, line 1: TypeError: cX.loadScript is not a function
JavaScript warning: https://cdn.parsely.com/keys/mansionglobal.com/p.js, line 7: Script terminated by timeout at:
value/n<@https://cdn.parsely.com/keys/mansionglobal.com/p.js:7:24273
value@https://cdn.parsely.com/keys/mansionglobal.com/p.js:7:24274
value@https://cdn.parsely.com/keys/mansionglobal.com/p.js:7:24771

JavaScript warning: https://imasdk.googleapis.com/js/core/bridge3.672.0_en.html#goog_1602330319, line 451: Script terminated by timeout at:
bC@https://imasdk.googleapis.com/js/core/bridge3.672.0_en.html#goog_1602330319:451:310
fC/this.aa@https://imasdk.googleapis.com/js/core/bridge3.672.0_en.html#goog_1602330319:449:29

JavaScript warning: https://fpt.live.com/?session_id=6e727c5714e5417a89770d2adb9785e3&CustomerId=33e01921-4d64-4f8c-a055-5bdaffd5e33d&PageId=SI, line 5: WEBGL_debug_renderer_info is deprecated in Firefox and will be removed. Please use RENDERER.
console.warn: LoginRecipes: "Falling back to a synchronous message for: https://login.live.com."
console.warn: LoginRecipes: "Falling back to a synchronous message for: https://login.live.com."
console.warn: LoginRecipes: "Falling back to a synchronous message for: https://login.live.com."
console.warn: LoginRecipes: "Falling back to a synchronous message for: https://login.live.com."
console.warn: LoginRecipes: "Falling back to a synchronous message for: https://login.live.com."
console.warn: LoginRecipes: "Falling back to a synchronous message for: https://login.live.com."
console.warn: LoginRecipes: "Falling back to a synchronous message for: https://login.live.com."
console.warn: LoginRecipes: "Falling back to a synchronous message for: https://login.live.com."
console.warn: LoginRecipes: "Falling back to a synchronous message for: https://login.live.com."
console.warn: LoginRecipes: "Falling back to a synchronous message for: https://login.live.com."
1728566200465	Marionette	WARN	Ignoring event 'DOMContentLoaded' because document has an invalid readyState of 'complete'.
JavaScript warning: https://res-1.cdn.office.net/midgard/versionless/livepersonacard_without-react_4e09eb534f633f2b7d57.js, line 2: unreachable code after return statement
JavaScript warning: https://pagead2.googlesyndication.com/bg/OPjMWwJBtReHhWwOPXWsCqm1x5VpbT9SkyMWV37nL8g.js line 2 > eval line 3292 > eval line 1 > eval line 1 > eval, line 1: WEBGL_debug_renderer_info is deprecated in Firefox and will be removed. Please use RENDERER.
JavaScript warning: https://s0.2mdn.net/879366/html_inpage_rendering_lib_200_280.js, line 82: Script terminated by timeout at:
b@https://s0.2mdn.net/879366/html_inpage_rendering_lib_200_280.js:82:280

JavaScript warning: https://gum.criteo.com/syncframe?origin=rtus&topUrl=outlook.live.com&gdpr=0&gdpr_consent=#{%22lwid%22:{%22value%22:null,%22origin%22:0},%22bundle%22:{%22value%22:null,%22origin%22:0},%22optout%22:{%22value%22:false,%22origin%22:0},%22tld%22:%22adnxs-simple.com%22,%22topUrl%22:%22outlook.live.com%22,%22cw%22:true,%22lsw%22:true,%22origin%22:%22rtus%22,%22rtusCallerId%22:30,%22requestId%22:%220.702037482114086%22}, line 13: Script terminated by timeout at:
r.prototype.flushEventQueue@https://gum.criteo.com/syncframe?origin=rtus&topUrl=outlook.live.com&gdpr=0&gdpr_consent=#{%22lwid%22:{%22value%22:null,%22origin%22:0},%22bundle%22:{%22value%22:null,%22origin%22:0},%22optout%22:{%22value%22:false,%22origin%22:0},%22tld%22:%22adnxs-simple.com%22,%22topUrl%22:%22outlook.live.com%22,%22cw%22:true,%22lsw%22:true,%22origin%22:%22rtus%22,%22rtusCallerId%22:30,%22requestId%22:%220.702037482114086%22}:13:3137
r/<@https://gum.criteo.com/syncframe?origin=rtus&topUrl=outlook.live.com&gdpr=0&gdpr_consent=#{%22lwid%22:{%22value%22:null,%22origin%22:0},%22bundle%22:{%22value%22:null,%22origin%22:0},%22optout%22:{%22value%22:false,%22origin%22:0},%22tld%22:%22adnxs-simple.com%22,%22topUrl%22:%22outlook.live.com%22,%22cw%22:true,%22lsw%22:true,%22origin%22:%22rtus%22,%22rtusCallerId%22:30,%22requestId%22:%220.702037482114086%22}:13:3642

JavaScript error: , line 0: TypeError: NetworkError when attempting to fetch resource.
JavaScript warning: https://cdn.adnxs.com/v/s/246/trk.js, line 8: Script terminated by timeout at:
zn@https://cdn.adnxs.com/v/s/246/trk.js:8:15
_.B@https://cdn.adnxs.com/v/s/246/trk.js:560:3307
_.C@https://cdn.adnxs.com/v/s/246/trk.js:560:1400
md/<@https://cdn.adnxs.com/v/s/246/trk.js:560:5653

console.warn: WindowsJumpLists: "Failed to fetch favicon for " "https://login.live.com/login.srf?wa=wsignin1.0&rpsnv=162&ct=1728566200&rver=7.5.2211.0&wp=MBI_SSL&wreply=https%3a%2f%2foutlook.live.com%2fowa%2f%3fnlp%3d1%26RpsCsrfState%3dbf9f8d7c-df3a-177c-a82b-c88610cb43bb%26wa%3dwsignin1.0&id=292841&aadredir=1&CBCXT=out&lw=1&fl=dob%2cflname%2cwld&cobrandid=90015" ({})
1728566293795	Marionette	INFO	Stopped listening on port 61805
JavaScript warning: https://res.public.onecdn.static.microsoft/owamail/hashed-v1/scripts/owa.AppBoot.m.d5c9c439.js, line 17: Script terminated by timeout at:
Z@https://res.public.onecdn.static.microsoft/owamail/hashed-v1/scripts/owa.AppBoot.m.d5c9c439.js:17:394216
62167/et/ee<@https://res.public.onecdn.static.microsoft/owamail/hashed-v1/scripts/owa.62167.m.98a00357.js:1:8052

Dynamically enable window occlusion 1
