1728061182241	geckodriver	INFO	Listening on 127.0.0.1:65266
1728061185310	mozrunner::runner	INFO	Running command: "C:\\Program Files\\Mozilla Firefox\\firefox.exe" "--marionette" "--remote-debugging-port" "65267" "--remote-allow-hosts" "localhost" "-no-remote" "-profile" "D:\\Users\\sasikumarj\\AppData\\Local\\Temp\\rust_mozprofileJnhniR"
console.warn: services.settings: Ignoring preference override of remote settings server
console.warn: services.settings: Allow by setting MOZ_REMOTE_SETTINGS_DEVTOOLS=1 in the environment
Dynamically enable window occlusion 0
1728061186099	Marionette	INFO	Marionette enabled
1728061186453	Marionette	INFO	Listening on port 65291
WebDriver BiDi listening on ws://127.0.0.1:65267
Read port: 65291
1728061186729	RemoteAgent	WARN	TLS certificate errors will be ignored for this session
DevTools listening on ws://127.0.0.1:65267/devtools/browser/759f43eb-d722-4c7b-ace0-f1a628d369f1
JavaScript warning: https://www.marketwatch.com/, line 358: Script terminated by timeout at:
nrWrapper@https://www.marketwatch.com/:358:17660
i@https://www.marketwatch.com/:5794:4048

console.warn: LoginRecipes: "Falling back to a synchronous message for: https://sso.accounts.dowjones.com."
console.warn: LoginRecipes: "Falling back to a synchronous message for: https://sso.accounts.dowjones.com."
console.warn: LoginRecipes: "Falling back to a synchronous message for: https://sso.accounts.dowjones.com."
console.warn: LoginRecipes: "Falling back to a synchronous message for: https://sso.accounts.dowjones.com."
JavaScript warning: https://sso.accounts.dowjones.com/one_identity_login_pages/login/0905e7365768f8c947bfb0c526fb8b9e/js/vendor.js, line 51: Script terminated by timeout at:
BE@https://sso.accounts.dowjones.com/one_identity_login_pages/login/0905e7365768f8c947bfb0c526fb8b9e/js/vendor.js:51:4468
b@https://sso.accounts.dowjones.com/one_identity_login_pages/login/0905e7365768f8c947bfb0c526fb8b9e/js/vendor.js:49:13761

JavaScript error: https://cdn.cxense.com/sp1.html#ver=2.8.80&typ=pgv&rnd=m1uz15hum0jurlmj&sid=9222325317970825873&loc=https%3A%2F%2Fwww.marketwatch.com%2Fnewsletters%3Fmod%3DfollowUI&new=1&arf=0&ltm=1728061218069&ref=&tzo=-330&wsz=1278x497&res=1278x622&dpr=1&col=24&bln=en-US&chs=UTF-8&cks=m1uz15kceck75zpp&ckp=m1uz15hur1jaakti&glb=&eid0=e4cefa22ef027cc0132f0c218da37da39cdb3228234af4df969b5c463592e123&eit0=wsj&cp_userState=anon&cp_testGroup=1&cp_topDomain=marketwatch.com&cp_navSource=followUI&cp_template=full&cp_access=free&cp_section=Newsletters&cp_subsection=&cp_cms_name=&cp_subscriber=registered&cp_edition=naus&cp_bucket=0&cp_ab_bucket=70&cp_pageContentSource=MarketWatch&cp_pageContentType=Summaries&cp_pageContentTypeDetai=newsletters&cp_pageSiteProduct=MW&cp_userTags=&cp_sessionState=ca, line 1: TypeError: cX.loadScript is not a function
1728061223495	Marionette	INFO	Stopped listening on port 65291
JavaScript warning: https://js-agent.newrelic.com/nr-spa-1.267.0.min.js, line 2: Script terminated by timeout at:
ce@https://js-agent.newrelic.com/nr-spa-1.267.0.min.js:2:81583
5592/b.finish@https://js-agent.newrelic.com/nr-spa-1.267.0.min.js:2:76545
5592/b.checkFinish/e.finishTimer</e.finishTimer<@https://js-agent.newrelic.com/nr-spa-1.267.0.min.js:2:76118

Dynamically enable window occlusion 1
