1729518087027	geckodriver	INFO	Listening on 127.0.0.1:51348
1729518090068	mozrunner::runner	INFO	Running command: "C:\\Program Files\\Mozilla Firefox\\firefox.exe" "--marionette" "--remote-debugging-port" "51349" "--remote-allow-hosts" "localhost" "-no-remote" "-profile" "D:\\Users\\sasikumarj\\AppData\\Local\\Temp\\rust_mozprofile1N242W"
console.warn: services.settings: Ignoring preference override of remote settings server
console.warn: services.settings: Allow by setting MOZ_REMOTE_SETTINGS_DEVTOOLS=1 in the environment
Dynamically enable window occlusion 0
1729518090886	Marionette	INFO	Marionette enabled
1729518091145	Marionette	INFO	Listening on port 51364
WebDriver BiDi listening on ws://127.0.0.1:51349
Read port: 51364
1729518091415	RemoteAgent	WARN	TLS certificate errors will be ignored for this session
DevTools listening on ws://127.0.0.1:51349/devtools/browser/17d24e1d-ee4e-4eb7-8432-520471929b09
JavaScript warning: https://int-replay-wsj-elections.ore.onservo.com/election/_next/static/chunks/main-c0569e4635de2e62.js, line 1: unreachable code after return statement
JavaScript warning: https://int-replay-wsj-elections.ore.onservo.com/election/_next/static/chunks/main-c0569e4635de2e62.js, line 1: Script terminated by timeout at:
o@https://int-replay-wsj-elections.ore.onservo.com/election/_next/static/chunks/main-c0569e4635de2e62.js:1:115213
8018/H/<@https://int-replay-wsj-elections.ore.onservo.com/election/_next/static/chunks/main-c0569e4635de2e62.js:1:115692
r@https://int-replay-wsj-elections.ore.onservo.com/election/_next/static/chunks/main-c0569e4635de2e62.js:1:111426

JavaScript error: https://news.google.com/swg/js/v1/swg.js, line 17: Error: XHR Failed fetching (https://news.google.com/...): (Note: a CORS error above may indicate that this publisher or domain is not configured in Publisher Center. The CORS error happens because 4xx responses do not set CORS headers.)

TypeError: NetworkError when attempting to fetch resource.
JavaScript error: , line 0: uncaught exception: Object
JavaScript error: https://news.google.com/swg/js/v1/swg.js, line 17: Error: Error: not allowed
1729518103525	Marionette	INFO	Stopped listening on port 51364
JavaScript warning: https://www.googletagmanager.com/gtag/js?id=AW-1071306083, line 198: Script terminated by timeout at:
K@https://www.googletagmanager.com/gtag/js?id=AW-1071306083:198:31
JI@https://www.googletagmanager.com/gtag/js?id=AW-1071306083:595:97
Fg/c<@https://www.googletagmanager.com/gtag/js?id=AW-1071306083:200:187
Xc.prototype.invoke@https://www.googletagmanager.com/gtag/js?id=AW-1071306083:146:403
Ka@https://www.googletagmanager.com/gtag/js?id=AW-1071306083:115:554
Yc.prototype.evaluate@https://www.googletagmanager.com/gtag/js?id=AW-1071306083:147:72
Zd@https://www.googletagmanager.com/gtag/js?id=AW-1071306083:174:67
Xc.prototype.invoke@https://www.googletagmanager.com/gtag/js?id=AW-1071306083:146:403
Ka@https://www.googletagmanager.com/gtag/js?id=AW-1071306083:115:554
Yc.prototype.evaluate@https://www.googletagmanager.com/gtag/js?id=AW-1071306083:147:72
Rd@https://www.googletagmanager.com/gtag/js?id=AW-1071306083:172:212
Xc.prototype.invoke@https://www.googletagmanager.com/gtag/js?id=AW-1071306083:146:403
Ka@https://www.googletagmanager.com/gtag/js?id=AW-1071306083:115:554
Ja@https://www.googletagmanager.com/gtag/js?id=AW-1071306083:115:314
Jd/<@https://www.googletagmanager.com/gtag/js?id=AW-1071306083:170:20
Xc.prototype.invoke@https://www.googletagmanager.com/gtag/js?id=AW-1071306083:146:403
aJ/<@https://www.googletagmanager.com/gtag/js?id=AW-1071306083:596:1000
Bs@https://www.googletagmanager.com/gtag/js?id=AW-1071306083:420:242
Vu@https://www.googletagmanager.com/gtag/js?id=AW-1071306083:457:152
CD@https://www.googletagmanager.com/gtag/js?id=AW-1071306083:579:338
f@https://www.googletagmanager.com/gtag/js?id=AW-1071306083:580:495
ED/<@https://www.googletagmanager.com/gtag/js?id=AW-1071306083:582:410
al@https://www.googletagmanager.com/gtag/js?id=AW-1071306083:288:151
Al@https://www.googletagmanager.com/gtag/js?id=AW-1071306083:293:432
ED@https://www.googletagmanager.com/gtag/js?id=AW-1071306083:582:398
Um@https://www.googletagmanager.com/gtag/js?id=AW-1071306083:307:1
Tm.prototype.flush@https://www.googletagmanager.com/gtag/js?id=AW-1071306083:309:162
Tm.prototype.push@https://www.googletagmanager.com/gtag/js?id=AW-1071306083:307:403
config@https://www.googletagmanager.com/gtag/js?id=AW-1071306083:531:291
hz@https://www.googletagmanager.com/gtag/js?id=AW-1071306083:540:469
jz@https://www.googletagmanager.com/gtag/js?id=AW-1071306083:542:43

Dynamically enable window occlusion 1
!!! error running onStopped callback: TypeError: callback is not a function
