1729177453895	geckodriver	INFO	Listening on 127.0.0.1:50627
1729177457072	mozrunner::runner	INFO	Running command: "C:\\Program Files\\Mozilla Firefox\\firefox.exe" "--marionette" "--remote-debugging-port" "50628" "--remote-allow-hosts" "localhost" "-no-remote" "-profile" "D:\\Users\\sasikumarj\\AppData\\Local\\Temp\\rust_mozprofileVwLWc1"
console.warn: services.settings: Ignoring preference override of remote settings server
console.warn: services.settings: Allow by setting MOZ_REMOTE_SETTINGS_DEVTOOLS=1 in the environment
Dynamically enable window occlusion 0
1729177458467	Marionette	INFO	Marionette enabled
1729177459188	Marionette	INFO	Listening on port 50635
WebDriver BiDi listening on ws://127.0.0.1:50628
Read port: 50635
1729177459727	RemoteAgent	WARN	TLS certificate errors will be ignored for this session
DevTools listening on ws://127.0.0.1:50628/devtools/browser/cdc2e246-12cb-44fa-ae7d-9beb600fb2cc
JavaScript warning: https://cdn.gbqofs.com/sv/b/detector-bootstrap.min.js, line 0: Successfully compiled asm.js code (total compilation time 3ms)
JavaScript warning: https://cdn.gbqofs.com/sv/b/detector-bootstrap.min.js, line 0: Successfully compiled asm.js code (total compilation time 1ms)
JavaScript warning: https://cdn.gbqofs.com/sv/b/detector-bootstrap.min.js, line 0: Successfully compiled asm.js code (total compilation time 2ms)
JavaScript warning: https://cdn.gbqofs.com/sv/b/detector-bootstrap.min.js, line 0: Successfully compiled asm.js code (total compilation time 3ms)
JavaScript warning: https://cdn.gbqofs.com/sv/b/detector-bootstrap.min.js, line 0: Successfully compiled asm.js code (total compilation time 2ms)
JavaScript error: https://js-agent.newrelic.com/nr-spa-1.268.0.min.js, line 2: TypeError: this[Z] is null
JavaScript warning: https://pagead2.googlesyndication.com/bg/icY1g6vuuJjaJEY7xrJYTSkfXHe6CkLx64UCzaLy73w.js line 2 > eval line 7159 > eval line 1 > eval line 1 > eval, line 1: WEBGL_debug_renderer_info is deprecated in Firefox and will be removed. Please use RENDERER.
JavaScript error: , line 0: TypeError: NetworkError when attempting to fetch resource.
console.error: ({})
console.error: ({})
JavaScript warning: https://imasdk.googleapis.com/js/core/bridge3.673.0_en.html#goog_120377683, line 448: Script terminated by timeout at:
YB@https://imasdk.googleapis.com/js/core/bridge3.673.0_en.html#goog_120377683:448:310
bC/this.aa@https://imasdk.googleapis.com/js/core/bridge3.673.0_en.html#goog_120377683:446:29

JavaScript warning: https://cdn.gbqofs.com/sv/b/detector-bootstrap.min.js, line 0: Successfully compiled asm.js code (total compilation time 9ms)
JavaScript warning: https://gum.criteo.com/syncframe?origin=criteoPrebidAdapter&topUrl=www.barrons.com&us_privacy=1---&gpp=DBAA&gpp_sid=-1#{%22cw%22:true,%22lsw%22:true,%22origin%22:%22criteoPrebidAdapter%22,%22requestId%22:%220.4632217577984954%22,%22tld%22:%22www.barrons.com%22,%22topUrl%22:%22www.barrons.com%22,%22version%22:%229_12_0%22}, line 13: Script terminated by timeout at:
r.prototype.flushEventQueue@https://gum.criteo.com/syncframe?origin=criteoPrebidAdapter&topUrl=www.barrons.com&us_privacy=1---&gpp=DBAA&gpp_sid=-1#{%22cw%22:true,%22lsw%22:true,%22origin%22:%22criteoPrebidAdapter%22,%22requestId%22:%220.4632217577984954%22,%22tld%22:%22www.barrons.com%22,%22topUrl%22:%22www.barrons.com%22,%22version%22:%229_12_0%22}:13:3137
r/<@https://gum.criteo.com/syncframe?origin=criteoPrebidAdapter&topUrl=www.barrons.com&us_privacy=1---&gpp=DBAA&gpp_sid=-1#{%22cw%22:true,%22lsw%22:true,%22origin%22:%22criteoPrebidAdapter%22,%22requestId%22:%220.4632217577984954%22,%22tld%22:%22www.barrons.com%22,%22topUrl%22:%22www.barrons.com%22,%22version%22:%229_12_0%22}:13:3642

JavaScript warning: https://pagead2.googlesyndication.com/bg/icY1g6vuuJjaJEY7xrJYTSkfXHe6CkLx64UCzaLy73w.js line 2 > eval line 5915 > eval line 1 > eval line 1 > eval, line 1: WEBGL_debug_renderer_info is deprecated in Firefox and will be removed. Please use RENDERER.
JavaScript warning: https://pagead2.googlesyndication.com/bg/icY1g6vuuJjaJEY7xrJYTSkfXHe6CkLx64UCzaLy73w.js line 2 > eval line 2820 > eval line 1 > eval line 1 > eval, line 1: WEBGL_debug_renderer_info is deprecated in Firefox and will be removed. Please use RENDERER.
JavaScript warning: https://ads.pubmatic.com/AdServer/js/user_sync.html?p=156011&s=165626&predirect=https%3A%2F%2Fs.amazon-adsystem.com%2Fecm3%3Fex%3Dpubmatic.com%26id%3DPM_UID&gdpr=0, line 1: Script terminated by timeout at:
F@https://ads.pubmatic.com/AdServer/js/user_sync.html?p=156011&s=165626&predirect=https%3A%2F%2Fs.amazon-adsystem.com%2Fecm3%3Fex%3Dpubmatic.com%26id%3DPM_UID&gdpr=0:1:9731
q@https://ads.pubmatic.com/AdServer/js/user_sync.html?p=156011&s=165626&predirect=https%3A%2F%2Fs.amazon-adsystem.com%2Fecm3%3Fex%3Dpubmatic.com%26id%3DPM_UID&gdpr=0:1:9748
J@https://ads.pubmatic.com/AdServer/js/user_sync.html?p=156011&s=165626&predirect=https%3A%2F%2Fs.amazon-adsystem.com%2Fecm3%3Fex%3Dpubmatic.com%26id%3DPM_UID&gdpr=0:1:14129
x@https://ads.pubmatic.com/AdServer/js/user_sync.html?p=156011&s=165626&predirect=https%3A%2F%2Fs.amazon-adsystem.com%2Fecm3%3Fex%3Dpubmatic.com%26id%3DPM_UID&gdpr=0:1:10976

JavaScript error: , line 0: TypeError: NetworkError when attempting to fetch resource.
JavaScript warning: https://pagead2.googlesyndication.com/bg/icY1g6vuuJjaJEY7xrJYTSkfXHe6CkLx64UCzaLy73w.js line 2 > eval line 5629 > eval line 1 > eval line 1 > eval, line 1: WEBGL_debug_renderer_info is deprecated in Firefox and will be removed. Please use RENDERER.
JavaScript error: , line 0: TypeError: NetworkError when attempting to fetch resource.
JavaScript error: , line 0: TypeError: NetworkError when attempting to fetch resource.
JavaScript warning: https://pagead2.googlesyndication.com/bg/icY1g6vuuJjaJEY7xrJYTSkfXHe6CkLx64UCzaLy73w.js line 2 > eval line 3575 > eval line 1 > eval line 1 > eval, line 1: WEBGL_debug_renderer_info is deprecated in Firefox and will be removed. Please use RENDERER.
JavaScript error: , line 0: TypeError: NetworkError when attempting to fetch resource.
JavaScript error: , line 0: TypeError: NetworkError when attempting to fetch resource.
JavaScript warning: https://pagead2.googlesyndication.com/bg/icY1g6vuuJjaJEY7xrJYTSkfXHe6CkLx64UCzaLy73w.js line 2 > eval line 2115 > eval line 1 > eval line 1 > eval, line 1: WEBGL_debug_renderer_info is deprecated in Firefox and will be removed. Please use RENDERER.
JavaScript error: , line 0: TypeError: NetworkError when attempting to fetch resource.
JavaScript error: , line 0: TypeError: NetworkError when attempting to fetch resource.
JavaScript warning: https://pagead2.googlesyndication.com/bg/icY1g6vuuJjaJEY7xrJYTSkfXHe6CkLx64UCzaLy73w.js line 2 > eval line 7596 > eval line 1 > eval line 1 > eval, line 1: WEBGL_debug_renderer_info is deprecated in Firefox and will be removed. Please use RENDERER.
JavaScript error: , line 0: TypeError: NetworkError when attempting to fetch resource.
JavaScript error: , line 0: TypeError: NetworkError when attempting to fetch resource.
JavaScript warning: https://pagead2.googlesyndication.com/bg/icY1g6vuuJjaJEY7xrJYTSkfXHe6CkLx64UCzaLy73w.js line 2 > eval line 1465 > eval line 1 > eval line 1 > eval, line 1: WEBGL_debug_renderer_info is deprecated in Firefox and will be removed. Please use RENDERER.
[GFX1-]: Managed to allocate after flush.
[GFX1-]: CompositorBridgeChild receives IPC close with reason=AbnormalShutdown
[[GFX1-]: Compo[[GFX1-]: CompositorBridgeChild receives IPC close with reason=AbnormalShut[GFX1-]: [GFX1-]: CompositorBridgeChild receives[GFX1-]: CompositorBridgeChild receives IPC close with reason=AbnormalShutd[[GExiting due to channel error.
Exiting due to channel error.
[[[[[[s[GFX1-]: CompositorBridgeChild receives IPC close with reason=AbnormalShutdown
Exiting due to channel error.
Exiting due to channel error.
Exiting due to channel error.
[