1728284652553	geckodriver	INFO	Listening on 127.0.0.1:56862
1728284655611	mozrunner::runner	INFO	Running command: "C:\\Program Files\\Mozilla Firefox\\firefox.exe" "--marionette" "--remote-debugging-port" "56863" "--remote-allow-hosts" "localhost" "-no-remote" "-profile" "D:\\Users\\sasikumarj\\AppData\\Local\\Temp\\rust_mozprofileeWvNdQ"
console.warn: services.settings: Ignoring preference override of remote settings server
console.warn: services.settings: Allow by setting MOZ_REMOTE_SETTINGS_DEVTOOLS=1 in the environment
Dynamically enable window occlusion 0
1728284656203	Marionette	INFO	Marionette enabled
1728284656428	Marionette	INFO	Listening on port 56872
Read port: 56872
WebDriver BiDi listening on ws://127.0.0.1:56863
1728284656557	RemoteAgent	WARN	TLS certificate errors will be ignored for this session
DevTools listening on ws://127.0.0.1:56863/devtools/browser/44991037-ede7-45ac-a844-0befe97c5ae0
JavaScript warning: https://www.dev.marketwatch.com/_next/static/chunks/main-7c2c5b4ee7ae4ea0.js, line 1: unreachable code after return statement
JavaScript error: https://cdn.cxense.com/sp1.html#ver=2.8.80&typ=pgv&rnd=m1yo2ga9vmh2jgu2&sid=1138573015853471556&loc=https%3A%2F%2Fwww.dev.marketwatch.com%2Fauthor%2FCatey-Hill&new=1&arf=0&ltm=1728284667639&ref=&tzo=-330&wsz=1278x497&res=1278x622&dpr=1&col=24&bln=en-US&chs=UTF-8&cks=m1yo2gbem4yifq3n&ckp=m1yo2ga9l4kxz12e&glb=&cp_userState=anon&cp_testGroup=74&cp_env=staging&cp_topDomain=marketwatch.com&cp_template=full&cp_access=free&cp_section=Author&cp_subsection=Catey%20Hill&cp_cms_name=Peavey&cp_subscriber=nonsubscriber&cp_edition=naus&cp_bucket=8&cp_ab_bucket=38&cp_pageContentSource=MarketWatch&cp_pageContentType=Summaries&cp_pageContentTypeDetai=default&cp_pageSiteProduct=MW&cp_userTags=&cp_sessionState=none, line 1: TypeError: cX.loadScript is not a function
JavaScript error: https://d3h0wybtovte4j.cloudfront.net/ugeovhprh.js, line 1: TypeError: URL constructor: null/foo.html?o=u&r=&l=https://www.dev.marketwatch.com/author/Catey-Hill&aa=NA&ib=false&buster=IvmFhcDYezOLBqRG is not a valid URL.
JavaScript warning: https://pagead2.googlesyndication.com/bg/OLU2Qs7L6j7GM-qga8AmcQGkif1_HTGLtucCbK--hhY.js line 2 > eval line 7114 > eval line 1 > eval line 1 > eval, line 1: WEBGL_debug_renderer_info is deprecated in Firefox and will be removed. Please use RENDERER.
JavaScript error: , line 0: TypeError: NetworkError when attempting to fetch resource.
JavaScript error: , line 0: TypeError: NetworkError when attempting to fetch resource.
JavaScript error: , line 0: TypeError: NetworkError when attempting to fetch resource.
JavaScript error: , line 0: TypeError: NetworkError when attempting to fetch resource.
JavaScript warning: https://www.dev.marketwatch.com/author/Catey-Hill line 44 > injectedScript, line 8: Script terminated by timeout at:
CRect.adopt@https://www.dev.marketwatch.com/author/Catey-Hill line 44 > injectedScript:8:1578
getElementRectRelativeToTopViewport@https://www.dev.marketwatch.com/author/Catey-Hill line 44 > injectedScript:7:15022
BaseCreativeUnit.prototype.updateRxState@https://www.dev.marketwatch.com/author/Catey-Hill line 41 > injectedScript:18:3029
CrossScreenBannerFormat.prototype._update@https://www.dev.marketwatch.com/author/Catey-Hill line 33 > injectedScript:51:5788
CTickerQueue.prototype.process@https://www.dev.marketwatch.com/author/Catey-Hill line 33 > injectedScript:19:463
CTicker.prototype._tick@https://www.dev.marketwatch.com/author/Catey-Hill line 33 > injectedScript:20:850

1728284739957	Marionette	INFO	Stopped listening on port 56872
Dynamically enable window occlusion 1
JavaScript error: , line 0: TypeError: NetworkError when attempting to fetch resource.
JavaScript error: , line 0: TypeError: NetworkError when attempting to fetch resource.
