1728048476794	geckodriver	INFO	Listening on 127.0.0.1:54736
1728048479860	mozrunner::runner	INFO	Running command: "C:\\Program Files\\Mozilla Firefox\\firefox.exe" "--marionette" "--remote-debugging-port" "54737" "--remote-allow-hosts" "localhost" "-no-remote" "-profile" "D:\\Users\\sasikumarj\\AppData\\Local\\Temp\\rust_mozprofileLbiYEa"
console.warn: services.settings: Ignoring preference override of remote settings server
console.warn: services.settings: Allow by setting MOZ_REMOTE_SETTINGS_DEVTOOLS=1 in the environment
Dynamically enable window occlusion 0
1728048480513	Marionette	INFO	Marionette enabled
1728048480768	Marionette	INFO	Listening on port 54744
Read port: 54744
WebDriver BiDi listening on ws://127.0.0.1:54737
1728048480916	RemoteAgent	WARN	TLS certificate errors will be ignored for this session
DevTools listening on ws://127.0.0.1:54737/devtools/browser/c395e5b7-b1c8-4c40-92fe-6d888e1f0243
JavaScript warning: https://www.dev.marketwatch.com/_next/static/chunks/main-7c2c5b4ee7ae4ea0.js, line 1: unreachable code after return statement
JavaScript error: https://cdn.cxense.com/sp1.html#ver=2.8.80&typ=pgv&rnd=m1urgey2el14i585&sid=1138573015853471556&loc=https%3A%2F%2Fwww.dev.marketwatch.com%2Fauthor%2FCatey-Hill&new=1&arf=0&ltm=1728048493234&ref=&tzo=-330&wsz=1278x497&res=1278x622&dpr=1&col=24&bln=en-US&chs=UTF-8&cks=m1urgezc18su9v4e&ckp=m1urgey2r3ydizd2&glb=&cp_userState=anon&cp_testGroup=93&cp_env=staging&cp_topDomain=marketwatch.com&cp_template=full&cp_access=free&cp_section=Author&cp_subsection=Catey%20Hill&cp_cms_name=Peavey&cp_subscriber=nonsubscriber&cp_edition=naus&cp_bucket=7&cp_ab_bucket=87&cp_pageContentSource=MarketWatch&cp_pageContentType=Summaries&cp_pageContentTypeDetai=default&cp_pageSiteProduct=MW&cp_userTags=&cp_sessionState=none, line 1: TypeError: cX.loadScript is not a function
JavaScript error: https://d3h0wybtovte4j.cloudfront.net/ugeovhprh.js, line 1: TypeError: URL constructor: null/foo.html?o=u&r=&l=https://www.dev.marketwatch.com/author/Catey-Hill&aa=NA&ib=false&buster=rzDbYEqefeucZpwt is not a valid URL.
JavaScript warning: https://pagead2.googlesyndication.com/bg/WEoqGYGTldYSfSNCQ9Ugqu-00NFuS6e6WOK2G2Y_zzI.js line 2 > eval line 2066 > eval line 1 > eval line 1 > eval, line 1: WEBGL_debug_renderer_info is deprecated in Firefox and will be removed. Please use RENDERER.
JavaScript error: , line 0: TypeError: NetworkError when attempting to fetch resource.
JavaScript error: , line 0: TypeError: NetworkError when attempting to fetch resource.
JavaScript error: , line 0: TypeError: NetworkError when attempting to fetch resource.
JavaScript warning: https://section.maggie.dev.mktw.dowjones.io/static/js/scripts-dev-7ce6ae9201.js, line 9250: Script terminated by timeout at:
send@https://section.maggie.dev.mktw.dowjones.io/static/js/scripts-dev-7ce6ae9201.js:9250:4
ajax@https://section.maggie.dev.mktw.dowjones.io/static/js/scripts-dev-7ce6ae9201.js:8794:15
ajax@https://section.maggie.dev.mktw.dowjones.io/static/js/scripts-dev-7ce6ae9201.js:11527:22
ajaxAbort@https://section.maggie.dev.mktw.dowjones.io/static/js/scripts-dev-7ce6ae9201.js:11783:28
abort@https://section.maggie.dev.mktw.dowjones.io/static/js/scripts-dev-7ce6ae9201.js:12186:28
stop@https://section.maggie.dev.mktw.dowjones.io/static/js/scripts-dev-7ce6ae9201.js:11288:42
module.exports/$.signalR.prototype.stop@https://section.maggie.dev.mktw.dowjones.io/static/js/scripts-dev-7ce6ae9201.js:14820:48
start/initialize/</</<@https://section.maggie.dev.mktw.dowjones.io/static/js/scripts-dev-7ce6ae9201.js:11002:48

1728048555485	Marionette	INFO	Stopped listening on port 54744
Dynamically enable window occlusion 1
JavaScript error: , line 0: TypeError: NetworkError when attempting to fetch resource.
JavaScript error: , line 0: TypeError: NetworkError when attempting to fetch resource.
