1728419902342	geckodriver	INFO	Listening on 127.0.0.1:51630
1728419905374	mozrunner::runner	INFO	Running command: "C:\\Program Files\\Mozilla Firefox\\firefox.exe" "--marionette" "--remote-debugging-port" "51631" "--remote-allow-hosts" "localhost" "-no-remote" "-profile" "D:\\Users\\sasikumarj\\AppData\\Local\\Temp\\rust_mozprofileHWRVmv"
console.warn: services.settings: Ignoring preference override of remote settings server
console.warn: services.settings: Allow by setting MOZ_REMOTE_SETTINGS_DEVTOOLS=1 in the environment
Dynamically enable window occlusion 0
1728419905998	Marionette	INFO	Marionette enabled
1728419906242	Marionette	INFO	Listening on port 51638
WebDriver BiDi listening on ws://127.0.0.1:51631
Read port: 51638
1728419906493	RemoteAgent	WARN	TLS certificate errors will be ignored for this session
DevTools listening on ws://127.0.0.1:51631/devtools/browser/f0f415b4-0254-4623-8e30-c24481f7398e
JavaScript error: https://cdn.cxense.com/sp1.html#ver=2.8.80&typ=pgv&rnd=m20wl9iefcnpga11&sid=1144071410389139719&loc=https%3A%2F%2Fwww.mansionglobal.com%2F&new=1&arf=0&ltm=1728419914633&ref=&tzo=-330&wsz=1278x497&res=1278x622&dpr=1&col=24&bln=en-US&chs=UTF-8&cks=m20wl9lydu1h0ejd&ckp=m20wl9ie62jjj5ha&glb=&cp_userState=anon&cp_testGroup=79&cp_topDomain=mansionglobal.com&cp_template=full&cp_access=free&cp_section=Home&cp_subsection=&cp_cms_name=CMS%20Wordpress&cp_subscriber=nonsubscriber&cp_edition=naus&cp_bucket=0&cp_ab_bucket=30&cp_pageContentSource=Mansion%20Global&cp_pageContentType=Home&cp_pageContentTypeDetai=default&cp_pageSiteProduct=MG&cp_userTags=&cp_sessionState=none, line 1: TypeError: cX.loadScript is not a function
JavaScript warning: https://pagead2.googlesyndication.com/bg/WEoqGYGTldYSfSNCQ9Ugqu-00NFuS6e6WOK2G2Y_zzI.js line 2 > eval line 1360 > eval line 1 > eval line 1 > eval, line 1: WEBGL_debug_renderer_info is deprecated in Firefox and will be removed. Please use RENDERER.
JavaScript warning: https://js-agent.newrelic.com/nr-spa-1.267.0.min.js, line 2: Script terminated by timeout at:
5592/ie/<@https://js-agent.newrelic.com/nr-spa-1.267.0.min.js:2:81837
emit@https://www.mansionglobal.com/articles/are-there-tax-breaks-on-agricultural-land-in-pennsylvania-01648119848:115:9476
i@https://www.mansionglobal.com/articles/are-there-tax-breaks-on-agricultural-land-in-pennsylvania-01648119848:115:17943
nrWrapper@https://www.mansionglobal.com/articles/are-there-tax-breaks-on-agricultural-land-in-pennsylvania-01648119848:115:17771

JavaScript warning: https://imasdk.googleapis.com/js/core/bridge3.672.0_en.html#goog_1985182763, line 452: Script terminated by timeout at:
cC@https://imasdk.googleapis.com/js/core/bridge3.672.0_en.html#goog_1985182763:452:275
fC/this.aa@https://imasdk.googleapis.com/js/core/bridge3.672.0_en.html#goog_1985182763:449:342

JavaScript warning: https://www.youtube-nocookie.com/s/player/8579e400/www-embed-player.vflset/www-embed-player.js, line 925: Script terminated by timeout at:
S@https://www.youtube-nocookie.com/s/player/8579e400/www-embed-player.vflset/www-embed-player.js:925:17
Bm@https://www.youtube-nocookie.com/s/player/8579e400/www-embed-player.vflset/www-embed-player.js:950:23
T@https://www.youtube-nocookie.com/s/player/8579e400/www-embed-player.vflset/www-embed-player.js:948:228
@https://www.youtube-nocookie.com/s/player/8579e400/www-embed-player.vflset/www-embed-player.js:1944:52
gm/<@https://www.youtube-nocookie.com/s/player/8579e400/www-embed-player.vflset/www-embed-player.js:928:63

JavaScript warning: https://static.cdninstagram.com/rsrc.php/v3in_J4/y-/l/en_US/inXJ93GYvmE.js, line 56: Script terminated by timeout at:
i.canUseNavigatorBeacon@https://static.cdninstagram.com/rsrc.php/v3in_J4/y-/l/en_US/inXJ93GYvmE.js:56:4276
C@https://static.cdninstagram.com/rsrc.php/v3in_J4/y-/l/en_US/inXJ93GYvmE.js:56:1597
i._initialize/<@https://static.cdninstagram.com/rsrc.php/v3in_J4/y-/l/en_US/inXJ93GYvmE.js:56:4912
d@https://static.cdninstagram.com/rsrc.php/v3in_J4/y-/l/en_US/inXJ93GYvmE.js:28:158

JavaScript error: , line 0: TypeError: NetworkError when attempting to fetch resource.
console.warn: LoginRecipes: "Falling back to a synchronous message for: https://sso.accounts.dowjones.com."
console.warn: LoginRecipes: "Falling back to a synchronous message for: https://sso.accounts.dowjones.com."
console.warn: LoginRecipes: "Falling back to a synchronous message for: https://sso.accounts.dowjones.com."
console.warn: LoginRecipes: "Falling back to a synchronous message for: https://sso.accounts.dowjones.com."
JavaScript warning: https://www.googletagmanager.com/gtag/js?id=G-K2H7B9JRSS, line 257: Script terminated by timeout at:
ag@https://www.googletagmanager.com/gtag/js?id=G-K2H7B9JRSS:257:354
cg@https://www.googletagmanager.com/gtag/js?id=G-K2H7B9JRSS:256:60
pG.prototype.flush@https://www.googletagmanager.com/gtag/js?id=G-K2H7B9JRSS:652:280
ba.flush@https://www.googletagmanager.com/gtag/js?id=G-K2H7B9JRSS:669:132
FH/<@https://www.googletagmanager.com/gtag/js?id=G-K2H7B9JRSS:680:210
ba.Qk/<@https://www.googletagmanager.com/gtag/js?id=G-K2H7B9JRSS:623:126
ba.Qk/c/<@https://www.googletagmanager.com/gtag/js?id=G-K2H7B9JRSS:622:420

JavaScript error: https://www.mansionglobal.com/follow?alert=author&id=8686_MG&frequency=realtime, line 257: TypeError: window.__ace is not a function
JavaScript error: https://aswpsdkus.com/notify/v1/ua-sdk.min.js, line 1: Error: Notification permission is denied.
console.warn: WindowsJumpLists: "Failed to fetch favicon for " "https://www.mansionglobal.com/follow" ({})
1728420136315	Marionette	INFO	Stopped listening on port 51638
Dynamically enable window occlusion 1
