1728048226176	geckodriver	INFO	Listening on 127.0.0.1:59929
1728048229210	mozrunner::runner	INFO	Running command: "C:\\Program Files\\Mozilla Firefox\\firefox.exe" "--marionette" "--remote-debugging-port" "59930" "--remote-allow-hosts" "localhost" "-no-remote" "-profile" "D:\\Users\\sasikumarj\\AppData\\Local\\Temp\\rust_mozprofile5DsBLh"
console.warn: services.settings: Ignoring preference override of remote settings server
console.warn: services.settings: Allow by setting MOZ_REMOTE_SETTINGS_DEVTOOLS=1 in the environment
Dynamically enable window occlusion 0
1728048229999	Marionette	INFO	Marionette enabled
1728048230292	Marionette	INFO	Listening on port 59943
WebDriver BiDi listening on ws://127.0.0.1:59930
Read port: 59943
1728048230619	RemoteAgent	WARN	TLS certificate errors will be ignored for this session
DevTools listening on ws://127.0.0.1:59930/devtools/browser/f13edc0e-89cf-49a7-9dc4-d356af39fa3c
1728048237752	Marionette	WARN	Ignoring event 'DOMContentLoaded' because document has an invalid readyState of 'complete'.
JavaScript warning: https://securepubads.g.doubleclick.net/pagead/managed/js/gpt/m202410020101/pubads_impl.js?cb=31087775, line 33: Script terminated by timeout at:
nr@https://securepubads.g.doubleclick.net/pagead/managed/js/gpt/m202410020101/pubads_impl.js?cb=31087775:33:254364
V@https://securepubads.g.doubleclick.net/pagead/managed/js/gpt/m202410020101/pubads_impl.js?cb=31087775:33:257447
NT@https://securepubads.g.doubleclick.net/pagead/managed/js/gpt/m202410020101/pubads_impl.js?cb=31087775:33:466029
hU.prototype.g@https://securepubads.g.doubleclick.net/pagead/managed/js/gpt/m202410020101/pubads_impl.js?cb=31087775:33:477224
cL.prototype.start/<@https://securepubads.g.doubleclick.net/pagead/managed/js/gpt/m202410020101/pubads_impl.js?cb=31087775:33:257273
Ry@https://securepubads.g.doubleclick.net/pagead/managed/js/gpt/m202410020101/pubads_impl.js?cb=31087775:33:139586
Ty/this.next@https://securepubads.g.doubleclick.net/pagead/managed/js/gpt/m202410020101/pubads_impl.js?cb=31087775:33:139885
b@https://securepubads.g.doubleclick.net/pagead/managed/js/gpt/m202410020101/pubads_impl.js?cb=31087775:33:140136
nrWrapper@https://www.marketwatch.com/:358:17810

console.warn: LoginRecipes: "Falling back to a synchronous message for: https://sso.accounts.dowjones.com."
console.warn: LoginRecipes: "Falling back to a synchronous message for: https://sso.accounts.dowjones.com."
console.warn: LoginRecipes: "Falling back to a synchronous message for: https://sso.accounts.dowjones.com."
console.warn: LoginRecipes: "Falling back to a synchronous message for: https://sso.accounts.dowjones.com."
JavaScript warning: https://www.googletagmanager.com/gtag/js?id=G-K2H7B9JRSS, line 623: Script terminated by timeout at:
ba.Ch@https://www.googletagmanager.com/gtag/js?id=G-K2H7B9JRSS:623:491
get@https://www.googletagmanager.com/gtag/js?id=G-K2H7B9JRSS:622:119
stop@https://www.googletagmanager.com/gtag/js?id=G-K2H7B9JRSS:622:87
ba.Qk/c/<@https://www.googletagmanager.com/gtag/js?id=G-K2H7B9JRSS:622:412

JavaScript error: https://cdn.cxense.com/sp1.html#ver=2.8.80&typ=pgv&rnd=m1urbcd8xwv5xsqu&sid=9222325317970825873&loc=https%3A%2F%2Fwww.marketwatch.com%2Ffollow&new=1&arf=0&ltm=1728048256608&ref=https%3A%2F%2Fsso.accounts.dowjones.com%2F&tzo=-330&wsz=1278x497&res=1278x622&dpr=1&col=24&bln=en-US&chs=UTF-8&cks=m1urbcgh7enrgl6q&ckp=m1urbcd8uzzdgnq7&glb=&eid0=e4cefa22ef027cc0132f0c218da37da39cdb3228234af4df969b5c463592e123&eit0=wsj&cp_userState=anon&cp_testGroup=82&cp_topDomain=marketwatch.com&cp_template=full&cp_access=free&cp_section=Follow&cp_subsection=mw&cp_cms_name=CAPS&cp_subscriber=registered&cp_edition=naus&cp_bucket=7&cp_ab_bucket=77&cp_pageContentSource=MarketWatch&cp_pageContentType=Follow&cp_pageContentTypeDetai=follow&cp_pageSiteProduct=MW&cp_userTags=&cp_sessionState=ca, line 1: TypeError: cX.loadScript is not a function
1728048266132	Marionette	INFO	Stopped listening on port 59943
Dynamically enable window occlusion 1
