1728407218819	geckodriver	INFO	Listening on 127.0.0.1:53091
1728407221846	mozrunner::runner	INFO	Running command: "C:\\Program Files\\Mozilla Firefox\\firefox.exe" "--marionette" "--remote-debugging-port" "53092" "--remote-allow-hosts" "localhost" "-no-remote" "-profile" "D:\\Users\\sasikumarj\\AppData\\Local\\Temp\\rust_mozprofilele10m0"
console.warn: services.settings: Ignoring preference override of remote settings server
console.warn: services.settings: Allow by setting MOZ_REMOTE_SETTINGS_DEVTOOLS=1 in the environment
Dynamically enable window occlusion 0
1728407222461	Marionette	INFO	Marionette enabled
1728407222713	Marionette	INFO	Listening on port 53102
WebDriver BiDi listening on ws://127.0.0.1:53092
Read port: 53102
1728407222971	RemoteAgent	WARN	TLS certificate errors will be ignored for this session
DevTools listening on ws://127.0.0.1:53092/devtools/browser/c52a61bc-2520-4221-81c0-f40147507baf
JavaScript error: https://cdn.cxense.com/sp1.html#ver=2.8.80&typ=pgv&rnd=m20p1eeb5x1jvt8w&sid=1139592114930554183&loc=https%3A%2F%2Fwww.s.dev.fnlondon.com%2F&new=1&arf=0&ltm=1728407230502&ref=&tzo=-330&wsz=1278x497&res=1278x622&dpr=1&col=24&bln=en-US&chs=UTF-8&cks=m20p1eh12mfqejnp&ckp=m20p1eeb65mxe73t&glb=&cp_userState=anon&cp_testGroup=23&cp_env=staging&cp_topDomain=fnlondon.com&cp_template=full&cp_access=free&cp_section=Home&cp_subsection=&cp_cms_name=CAPS&cp_subscriber=nonsubscriber&cp_edition=europegb&cp_bucket=4&cp_ab_bucket=4&cp_pageContentSource=FN%20London&cp_pageContentType=Home&cp_pageContentTypeDetai=default&cp_pageSiteProduct=FN&cp_userTags=&cp_sessionState=none, line 1: TypeError: cX.loadScript is not a function
JavaScript error: , line 0: TypeError: NetworkError when attempting to fetch resource.
JavaScript warning: https://pagead2.googlesyndication.com/bg/WEoqGYGTldYSfSNCQ9Ugqu-00NFuS6e6WOK2G2Y_zzI.js line 2 > eval line 4155 > eval line 1 > eval line 1 > eval, line 1: WEBGL_debug_renderer_info is deprecated in Firefox and will be removed. Please use RENDERER.
JavaScript error: , line 0: TypeError: NetworkError when attempting to fetch resource.
JavaScript error: https://asset.barrons.com/article/public/fn_full_article.dfb75bf78e25.js, line 62: TypeError: e(...).offset() is undefined
JavaScript error: https://asset.barrons.com/article/public/fn_full_article.dfb75bf78e25.js, line 26: TypeError: e(...).offset() is undefined
JavaScript warning: https://pagead2.googlesyndication.com/bg/WEoqGYGTldYSfSNCQ9Ugqu-00NFuS6e6WOK2G2Y_zzI.js line 2 > eval line 6028 > eval line 1 > eval line 1 > eval, line 1: WEBGL_debug_renderer_info is deprecated in Firefox and will be removed. Please use RENDERER.
JavaScript warning: https://cdn.parsely.com/keys/fnlondon.com/p.js, line 7: Script terminated by timeout at:
n._getKeyValuePairFromCookieString@https://cdn.parsely.com/keys/fnlondon.com/p.js:7:29775
n._getCacheFromString@https://cdn.parsely.com/keys/fnlondon.com/p.js:7:29597
n._renewCache@https://cdn.parsely.com/keys/fnlondon.com/p.js:7:30030
n.get@https://cdn.parsely.com/keys/fnlondon.com/p.js:7:27898
t._migrateCookie@https://cdn.parsely.com/keys/fnlondon.com/p.js:7:32395
t.get@https://cdn.parsely.com/keys/fnlondon.com/p.js:7:31085
getVisitorInfo@https://cdn.parsely.com/keys/fnlondon.com/p.js:7:33929
getSession@https://cdn.parsely.com/keys/fnlondon.com/p.js:7:35584
beacon@https://cdn.parsely.com/keys/fnlondon.com/p.js:7:62284
e.engagedTime.sendHeartbeat@https://cdn.parsely.com/keys/fnlondon.com/p.js:7:40449
i.sendHeartbeat@https://cdn.parsely.com/keys/fnlondon.com/p.js:7:38474
i._sendHeartbeats@https://cdn.parsely.com/keys/fnlondon.com/p.js:7:38628
i._setUnloadListeners/<@https://cdn.parsely.com/keys/fnlondon.com/p.js:7:38781
value/<@https://cdn.parsely.com/keys/fnlondon.com/p.js:7:22304
value@https://cdn.parsely.com/keys/fnlondon.com/p.js:7:22277
value@https://cdn.parsely.com/keys/fnlondon.com/p.js:7:24351
value@https://cdn.parsely.com/keys/fnlondon.com/p.js:7:24771

JavaScript warning: https://imasdk.googleapis.com/js/core/bridge3.670.0_en.html#goog_1223074071, line 10: Script terminated by timeout at:
q@https://imasdk.googleapis.com/js/core/bridge3.670.0_en.html#goog_1223074071:10:299
TB/this.aa@https://imasdk.googleapis.com/js/core/bridge3.670.0_en.html#goog_1223074071:451:52

JavaScript error: , line 0: TypeError: NetworkError when attempting to fetch resource.
console.warn: LoginRecipes: "Falling back to a synchronous message for: https://sso.int.accounts.dowjones.com."
console.warn: LoginRecipes: "Falling back to a synchronous message for: https://sso.int.accounts.dowjones.com."
console.warn: LoginRecipes: "Falling back to a synchronous message for: https://sso.int.accounts.dowjones.com."
console.warn: LoginRecipes: "Falling back to a synchronous message for: https://sso.int.accounts.dowjones.com."
JavaScript warning: https://sso.int.accounts.dowjones.com/one_identity_login_pages/login/8ef5d3ebeaef210670e951a3a15529f6/js/vendor.js, line 51: Script terminated by timeout at:
BE@https://sso.int.accounts.dowjones.com/one_identity_login_pages/login/8ef5d3ebeaef210670e951a3a15529f6/js/vendor.js:51:4767
b@https://sso.int.accounts.dowjones.com/one_identity_login_pages/login/8ef5d3ebeaef210670e951a3a15529f6/js/vendor.js:49:13806

1728407250525	Marionette	INFO	Stopped listening on port 53102
JavaScript warning: https://cdn.privacy-mgmt.com/unified/wrapperMessagingWithoutDetection.js, line 1: Script terminated by timeout at:
t@https://cdn.privacy-mgmt.com/unified/wrapperMessagingWithoutDetection.js:1:176
@https://cdn.privacy-mgmt.com/unified/4.25.2/gdpr-tcf.0b327789b5d246674c71.bundle.js:1:47

JavaScript error: https://asset.barrons.com/article/public/fn_full_article.dfb75bf78e25.js, line 62: TypeError: e(...).offset() is undefined
Dynamically enable window occlusion 1
JavaScript error: https://djcs-multi-region-assets-ohio.s3.us-east-2.amazonaws.com/dj-ufc/asset/dj-ufc/qa/v1.34.0-beta.217/p-5a49cb7f.js, line 1: TypeError: o is undefined
JavaScript error: , line 0: TypeError: NetworkError when attempting to fetch resource.
