1728407599408	geckodriver	INFO	Listening on 127.0.0.1:54083
1728407602438	mozrunner::runner	INFO	Running command: "C:\\Program Files\\Mozilla Firefox\\firefox.exe" "--marionette" "--remote-debugging-port" "54084" "--remote-allow-hosts" "localhost" "-no-remote" "-profile" "D:\\Users\\sasikumarj\\AppData\\Local\\Temp\\rust_mozprofiletml5lf"
console.warn: services.settings: Ignoring preference override of remote settings server
console.warn: services.settings: Allow by setting MOZ_REMOTE_SETTINGS_DEVTOOLS=1 in the environment
Dynamically enable window occlusion 0
1728407603057	Marionette	INFO	Marionette enabled
1728407603297	Marionette	INFO	Listening on port 54092
WebDriver BiDi listening on ws://127.0.0.1:54084
Read port: 54092
1728407603561	RemoteAgent	WARN	TLS certificate errors will be ignored for this session
DevTools listening on ws://127.0.0.1:54084/devtools/browser/da82e6fb-8dd3-4c8f-a89a-38e40ff70aa7
JavaScript error: https://cdn.cxense.com/sp1.html#ver=2.8.80&typ=pgv&rnd=m20p9igrlo9z57gd&sid=1139592114930554183&loc=https%3A%2F%2Fwww.s.dev.fnlondon.com%2F&new=1&arf=0&ltm=1728407609021&ref=&tzo=-330&wsz=1278x497&res=1278x622&dpr=1&col=24&bln=en-US&chs=UTF-8&cks=m20p9ijgerv9snl4&ckp=m20p9igry6exaikq&glb=&cp_userState=anon&cp_testGroup=34&cp_env=staging&cp_topDomain=fnlondon.com&cp_template=full&cp_access=free&cp_section=Home&cp_subsection=&cp_cms_name=CAPS&cp_subscriber=nonsubscriber&cp_edition=europegb&cp_bucket=5&cp_ab_bucket=95&cp_pageContentSource=FN%20London&cp_pageContentType=Home&cp_pageContentTypeDetai=default&cp_pageSiteProduct=FN&cp_userTags=&cp_sessionState=none, line 1: TypeError: cX.loadScript is not a function
JavaScript error: , line 0: TypeError: NetworkError when attempting to fetch resource.
JavaScript error: , line 0: TypeError: NetworkError when attempting to fetch resource.
JavaScript error: , line 0: TypeError: NetworkError when attempting to fetch resource.
JavaScript warning: https://pagead2.googlesyndication.com/bg/WEoqGYGTldYSfSNCQ9Ugqu-00NFuS6e6WOK2G2Y_zzI.js line 2 > eval line 2396 > eval line 1 > eval line 1 > eval, line 1: WEBGL_debug_renderer_info is deprecated in Firefox and will be removed. Please use RENDERER.
JavaScript error: , line 0: TypeError: NetworkError when attempting to fetch resource.
JavaScript error: https://asset.barrons.com/article/public/fn_full_article.dfb75bf78e25.js, line 62: TypeError: e(...).offset() is undefined
JavaScript warning: https://pagead2.googlesyndication.com/bg/WEoqGYGTldYSfSNCQ9Ugqu-00NFuS6e6WOK2G2Y_zzI.js line 2 > eval line 3927 > eval line 1 > eval line 1 > eval, line 1: WEBGL_debug_renderer_info is deprecated in Firefox and will be removed. Please use RENDERER.
JavaScript error: https://asset.barrons.com/article/public/fn_full_article.dfb75bf78e25.js, line 26: TypeError: e(...).offset() is undefined
JavaScript warning: https://cdn.parsely.com/keys/fnlondon.com/p.js, line 7: Script terminated by timeout at:
value/n<@https://cdn.parsely.com/keys/fnlondon.com/p.js:7:24273
value@https://cdn.parsely.com/keys/fnlondon.com/p.js:7:24274
value@https://cdn.parsely.com/keys/fnlondon.com/p.js:7:24771

console.warn: LoginRecipes: "Falling back to a synchronous message for: https://sso.int.accounts.dowjones.com."
console.warn: LoginRecipes: "Falling back to a synchronous message for: https://sso.int.accounts.dowjones.com."
console.warn: LoginRecipes: "Falling back to a synchronous message for: https://sso.int.accounts.dowjones.com."
console.warn: LoginRecipes: "Falling back to a synchronous message for: https://sso.int.accounts.dowjones.com."
JavaScript warning: https://www.googletagmanager.com/gtag/js?id=G-GJ5S1GJYKT, line 219: Script terminated by timeout at:
r@https://www.googletagmanager.com/gtag/js?id=G-GJ5S1GJYKT:219:1704
lA@https://www.googletagmanager.com/gtag/js?id=G-GJ5S1GJYKT:592:149
jA/</<@https://www.googletagmanager.com/gtag/js?id=G-GJ5S1GJYKT:590:187
z@https://www.googletagmanager.com/gtag/js?id=G-GJ5S1GJYKT:198:203
jA/<@https://www.googletagmanager.com/gtag/js?id=G-GJ5S1GJYKT:590:167
z@https://www.googletagmanager.com/gtag/js?id=G-GJ5S1GJYKT:198:203
jA@https://www.googletagmanager.com/gtag/js?id=G-GJ5S1GJYKT:590:134
kA/<@https://www.googletagmanager.com/gtag/js?id=G-GJ5S1GJYKT:590:111

JavaScript error: https://asset.barrons.com/article/public/fn_full_article.dfb75bf78e25.js, line 62: TypeError: e(...).offset() is undefined
JavaScript warning: https://pagead2.googlesyndication.com/bg/WEoqGYGTldYSfSNCQ9Ugqu-00NFuS6e6WOK2G2Y_zzI.js line 2 > eval line 2075 > eval line 1 > eval line 1 > eval, line 1: WEBGL_debug_renderer_info is deprecated in Firefox and will be removed. Please use RENDERER.
1728407641717	Marionette	INFO	Stopped listening on port 54092
JavaScript warning: https://imasdk.googleapis.com/js/core/bridge3.670.0_en.html#goog_1228179006, line 220: Script terminated by timeout at:
Pp@https://imasdk.googleapis.com/js/core/bridge3.670.0_en.html#goog_1228179006:220:893
@https://imasdk.googleapis.com/js/core/bridge3.670.0_en.html#goog_1228179006:221:147
@https://imasdk.googleapis.com/js/core/bridge3.670.0_en.html#goog_1228179006:1338:394

JavaScript error: https://imasdk.googleapis.com/js/core/bridge3.670.0_en.html#goog_1228179006, line 1347: ReferenceError: ima is not defined
Dynamically enable window occlusion 1
