1728051843883	geckodriver	INFO	Listening on 127.0.0.1:52322
1728051846971	mozrunner::runner	INFO	Running command: "C:\\Program Files\\Mozilla Firefox\\firefox.exe" "--marionette" "--remote-debugging-port" "52323" "--remote-allow-hosts" "localhost" "-no-remote" "-profile" "D:\\Users\\sasikumarj\\AppData\\Local\\Temp\\rust_mozprofileP3ZJsX"
console.warn: services.settings: Ignoring preference override of remote settings server
console.warn: services.settings: Allow by setting MOZ_REMOTE_SETTINGS_DEVTOOLS=1 in the environment
Dynamically enable window occlusion 0
1728051847784	Marionette	INFO	Marionette enabled
1728051848074	Marionette	INFO	Listening on port 52334
WebDriver BiDi listening on ws://127.0.0.1:52323
Read port: 52334
1728051848432	RemoteAgent	WARN	TLS certificate errors will be ignored for this session
DevTools listening on ws://127.0.0.1:52323/devtools/browser/bc541bc5-c1d2-4e84-bcf0-06051cbf62dc
JavaScript warning: https://www.dev.marketwatch.com/_next/static/chunks/main-7c2c5b4ee7ae4ea0.js, line 1: unreachable code after return statement
JavaScript warning: https://www.stg.marketwatch.com/_next/static/chunks/main-7c2c5b4ee7ae4ea0.js, line 1: unreachable code after return statement
JavaScript error: https://cdn.cxense.com/sp1.html#ver=2.8.80&typ=pgv&rnd=m1utgxg25upncit3&sid=1138573015853471556&loc=https%3A%2F%2Fwww.stg.marketwatch.com%2Fstory%2Fim-scared-to-death-my-wife-asked-for-a-divorce-after-21-years-she-wants-to-buy-a-house-with-our-savings-but-promises-to-help-pay-my-mortgage-c7ea96a8&new=1&arf=0&ltm=1728051876442&ref=https%3A%2F%2Fwww.dev.marketwatch.com%2F&tzo=-330&wsz=1278x497&res=1278x622&dpr=1&col=24&bln=en-US&chs=UTF-8&cks=m1utgxiaan5y20qa&ckp=m1utgxg22lr3mc1q&glb=&amo=1728051720&cp_userState=anon&cp_testGroup=8&cp_env=staging&cp_topDomain=marketwatch.com&cp_pwTag=default&cp_pwPlacement=cx-articlecover&cp_pwCampaign=226&cp_pwType=free&cp_type=&cp_template=preview&cp_access=paid&cp_section=News&cp_subsection=Personal%20Finance&cp_cms_name=MarketWatch%20CMS%20(PROD)&cp_vix=&cp_subscriber=nonsubscriber&cp_edition=naus&cp_bucket=8&cp_ab_bucket=58&cp_pageContentSource=MarketWatch&cp_pageContentType=Article&cp_pageContentTypeDetai=standard&cp_pageSiteProduct=MW&cp_userTags=&cp_sessionState=none, line 1: TypeError: cX.loadScript is not a function
JavaScript error: https://d3h0wybtovte4j.cloudfront.net/ugeovhprh.js, line 1: TypeError: URL constructor: null/foo.html?o=u&r=https://www.dev.marketwatch.com/&l=https://www.stg.marketwatch.com/story/im-scared-to-death-my-wife-asked-for-a-divorce-after-21-years-she-wants-to-buy-a-house-with-our-savings-but-promises-to-help-pay-my-mortgage-c7ea96a8&aa=NA&ib=false&buster=cZPhkfCMlzNdoaZe is not a valid URL.
JavaScript warning: https://www.datadoghq-browser-agent.com/datadog-logs-v4.js, line 1: Script terminated by timeout at:
Cr</t</r<@https://www.datadoghq-browser-agent.com/datadog-logs-v4.js:1:48771
d@https://www.datadoghq-browser-agent.com/datadog-logs-v4.js:1:905
l/<@https://www.datadoghq-browser-agent.com/datadog-logs-v4.js:1:853

JavaScript warning: https://www.gstatic.com/_/mss/boq-subscribewithgoogle/_/js/k=boq-subscribewithgoogle.SubscribewithgoogleClientUi.en_US.D7cIabrfb5E.es5.O/am=gMGAGQ/d=1/excm=_b,_tp,serviceiframeview/ed=1/dg=0/wt=2/ujg=1/rs=ABXTjI4hTtUJFYuec1Of6dvsdd4m_AVYLg/m=_b,_tp, line 288: Script terminated by timeout at:
c@https://www.gstatic.com/_/mss/boq-subscribewithgoogle/_/js/k=boq-subscribewithgoogle.SubscribewithgoogleClientUi.en_US.D7cIabrfb5E.es5.O/am=gMGAGQ/d=1/excm=_b,_tp,serviceiframeview/ed=1/dg=0/wt=2/ujg=1/rs=ABXTjI4hTtUJFYuec1Of6dvsdd4m_AVYLg/m=_b,_tp:288:187
b@https://www.gstatic.com/_/mss/boq-subscribewithgoogle/_/js/k=boq-subscribewithgoogle.SubscribewithgoogleClientUi.en_US.D7cIabrfb5E.es5.O/am=gMGAGQ/d=1/excm=_b,_tp,serviceiframeview/ed=1/dg=0/wt=2/ujg=1/rs=ABXTjI4hTtUJFYuec1Of6dvsdd4m_AVYLg/m=_b,_tp:279:48

JavaScript error: https://cdn.cxense.com/sp1.html#ver=2.8.80&typ=pgv&rnd=m1uth64gt2spvw15&sid=1138573015853471556&loc=https%3A%2F%2Fwww.dev.marketwatch.com%2Fauthor%2FCatey-Hill&new=0&arf=0&ltm=1728051887694&ref=&tzo=-330&wsz=1278x497&res=1278x622&dpr=1&col=24&bln=en-US&chs=UTF-8&cks=m1uth6dizd2qni3y&ckp=m1utgxg22lr3mc1q&glb=&cp_userState=anon&cp_testGroup=8&cp_env=staging&cp_topDomain=marketwatch.com&cp_template=full&cp_access=free&cp_section=Author&cp_subsection=Catey%20Hill&cp_cms_name=Peavey&cp_subscriber=nonsubscriber&cp_edition=naus&cp_bucket=8&cp_ab_bucket=58&cp_pageContentSource=MarketWatch&cp_pageContentType=Summaries&cp_pageContentTypeDetai=default&cp_pageSiteProduct=MW&cp_userTags=&cp_sessionState=none, line 1: TypeError: cX.loadScript is not a function
JavaScript error: https://d3h0wybtovte4j.cloudfront.net/ugeovhprh.js, line 1: TypeError: URL constructor: null/foo.html?o=u&r=&l=https://www.dev.marketwatch.com/author/Catey-Hill&aa=NA&ib=false&buster=MqgsERAHWZDHLney is not a valid URL.
JavaScript warning: https://pagead2.googlesyndication.com/bg/WEoqGYGTldYSfSNCQ9Ugqu-00NFuS6e6WOK2G2Y_zzI.js line 2 > eval line 1469 > eval line 1 > eval line 1 > eval, line 1: WEBGL_debug_renderer_info is deprecated in Firefox and will be removed. Please use RENDERER.
JavaScript error: , line 0: TypeError: NetworkError when attempting to fetch resource.
JavaScript error: , line 0: TypeError: NetworkError when attempting to fetch resource.
JavaScript warning: https://pagead2.googlesyndication.com/bg/WEoqGYGTldYSfSNCQ9Ugqu-00NFuS6e6WOK2G2Y_zzI.js line 2 > eval line 3669 > eval line 1 > eval line 1 > eval, line 1: WEBGL_debug_renderer_info is deprecated in Firefox and will be removed. Please use RENDERER.
JavaScript error: , line 0: TypeError: NetworkError when attempting to fetch resource.
JavaScript error: , line 0: TypeError: NetworkError when attempting to fetch resource.
console.warn: WindowsJumpLists: "Failed to fetch favicon for " "https://www.dev.marketwatch.com/" ({})
JavaScript error: , line 0: TypeError: NetworkError when attempting to fetch resource.
JavaScript warning: https://securepubads.g.doubleclick.net/pagead/managed/js/gpt/m202410010101/pubads_impl.js?cb=31087719, line 33: Script terminated by timeout at:
Sy@https://securepubads.g.doubleclick.net/pagead/managed/js/gpt/m202410010101/pubads_impl.js?cb=31087719:33:139561
_.cg@https://securepubads.g.doubleclick.net/pagead/managed/js/gpt/m202410010101/pubads_impl.js?cb=31087719:33:140091
tv@https://securepubads.g.doubleclick.net/pagead/managed/js/gpt/m202410010101/pubads_impl.js?cb=31087719:33:293456
vx/this.L<@https://securepubads.g.doubleclick.net/pagead/managed/js/gpt/m202410010101/pubads_impl.js?cb=31087719:33:439594
g@https://securepubads.g.doubleclick.net/pagead/managed/js/gpt/m202410010101/pubads_impl.js?cb=31087719:33:176811
_.VA/<@https://securepubads.g.doubleclick.net/pagead/managed/js/gpt/m202410010101/pubads_impl.js?cb=31087719:33:176866
tT@https://securepubads.g.doubleclick.net/pagead/managed/js/gpt/m202410010101/pubads_impl.js?cb=31087719:33:440225
vx.prototype.g/<@https://securepubads.g.doubleclick.net/pagead/managed/js/gpt/m202410010101/pubads_impl.js?cb=31087719:33:440078
pm/<@https://securepubads.g.doubleclick.net/pagead/managed/js/gpt/m202410010101/pubads_impl.js?cb=31087719:33:68627

1728052000155	Marionette	INFO	Stopped listening on port 52334
Dynamically enable window occlusion 1
JavaScript error: , line 0: TypeError: NetworkError when attempting to fetch resource.
JavaScript error: , line 0: TypeError: NetworkError when attempting to fetch resource.
