1728407779717	geckodriver	INFO	Listening on 127.0.0.1:54412
1728407782794	mozrunner::runner	INFO	Running command: "C:\\Program Files\\Mozilla Firefox\\firefox.exe" "--marionette" "--remote-debugging-port" "54413" "--remote-allow-hosts" "localhost" "-no-remote" "-profile" "D:\\Users\\sasikumarj\\AppData\\Local\\Temp\\rust_mozprofilefykmay"
console.warn: services.settings: Ignoring preference override of remote settings server
console.warn: services.settings: Allow by setting MOZ_REMOTE_SETTINGS_DEVTOOLS=1 in the environment
Dynamically enable window occlusion 0
1728407783399	Marionette	INFO	Marionette enabled
1728407783657	Marionette	INFO	Listening on port 54422
WebDriver BiDi listening on ws://127.0.0.1:54413
Read port: 54422
1728407783899	RemoteAgent	WARN	TLS certificate errors will be ignored for this session
DevTools listening on ws://127.0.0.1:54413/devtools/browser/f3029a0e-7792-4939-9115-2fa588f8c852
JavaScript error: https://cdn.cxense.com/sp1.html#ver=2.8.80&typ=pgv&rnd=m20pde43h5k1hi8z&sid=1139592114930554183&loc=https%3A%2F%2Fwww.s.dev.fnlondon.com%2F&new=1&arf=0&ltm=1728407790004&ref=&tzo=-330&wsz=1278x497&res=1278x622&dpr=1&col=24&bln=en-US&chs=UTF-8&cks=m20pde7bxdyxpp11&ckp=m20pde438kvxbrrz&glb=&cp_userState=anon&cp_testGroup=70&cp_env=staging&cp_topDomain=fnlondon.com&cp_template=full&cp_access=free&cp_section=Home&cp_subsection=&cp_cms_name=CAPS&cp_subscriber=nonsubscriber&cp_edition=europegb&cp_bucket=8&cp_ab_bucket=88&cp_pageContentSource=FN%20London&cp_pageContentType=Home&cp_pageContentTypeDetai=default&cp_pageSiteProduct=FN&cp_userTags=&cp_sessionState=none, line 1: TypeError: cX.loadScript is not a function
JavaScript error: , line 0: TypeError: NetworkError when attempting to fetch resource.
JavaScript warning: https://pagead2.googlesyndication.com/bg/WEoqGYGTldYSfSNCQ9Ugqu-00NFuS6e6WOK2G2Y_zzI.js line 2 > eval line 3837 > eval line 1 > eval line 1 > eval, line 1: WEBGL_debug_renderer_info is deprecated in Firefox and will be removed. Please use RENDERER.
JavaScript error: , line 0: TypeError: NetworkError when attempting to fetch resource.
JavaScript error: https://asset.barrons.com/article/public/fn_full_article.dfb75bf78e25.js, line 62: TypeError: e(...).offset() is undefined
JavaScript warning: https://pagead2.googlesyndication.com/bg/WEoqGYGTldYSfSNCQ9Ugqu-00NFuS6e6WOK2G2Y_zzI.js line 2 > eval line 2189 > eval line 1 > eval line 1 > eval, line 1: WEBGL_debug_renderer_info is deprecated in Firefox and will be removed. Please use RENDERER.
JavaScript error: https://asset.barrons.com/article/public/fn_full_article.dfb75bf78e25.js, line 26: TypeError: e(...).offset() is undefined
JavaScript error: https://asset.barrons.com/article/public/fn_full_article.dfb75bf78e25.js, line 26: TypeError: e(...).offset() is undefined
JavaScript error: https://asset.barrons.com/article/public/fn_full_article.dfb75bf78e25.js, line 26: TypeError: e(...).offset() is undefined
JavaScript error: https://asset.barrons.com/article/public/fn_full_article.dfb75bf78e25.js, line 26: TypeError: e(...).offset() is undefined
JavaScript error: https://asset.barrons.com/article/public/fn_full_article.dfb75bf78e25.js, line 26: TypeError: e(...).offset() is undefined
JavaScript error: https://asset.barrons.com/article/public/fn_full_article.dfb75bf78e25.js, line 26: TypeError: e(...).offset() is undefined
JavaScript error: https://asset.barrons.com/article/public/fn_full_article.dfb75bf78e25.js, line 26: TypeError: e(...).offset() is undefined
JavaScript error: https://asset.barrons.com/article/public/fn_full_article.dfb75bf78e25.js, line 26: TypeError: e(...).offset() is undefined
JavaScript error: https://asset.barrons.com/article/public/fn_full_article.dfb75bf78e25.js, line 26: TypeError: e(...).offset() is undefined
JavaScript error: https://asset.barrons.com/article/public/fn_full_article.dfb75bf78e25.js, line 26: TypeError: e(...).offset() is undefined
JavaScript error: https://asset.barrons.com/article/public/fn_full_article.dfb75bf78e25.js, line 26: TypeError: e(...).offset() is undefined
JavaScript error: https://asset.barrons.com/article/public/fn_full_article.dfb75bf78e25.js, line 26: TypeError: e(...).offset() is undefined
JavaScript error: https://asset.barrons.com/article/public/fn_full_article.dfb75bf78e25.js, line 26: TypeError: e(...).offset() is undefined
JavaScript error: https://asset.barrons.com/article/public/fn_full_article.dfb75bf78e25.js, line 26: TypeError: e(...).offset() is undefined
JavaScript error: https://asset.barrons.com/article/public/fn_full_article.dfb75bf78e25.js, line 26: TypeError: e(...).offset() is undefined
JavaScript error: https://asset.barrons.com/article/public/fn_full_article.dfb75bf78e25.js, line 26: TypeError: e(...).offset() is undefined
JavaScript error: https://asset.barrons.com/article/public/fn_full_article.dfb75bf78e25.js, line 26: TypeError: e(...).offset() is undefined
JavaScript error: https://asset.barrons.com/article/public/fn_full_article.dfb75bf78e25.js, line 26: TypeError: e(...).offset() is undefined
JavaScript error: https://asset.barrons.com/article/public/fn_full_article.dfb75bf78e25.js, line 26: TypeError: e(...).offset() is undefined
JavaScript error: https://asset.barrons.com/article/public/fn_full_article.dfb75bf78e25.js, line 26: TypeError: e(...).offset() is undefined
JavaScript error: https://asset.barrons.com/article/public/fn_full_article.dfb75bf78e25.js, line 26: TypeError: e(...).offset() is undefined
JavaScript error: https://asset.barrons.com/article/public/fn_full_article.dfb75bf78e25.js, line 26: TypeError: e(...).offset() is undefined
JavaScript error: https://asset.barrons.com/article/public/fn_full_article.dfb75bf78e25.js, line 26: TypeError: e(...).offset() is undefined
JavaScript error: https://asset.barrons.com/article/public/fn_full_article.dfb75bf78e25.js, line 26: TypeError: e(...).offset() is undefined
JavaScript error: https://asset.barrons.com/article/public/fn_full_article.dfb75bf78e25.js, line 26: TypeError: e(...).offset() is undefined
JavaScript error: https://asset.barrons.com/article/public/fn_full_article.dfb75bf78e25.js, line 26: TypeError: e(...).offset() is undefined
JavaScript error: https://asset.barrons.com/article/public/fn_full_article.dfb75bf78e25.js, line 26: TypeError: e(...).offset() is undefined
JavaScript error: https://asset.barrons.com/article/public/fn_full_article.dfb75bf78e25.js, line 26: TypeError: e(...).offset() is undefined
JavaScript error: https://asset.barrons.com/article/public/fn_full_article.dfb75bf78e25.js, line 26: TypeError: e(...).offset() is undefined
JavaScript error: https://asset.barrons.com/article/public/fn_full_article.dfb75bf78e25.js, line 26: TypeError: e(...).offset() is undefined
JavaScript error: , line 0: TypeError: NetworkError when attempting to fetch resource.
JavaScript warning: https://imasdk.googleapis.com/js/core/bridge3.670.0_en.html#goog_713763354, line 453: Script terminated by timeout at:
PB@https://imasdk.googleapis.com/js/core/bridge3.670.0_en.html#goog_713763354:453:310
TB/this.aa@https://imasdk.googleapis.com/js/core/bridge3.670.0_en.html#goog_713763354:451:29

JavaScript error: , line 0: TypeError: NetworkError when attempting to fetch resource.
JavaScript error: , line 0: TypeError: NetworkError when attempting to fetch resource.
JavaScript error: , line 0: uncaught exception: undefined
JavaScript error: , line 0: TypeError: NetworkError when attempting to fetch resource.
JavaScript warning: https://asset.barrons.com/article/public/mg_full_article.6c5e4780a8c2.js, line 100: Script terminated by timeout at:
d@https://asset.barrons.com/article/public/mg_full_article.6c5e4780a8c2.js:100:58411

JavaScript warning: https://imasdk.googleapis.com/js/core/bridge3.670.0_en.html#goog_841301636, line 453: Script terminated by timeout at:
PB@https://imasdk.googleapis.com/js/core/bridge3.670.0_en.html#goog_841301636:453:310
TB/this.aa@https://imasdk.googleapis.com/js/core/bridge3.670.0_en.html#goog_841301636:451:29

JavaScript warning: https://sso.int.accounts.dowjones.com/one_identity_login_pages/login/8ef5d3ebeaef210670e951a3a15529f6/js/vendor.js, line 51: Script terminated by timeout at:
BE@https://sso.int.accounts.dowjones.com/one_identity_login_pages/login/8ef5d3ebeaef210670e951a3a15529f6/js/vendor.js:51:4767
b@https://sso.int.accounts.dowjones.com/one_identity_login_pages/login/8ef5d3ebeaef210670e951a3a15529f6/js/vendor.js:49:13806

JavaScript warning: https://pagead2.googlesyndication.com/bg/WEoqGYGTldYSfSNCQ9Ugqu-00NFuS6e6WOK2G2Y_zzI.js line 2 > eval line 6111 > eval line 1 > eval line 1 > eval, line 1: WEBGL_debug_renderer_info is deprecated in Firefox and will be removed. Please use RENDERER.
JavaScript error: https://cdn.cxense.com/sp1.html#ver=2.8.80&typ=pgv&rnd=m20q8cf7eg2133q8&sid=1144071410389139719&loc=https%3A%2F%2Fwww.s.dev.mansionglobal.com%2Farticles%2Farticle-long-text-01643043212&new=1&arf=0&ltm=1728409234152&ref=&tzo=-330&wsz=1278x497&res=1278x622&dpr=1&col=24&bln=en-US&chs=UTF-8&cks=m20q8cgdyzvir0fb&ckp=m20q8cf7blsoryt7&glb=&amo=1643043180&cp_userState=anon&cp_testGroup=58&cp_env=staging&cp_topDomain=mansionglobal.com&cp_type=Mansion%20Global%20Article&cp_template=full&cp_access=free&cp_section=location_region-africa&cp_subsection=location_region-africa&cp_cms_name=METHODE&cp_subscriber=nonsubscriber&cp_edition=naus&cp_bucket=1&cp_ab_bucket=61&cp_pageContentSource=Mansion%20Global&cp_pageContentType=Article&cp_pageContentTypeDetai=continuous&cp_pageSiteProduct=MG&cp_userTags=&cp_sessionState=none, line 1: TypeError: cX.loadScript is not a function
JavaScript warning: https://cdn.cxense.com/cx.js, line 6: Script terminated by timeout at:
Hi@https://cdn.cxense.com/cx.js:6:52152
ro@https://cdn.cxense.com/cx.js:6:54510
ea@https://cdn.cxense.com/cx.js:6:70307
ra/<@https://cdn.cxense.com/cx.js:6:70614

JavaScript error: , line 0: TypeError: NetworkError when attempting to fetch resource.
console.warn: LoginRecipes: "Falling back to a synchronous message for: https://sso.int.accounts.dowjones.com."
console.warn: LoginRecipes: "Falling back to a synchronous message for: https://sso.int.accounts.dowjones.com."
console.warn: LoginRecipes: "Falling back to a synchronous message for: https://sso.int.accounts.dowjones.com."
console.warn: LoginRecipes: "Falling back to a synchronous message for: https://sso.int.accounts.dowjones.com."
console.warn: LoginRecipes: "Falling back to a synchronous message for: https://sso.int.accounts.dowjones.com."
JavaScript warning: https://www.googletagmanager.com/gtag/js?id=G-GJ5S1GJYKT, line 198: Script terminated by timeout at:
z@https://www.googletagmanager.com/gtag/js?id=G-GJ5S1GJYKT:198:192
jA/<@https://www.googletagmanager.com/gtag/js?id=G-GJ5S1GJYKT:590:167
z@https://www.googletagmanager.com/gtag/js?id=G-GJ5S1GJYKT:198:203
jA@https://www.googletagmanager.com/gtag/js?id=G-GJ5S1GJYKT:590:134
kA/<@https://www.googletagmanager.com/gtag/js?id=G-GJ5S1GJYKT:590:111

JavaScript warning: https://pagead2.googlesyndication.com/bg/WEoqGYGTldYSfSNCQ9Ugqu-00NFuS6e6WOK2G2Y_zzI.js line 2 > eval line 4401 > eval line 1 > eval line 1 > eval, line 1: WEBGL_debug_renderer_info is deprecated in Firefox and will be removed. Please use RENDERER.
JavaScript warning: https://0cf17917-395b-4f25-91cc-db3bdd6044b0.edge.permutive.app/772abb27-aff3-4dcc-b7af-8ab66a56137a-web.js, line 1: Script terminated by timeout at:
nM@https://0cf17917-395b-4f25-91cc-db3bdd6044b0.edge.permutive.app/772abb27-aff3-4dcc-b7af-8ab66a56137a-web.js:1:219184
856/g/</</<@https://0cf17917-395b-4f25-91cc-db3bdd6044b0.edge.permutive.app/772abb27-aff3-4dcc-b7af-8ab66a56137a-web.js:1:221468
5151/g/</</<@https://0cf17917-395b-4f25-91cc-db3bdd6044b0.edge.permutive.app/772abb27-aff3-4dcc-b7af-8ab66a56137a-web.js:1:244376

JavaScript warning: https://imasdk.googleapis.com/js/core/bridge3.670.0_en.html#goog_1808712304, line 453: Script terminated by timeout at:
PB@https://imasdk.googleapis.com/js/core/bridge3.670.0_en.html#goog_1808712304:453:310
TB/this.aa@https://imasdk.googleapis.com/js/core/bridge3.670.0_en.html#goog_1808712304:451:29

JavaScript error: , line 0: TypeError: NetworkError when attempting to fetch resource.
JavaScript warning: https://pagead2.googlesyndication.com/bg/WEoqGYGTldYSfSNCQ9Ugqu-00NFuS6e6WOK2G2Y_zzI.js line 2 > eval line 7145 > eval line 1 > eval line 1 > eval, line 1: WEBGL_debug_renderer_info is deprecated in Firefox and will be removed. Please use RENDERER.
JavaScript warning: https://imasdk.googleapis.com/js/core/bridge3.670.0_en.html#goog_1463803739, line 453: Script terminated by timeout at:
PB@https://imasdk.googleapis.com/js/core/bridge3.670.0_en.html#goog_1463803739:453:310
TB/this.aa@https://imasdk.googleapis.com/js/core/bridge3.670.0_en.html#goog_1463803739:451:29

JavaScript warning: https://pagead2.googlesyndication.com/bg/WEoqGYGTldYSfSNCQ9Ugqu-00NFuS6e6WOK2G2Y_zzI.js line 2 > eval line 6187 > eval line 1 > eval line 1 > eval, line 1: WEBGL_debug_renderer_info is deprecated in Firefox and will be removed. Please use RENDERER.
JavaScript error: https://asset.barrons.com/article/public/mg_full_article.6c5e4780a8c2.js, line 70: TypeError: p is null
JavaScript warning: https://imasdk.googleapis.com/js/core/bridge3.670.0_en.html#goog_1402547334, line 453: Script terminated by timeout at:
PB@https://imasdk.googleapis.com/js/core/bridge3.670.0_en.html#goog_1402547334:453:310
TB/this.aa@https://imasdk.googleapis.com/js/core/bridge3.670.0_en.html#goog_1402547334:451:29

JavaScript warning: https://pagead2.googlesyndication.com/bg/WEoqGYGTldYSfSNCQ9Ugqu-00NFuS6e6WOK2G2Y_zzI.js line 2 > eval line 3076 > eval line 1 > eval line 1 > eval, line 1: WEBGL_debug_renderer_info is deprecated in Firefox and will be removed. Please use RENDERER.
JavaScript error: , line 0: TypeError: NetworkError when attempting to fetch resource.
JavaScript warning: https://sso.int.accounts.dowjones.com/one_identity_login_pages/login/8ef5d3ebeaef210670e951a3a15529f6/js/vendor.js, line 51: Script terminated by timeout at:
BE@https://sso.int.accounts.dowjones.com/one_identity_login_pages/login/8ef5d3ebeaef210670e951a3a15529f6/js/vendor.js:51:4767
b@https://sso.int.accounts.dowjones.com/one_identity_login_pages/login/8ef5d3ebeaef210670e951a3a15529f6/js/vendor.js:49:13806

JavaScript error: https://cdn.cxense.com/sp1.html#ver=2.8.80&typ=pgv&rnd=m20r80gtjpcql2ho&sid=1133979867428110118&loc=https%3A%2F%2Fwww.s.dev.penews.com%2Farticles%2Ftest-3testing-wsj-full-bleed-3k-words-20220215%3Ftarget%3D%252F%3Ftarget%3D%2F&new=1&arf=0&ltm=1728410898273&ref=&tzo=-330&wsz=1278x497&res=1278x622&dpr=1&col=24&bln=en-US&chs=UTF-8&cks=m20r80hwq86mlufd&ckp=m20r80gtcuv4q7dz&glb=&amo=1644922380&cp_userState=anon&cp_testGroup=16&cp_env=staging&cp_topDomain=penews.com&cp_type=Advisers&cp_template=preview&cp_access=free&cp_section=ESG&cp_subsection=ESG&cp_cms_name=Wordpress&cp_subscriber=nonsubscriber&cp_edition=europegb&cp_bucket=1&cp_ab_bucket=1&cp_pageContentSource=Private%20Equity%20News&cp_pageContentType=Article&cp_pageContentTypeDetai=article&cp_pageSiteProduct=PEN&cp_userTags=&cp_sessionState=none, line 1: TypeError: cX.loadScript is not a function
JavaScript warning: https://pagead2.googlesyndication.com/bg/WEoqGYGTldYSfSNCQ9Ugqu-00NFuS6e6WOK2G2Y_zzI.js line 2 > eval line 472 > eval line 1 > eval line 1 > eval, line 1: WEBGL_debug_renderer_info is deprecated in Firefox and will be removed. Please use RENDERER.
JavaScript warning: https://cdn.cxense.com/cx.js, line 6: Script terminated by timeout at:
Ii@https://cdn.cxense.com/cx.js:6:48092
Yi@https://cdn.cxense.com/cx.js:6:52822
ea@https://cdn.cxense.com/cx.js:6:70153
ra/<@https://cdn.cxense.com/cx.js:6:70614

JavaScript warning: https://www.googletagmanager.com/gtag/js?id=G-GJ5S1GJYKT, line 421: Script terminated by timeout at:
ko@https://www.googletagmanager.com/gtag/js?id=G-GJ5S1GJYKT:421:521
oo@https://www.googletagmanager.com/gtag/js?id=G-GJ5S1GJYKT:425:197
no@https://www.googletagmanager.com/gtag/js?id=G-GJ5S1GJYKT:422:42
Do@https://www.googletagmanager.com/gtag/js?id=G-GJ5S1GJYKT:428:669
sF@https://www.googletagmanager.com/gtag/js?id=G-GJ5S1GJYKT:664:399
MG@https://www.googletagmanager.com/gtag/js?id=G-GJ5S1GJYKT:697:305
ba.Hm@https://www.googletagmanager.com/gtag/js?id=G-GJ5S1GJYKT:706:443
ba.Gm/</<@https://www.googletagmanager.com/gtag/js?id=G-GJ5S1GJYKT:704:489
Ek@https://www.googletagmanager.com/gtag/js?id=G-GJ5S1GJYKT:374:151
dl@https://www.googletagmanager.com/gtag/js?id=G-GJ5S1GJYKT:380:70
ba.Gm/<@https://www.googletagmanager.com/gtag/js?id=G-GJ5S1GJYKT:704:475
c@https://www.googletagmanager.com/gtag/js?id=G-GJ5S1GJYKT:515:411
Tt@https://www.googletagmanager.com/gtag/js?id=G-GJ5S1GJYKT:516:237
ba.Gm@https://www.googletagmanager.com/gtag/js?id=G-GJ5S1GJYKT:704:461
c@https://www.googletagmanager.com/gtag/js?id=G-GJ5S1GJYKT:718:970
vm@https://www.googletagmanager.com/gtag/js?id=G-GJ5S1GJYKT:393:1
um.prototype.flush@https://www.googletagmanager.com/gtag/js?id=G-GJ5S1GJYKT:395:336
um.prototype.push@https://www.googletagmanager.com/gtag/js?id=G-GJ5S1GJYKT:393:403
nm@https://www.googletagmanager.com/gtag/js?id=G-GJ5S1GJYKT:390:785
FH/<@https://www.googletagmanager.com/gtag/js?id=G-GJ5S1GJYKT:719:187
ba.Qk/<@https://www.googletagmanager.com/gtag/js?id=G-GJ5S1GJYKT:662:126
ba.Qk/c/<@https://www.googletagmanager.com/gtag/js?id=G-GJ5S1GJYKT:661:420

JavaScript warning: https://pagead2.googlesyndication.com/bg/WEoqGYGTldYSfSNCQ9Ugqu-00NFuS6e6WOK2G2Y_zzI.js line 2 > eval line 2706 > eval line 1 > eval line 1 > eval, line 1: WEBGL_debug_renderer_info is deprecated in Firefox and will be removed. Please use RENDERER.
JavaScript warning: https://cdn.parsely.com/keys/penews.com/p.js, line 7: Script terminated by timeout at:
value@https://cdn.parsely.com/keys/penews.com/p.js:7:24118
value@https://cdn.parsely.com/keys/penews.com/p.js:7:24771

JavaScript error: , line 0: TypeError: NetworkError when attempting to fetch resource.
JavaScript warning: https://www.googletagmanager.com/gtag/js?id=G-GJ5S1GJYKT, line 179: Script terminated by timeout at:
h@https://www.googletagmanager.com/gtag/js?id=G-GJ5S1GJYKT:179:220
V@https://www.googletagmanager.com/gtag/js?id=G-GJ5S1GJYKT:385:668
ba.Gm@https://www.googletagmanager.com/gtag/js?id=G-GJ5S1GJYKT:704:409
c@https://www.googletagmanager.com/gtag/js?id=G-GJ5S1GJYKT:718:970
vm@https://www.googletagmanager.com/gtag/js?id=G-GJ5S1GJYKT:393:1
um.prototype.flush@https://www.googletagmanager.com/gtag/js?id=G-GJ5S1GJYKT:395:336
um.prototype.push@https://www.googletagmanager.com/gtag/js?id=G-GJ5S1GJYKT:393:403
nm@https://www.googletagmanager.com/gtag/js?id=G-GJ5S1GJYKT:390:785
FH/<@https://www.googletagmanager.com/gtag/js?id=G-GJ5S1GJYKT:719:187
ba.Qk/<@https://www.googletagmanager.com/gtag/js?id=G-GJ5S1GJYKT:662:126
ba.Qk/c/<@https://www.googletagmanager.com/gtag/js?id=G-GJ5S1GJYKT:661:420

JavaScript warning: https://cdn.cxense.com/cx.js, line 6: Script terminated by timeout at:
ra/<@https://cdn.cxense.com/cx.js:6:70618

1728414391814	Marionette	INFO	Stopped listening on port 54422
Dynamically enable window occlusion 1
