1729057413326	geckodriver	INFO	Listening on 127.0.0.1:53547
1729057416375	mozrunner::runner	INFO	Running command: "C:\\Program Files\\Mozilla Firefox\\firefox.exe" "--marionette" "--remote-debugging-port" "53548" "--remote-allow-hosts" "localhost" "-no-remote" "-profile" "D:\\Users\\sasikumarj\\AppData\\Local\\Temp\\rust_mozprofile9I9ChY"
console.warn: services.settings: Ignoring preference override of remote settings server
console.warn: services.settings: Allow by setting MOZ_REMOTE_SETTINGS_DEVTOOLS=1 in the environment
Dynamically enable window occlusion 0
1729057417009	Marionette	INFO	Marionette enabled
1729057417286	Marionette	INFO	Listening on port 53555
WebDriver BiDi listening on ws://127.0.0.1:53548
Read port: 53555
1729057417521	RemoteAgent	WARN	TLS certificate errors will be ignored for this session
DevTools listening on ws://127.0.0.1:53548/devtools/browser/a869338c-0e49-4f2d-a1ab-63f18c6c9129
JavaScript error: , line 0: TypeError: NetworkError when attempting to fetch resource.
JavaScript error: , line 0: TypeError: NetworkError when attempting to fetch resource.
JavaScript error: , line 0: TypeError: NetworkError when attempting to fetch resource.
JavaScript error: , line 0: TypeError: NetworkError when attempting to fetch resource.
JavaScript error: , line 0: TypeError: NetworkError when attempting to fetch resource.
JavaScript error: , line 0: TypeError: NetworkError when attempting to fetch resource.
JavaScript error: https://cdn.cxense.com/sp1.html#ver=2.8.81&typ=pgv&rnd=m2bg5ddix8iydqa2&sid=9222318613852486900&loc=https%3A%2F%2Fwww.wsj.com%2Farticles%2Ftwitter-elon-musk-to-argue-over-trial-timetable-to-force-44-billion-takeover-11658223001%3Fcx_testId%3D3%26cx_testVariant%3Dcx_5%26cx_artPos%3D6%26mod%3DWTRN%23cxrecs_s&new=1&arf=0&ltm=1729057427197&ref=&tzo=-330&wsz=1278x497&res=1278x622&dpr=1&col=24&bln=en-US&chs=UTF-8&cks=m2bg5dfyt8w662im&ckp=m2bg5ddiyb0w6y8q&glb=&amo=1658316780&cp_userState=anon&cp_testId=3&cp_testVariant=cx_5&cp_artPos=6&cp_testGroup=90&cp_topDomain=wsj.com&cp_pwTag=default&cp_pwPlacement=cx-snippetad&cp_pwCampaign=28324&cp_pwType=personalized&cp_navSource=WTRN&cp_type=Technology&cp_template=preview&cp_access=paid&cp_section=Tech&cp_subsection=Tech&cp_cms_name=Methode&cp_vix=&cp_subscriber=nonsubscriber&cp_edition=naus&cp_bucket=8&cp_ab_bucket=8&cp_pageContentSource=WSJ%20Online&cp_pageContentType=Article&cp_pageContentTypeDetai=standard&cp_pageSiteProduct=WSJ&cp_userTags=&cp_sessionState=none, line 1: TypeError: cX.loadScript is not a function
JavaScript warning: https://pagead2.googlesyndication.com/bg/-DbLkJJK3YZOSOasYi6rcjkBM_N5vpNI48728xD2bD8.js line 2 > eval line 4645 > eval line 1 > eval line 1 > eval, line 1: WEBGL_debug_renderer_info is deprecated in Firefox and will be removed. Please use RENDERER.
1729057437598	Marionette	WARN	Ignoring event 'DOMContentLoaded' because document has an invalid readyState of 'complete'.
JavaScript error: , line 0: TypeError: NetworkError when attempting to fetch resource.
JavaScript error: , line 0: TypeError: NetworkError when attempting to fetch resource.
JavaScript error: , line 0: TypeError: NetworkError when attempting to fetch resource.
JavaScript warning: https://www.wsj.com/articles/twitter-elon-musk-to-argue-over-trial-timetable-to-force-44-billion-takeover-11658223001?cx_testId=3&cx_testVariant=cx_5&cx_artPos=6&mod=WTRN#cxrecs_s, line 246: Script terminated by timeout at:
nrWrapper@https://www.wsj.com/articles/twitter-elon-musk-to-argue-over-trial-timetable-to-force-44-billion-takeover-11658223001?cx_testId=3&cx_testVariant=cx_5&cx_artPos=6&mod=WTRN#cxrecs_s:246:17490

1729057509264	Marionette	INFO	Stopped listening on port 53555
Dynamically enable window occlusion 1
JavaScript warning: https://imasdk.googleapis.com/js/core/bridge3.672.0_en.html#goog_85018066, line 451: Script terminated by timeout at:
bC@https://imasdk.googleapis.com/js/core/bridge3.672.0_en.html#goog_85018066:451:310
fC/this.aa@https://imasdk.googleapis.com/js/core/bridge3.672.0_en.html#goog_85018066:449:29

JavaScript warning: https://gum.criteo.com/syncframe?origin=criteoPrebidAdapter&topUrl=www.wsj.com&us_privacy=1---&gpp=DBAA&gpp_sid=-1#{%22cw%22:true,%22lsw%22:true,%22origin%22:%22criteoPrebidAdapter%22,%22requestId%22:%220.9846894379091022%22,%22tld%22:%22www.wsj.com%22,%22topUrl%22:%22www.wsj.com%22,%22version%22:%229_12_0%22}, line 13: Script terminated by timeout at:
r.prototype.flushEventQueue@https://gum.criteo.com/syncframe?origin=criteoPrebidAdapter&topUrl=www.wsj.com&us_privacy=1---&gpp=DBAA&gpp_sid=-1#{%22cw%22:true,%22lsw%22:true,%22origin%22:%22criteoPrebidAdapter%22,%22requestId%22:%220.9846894379091022%22,%22tld%22:%22www.wsj.com%22,%22topUrl%22:%22www.wsj.com%22,%22version%22:%229_12_0%22}:13:3137
r/<@https://gum.criteo.com/syncframe?origin=criteoPrebidAdapter&topUrl=www.wsj.com&us_privacy=1---&gpp=DBAA&gpp_sid=-1#{%22cw%22:true,%22lsw%22:true,%22origin%22:%22criteoPrebidAdapter%22,%22requestId%22:%220.9846894379091022%22,%22tld%22:%22www.wsj.com%22,%22topUrl%22:%22www.wsj.com%22,%22version%22:%229_12_0%22}:13:3642

