1727699631443	geckodriver	INFO	Listening on 127.0.0.1:50138
1727699634515	mozrunner::runner	INFO	Running command: "C:\\Program Files\\Mozilla Firefox\\firefox.exe" "--marionette" "--remote-debugging-port" "50139" "--remote-allow-hosts" "localhost" "-no-remote" "-profile" "D:\\Users\\sasikumarj\\AppData\\Local\\Temp\\rust_mozprofilecKdJ7O"
console.warn: services.settings: Ignoring preference override of remote settings server
console.warn: services.settings: Allow by setting MOZ_REMOTE_SETTINGS_DEVTOOLS=1 in the environment
Dynamically enable window occlusion 0
1727699635223	Marionette	INFO	Marionette enabled
1727699635494	Marionette	INFO	Listening on port 50146
WebDriver BiDi listening on ws://127.0.0.1:50139
Read port: 50146
1727699635759	RemoteAgent	WARN	TLS certificate errors will be ignored for this session
DevTools listening on ws://127.0.0.1:50139/devtools/browser/cead2f10-adc6-48e7-9295-95ad4b431bac
JavaScript error: https://cdn.cxense.com/sp1.html#ver=2.8.80&typ=pgv&rnd=m1ozra2vz6olm4je&sid=9222325317970825875&loc=https%3A%2F%2Fwww.barrons.com%2F&new=1&arf=0&ltm=1727699640015&ref=&tzo=-330&wsz=1278x497&res=1278x622&dpr=1&col=24&bln=en-US&chs=UTF-8&cks=m1ozrb7ce4i175p7&ckp=m1ozra2vyr9cjye4&glb=&cp_userState=anon&cp_testGroup=89&cp_topDomain=barrons.com&cp_access=free&cp_section=US%20Home%20Page%20Weekday&cp_subsection=&cp_cms_name=CAPS&cp_subscriber=nonsubscriber&cp_edition=naus&cp_bucket=1&cp_ab_bucket=31&cp_pageContentSource=Barrons%20Online&cp_pageContentType=Home&cp_pageContentTypeDetai=default&cp_pageSiteProduct=BOL&cp_userTags=&cp_sessionState=none, line 1: TypeError: cX.loadScript is not a function
JavaScript error: , line 0: TypeError: NetworkError when attempting to fetch resource.
JavaScript error: , line 0: TypeError: NetworkError when attempting to fetch resource.
JavaScript error: , line 0: TypeError: NetworkError when attempting to fetch resource.
JavaScript error: , line 0: TypeError: NetworkError when attempting to fetch resource.
JavaScript error: , line 0: TypeError: NetworkError when attempting to fetch resource.
JavaScript error: , line 0: TypeError: NetworkError when attempting to fetch resource.
JavaScript error: , line 0: TypeError: NetworkError when attempting to fetch resource.
JavaScript error: , line 0: TypeError: NetworkError when attempting to fetch resource.
JavaScript error: , line 0: TypeError: NetworkError when attempting to fetch resource.
JavaScript error: , line 0: TypeError: NetworkError when attempting to fetch resource.
JavaScript error: https://www.barrons.com/asset/dj-watchlist/v1.11.0/p-8e3b6675.entry.js, line 11: TypeError: Error.captureStackTrace is not a function
JavaScript error: https://video-api.barrons.com/api-video/player/v3/js/video.min.js, line 56: TypeError: this._adContainer is null
JavaScript error: https://www.barrons.com/asset/dj-watchlist/v1.11.0/p-8e3b6675.entry.js, line 11: TypeError: Error.captureStackTrace is not a function
JavaScript warning: https://cdn.gbqofs.com/sv/b/detector-bootstrap.min.js, line 0: Successfully compiled asm.js code (total compilation time 5ms)
console.error: ({})
console.error: ({})
JavaScript warning: https://cdn.gbqofs.com/sv/b/detector-bootstrap.min.js, line 0: Successfully compiled asm.js code (total compilation time 3ms)
JavaScript error: https://cdn.cxense.com/sp1.html#ver=2.8.80&typ=pgv&rnd=m1ozrhzc8700x3u0&sid=9222325317970825875&loc=https%3A%2F%2Fwww.s.dev.barrons.com%2Farticles%2Fbuy-under-armour-stock-pick-51650672000&new=0&arf=0&ltm=1727699650255&ref=&tzo=-330&wsz=1278x497&res=1278x622&dpr=1&col=24&bln=en-US&chs=UTF-8&cks=m1ozri10ohha3qip&ckp=m1ozra2vyr9cjye4&glb=&amo=1720048200&cp_userState=anon&cp_testGroup=89&cp_topDomain=barrons.com&cp_pwTag=default&cp_pwPlacement=cx-snippetad&cp_pwCampaign=10&cp_pwType=personalized&cp_type=Retail&cp_template=preview&cp_access=paid&cp_section=Retail&cp_subsection=Sizing%20Up%20Small-Caps&cp_cms_name=Methode&cp_vix=&cp_subscriber=nonsubscriber&cp_edition=naus&cp_bucket=1&cp_ab_bucket=31&cp_pageContentSource=Barrons%20Online&cp_pageContentType=Article&cp_pageContentTypeDetai=continuous&cp_pageSiteProduct=BOL&cp_userTags=&cp_sessionState=none, line 1: TypeError: cX.loadScript is not a function
JavaScript warning: https://pagead2.googlesyndication.com/bg/Ofjd5SEjadZox9_ebcUE7qVtcVJKxbTf46gjSEHhnaE.js line 2 > eval line 2861 > eval line 1 > eval line 1 > eval, line 1: WEBGL_debug_renderer_info is deprecated in Firefox and will be removed. Please use RENDERER.
JavaScript warning: https://pagead2.googlesyndication.com/bg/Ofjd5SEjadZox9_ebcUE7qVtcVJKxbTf46gjSEHhnaE.js line 2 > eval line 7016 > eval line 1 > eval line 1 > eval, line 1: WEBGL_debug_renderer_info is deprecated in Firefox and will be removed. Please use RENDERER.
JavaScript warning: https://pagead2.googlesyndication.com/bg/Ofjd5SEjadZox9_ebcUE7qVtcVJKxbTf46gjSEHhnaE.js line 2 > eval line 7478 > eval line 1 > eval line 1 > eval, line 1: WEBGL_debug_renderer_info is deprecated in Firefox and will be removed. Please use RENDERER.
JavaScript error: , line 0: TypeError: NetworkError when attempting to fetch resource.
JavaScript warning: https://pagead2.googlesyndication.com/bg/Ofjd5SEjadZox9_ebcUE7qVtcVJKxbTf46gjSEHhnaE.js line 2 > eval line 3596 > eval line 1 > eval line 1 > eval, line 1: WEBGL_debug_renderer_info is deprecated in Firefox and will be removed. Please use RENDERER.
JavaScript error: , line 0: TypeError: NetworkError when attempting to fetch resource.
JavaScript warning: https://pagead2.googlesyndication.com/bg/Ofjd5SEjadZox9_ebcUE7qVtcVJKxbTf46gjSEHhnaE.js line 2 > eval line 2270 > eval line 1 > eval line 1 > eval, line 1: WEBGL_debug_renderer_info is deprecated in Firefox and will be removed. Please use RENDERER.
JavaScript error: , line 0: TypeError: NetworkError when attempting to fetch resource.
JavaScript warning: https://pagead2.googlesyndication.com/bg/Ofjd5SEjadZox9_ebcUE7qVtcVJKxbTf46gjSEHhnaE.js line 2 > eval line 6347 > eval line 1 > eval line 1 > eval, line 1: WEBGL_debug_renderer_info is deprecated in Firefox and will be removed. Please use RENDERER.
JavaScript error: , line 0: TypeError: NetworkError when attempting to fetch resource.
JavaScript warning: https://pagead2.googlesyndication.com/bg/Ofjd5SEjadZox9_ebcUE7qVtcVJKxbTf46gjSEHhnaE.js line 2 > eval line 4402 > eval line 1 > eval line 1 > eval, line 1: WEBGL_debug_renderer_info is deprecated in Firefox and will be removed. Please use RENDERER.
JavaScript error: , line 0: TypeError: NetworkError when attempting to fetch resource.
JavaScript warning: https://pagead2.googlesyndication.com/bg/Ofjd5SEjadZox9_ebcUE7qVtcVJKxbTf46gjSEHhnaE.js line 2 > eval line 603 > eval line 1 > eval line 1 > eval, line 1: WEBGL_debug_renderer_info is deprecated in Firefox and will be removed. Please use RENDERER.
JavaScript warning: https://www.s.dev.barrons.com/_next/static/chunks/main-fc8ea3f3c8e9e983.js, line 6: Script terminated by timeout at:
78018/w/<@https://www.s.dev.barrons.com/_next/static/chunks/main-fc8ea3f3c8e9e983.js:6:16343
t@https://www.s.dev.barrons.com/_next/static/chunks/main-fc8ea3f3c8e9e983.js:6:15839

JavaScript warning: https://gum.criteo.com/syncframe?origin=criteoPrebidAdapter&topUrl=www.s.dev.barrons.com&us_privacy=1YNN&gpp=DBABRg~BVoAACA&gpp_sid=9#{%22cw%22:true,%22lsw%22:true,%22origin%22:%22criteoPrebidAdapter%22,%22requestId%22:%220.46647200584149684%22,%22tld%22:%22www.s.dev.barrons.com%22,%22topUrl%22:%22www.s.dev.barrons.com%22,%22version%22:%229_12_0%22}, line 13: Script terminated by timeout at:
r.prototype.logPixel@https://gum.criteo.com/syncframe?origin=criteoPrebidAdapter&topUrl=www.s.dev.barrons.com&us_privacy=1YNN&gpp=DBABRg~BVoAACA&gpp_sid=9#{%22cw%22:true,%22lsw%22:true,%22origin%22:%22criteoPrebidAdapter%22,%22requestId%22:%220.46647200584149684%22,%22tld%22:%22www.s.dev.barrons.com%22,%22topUrl%22:%22www.s.dev.barrons.com%22,%22version%22:%229_12_0%22}:13:3418
r.prototype.flushEventQueue@https://gum.criteo.com/syncframe?origin=criteoPrebidAdapter&topUrl=www.s.dev.barrons.com&us_privacy=1YNN&gpp=DBABRg~BVoAACA&gpp_sid=9#{%22cw%22:true,%22lsw%22:true,%22origin%22:%22criteoPrebidAdapter%22,%22requestId%22:%220.46647200584149684%22,%22tld%22:%22www.s.dev.barrons.com%22,%22topUrl%22:%22www.s.dev.barrons.com%22,%22version%22:%229_12_0%22}:13:3152
r/<@https://gum.criteo.com/syncframe?origin=criteoPrebidAdapter&topUrl=www.s.dev.barrons.com&us_privacy=1YNN&gpp=DBABRg~BVoAACA&gpp_sid=9#{%22cw%22:true,%22lsw%22:true,%22origin%22:%22criteoPrebidAdapter%22,%22requestId%22:%220.46647200584149684%22,%22tld%22:%22www.s.dev.barrons.com%22,%22topUrl%22:%22www.s.dev.barrons.com%22,%22version%22:%229_12_0%22}:13:3642

JavaScript error: , line 0: TypeError: NetworkError when attempting to fetch resource.
JavaScript error: , line 0: TypeError: NetworkError when attempting to fetch resource.
1727700361980	Marionette	INFO	Stopped listening on port 50146
Dynamically enable window occlusion 1
!!! error running onStopped callback: TypeError: callback is not a function
