1728455110352	geckodriver	INFO	Listening on 127.0.0.1:57126
1728455113405	mozrunner::runner	INFO	Running command: "C:\\Program Files\\Mozilla Firefox\\firefox.exe" "--marionette" "--remote-debugging-port" "57127" "--remote-allow-hosts" "localhost" "-no-remote" "-profile" "D:\\Users\\sasikumarj\\AppData\\Local\\Temp\\rust_mozprofileQxS6QS"
console.warn: services.settings: Ignoring preference override of remote settings server
console.warn: services.settings: Allow by setting MOZ_REMOTE_SETTINGS_DEVTOOLS=1 in the environment
Dynamically enable window occlusion 0
1728455114001	Marionette	INFO	Marionette enabled
1728455114242	Marionette	INFO	Listening on port 57137
WebDriver BiDi listening on ws://127.0.0.1:57127
Read port: 57137
1728455114494	RemoteAgent	WARN	TLS certificate errors will be ignored for this session
DevTools listening on ws://127.0.0.1:57127/devtools/browser/684a71eb-ed2e-4c55-bdab-bc3cde2bf363
JavaScript warning: https://www.marketwatch.com/_next/static/chunks/main-7c2c5b4ee7ae4ea0.js, line 1: unreachable code after return statement
JavaScript error: https://www.myfinance.com/static/widget/myFinance.js, line 1: DataCloneError: Function object could not be cloned.
JavaScript warning: https://securepubads.g.doubleclick.net/pagead/managed/js/gpt/m202410070101/pubads_impl.js?cb=31087927, line 33: Script terminated by timeout at:
_.Ni@https://securepubads.g.doubleclick.net/pagead/managed/js/gpt/m202410070101/pubads_impl.js?cb=31087927:33:172228
vp@https://securepubads.g.doubleclick.net/pagead/managed/js/gpt/m202410070101/pubads_impl.js?cb=31087927:33:264513
Np.prototype.g@https://securepubads.g.doubleclick.net/pagead/managed/js/gpt/m202410070101/pubads_impl.js?cb=31087927:33:322261
aL.prototype.start/<@https://securepubads.g.doubleclick.net/pagead/managed/js/gpt/m202410070101/pubads_impl.js?cb=31087927:33:256568
Ly@https://securepubads.g.doubleclick.net/pagead/managed/js/gpt/m202410070101/pubads_impl.js?cb=31087927:33:138873
Ny/this.next@https://securepubads.g.doubleclick.net/pagead/managed/js/gpt/m202410070101/pubads_impl.js?cb=31087927:33:139172
b@https://securepubads.g.doubleclick.net/pagead/managed/js/gpt/m202410070101/pubads_impl.js?cb=31087927:33:139423
nrWrapper@https://www.marketwatch.com/story/is-the-u-s-stock-market-closed-on-juneteenth-what-investors-need-to-know-11655230158:104:17810

JavaScript warning: https://www.datadoghq-browser-agent.com/datadog-logs-v4.js, line 1: Script terminated by timeout at:
d@https://www.datadoghq-browser-agent.com/datadog-logs-v4.js:1:884
l/<@https://www.datadoghq-browser-agent.com/datadog-logs-v4.js:1:853

JavaScript warning: https://www.gstatic.com/_/mss/boq-subscribewithgoogle/_/js/k=boq-subscribewithgoogle.SubscribewithgoogleClientUi.en_US.Y7snZc84UmY.es5.O/am=YDBgBg/d=1/excm=_b,_tp,serviceiframeview/ed=1/dg=0/wt=2/ujg=1/rs=ABXTjI4o6JJW61vjfL39b99y1stb_FZTXg/m=_b,_tp, line 290: Script terminated by timeout at:
c@https://www.gstatic.com/_/mss/boq-subscribewithgoogle/_/js/k=boq-subscribewithgoogle.SubscribewithgoogleClientUi.en_US.Y7snZc84UmY.es5.O/am=YDBgBg/d=1/excm=_b,_tp,serviceiframeview/ed=1/dg=0/wt=2/ujg=1/rs=ABXTjI4o6JJW61vjfL39b99y1stb_FZTXg/m=_b,_tp:290:187
b@https://www.gstatic.com/_/mss/boq-subscribewithgoogle/_/js/k=boq-subscribewithgoogle.SubscribewithgoogleClientUi.en_US.Y7snZc84UmY.es5.O/am=YDBgBg/d=1/excm=_b,_tp,serviceiframeview/ed=1/dg=0/wt=2/ujg=1/rs=ABXTjI4o6JJW61vjfL39b99y1stb_FZTXg/m=_b,_tp:281:48

console.warn: LoginRecipes: "Falling back to a synchronous message for: https://sso.accounts.dowjones.com."
console.warn: LoginRecipes: "Falling back to a synchronous message for: https://sso.accounts.dowjones.com."
console.warn: LoginRecipes: "Falling back to a synchronous message for: https://sso.accounts.dowjones.com."
console.warn: LoginRecipes: "Falling back to a synchronous message for: https://sso.accounts.dowjones.com."
JavaScript warning: https://sso.accounts.dowjones.com/one_identity_login_pages/login/0905e7365768f8c947bfb0c526fb8b9e/js/vendor.js, line 51: Script terminated by timeout at:
BE@https://sso.accounts.dowjones.com/one_identity_login_pages/login/0905e7365768f8c947bfb0c526fb8b9e/js/vendor.js:51:4468
b@https://sso.accounts.dowjones.com/one_identity_login_pages/login/0905e7365768f8c947bfb0c526fb8b9e/js/vendor.js:49:13761

JavaScript warning: https://www.marketwatch.com/follow, line 276: Script terminated by timeout at:
p@https://www.marketwatch.com/follow:276:10435
_/<@https://www.marketwatch.com/follow:276:34818

console.warn: LoginRecipes: "Falling back to a synchronous message for: https://sso.int.accounts.dowjones.com."
JavaScript warning: https://www.googletagmanager.com/gtag/js?id=G-GJ5S1GJYKT, line 218: Script terminated by timeout at:
Mc@https://www.googletagmanager.com/gtag/js?id=G-GJ5S1GJYKT:218:394
aA@https://www.googletagmanager.com/gtag/js?id=G-GJ5S1GJYKT:591:482
sA@https://www.googletagmanager.com/gtag/js?id=G-GJ5S1GJYKT:598:163
qA/</<@https://www.googletagmanager.com/gtag/js?id=G-GJ5S1GJYKT:597:187
z@https://www.googletagmanager.com/gtag/js?id=G-GJ5S1GJYKT:199:203
qA/<@https://www.googletagmanager.com/gtag/js?id=G-GJ5S1GJYKT:597:167
z@https://www.googletagmanager.com/gtag/js?id=G-GJ5S1GJYKT:199:203
qA@https://www.googletagmanager.com/gtag/js?id=G-GJ5S1GJYKT:597:134
rA/<@https://www.googletagmanager.com/gtag/js?id=G-GJ5S1GJYKT:597:111

JavaScript error: https://cdn.cxense.com/sp1.html#ver=2.8.80&typ=pgv&rnd=m21hk7igcrxzf83u&sid=9222325317970825873&loc=https%3A%2F%2Fwww.s.dev.marketwatch.com%2Ffollow&new=1&arf=0&ltm=1728455137299&ref=https%3A%2F%2Fsso.int.accounts.dowjones.com%2F&tzo=-330&wsz=1278x497&res=1278x622&dpr=1&col=24&bln=en-US&chs=UTF-8&cks=m21hk7jsqvzu2cfi&ckp=m21hk7igg521vb71&glb=&eid0=e4cefa22ef027cc0132f0c218da37da39cdb3228234af4df969b5c463592e123&eit0=wsj&cp_userState=anon&cp_testGroup=67&cp_env=staging&cp_topDomain=marketwatch.com&cp_template=full&cp_access=free&cp_section=Follow&cp_subsection=mw&cp_cms_name=CAPS&cp_subscriber=registered&cp_edition=naus&cp_bucket=5&cp_ab_bucket=55&cp_pageContentSource=MarketWatch&cp_pageContentType=Follow&cp_pageContentTypeDetai=follow&cp_pageSiteProduct=MW&cp_userTags=BARRONS-SUB&cp_sessionState=ca, line 1: TypeError: cX.loadScript is not a function
JavaScript error: https://d3h0wybtovte4j.cloudfront.net/ugeovhprh.js, line 1: TypeError: URL constructor: null/foo.html?o=u&r=https://sso.int.accounts.dowjones.com/&l=https://www.s.dev.marketwatch.com/follow&aa=NA&ib=false&buster=JKdiUmtxqGBnUdKl is not a valid URL.
1728455150120	Marionette	INFO	Stopped listening on port 57137
Dynamically enable window occlusion 1
