1729687151396	geckodriver	INFO	Listening on 127.0.0.1:64535
1729687154438	mozrunner::runner	INFO	Running command: "C:\\Program Files\\Mozilla Firefox\\firefox.exe" "--marionette" "--remote-debugging-port" "64536" "--remote-allow-hosts" "localhost" "-no-remote" "-profile" "D:\\Users\\sasikumarj\\AppData\\Local\\Temp\\rust_mozprofileZKMMVh"
console.warn: services.settings: Ignoring preference override of remote settings server
console.warn: services.settings: Allow by setting MOZ_REMOTE_SETTINGS_DEVTOOLS=1 in the environment
Dynamically enable window occlusion 0
1729687155089	Marionette	INFO	Marionette enabled
1729687155348	Marionette	INFO	Listening on port 64543
WebDriver BiDi listening on ws://127.0.0.1:64536
Read port: 64543
1729687155487	RemoteAgent	WARN	TLS certificate errors will be ignored for this session
DevTools listening on ws://127.0.0.1:64536/devtools/browser/ed6dd9bb-98c0-432c-a052-16da3df9e5d7
JavaScript error: https://cdn.cxense.com/sp1.html#ver=2.8.81&typ=pgv&rnd=m2lv2q35gvabg5p1&sid=9222325317970825875&loc=https%3A%2F%2Fwww.barrons.com%2F&new=1&arf=0&ltm=1729687159700&ref=&tzo=-330&wsz=1278x497&res=1278x622&dpr=1&col=24&bln=en-US&chs=UTF-8&cks=m2lv2r4tg6xrsb4h&ckp=m2lv2q35dih2f7a2&glb=&cp_userState=anon&cp_testGroup=77&cp_topDomain=barrons.com&cp_access=free&cp_section=US%20Home%20Page%20Weekday&cp_subsection=&cp_cms_name=CAPS&cp_subscriber=nonsubscriber&cp_edition=naus&cp_bucket=5&cp_ab_bucket=75&cp_pageContentSource=Barrons%20Online&cp_pageContentType=Home&cp_pageContentTypeDetai=default&cp_pageSiteProduct=BOL&cp_userTags=&cp_sessionState=none, line 1: TypeError: cX.loadScript is not a function
JavaScript warning: https://cdn.gbqofs.com/sv/b/detector-bootstrap.min.js, line 0: Successfully compiled asm.js code (total compilation time 2ms)
JavaScript warning: https://imasdk.googleapis.com/js/core/bridge3.674.1_en.html#goog_684691848, line 450: Script terminated by timeout at:
cC@https://imasdk.googleapis.com/js/core/bridge3.674.1_en.html#goog_684691848:450:275
fC/this.aa@https://imasdk.googleapis.com/js/core/bridge3.674.1_en.html#goog_684691848:447:342

JavaScript warning: https://pagead2.googlesyndication.com/bg/O8sEcXgCa466l54yXaTCnHuhcM3JDbR5gQBH2mnA7-c.js line 2 > eval line 7154 > eval line 1 > eval line 1 > eval, line 1: WEBGL_debug_renderer_info is deprecated in Firefox and will be removed. Please use RENDERER.
JavaScript warning: https://pagead2.googlesyndication.com/bg/O8sEcXgCa466l54yXaTCnHuhcM3JDbR5gQBH2mnA7-c.js line 2 > eval line 4681 > eval line 1 > eval line 1 > eval, line 1: WEBGL_debug_renderer_info is deprecated in Firefox and will be removed. Please use RENDERER.
JavaScript error: , line 0: TypeError: NetworkError when attempting to fetch resource.
JavaScript error: , line 0: TypeError: NetworkError when attempting to fetch resource.
JavaScript error: , line 0: uncaught exception: undefined
JavaScript warning: https://imasdk.googleapis.com/js/core/bridge3.674.1_en.html#goog_684691849, line 450: Script terminated by timeout at:
cC@https://imasdk.googleapis.com/js/core/bridge3.674.1_en.html#goog_684691849:450:275
fC/this.aa@https://imasdk.googleapis.com/js/core/bridge3.674.1_en.html#goog_684691849:447:342

JavaScript warning: https://gum.criteo.com/syncframe?origin=criteoPrebidAdapter&topUrl=www.barrons.com&us_privacy=1---&gpp=DBAA&gpp_sid=-1#{%22cw%22:true,%22lsw%22:true,%22origin%22:%22criteoPrebidAdapter%22,%22requestId%22:%220.765311694351021%22,%22tld%22:%22www.barrons.com%22,%22topUrl%22:%22www.barrons.com%22,%22version%22:%229_12_0%22}, line 13: Script terminated by timeout at:
r.prototype.flushEventQueue@https://gum.criteo.com/syncframe?origin=criteoPrebidAdapter&topUrl=www.barrons.com&us_privacy=1---&gpp=DBAA&gpp_sid=-1#{%22cw%22:true,%22lsw%22:true,%22origin%22:%22criteoPrebidAdapter%22,%22requestId%22:%220.765311694351021%22,%22tld%22:%22www.barrons.com%22,%22topUrl%22:%22www.barrons.com%22,%22version%22:%229_12_0%22}:13:3137
r/<@https://gum.criteo.com/syncframe?origin=criteoPrebidAdapter&topUrl=www.barrons.com&us_privacy=1---&gpp=DBAA&gpp_sid=-1#{%22cw%22:true,%22lsw%22:true,%22origin%22:%22criteoPrebidAdapter%22,%22requestId%22:%220.765311694351021%22,%22tld%22:%22www.barrons.com%22,%22topUrl%22:%22www.barrons.com%22,%22version%22:%229_12_0%22}:13:3642

console.error: ({})
console.error: ({})
JavaScript warning: https://cdn.gbqofs.com/sv/b/detector-bootstrap.min.js, line 0: Successfully compiled asm.js code (total compilation time 2ms)
JavaScript error: https://cdn.gbqofs.com/sv/b/detector-bootstrap.min.js, line 10: ChunkLoadError: Loading chunk 92 failed.
(error: https://cdn.gbqofs.com/sv/b/detector-lazy.min.js)
JavaScript error: , line 0: AbortError: The operation was aborted. 
JavaScript error: , line 0: TypeError: NetworkError when attempting to fetch resource.
JavaScript warning: https://www.gstatic.com/_/mss/boq-subscribewithgoogle/_/js/k=boq-subscribewithgoogle.SubscribewithgoogleClientUi.en_US.UWDcIBfNPfI.es5.O/am=MBgwAw/d=1/excm=_b,_tp,serviceiframeview/ed=1/dg=0/wt=2/ujg=1/rs=ABXTjI4n5r6d01qrlNES6XxsnIgUg1L34A/m=_b,_tp, line 299: Script terminated by timeout at:
c@https://www.gstatic.com/_/mss/boq-subscribewithgoogle/_/js/k=boq-subscribewithgoogle.SubscribewithgoogleClientUi.en_US.UWDcIBfNPfI.es5.O/am=MBgwAw/d=1/excm=_b,_tp,serviceiframeview/ed=1/dg=0/wt=2/ujg=1/rs=ABXTjI4n5r6d01qrlNES6XxsnIgUg1L34A/m=_b,_tp:299:187
b@https://www.gstatic.com/_/mss/boq-subscribewithgoogle/_/js/k=boq-subscribewithgoogle.SubscribewithgoogleClientUi.en_US.UWDcIBfNPfI.es5.O/am=MBgwAw/d=1/excm=_b,_tp,serviceiframeview/ed=1/dg=0/wt=2/ujg=1/rs=ABXTjI4n5r6d01qrlNES6XxsnIgUg1L34A/m=_b,_tp:290:48

JavaScript error: , line 0: TypeError: NetworkError when attempting to fetch resource.
JavaScript error: https://cdn.cxense.com/sp1.html#ver=2.8.81&typ=pgv&rnd=m2lv38crfjjy4zel&sid=9222325317970825875&loc=https%3A%2F%2Fwww.s.dev.barrons.com%2F&new=0&arf=0&ltm=1729687183389&ref=&tzo=-330&wsz=1278x497&res=1278x622&dpr=1&col=24&bln=en-US&chs=UTF-8&cks=m2lv38erw2k5m2l5&ckp=m2lv2q35dih2f7a2&glb=&amo=1728052320&cp_userState=anon&cp_testGroup=77&cp_env=staging&cp_topDomain=barrons.com&cp_type=&cp_template=preview&cp_access=PAID&cp_section=&cp_subsection=&cp_cms_name=Barron's%20Authoring%20QA&cp_vix=&cp_subscriber=nonsubscriber&cp_edition=naus&cp_bucket=5&cp_ab_bucket=75&cp_pageContentSource=Barron's%20Online&cp_pageContentType=Article&cp_pageContentTypeDetai=STANDARD&cp_pageSiteProduct=BOL&cp_userTags=&cp_sessionState=none, line 1: TypeError: cX.loadScript is not a function
JavaScript error: https://ace.wsj.com/assets-staging/ace/uac.min.js, line 1: TypeError: o is null
JavaScript error: https://ace.wsj.com/assets-staging/ace/uac.min.js, line 1: TypeError: o is null
console.error: ({})
console.error: ({})
JavaScript error: https://instant.page/5.1.0, line 1: SyntaxError: redeclaration of var e
JavaScript error: https://instant.page/5.1.0, line 1: SyntaxError: redeclaration of var e
JavaScript warning: https://pagead2.googlesyndication.com/bg/O8sEcXgCa466l54yXaTCnHuhcM3JDbR5gQBH2mnA7-c.js line 2 > eval line 4475 > eval line 1 > eval line 1 > eval, line 1: WEBGL_debug_renderer_info is deprecated in Firefox and will be removed. Please use RENDERER.
JavaScript warning: https://cdn.gbqofs.com/sv/b/detector-bootstrap.min.js, line 0: Successfully compiled asm.js code (total compilation time 2ms)
JavaScript error: https://cdn.gbqofs.com/sv/b/detector-bootstrap.min.js, line 10: ChunkLoadError: Loading chunk 92 failed.
(error: https://cdn.gbqofs.com/sv/b/detector-lazy.min.js)
JavaScript error: https://www.s.dev.barrons.com/_next/static/chunks/7637-e3e236b9df5b1ed3.js, line 1: TypeError: IntersectionObserver.observe: Argument 1 is not an object.
JavaScript warning: https://static.adsafeprotected.com/main.19.8.544.js, line 1: Script terminated by timeout at:
__IASScope.__IntegralASExec["19.8.544"].initialize/xi/o<@https://static.adsafeprotected.com/main.19.8.544.js:1:232490
__IASScope.__IntegralASExec["19.8.544"].initialize/xi/<@https://static.adsafeprotected.com/main.19.8.544.js:1:232491
xi@https://static.adsafeprotected.com/main.19.8.544.js:1:232702
start@https://static.adsafeprotected.com/main.19.8.544.js:1:231250
__IASScope.__IntegralASExec["19.8.544"].initialize/Pi/start/<@https://static.adsafeprotected.com/main.19.8.544.js:1:231861
__IASScope.__IntegralASExec["19.8.544"].initialize/X.prototype.each@https://static.adsafeprotected.com/main.19.8.544.js:1:25645
start@https://static.adsafeprotected.com/main.19.8.544.js:1:231807
__IASScope.__IntegralASExec["19.8.544"].initialize/W/<@https://static.adsafeprotected.com/main.19.8.544.js:1:20679
__IASScope.__IntegralASExec["19.8.544"].initialize/W/<@https://static.adsafeprotected.com/main.19.8.544.js:1:20692
W@https://static.adsafeprotected.com/main.19.8.544.js:1:20965
q@https://static.adsafeprotected.com/main.19.8.544.js:1:24509
start@https://static.adsafeprotected.com/main.19.8.544.js:1:139944
__IASScope.__IntegralASExec["19.8.544"].initialize/<@https://static.adsafeprotected.com/main.19.8.544.js:1:238874
__IASScope.__IntegralASExec["19.8.544"].initialize@https://static.adsafeprotected.com/main.19.8.544.js:1:238900
timedLoad@https://pixel.adsafeprotected.com/jload?anId=931676&campId=300x250&pubId=4736105989&chanId=305529746&placementId=6811255806&pubCreative=138493860722&pubOrder=3616914902&cb=1304177654&adsafe_par&impId=&custom=1TOP&custom2=&custom3=&custom4=&custom5=:1283:19

JavaScript error: , line 0: TypeError: NetworkError when attempting to fetch resource.
JavaScript error: , line 0: TypeError: NetworkError when attempting to fetch resource.
console.warn: LoginRecipes: "Falling back to a synchronous message for: https://sso.int.accounts.dowjones.com."
console.warn: LoginRecipes: "Falling back to a synchronous message for: https://sso.int.accounts.dowjones.com."
console.warn: LoginRecipes: "Falling back to a synchronous message for: https://sso.int.accounts.dowjones.com."
console.warn: LoginRecipes: "Falling back to a synchronous message for: https://sso.int.accounts.dowjones.com."
JavaScript warning: https://www.googletagmanager.com/gtag/js?id=G-GJ5S1GJYKT, line 374: Script terminated by timeout at:
c@https://www.googletagmanager.com/gtag/js?id=G-GJ5S1GJYKT:374:43
al@https://www.googletagmanager.com/gtag/js?id=G-GJ5S1GJYKT:374:92
Al@https://www.googletagmanager.com/gtag/js?id=G-GJ5S1GJYKT:379:432
ca.Om/<@https://www.googletagmanager.com/gtag/js?id=G-GJ5S1GJYKT:706:475
c@https://www.googletagmanager.com/gtag/js?id=G-GJ5S1GJYKT:516:411
vu@https://www.googletagmanager.com/gtag/js?id=G-GJ5S1GJYKT:517:237
ca.Om@https://www.googletagmanager.com/gtag/js?id=G-GJ5S1GJYKT:706:461
c@https://www.googletagmanager.com/gtag/js?id=G-GJ5S1GJYKT:720:970
Um@https://www.googletagmanager.com/gtag/js?id=G-GJ5S1GJYKT:393:1
Tm.prototype.flush@https://www.googletagmanager.com/gtag/js?id=G-GJ5S1GJYKT:395:336
Tm.prototype.push@https://www.googletagmanager.com/gtag/js?id=G-GJ5S1GJYKT:393:403
Mm@https://www.googletagmanager.com/gtag/js?id=G-GJ5S1GJYKT:390:785
pI/<@https://www.googletagmanager.com/gtag/js?id=G-GJ5S1GJYKT:721:187
ca.Yk/<@https://www.googletagmanager.com/gtag/js?id=G-GJ5S1GJYKT:663:126
ca.Yk/c/<@https://www.googletagmanager.com/gtag/js?id=G-GJ5S1GJYKT:662:420

console.error: ({})
console.error: ({})
JavaScript error: https://instant.page/5.1.0, line 1: SyntaxError: redeclaration of var e
JavaScript error: https://www.s.dev.barrons.com/_next/static/chunks/framework-1093784b1a58324b.js, line 9: Error: Minified React error #418; visit https://reactjs.org/docs/error-decoder.html?invariant=418 for the full message or use the non-minified dev environment for full errors and additional helpful warnings.
JavaScript error: https://www.s.dev.barrons.com/_next/static/chunks/framework-1093784b1a58324b.js, line 9: Error: Minified React error #418; visit https://reactjs.org/docs/error-decoder.html?invariant=418 for the full message or use the non-minified dev environment for full errors and additional helpful warnings.
JavaScript error: https://www.s.dev.barrons.com/_next/static/chunks/framework-1093784b1a58324b.js, line 9: Error: Minified React error #418; visit https://reactjs.org/docs/error-decoder.html?invariant=418 for the full message or use the non-minified dev environment for full errors and additional helpful warnings.
JavaScript error: https://www.s.dev.barrons.com/_next/static/chunks/framework-1093784b1a58324b.js, line 9: Error: Minified React error #418; visit https://reactjs.org/docs/error-decoder.html?invariant=418 for the full message or use the non-minified dev environment for full errors and additional helpful warnings.
JavaScript error: https://www.s.dev.barrons.com/_next/static/chunks/framework-1093784b1a58324b.js, line 9: Error: Minified React error #418; visit https://reactjs.org/docs/error-decoder.html?invariant=418 for the full message or use the non-minified dev environment for full errors and additional helpful warnings.
JavaScript error: https://www.s.dev.barrons.com/_next/static/chunks/framework-1093784b1a58324b.js, line 9: Error: Minified React error #418; visit https://reactjs.org/docs/error-decoder.html?invariant=418 for the full message or use the non-minified dev environment for full errors and additional helpful warnings.
JavaScript error: https://www.s.dev.barrons.com/_next/static/chunks/framework-1093784b1a58324b.js, line 9: Error: Minified React error #418; visit https://reactjs.org/docs/error-decoder.html?invariant=418 for the full message or use the non-minified dev environment for full errors and additional helpful warnings.
JavaScript error: https://www.s.dev.barrons.com/_next/static/chunks/framework-1093784b1a58324b.js, line 9: Error: Minified React error #418; visit https://reactjs.org/docs/error-decoder.html?invariant=418 for the full message or use the non-minified dev environment for full errors and additional helpful warnings.
JavaScript error: https://www.s.dev.barrons.com/_next/static/chunks/framework-1093784b1a58324b.js, line 9: Error: Minified React error #418; visit https://reactjs.org/docs/error-decoder.html?invariant=418 for the full message or use the non-minified dev environment for full errors and additional helpful warnings.
JavaScript error: https://www.s.dev.barrons.com/_next/static/chunks/framework-1093784b1a58324b.js, line 9: Error: Minified React error #423; visit https://reactjs.org/docs/error-decoder.html?invariant=423 for the full message or use the non-minified dev environment for full errors and additional helpful warnings.
JavaScript warning: https://pagead2.googlesyndication.com/bg/O8sEcXgCa466l54yXaTCnHuhcM3JDbR5gQBH2mnA7-c.js line 2 > eval line 7169 > eval line 1 > eval line 1 > eval, line 1: WEBGL_debug_renderer_info is deprecated in Firefox and will be removed. Please use RENDERER.
JavaScript warning: https://pagead2.googlesyndication.com/bg/O8sEcXgCa466l54yXaTCnHuhcM3JDbR5gQBH2mnA7-c.js line 2 > eval line 1761 > eval line 1 > eval line 1 > eval, line 1: WEBGL_debug_renderer_info is deprecated in Firefox and will be removed. Please use RENDERER.
JavaScript warning: https://pagead2.googlesyndication.com/bg/O8sEcXgCa466l54yXaTCnHuhcM3JDbR5gQBH2mnA7-c.js line 2 > eval line 3913 > eval line 1 > eval line 1 > eval, line 1: WEBGL_debug_renderer_info is deprecated in Firefox and will be removed. Please use RENDERER.
JavaScript warning: https://pagead2.googlesyndication.com/bg/O8sEcXgCa466l54yXaTCnHuhcM3JDbR5gQBH2mnA7-c.js line 2 > eval line 114 > eval line 1 > eval line 1 > eval, line 1: WEBGL_debug_renderer_info is deprecated in Firefox and will be removed. Please use RENDERER.
JavaScript warning: https://cdn.gbqofs.com/sv/b/detector-bootstrap.min.js, line 0: Successfully compiled asm.js code (total compilation time 4ms)
JavaScript error: , line 0: TypeError: NetworkError when attempting to fetch resource.
JavaScript warning: https://pagead2.googlesyndication.com/bg/O8sEcXgCa466l54yXaTCnHuhcM3JDbR5gQBH2mnA7-c.js line 2 > eval line 7018 > eval line 1 > eval line 1 > eval, line 1: WEBGL_debug_renderer_info is deprecated in Firefox and will be removed. Please use RENDERER.
1729687232023	Marionette	INFO	Stopped listening on port 64543
JavaScript warning: https://cdn.doubleverify.com/dv-measurements6844.js, line 2: Script terminated by timeout at:
131/e.wrapFunction/<@https://cdn.doubleverify.com/dv-measurements6844.js:2:343198

Dynamically enable window occlusion 1
JavaScript error: , line 0: TypeError: NetworkError when attempting to fetch resource.
JavaScript error: , line 0: TypeError: NetworkError when attempting to fetch resource.
JavaScript error: , line 0: TypeError: NetworkError when attempting to fetch resource.
JavaScript error: , line 0: TypeError: NetworkError when attempting to fetch resource.
