1728408052530	geckodriver	INFO	Listening on 127.0.0.1:55330
1728408055566	mozrunner::runner	INFO	Running command: "C:\\Program Files\\Mozilla Firefox\\firefox.exe" "--marionette" "--remote-debugging-port" "55331" "--remote-allow-hosts" "localhost" "-no-remote" "-profile" "D:\\Users\\sasikumarj\\AppData\\Local\\Temp\\rust_mozprofileDz44QS"
console.warn: services.settings: Ignoring preference override of remote settings server
console.warn: services.settings: Allow by setting MOZ_REMOTE_SETTINGS_DEVTOOLS=1 in the environment
Dynamically enable window occlusion 0
1728408056193	Marionette	INFO	Marionette enabled
1728408056434	Marionette	INFO	Listening on port 55338
WebDriver BiDi listening on ws://127.0.0.1:55331
Read port: 55338
1728408056666	RemoteAgent	WARN	TLS certificate errors will be ignored for this session
DevTools listening on ws://127.0.0.1:55331/devtools/browser/42661ef9-e8be-42cf-9eea-d859d2bcbe28
JavaScript error: https://cdn.cxense.com/sp1.html#ver=2.8.80&typ=pgv&rnd=m20pj8l9rt6yyq9d&sid=1139592114930554183&loc=https%3A%2F%2Fwww.s.dev.fnlondon.com%2F&new=1&arf=0&ltm=1728408062793&ref=&tzo=-330&wsz=1278x497&res=1278x622&dpr=1&col=24&bln=en-US&chs=UTF-8&cks=m20pj98b8uolf03l&ckp=m20pj8laxdecfya8&glb=&cp_userState=anon&cp_testGroup=68&cp_env=staging&cp_topDomain=fnlondon.com&cp_template=full&cp_access=free&cp_section=Home&cp_subsection=&cp_cms_name=CAPS&cp_subscriber=nonsubscriber&cp_edition=europegb&cp_bucket=9&cp_ab_bucket=49&cp_pageContentSource=FN%20London&cp_pageContentType=Home&cp_pageContentTypeDetai=default&cp_pageSiteProduct=FN&cp_userTags=&cp_sessionState=none, line 1: TypeError: cX.loadScript is not a function
JavaScript error: , line 0: TypeError: NetworkError when attempting to fetch resource.
JavaScript warning: https://pagead2.googlesyndication.com/bg/WEoqGYGTldYSfSNCQ9Ugqu-00NFuS6e6WOK2G2Y_zzI.js line 2 > eval line 3092 > eval line 1 > eval line 1 > eval, line 1: WEBGL_debug_renderer_info is deprecated in Firefox and will be removed. Please use RENDERER.
JavaScript error: , line 0: TypeError: NetworkError when attempting to fetch resource.
JavaScript error: https://asset.barrons.com/article/public/fn_full_article.dfb75bf78e25.js, line 62: TypeError: e(...).offset() is undefined
JavaScript warning: https://pagead2.googlesyndication.com/bg/WEoqGYGTldYSfSNCQ9Ugqu-00NFuS6e6WOK2G2Y_zzI.js line 2 > eval line 5073 > eval line 1 > eval line 1 > eval, line 1: WEBGL_debug_renderer_info is deprecated in Firefox and will be removed. Please use RENDERER.
JavaScript error: https://asset.barrons.com/article/public/fn_full_article.dfb75bf78e25.js, line 26: TypeError: e(...).offset() is undefined
JavaScript error: https://asset.barrons.com/article/public/fn_full_article.dfb75bf78e25.js, line 26: TypeError: e(...).offset() is undefined
JavaScript warning: https://static-cdn.spot.im/production/launcher/tags/v3.27.0/launcher/346-bundle.js, line 2: Script terminated by timeout at:
Kl@https://static-cdn.spot.im/production/launcher/tags/v3.27.0/launcher/346-bundle.js:2:132334
Ql@https://static-cdn.spot.im/production/launcher/tags/v3.27.0/launcher/346-bundle.js:2:137633
ws@https://static-cdn.spot.im/production/launcher/tags/v3.27.0/launcher/346-bundle.js:2:158033
bs@https://static-cdn.spot.im/production/launcher/tags/v3.27.0/launcher/346-bundle.js:2:157915
ms@https://static-cdn.spot.im/production/launcher/tags/v3.27.0/launcher/346-bundle.js:2:157784
vs@https://static-cdn.spot.im/production/launcher/tags/v3.27.0/launcher/346-bundle.js:2:157645
as@https://static-cdn.spot.im/production/launcher/tags/v3.27.0/launcher/346-bundle.js:2:152781
S@https://static-cdn.spot.im/production/launcher/tags/v3.27.0/launcher/346-bundle.js:2:218215
L@https://static-cdn.spot.im/production/launcher/tags/v3.27.0/launcher/346-bundle.js:2:218746
YBdB/</h/<@https://asset.barrons.com/article/public/fn_full_article.dfb75bf78e25.js:62:41981
h@https://asset.barrons.com/article/public/fn_full_article.dfb75bf78e25.js:62:42096
u@https://asset.barrons.com/article/public/fn_full_article.dfb75bf78e25.js:62:41454

1728408129593	Marionette	INFO	Stopped listening on port 55338
Dynamically enable window occlusion 1
