1728466113514	geckodriver	INFO	Listening on 127.0.0.1:61526
1728466116555	mozrunner::runner	INFO	Running command: "C:\\Program Files\\Mozilla Firefox\\firefox.exe" "--marionette" "--remote-debugging-port" "61527" "--remote-allow-hosts" "localhost" "-no-remote" "-profile" "D:\\Users\\sasikumarj\\AppData\\Local\\Temp\\rust_mozprofilefMKWiY"
console.warn: services.settings: Ignoring preference override of remote settings server
console.warn: services.settings: Allow by setting MOZ_REMOTE_SETTINGS_DEVTOOLS=1 in the environment
Dynamically enable window occlusion 0
1728466117152	Marionette	INFO	Marionette enabled
1728466117386	Marionette	INFO	Listening on port 61534
WebDriver BiDi listening on ws://127.0.0.1:61527
Read port: 61534
1728466117642	RemoteAgent	WARN	TLS certificate errors will be ignored for this session
DevTools listening on ws://127.0.0.1:61527/devtools/browser/99b73b7a-c00b-4eb2-8831-976fa492fb77
JavaScript error: https://cdn.cxense.com/sp1.html#ver=2.8.80&typ=pgv&rnd=m21o3mz3jnrpruf8&sid=9222325317970825875&loc=https%3A%2F%2Fwww.barrons.com%2F&new=1&arf=0&ltm=1728466121491&ref=&tzo=-330&wsz=1278x497&res=1278x622&dpr=1&col=24&bln=en-US&chs=UTF-8&cks=m21o3o207vpau847&ckp=m21o3mz3n4l6h9an&glb=&cp_userState=anon&cp_testGroup=36&cp_topDomain=barrons.com&cp_access=free&cp_section=US%20Home%20Page%20Weekday&cp_subsection=&cp_cms_name=CAPS&cp_subscriber=nonsubscriber&cp_edition=naus&cp_bucket=0&cp_ab_bucket=30&cp_pageContentSource=Barrons%20Online&cp_pageContentType=Home&cp_pageContentTypeDetai=default&cp_pageSiteProduct=BOL&cp_userTags=&cp_sessionState=none, line 1: TypeError: cX.loadScript is not a function
JavaScript error: https://asset.barrons.com/fp/assets/webpack4/runtime.9e37bf9b1d9ed2.js, line 1: ChunkLoadError: Loading chunk 877 failed.
(error: https://asset.barrons.com/fp/assets/webpack4/877.4e5d331222ef02.js)
JavaScript error: https://asset.barrons.com/fp/assets/webpack4/runtime.9e37bf9b1d9ed2.js, line 1: ChunkLoadError: Loading chunk 877 failed.
(error: https://asset.barrons.com/fp/assets/webpack4/877.4e5d331222ef02.js)
JavaScript error: https://asset.barrons.com/fp/assets/webpack4/runtime.9e37bf9b1d9ed2.js, line 1: ChunkLoadError: Loading chunk 877 failed.
(error: https://asset.barrons.com/fp/assets/webpack4/877.4e5d331222ef02.js)
JavaScript error: https://asset.barrons.com/fp/assets/webpack4/runtime.9e37bf9b1d9ed2.js, line 1: ChunkLoadError: Loading chunk 877 failed.
(error: https://asset.barrons.com/fp/assets/webpack4/877.4e5d331222ef02.js)
JavaScript error: , line 0: TypeError: NetworkError when attempting to fetch resource.
JavaScript error: , line 0: TypeError: NetworkError when attempting to fetch resource.
JavaScript error: , line 0: TypeError: NetworkError when attempting to fetch resource.
JavaScript error: , line 0: TypeError: NetworkError when attempting to fetch resource.
JavaScript error: , line 0: TypeError: NetworkError when attempting to fetch resource.
JavaScript error: , line 0: TypeError: NetworkError when attempting to fetch resource.
JavaScript error: , line 0: TypeError: NetworkError when attempting to fetch resource.
JavaScript error: , line 0: TypeError: NetworkError when attempting to fetch resource.
JavaScript error: , line 0: TypeError: NetworkError when attempting to fetch resource.
JavaScript error: , line 0: TypeError: NetworkError when attempting to fetch resource.
JavaScript error: , line 0: TypeError: NetworkError when attempting to fetch resource.
JavaScript error: , line 0: TypeError: NetworkError when attempting to fetch resource.
JavaScript error: , line 0: TypeError: NetworkError when attempting to fetch resource.
JavaScript error: , line 0: TypeError: NetworkError when attempting to fetch resource.
JavaScript error: , line 0: TypeError: NetworkError when attempting to fetch resource.
JavaScript error: , line 0: TypeError: NetworkError when attempting to fetch resource.
JavaScript error: , line 0: TypeError: NetworkError when attempting to fetch resource.
JavaScript error: , line 0: TypeError: NetworkError when attempting to fetch resource.
JavaScript error: , line 0: TypeError: NetworkError when attempting to fetch resource.
JavaScript error: , line 0: TypeError: NetworkError when attempting to fetch resource.
JavaScript error: https://www.barrons.com/asset/dj-watchlist/v1.11.0/p-8e3b6675.entry.js, line 11: TypeError: Error.captureStackTrace is not a function
console.error: ({})
console.error: ({})
JavaScript error: https://cdn.cxense.com/sp1.html#ver=2.8.80&typ=pgv&rnd=m21o3rlw7k44vg8m&sid=9222325317970825875&loc=https%3A%2F%2Fwww.s.dev.barrons.com%2Farticles%2Fbuy-under-armour-stock-pick-51650672000&new=0&arf=0&ltm=1728466127497&ref=&tzo=-330&wsz=1278x497&res=1278x622&dpr=1&col=24&bln=en-US&chs=UTF-8&cks=m21o3rn8hyda7rt6&ckp=m21o3mz3n4l6h9an&glb=&amo=1720048200&cp_userState=anon&cp_testGroup=36&cp_topDomain=barrons.com&cp_pwTag=default&cp_pwPlacement=cx-snippetad&cp_pwCampaign=10&cp_pwType=personalized&cp_type=Retail&cp_template=preview&cp_access=paid&cp_section=Retail&cp_subsection=Sizing%20Up%20Small-Caps&cp_cms_name=Methode&cp_vix=&cp_subscriber=nonsubscriber&cp_edition=naus&cp_bucket=0&cp_ab_bucket=30&cp_pageContentSource=Barrons%20Online&cp_pageContentType=Article&cp_pageContentTypeDetai=continuous&cp_pageSiteProduct=BOL&cp_userTags=&cp_sessionState=none, line 1: TypeError: cX.loadScript is not a function
JavaScript warning: https://cdn.gbqofs.com/sv/b/detector-bootstrap.min.js, line 0: Successfully compiled asm.js code (total compilation time 3ms)
JavaScript warning: https://pagead2.googlesyndication.com/bg/OPjMWwJBtReHhWwOPXWsCqm1x5VpbT9SkyMWV37nL8g.js line 2 > eval line 508 > eval line 1 > eval line 1 > eval, line 1: WEBGL_debug_renderer_info is deprecated in Firefox and will be removed. Please use RENDERER.
JavaScript error: , line 0: TypeError: NetworkError when attempting to fetch resource.
JavaScript error: , line 0: TypeError: NetworkError when attempting to fetch resource.
JavaScript error: , line 0: TypeError: NetworkError when attempting to fetch resource.
JavaScript error: , line 0: TypeError: NetworkError when attempting to fetch resource.
JavaScript warning: https://pagead2.googlesyndication.com/pagead/managed/js/activeview/current/ufs_web_display.js, line 48: Script terminated by timeout at:
Sa@https://pagead2.googlesyndication.com/pagead/managed/js/activeview/current/ufs_web_display.js:48:534
Ta@https://pagead2.googlesyndication.com/pagead/managed/js/activeview/current/ufs_web_display.js:48:436
ph/c/</<@https://pagead2.googlesyndication.com/pagead/managed/js/activeview/current/ufs_web_display.js:139:292
sc.prototype.next@https://pagead2.googlesyndication.com/pagead/managed/js/activeview/current/ufs_web_display.js:81:218
n.rd@https://pagead2.googlesyndication.com/pagead/managed/js/activeview/current/ufs_web_display.js:80:756
n.next@https://pagead2.googlesyndication.com/pagead/managed/js/activeview/current/ufs_web_display.js:80:523
R/</<@https://pagead2.googlesyndication.com/pagead/managed/js/activeview/current/ufs_web_display.js:102:1458
M/this.rd@https://pagead2.googlesyndication.com/pagead/managed/js/activeview/current/ufs_web_display.js:91:888
n.next@https://pagead2.googlesyndication.com/pagead/managed/js/activeview/current/ufs_web_display.js:80:523
O/</<@https://pagead2.googlesyndication.com/pagead/managed/js/activeview/current/ufs_web_display.js:92:471
M/this.rd@https://pagead2.googlesyndication.com/pagead/managed/js/activeview/current/ufs_web_display.js:91:888
n.next@https://pagead2.googlesyndication.com/pagead/managed/js/activeview/current/ufs_web_display.js:80:523
R/</<@https://pagead2.googlesyndication.com/pagead/managed/js/activeview/current/ufs_web_display.js:102:1458
M/this.rd@https://pagead2.googlesyndication.com/pagead/managed/js/activeview/current/ufs_web_display.js:91:888
n.next@https://pagead2.googlesyndication.com/pagead/managed/js/activeview/current/ufs_web_display.js:80:523
O/</<@https://pagead2.googlesyndication.com/pagead/managed/js/activeview/current/ufs_web_display.js:92:471
M/this.rd@https://pagead2.googlesyndication.com/pagead/managed/js/activeview/current/ufs_web_display.js:91:888
n.next@https://pagead2.googlesyndication.com/pagead/managed/js/activeview/current/ufs_web_display.js:80:523
lg/</</</<@https://pagead2.googlesyndication.com/pagead/managed/js/activeview/current/ufs_web_display.js:122:516
Qa.prototype.Nb/<@https://pagead2.googlesyndication.com/pagead/managed/js/activeview/current/ufs_web_display.js:48:315
lg/</</<@https://pagead2.googlesyndication.com/pagead/managed/js/activeview/current/ufs_web_display.js:122:525
sc.prototype.next@https://pagead2.googlesyndication.com/pagead/managed/js/activeview/current/ufs_web_display.js:81:218
n.rd@https://pagead2.googlesyndication.com/pagead/managed/js/activeview/current/ufs_web_display.js:80:756
n.next@https://pagead2.googlesyndication.com/pagead/managed/js/activeview/current/ufs_web_display.js:80:523
xd/k/<@https://pagead2.googlesyndication.com/pagead/managed/js/activeview/current/ufs_web_display.js:93:510
M/this.rd@https://pagead2.googlesyndication.com/pagead/managed/js/activeview/current/ufs_web_display.js:91:888
n.next@https://pagead2.googlesyndication.com/pagead/managed/js/activeview/current/ufs_web_display.js:80:523
h@https://pagead2.googlesyndication.com/pagead/managed/js/activeview/current/ufs_web_display.js:94:477

1728466205069	Marionette	INFO	Stopped listening on port 61534
Dynamically enable window occlusion 1
JavaScript error: , line 0: TypeError: NetworkError when attempting to fetch resource.
JavaScript error: , line 0: TypeError: NetworkError when attempting to fetch resource.
