1728058932403	geckodriver	INFO	Listening on 127.0.0.1:58750
1728058935435	mozrunner::runner	INFO	Running command: "C:\\Program Files\\Mozilla Firefox\\firefox.exe" "--marionette" "--remote-debugging-port" "58751" "--remote-allow-hosts" "localhost" "-no-remote" "-profile" "D:\\Users\\sasikumarj\\AppData\\Local\\Temp\\rust_mozprofileKu8VVy"
console.warn: services.settings: Ignoring preference override of remote settings server
console.warn: services.settings: Allow by setting MOZ_REMOTE_SETTINGS_DEVTOOLS=1 in the environment
Dynamically enable window occlusion 0
1728058936203	Marionette	INFO	Marionette enabled
1728058936484	Marionette	INFO	Listening on port 58765
WebDriver BiDi listening on ws://127.0.0.1:58751
Read port: 58765
1728058936802	RemoteAgent	WARN	TLS certificate errors will be ignored for this session
DevTools listening on ws://127.0.0.1:58751/devtools/browser/7f4ba4b8-c77c-4bbe-af74-34c00c080295
JavaScript warning: https://pbc.marketwatch.com/p/dj/marketwatch/pb.js, line 7: Script terminated by timeout at:
A@https://pbc.marketwatch.com/p/dj/marketwatch/pb.js:7:144
E@https://pbc.marketwatch.com/p/dj/marketwatch/pb.js:41:8067
isBidRequestValid@https://pbc.marketwatch.com/p/dj/marketwatch/pb.js:41:4510
7377/C/callBids/C</</<@https://pbc.marketwatch.com/p/dj/marketwatch/pb.js:14:23553
7377/C/callBids/C</<@https://pbc.marketwatch.com/p/dj/marketwatch/pb.js:14:23663
7377/C/callBids/C<@https://pbc.marketwatch.com/p/dj/marketwatch/pb.js:14:23524
6894/d/<@https://pbc.marketwatch.com/p/dj/marketwatch/pb.js:14:133600
measureTime@https://pbc.marketwatch.com/p/dj/marketwatch/pb.js:14:132555
callBids@https://pbc.marketwatch.com/p/dj/marketwatch/pb.js:14:23489
I@https://pbc.marketwatch.com/p/dj/marketwatch/pb.js:14:56030
1445/R.callBids/<@https://pbc.marketwatch.com/p/dj/marketwatch/pb.js:14:18002
1445/R.callBids@https://pbc.marketwatch.com/p/dj/marketwatch/pb.js:14:17741
run@https://pbc.marketwatch.com/p/dj/marketwatch/pb.js:14:40753
a@https://pbc.marketwatch.com/p/dj/marketwatch/pb.js:14:41218
ce@https://pbc.marketwatch.com/p/dj/marketwatch/pb.js:14:41271
6881/V<@https://pbc.marketwatch.com/p/dj/marketwatch/pb.js:14:42775
callBids@https://pbc.marketwatch.com/p/dj/marketwatch/pb.js:14:41884
9671/te<@https://pbc.marketwatch.com/p/dj/marketwatch/pb.js:14:97098
8128/u/h/</y/o[n]@https://pbc.marketwatch.com/p/dj/marketwatch/pb.js:13:3129
p@https://pbc.marketwatch.com/p/dj/marketwatch/pb.js:13:2982
6894/d/<@https://pbc.marketwatch.com/p/dj/marketwatch/pb.js:14:133600
8178/i</<@https://pbc.marketwatch.com/p/dj/marketwatch/pb.js:42:695
s@https://pbc.marketwatch.com/p/dj/marketwatch/pb.js:14:135602
5555/then/<@https://pbc.marketwatch.com/p/dj/marketwatch/pb.js:14:135652
o@https://pbc.marketwatch.com/p/dj/marketwatch/pb.js:14:135417
then@https://pbc.marketwatch.com/p/dj/marketwatch/pb.js:14:135490
8178/i<@https://pbc.marketwatch.com/p/dj/marketwatch/pb.js:42:649
6894/h/</</<@https://pbc.marketwatch.com/p/dj/marketwatch/pb.js:14:134874
measureHookTime@https://pbc.marketwatch.com/p/dj/marketwatch/pb.js:14:132611
6894/h/</<@https://pbc.marketwatch.com/p/dj/marketwatch/pb.js:14:134830
p@https://pbc.marketwatch.com/p/dj/marketwatch/pb.js:13:2982
6894/d/<@https://pbc.marketwatch.com/p/dj/marketwatch/pb.js:14:133600
f@https://pbc.marketwatch.com/p/dj/marketwatch/pb.js:70:1528
nrWrapper@https://www.marketwatch.com/:358:17810

console.warn: LoginRecipes: "Falling back to a synchronous message for: https://sso.accounts.dowjones.com."
console.warn: LoginRecipes: "Falling back to a synchronous message for: https://sso.accounts.dowjones.com."
console.warn: LoginRecipes: "Falling back to a synchronous message for: https://sso.accounts.dowjones.com."
console.warn: LoginRecipes: "Falling back to a synchronous message for: https://sso.accounts.dowjones.com."
JavaScript warning: https://sso.accounts.dowjones.com/one_identity_login_pages/login/0905e7365768f8c947bfb0c526fb8b9e/js/vendor.js, line 51: Script terminated by timeout at:
BE@https://sso.accounts.dowjones.com/one_identity_login_pages/login/0905e7365768f8c947bfb0c526fb8b9e/js/vendor.js:51:4468
b@https://sso.accounts.dowjones.com/one_identity_login_pages/login/0905e7365768f8c947bfb0c526fb8b9e/js/vendor.js:49:13761

JavaScript error: https://cdn.cxense.com/sp1.html#ver=2.8.80&typ=pgv&rnd=m1uxove493q6v0oz&sid=9222325317970825873&loc=https%3A%2F%2Fwww.marketwatch.com%2Ffollow&new=1&arf=0&ltm=1728058965488&ref=https%3A%2F%2Fsso.accounts.dowjones.com%2F&tzo=-330&wsz=1278x497&res=1278x622&dpr=1&col=24&bln=en-US&chs=UTF-8&cks=m1uxovjdpzb378qo&ckp=m1uxove4o9qmq862&glb=&eid0=e4cefa22ef027cc0132f0c218da37da39cdb3228234af4df969b5c463592e123&eit0=wsj&cp_userState=anon&cp_testGroup=94&cp_topDomain=marketwatch.com&cp_template=full&cp_access=free&cp_section=Follow&cp_subsection=mw&cp_cms_name=CAPS&cp_subscriber=registered&cp_edition=naus&cp_bucket=5&cp_ab_bucket=15&cp_pageContentSource=MarketWatch&cp_pageContentType=Follow&cp_pageContentTypeDetai=follow&cp_pageSiteProduct=MW&cp_userTags=&cp_sessionState=ca, line 1: TypeError: cX.loadScript is not a function
1728059014747	Marionette	INFO	Stopped listening on port 58765
JavaScript warning: https://www.marketwatch.com/newsletters?mod=followUI, line 193: Script terminated by timeout at:
nrWrapper@https://www.marketwatch.com/newsletters?mod=followUI:193:17660

Dynamically enable window occlusion 1
