1729770455153	geckodriver	INFO	Listening on 127.0.0.1:65202
1729770458179	mozrunner::runner	INFO	Running command: "C:\\Program Files\\Mozilla Firefox\\firefox.exe" "--marionette" "--remote-debugging-port" "65203" "--remote-allow-hosts" "localhost" "-no-remote" "-profile" "D:\\Users\\sasikumarj\\AppData\\Local\\Temp\\rust_mozprofilesYgrzo"
console.warn: services.settings: Ignoring preference override of remote settings server
console.warn: services.settings: Allow by setting MOZ_REMOTE_SETTINGS_DEVTOOLS=1 in the environment
Dynamically enable window occlusion 0
1729770458860	Marionette	INFO	Marionette enabled
1729770459133	Marionette	INFO	Listening on port 65212
Read port: 65212
WebDriver BiDi listening on ws://127.0.0.1:65203
1729770459282	RemoteAgent	WARN	TLS certificate errors will be ignored for this session
DevTools listening on ws://127.0.0.1:65203/devtools/browser/b69c2f49-6d25-4496-8217-423e5ad0530d
JavaScript error: https://cdn.cxense.com/sp1.html#ver=2.8.82&typ=pgv&rnd=m2n8o7tecjavo9x2&sid=9222325317970825875&loc=https%3A%2F%2Fwww.barrons.com%2F&new=1&arf=0&ltm=1729770463638&ref=&tzo=-330&wsz=1278x497&res=1278x622&dpr=1&col=24&bln=en-US&chs=UTF-8&cks=m2n8o91scd9r37ac&ckp=m2n8o7te13lthrzd&glb=&cp_userState=anon&cp_testGroup=66&cp_topDomain=barrons.com&cp_access=free&cp_section=US%20Home%20Page%20Weekday&cp_subsection=&cp_cms_name=CAPS&cp_subscriber=nonsubscriber&cp_edition=naus&cp_bucket=1&cp_ab_bucket=21&cp_pageContentSource=Barrons%20Online&cp_pageContentType=Home&cp_pageContentTypeDetai=default&cp_pageSiteProduct=BOL&cp_userTags=&cp_sessionState=none, line 1: TypeError: cX.loadScript is not a function
JavaScript error: https://asset.barrons.com/fp/assets/webpack4/runtime.854e2b45bc2e8d.js, line 1: ChunkLoadError: Loading chunk 877 failed.
(error: https://asset.barrons.com/fp/assets/webpack4/877.4e5d331222ef02.js)
JavaScript error: https://asset.barrons.com/fp/assets/webpack4/runtime.854e2b45bc2e8d.js, line 1: ChunkLoadError: Loading chunk 877 failed.
(error: https://asset.barrons.com/fp/assets/webpack4/877.4e5d331222ef02.js)
JavaScript error: https://asset.barrons.com/fp/assets/webpack4/runtime.854e2b45bc2e8d.js, line 1: ChunkLoadError: Loading chunk 877 failed.
(error: https://asset.barrons.com/fp/assets/webpack4/877.4e5d331222ef02.js)
JavaScript error: https://asset.barrons.com/fp/assets/webpack4/runtime.854e2b45bc2e8d.js, line 1: ChunkLoadError: Loading chunk 877 failed.
(error: https://asset.barrons.com/fp/assets/webpack4/877.4e5d331222ef02.js)
JavaScript error: , line 0: TypeError: NetworkError when attempting to fetch resource.
JavaScript error: , line 0: TypeError: NetworkError when attempting to fetch resource.
JavaScript error: , line 0: TypeError: NetworkError when attempting to fetch resource.
JavaScript error: , line 0: TypeError: NetworkError when attempting to fetch resource.
JavaScript error: , line 0: TypeError: NetworkError when attempting to fetch resource.
JavaScript error: , line 0: TypeError: NetworkError when attempting to fetch resource.
JavaScript error: , line 0: TypeError: NetworkError when attempting to fetch resource.
JavaScript error: , line 0: TypeError: NetworkError when attempting to fetch resource.
JavaScript error: , line 0: TypeError: NetworkError when attempting to fetch resource.
JavaScript error: , line 0: TypeError: NetworkError when attempting to fetch resource.
JavaScript error: , line 0: TypeError: NetworkError when attempting to fetch resource.
JavaScript error: , line 0: TypeError: NetworkError when attempting to fetch resource.
JavaScript error: , line 0: TypeError: NetworkError when attempting to fetch resource.
JavaScript error: , line 0: TypeError: NetworkError when attempting to fetch resource.
JavaScript error: , line 0: TypeError: NetworkError when attempting to fetch resource.
JavaScript error: , line 0: TypeError: NetworkError when attempting to fetch resource.
JavaScript error: , line 0: TypeError: NetworkError when attempting to fetch resource.
JavaScript error: , line 0: TypeError: NetworkError when attempting to fetch resource.
JavaScript error: , line 0: TypeError: NetworkError when attempting to fetch resource.
JavaScript error: , line 0: TypeError: NetworkError when attempting to fetch resource.
JavaScript error: https://www.barrons.com/asset/dj-watchlist/v1.11.0/p-8e3b6675.entry.js, line 11: TypeError: Error.captureStackTrace is not a function
console.error: ({})
console.error: ({})
JavaScript warning: https://cdn.gbqofs.com/sv/b/detector-bootstrap.min.js, line 0: Successfully compiled asm.js code (total compilation time 3ms)
JavaScript error: https://cdn.cxense.com/sp1.html#ver=2.8.82&typ=pgv&rnd=m2n8oesy1eawsapk&sid=9222325317970825875&loc=https%3A%2F%2Fwww.s.dev.barrons.com%2Farticles%2Fbuy-under-armour-stock-pick-51650672000&new=0&arf=0&ltm=1729770472696&ref=&tzo=-330&wsz=1278x497&res=1278x622&dpr=1&col=24&bln=en-US&chs=UTF-8&cks=m2n8oeuhlrztihx1&ckp=m2n8o7te13lthrzd&glb=&amo=1720048200&cp_userState=anon&cp_testGroup=66&cp_env=staging&cp_topDomain=barrons.com&cp_pwTag=default&cp_pwPlacement=cx-snippetad&cp_pwCampaign=10&cp_pwType=personalized&cp_type=Retail&cp_template=preview&cp_access=PAID&cp_section=Retail&cp_subsection=Sizing%20Up%20Small-Caps&cp_cms_name=Methode&cp_vix=&cp_subscriber=nonsubscriber&cp_edition=naus&cp_bucket=1&cp_ab_bucket=21&cp_pageContentSource=Barron's%20Online&cp_pageContentType=Article&cp_pageContentTypeDetai=STANDARD&cp_pageSiteProduct=BOL&cp_userTags=&cp_sessionState=none, line 1: TypeError: cX.loadScript is not a function
JavaScript warning: https://pagead2.googlesyndication.com/bg/j4vaIyDci7VQAjTQxVFU9Ni_FcKTEuDFjqUx7u6VMZk.js line 2 > eval line 6624 > eval line 1 > eval line 1 > eval, line 1: WEBGL_debug_renderer_info is deprecated in Firefox and will be removed. Please use RENDERER.
JavaScript error: , line 0: TypeError: NetworkError when attempting to fetch resource.
JavaScript error: , line 0: TypeError: NetworkError when attempting to fetch resource.
1729770543916	Marionette	WARN	Ignoring event 'pageshow' because document has an invalid readyState of 'uninitialized'.
Exiting due to channel error.
Exiting due to channel error.
