1727690750318	geckodriver	INFO	Listening on 127.0.0.1:52651
1727690753725	mozrunner::runner	INFO	Running command: "C:\\Program Files\\Mozilla Firefox\\firefox.exe" "--marionette" "--remote-debugging-port" "52652" "--remote-allow-hosts" "localhost" "-no-remote" "-profile" "D:\\Users\\sasikumarj\\AppData\\Local\\Temp\\rust_mozprofilenz6ohj"
console.warn: services.settings: Ignoring preference override of remote settings server
console.warn: services.settings: Allow by setting MOZ_REMOTE_SETTINGS_DEVTOOLS=1 in the environment
Dynamically enable window occlusion 0
1727690754970	Marionette	INFO	Marionette enabled
1727690755319	Marionette	INFO	Listening on port 64272
WebDriver BiDi listening on ws://127.0.0.1:52652
Read port: 64272
1727690755618	RemoteAgent	WARN	TLS certificate errors will be ignored for this session
DevTools listening on ws://127.0.0.1:52652/devtools/browser/ede99f2d-20bd-434e-8cdd-1c08191948e8
JavaScript error: https://cdn.cxense.com/sp1.html#ver=2.8.80&typ=pgv&rnd=m1ouh1yjoogv9uj3&sid=9222325317970825875&loc=https%3A%2F%2Fwww.s.dev.barrons.com%2F&new=1&arf=0&ltm=1727690764850&ref=&tzo=-330&wsz=1280x595&res=1280x720&dpr=1&col=24&bln=en-US&chs=UTF-8&cks=m1ouh25q3tmscrwz&ckp=m1ouh1yjn0cmbrnu&glb=&amo=1726570740&cp_userState=anon&cp_testGroup=85&cp_env=staging&cp_topDomain=barrons.com&cp_pwTag=default&cp_pwPlacement=cx-snippetad&cp_pwCampaign=10&cp_pwType=personalized&cp_type=&cp_template=preview&cp_access=paid&cp_section=&cp_subsection=&cp_cms_name=Barron's%20Authoring%20QA&cp_vix=&cp_subscriber=nonsubscriber&cp_edition=naus&cp_bucket=2&cp_ab_bucket=62&cp_pageContentSource=Barrons%20Online&cp_pageContentType=Article&cp_pageContentTypeDetai=continuous&cp_pageSiteProduct=BOL&cp_userTags=&cp_sessionState=none, line 1: TypeError: cX.loadScript is not a function
console.error: ({})
console.error: ({})
JavaScript error: https://ace.wsj.com/assets-staging/ace/uac.min.js, line 1: TypeError: o is null
JavaScript error: https://ace.wsj.com/assets-staging/ace/uac.min.js, line 1: TypeError: o is null
JavaScript error: https://ace.wsj.com/assets-staging/ace/uac.min.js, line 1: TypeError: o is null
JavaScript error: https://ace.wsj.com/assets-staging/ace/uac.min.js, line 1: TypeError: o is null
JavaScript error: https://ace.wsj.com/assets-staging/ace/uac.min.js, line 1: TypeError: o is null
JavaScript error: https://ace.wsj.com/assets-staging/ace/uac.min.js, line 1: TypeError: o is null
JavaScript error: , line 0: TypeError: NetworkError when attempting to fetch resource.
JavaScript error: https://www.s.dev.barrons.com/__CDN_PLACEHOLDER__/runtime.0cf81409bc89aa.js, line 1: ChunkLoadError: Loading chunk 877 failed.
(error: https://www.s.dev.barrons.com/__CDN_PLACEHOLDER__/877.4e5d331222ef02.js)
JavaScript error: https://www.s.dev.barrons.com/__CDN_PLACEHOLDER__/runtime.0cf81409bc89aa.js, line 1: ChunkLoadError: Loading chunk 877 failed.
(error: https://www.s.dev.barrons.com/__CDN_PLACEHOLDER__/877.4e5d331222ef02.js)
JavaScript error: https://www.s.dev.barrons.com/__CDN_PLACEHOLDER__/runtime.0cf81409bc89aa.js, line 1: ChunkLoadError: Loading chunk 877 failed.
(error: https://www.s.dev.barrons.com/__CDN_PLACEHOLDER__/877.4e5d331222ef02.js)
JavaScript error: https://www.s.dev.barrons.com/__CDN_PLACEHOLDER__/runtime.0cf81409bc89aa.js, line 1: ChunkLoadError: Loading chunk 877 failed.
(error: https://www.s.dev.barrons.com/__CDN_PLACEHOLDER__/877.4e5d331222ef02.js)
JavaScript error: , line 0: TypeError: NetworkError when attempting to fetch resource.
JavaScript error: , line 0: TypeError: NetworkError when attempting to fetch resource.
JavaScript error: , line 0: TypeError: NetworkError when attempting to fetch resource.
JavaScript error: , line 0: TypeError: NetworkError when attempting to fetch resource.
JavaScript error: , line 0: TypeError: NetworkError when attempting to fetch resource.
JavaScript error: , line 0: TypeError: NetworkError when attempting to fetch resource.
JavaScript error: , line 0: TypeError: NetworkError when attempting to fetch resource.
JavaScript error: , line 0: TypeError: NetworkError when attempting to fetch resource.
JavaScript error: , line 0: TypeError: NetworkError when attempting to fetch resource.
JavaScript error: , line 0: TypeError: NetworkError when attempting to fetch resource.
JavaScript error: , line 0: TypeError: NetworkError when attempting to fetch resource.
JavaScript error: , line 0: TypeError: NetworkError when attempting to fetch resource.
JavaScript error: , line 0: TypeError: NetworkError when attempting to fetch resource.
JavaScript error: , line 0: TypeError: NetworkError when attempting to fetch resource.
JavaScript error: , line 0: TypeError: NetworkError when attempting to fetch resource.
JavaScript error: , line 0: TypeError: NetworkError when attempting to fetch resource.
JavaScript error: , line 0: TypeError: NetworkError when attempting to fetch resource.
JavaScript error: , line 0: TypeError: NetworkError when attempting to fetch resource.
JavaScript error: , line 0: TypeError: NetworkError when attempting to fetch resource.
JavaScript error: , line 0: TypeError: NetworkError when attempting to fetch resource.
JavaScript error: , line 0: TypeError: NetworkError when attempting to fetch resource.
JavaScript error: , line 0: TypeError: NetworkError when attempting to fetch resource.
JavaScript error: https://djcs-multi-region-assets-ohio.s3.us-east-2.amazonaws.com/dj-watchlist/asset/dj-watchlist/qa/v1.12.0-beta.85/p-c4e7c817.entry.js, line 11: TypeError: Error.captureStackTrace is not a function
JavaScript error: https://ace.wsj.com/assets-staging/ace/uac.min.js, line 1: TypeError: o is null
JavaScript error: https://ace.wsj.com/assets-staging/ace/uac.min.js, line 1: TypeError: o is null
JavaScript error: https://ace.wsj.com/assets-staging/ace/uac.min.js, line 1: TypeError: o is null
JavaScript error: https://ace.wsj.com/assets-staging/ace/uac.min.js, line 1: TypeError: o is null
JavaScript error: https://ace.wsj.com/assets-staging/ace/uac.min.js, line 1: TypeError: o is null
JavaScript error: https://ace.wsj.com/assets-staging/ace/uac.min.js, line 1: TypeError: o is null
JavaScript warning: https://cdn.gbqofs.com/sv/b/detector-bootstrap.min.js, line 0: Successfully compiled asm.js code (total compilation time 2ms)
JavaScript warning: https://www.gstatic.com/_/mss/boq-subscribewithgoogle/_/js/k=boq-subscribewithgoogle.SubscribewithgoogleClientUi.en_US.0eXORzFfzfU.es5.O/am=AMGAGQ/d=1/excm=_b,_tp,serviceiframeview/ed=1/dg=0/wt=2/ujg=1/rs=ABXTjI4LpzYUKp_ZcvThenLf86tdLtnqaQ/m=_b,_tp, line 286: Script terminated by timeout at:
c@https://www.gstatic.com/_/mss/boq-subscribewithgoogle/_/js/k=boq-subscribewithgoogle.SubscribewithgoogleClientUi.en_US.0eXORzFfzfU.es5.O/am=AMGAGQ/d=1/excm=_b,_tp,serviceiframeview/ed=1/dg=0/wt=2/ujg=1/rs=ABXTjI4LpzYUKp_ZcvThenLf86tdLtnqaQ/m=_b,_tp:286:187
b@https://www.gstatic.com/_/mss/boq-subscribewithgoogle/_/js/k=boq-subscribewithgoogle.SubscribewithgoogleClientUi.en_US.0eXORzFfzfU.es5.O/am=AMGAGQ/d=1/excm=_b,_tp,serviceiframeview/ed=1/dg=0/wt=2/ujg=1/rs=ABXTjI4LpzYUKp_ZcvThenLf86tdLtnqaQ/m=_b,_tp:277:48

JavaScript warning: https://cdn.gbqofs.com/sv/b/detector-bootstrap.min.js, line 0: Successfully compiled asm.js code (total compilation time 5ms)
JavaScript error: https://cdn.gbqofs.com/sv/b/detector-bootstrap.min.js, line 10: Error: Piano SDK is loaded twice on same page. Try to fix that to prevent the message.
1727690777364	Marionette	INFO	Stopped listening on port 64272
JavaScript warning: https://djcs-multi-region-assets-ohio.s3.us-east-2.amazonaws.com/dj-watchlist/asset/dj-watchlist/qa/v1.12.0-beta.85/p-c4e7c817.entry.js, line 37: Script terminated by timeout at:
t@https://djcs-multi-region-assets-ohio.s3.us-east-2.amazonaws.com/dj-watchlist/asset/dj-watchlist/qa/v1.12.0-beta.85/p-c4e7c817.entry.js:37:923
n@https://djcs-multi-region-assets-ohio.s3.us-east-2.amazonaws.com/dj-watchlist/asset/dj-watchlist/qa/v1.12.0-beta.85/p-c4e7c817.entry.js:45:14733
En/Cn.signalR.prototype.stop@https://djcs-multi-region-assets-ohio.s3.us-east-2.amazonaws.com/dj-watchlist/asset/dj-watchlist/qa/v1.12.0-beta.85/p-c4e7c817.entry.js:45:42502
n/n/</</<@https://djcs-multi-region-assets-ohio.s3.us-east-2.amazonaws.com/dj-watchlist/asset/dj-watchlist/qa/v1.12.0-beta.85/p-c4e7c817.entry.js:45:10631

Dynamically enable window occlusion 1
JavaScript error: , line 0: TypeError: NetworkError when attempting to fetch resource.
