1728420261994	geckodriver	INFO	Listening on 127.0.0.1:52340
1728420265019	mozrunner::runner	INFO	Running command: "C:\\Program Files\\Mozilla Firefox\\firefox.exe" "--marionette" "--remote-debugging-port" "52341" "--remote-allow-hosts" "localhost" "-no-remote" "-profile" "D:\\Users\\sasikumarj\\AppData\\Local\\Temp\\rust_mozprofileg1nrUm"
console.warn: services.settings: Ignoring preference override of remote settings server
console.warn: services.settings: Allow by setting MOZ_REMOTE_SETTINGS_DEVTOOLS=1 in the environment
Dynamically enable window occlusion 0
1728420265793	Marionette	INFO	Marionette enabled
1728420266033	Marionette	INFO	Listening on port 59259
WebDriver BiDi listening on ws://127.0.0.1:52341
Read port: 59259
1728420266411	RemoteAgent	WARN	TLS certificate errors will be ignored for this session
DevTools listening on ws://127.0.0.1:52341/devtools/browser/c46386a0-e53b-41f5-b7de-a5604513ae18
JavaScript error: https://cdn.cxense.com/sp1.html#ver=2.8.80&typ=pgv&rnd=m20wsyealo5yydby&sid=1144071410389139719&loc=https%3A%2F%2Fwww.mansionglobal.com%2F&new=1&arf=0&ltm=1728420273451&ref=&tzo=-330&wsz=1278x497&res=1278x622&dpr=1&col=24&bln=en-US&chs=UTF-8&cks=m20wsyl3ogrplfsn&ckp=m20wsyeaxsjwhb5e&glb=&cp_userState=anon&cp_testGroup=44&cp_topDomain=mansionglobal.com&cp_template=full&cp_access=free&cp_section=Home&cp_subsection=&cp_cms_name=CMS%20Wordpress&cp_subscriber=nonsubscriber&cp_edition=naus&cp_bucket=2&cp_ab_bucket=72&cp_pageContentSource=Mansion%20Global&cp_pageContentType=Home&cp_pageContentTypeDetai=default&cp_pageSiteProduct=MG&cp_userTags=&cp_sessionState=none, line 1: TypeError: cX.loadScript is not a function
JavaScript warning: https://pagead2.googlesyndication.com/bg/WEoqGYGTldYSfSNCQ9Ugqu-00NFuS6e6WOK2G2Y_zzI.js line 2 > eval line 7286 > eval line 1 > eval line 1 > eval, line 1: WEBGL_debug_renderer_info is deprecated in Firefox and will be removed. Please use RENDERER.
JavaScript warning: https://cdn.parsely.com/keys/mansionglobal.com/p.js, line 7: Script terminated by timeout at:
t@https://cdn.parsely.com/keys/mansionglobal.com/p.js:7:22533
value@https://cdn.parsely.com/keys/mansionglobal.com/p.js:7:24365
value@https://cdn.parsely.com/keys/mansionglobal.com/p.js:7:24771
nrWrapper@https://www.mansionglobal.com/articles/are-there-tax-breaks-on-agricultural-land-in-pennsylvania-01648119848:115:17810

JavaScript warning: https://pagead2.googlesyndication.com/pagead/managed/js/activeview/current/ufs_web_display.js?cache=95335179, line 81: Script terminated by timeout at:
sc.prototype.next@https://pagead2.googlesyndication.com/pagead/managed/js/activeview/current/ufs_web_display.js?cache=95335179:81:184
n.rd@https://pagead2.googlesyndication.com/pagead/managed/js/activeview/current/ufs_web_display.js?cache=95335179:80:756
n.next@https://pagead2.googlesyndication.com/pagead/managed/js/activeview/current/ufs_web_display.js?cache=95335179:80:523
ph/c/</</<@https://pagead2.googlesyndication.com/pagead/managed/js/activeview/current/ufs_web_display.js?cache=95335179:139:320
Ua@https://pagead2.googlesyndication.com/pagead/managed/js/activeview/current/ufs_web_display.js?cache=95335179:49:339
Ra.prototype.flush@https://pagead2.googlesyndication.com/pagead/managed/js/activeview/current/ufs_web_display.js?cache=95335179:49:127
Ta@https://pagead2.googlesyndication.com/pagead/managed/js/activeview/current/ufs_web_display.js?cache=95335179:48:483
ph/c/</<@https://pagead2.googlesyndication.com/pagead/managed/js/activeview/current/ufs_web_display.js?cache=95335179:139:292
sc.prototype.next@https://pagead2.googlesyndication.com/pagead/managed/js/activeview/current/ufs_web_display.js?cache=95335179:81:218
n.rd@https://pagead2.googlesyndication.com/pagead/managed/js/activeview/current/ufs_web_display.js?cache=95335179:80:756
n.next@https://pagead2.googlesyndication.com/pagead/managed/js/activeview/current/ufs_web_display.js?cache=95335179:80:523
lg/</</</<@https://pagead2.googlesyndication.com/pagead/managed/js/activeview/current/ufs_web_display.js?cache=95335179:122:516
Qa.prototype.Nb/<@https://pagead2.googlesyndication.com/pagead/managed/js/activeview/current/ufs_web_display.js?cache=95335179:48:315
lg/</</<@https://pagead2.googlesyndication.com/pagead/managed/js/activeview/current/ufs_web_display.js?cache=95335179:122:525
sc.prototype.next@https://pagead2.googlesyndication.com/pagead/managed/js/activeview/current/ufs_web_display.js?cache=95335179:81:218
n.rd@https://pagead2.googlesyndication.com/pagead/managed/js/activeview/current/ufs_web_display.js?cache=95335179:80:756
n.next@https://pagead2.googlesyndication.com/pagead/managed/js/activeview/current/ufs_web_display.js?cache=95335179:80:523
lg/</</</<@https://pagead2.googlesyndication.com/pagead/managed/js/activeview/current/ufs_web_display.js?cache=95335179:122:516
Qa.prototype.Nb/<@https://pagead2.googlesyndication.com/pagead/managed/js/activeview/current/ufs_web_display.js?cache=95335179:48:315
lg/</</<@https://pagead2.googlesyndication.com/pagead/managed/js/activeview/current/ufs_web_display.js?cache=95335179:122:525
sc.prototype.next@https://pagead2.googlesyndication.com/pagead/managed/js/activeview/current/ufs_web_display.js?cache=95335179:81:218
n.rd@https://pagead2.googlesyndication.com/pagead/managed/js/activeview/current/ufs_web_display.js?cache=95335179:80:756
n.next@https://pagead2.googlesyndication.com/pagead/managed/js/activeview/current/ufs_web_display.js?cache=95335179:80:523
h@https://pagead2.googlesyndication.com/pagead/managed/js/activeview/current/ufs_web_display.js?cache=95335179:94:477

JavaScript warning: https://imasdk.googleapis.com/js/core/bridge3.672.0_en.html#goog_2028034180, line 452: Script terminated by timeout at:
cC@https://imasdk.googleapis.com/js/core/bridge3.672.0_en.html#goog_2028034180:452:275
fC/this.aa@https://imasdk.googleapis.com/js/core/bridge3.672.0_en.html#goog_2028034180:449:342

JavaScript warning: https://www.google.com/js/th/Kwl4UTqRlZdwo60dxzGVsyg_CEkasAzkebPPx38d0Do.js line 2 > eval, line 5432: Script terminated by timeout at:
r@https://www.google.com/js/th/Kwl4UTqRlZdwo60dxzGVsyg_CEkasAzkebPPx38d0Do.js line 2 > eval:5432:29764
Hk@https://www.google.com/js/th/Kwl4UTqRlZdwo60dxzGVsyg_CEkasAzkebPPx38d0Do.js line 2 > eval line 5432 > eval line 1 > eval line 1 > eval:1:26
@https://www.google.com/js/th/Kwl4UTqRlZdwo60dxzGVsyg_CEkasAzkebPPx38d0Do.js line 2 > eval line 5432 > eval line 1 > eval line 1 > eval:1:17
ol@https://www.google.com/js/th/Kwl4UTqRlZdwo60dxzGVsyg_CEkasAzkebPPx38d0Do.js line 2 > eval line 5432 > eval line 1 > eval line 1 > eval:1:239
Np@https://www.google.com/js/th/Kwl4UTqRlZdwo60dxzGVsyg_CEkasAzkebPPx38d0Do.js line 2 > eval line 5432 > eval line 1 > eval line 1 > eval:1:49
v.N</<@https://www.google.com/js/th/Kwl4UTqRlZdwo60dxzGVsyg_CEkasAzkebPPx38d0Do.js line 2 > eval:5432:50920
Hh@https://www.google.com/js/th/Kwl4UTqRlZdwo60dxzGVsyg_CEkasAzkebPPx38d0Do.js line 2 > eval:5432:28102
L$@https://www.google.com/js/th/Kwl4UTqRlZdwo60dxzGVsyg_CEkasAzkebPPx38d0Do.js line 2 > eval:5432:6613
V@https://www.google.com/js/th/Kwl4UTqRlZdwo60dxzGVsyg_CEkasAzkebPPx38d0Do.js line 2 > eval:5432:9170
i8@https://www.google.com/js/th/Kwl4UTqRlZdwo60dxzGVsyg_CEkasAzkebPPx38d0Do.js line 2 > eval line 5432 > eval line 1 > eval line 1 > eval:1:378
@https://www.google.com/js/th/Kwl4UTqRlZdwo60dxzGVsyg_CEkasAzkebPPx38d0Do.js line 2 > eval:5432:49086
L$@https://www.google.com/js/th/Kwl4UTqRlZdwo60dxzGVsyg_CEkasAzkebPPx38d0Do.js line 2 > eval:5432:6757
@https://www.google.com/js/th/Kwl4UTqRlZdwo60dxzGVsyg_CEkasAzkebPPx38d0Do.js line 2 > eval:5432:53338
Ij.prototype.GU/c<@https://www.youtube-nocookie.com/s/player/8579e400/player_ias.vflset/en_US/base.js:7999:143
wj@https://www.youtube-nocookie.com/s/player/8579e400/player_ias.vflset/en_US/base.js:846:33
Ij.prototype.GU@https://www.youtube-nocookie.com/s/player/8579e400/player_ias.vflset/en_US/base.js:7999:110
kC.prototype.s4@https://www.youtube-nocookie.com/s/player/8579e400/player_ias.vflset/en_US/base.js:8940:41
g.k.invoke@https://www.youtube-nocookie.com/s/player/8579e400/player_ias.vflset/en_US/base.js:8933:64
lCa@https://www.youtube-nocookie.com/s/player/8579e400/player_ias.vflset/en_US/base.js:3705:47
g.OL/a.c1a@https://www.youtube-nocookie.com/s/player/8579e400/player_ias.vflset/en_US/base.js:3709:276
g.PL@https://www.youtube-nocookie.com/s/player/8579e400/player_ias.vflset/en_US/base.js:3712:167
g.k.cI@https://www.youtube-nocookie.com/s/player/8579e400/player_ias.vflset/en_US/base.js:11552:260
g.k.sendAbandonmentPing@https://www.youtube-nocookie.com/s/player/8579e400/player_ias.vflset/en_US/base.js:11431:204
g.k.sendAbandonmentPing@https://www.youtube-nocookie.com/s/player/8579e400/player_ias.vflset/en_US/base.js:10424:62
$R/a.state.j[b]@https://www.youtube-nocookie.com/s/player/8579e400/player_ias.vflset/en_US/base.js:4587:53
Wy/<@https://www.youtube-nocookie.com/s/player/8579e400/www-embed-player.vflset/www-embed-player.js:1899:106
hz@https://www.youtube-nocookie.com/s/player/8579e400/www-embed-player.vflset/www-embed-player.js:1936:46
@https://www.youtube-nocookie.com/s/player/8579e400/www-embed-player.vflset/www-embed-player.js:1944:137
gm/<@https://www.youtube-nocookie.com/s/player/8579e400/www-embed-player.vflset/www-embed-player.js:928:63

JavaScript warning: https://static.cdninstagram.com/rsrc.php/v3/yq/r/CVHzESoBvfK.js, line 109: Script terminated by timeout at:
a@https://static.cdninstagram.com/rsrc.php/v3/yq/r/CVHzESoBvfK.js:109:388
b@https://static.cdninstagram.com/rsrc.php/v3/yq/r/CVHzESoBvfK.js:111:440
a.parse@https://static.cdninstagram.com/rsrc.php/v3/yq/r/CVHzESoBvfK.js:122:1226
j@https://static.cdninstagram.com/rsrc.php/v3/yq/r/CVHzESoBvfK.js:124:220
b.tryParse@https://static.cdninstagram.com/rsrc.php/v3/yq/r/CVHzESoBvfK.js:124:450
a@https://static.cdninstagram.com/rsrc.php/v3/yq/r/CVHzESoBvfK.js:125:248
e@https://static.cdninstagram.com/rsrc.php/v3/yq/r/CVHzESoBvfK.js:130:526
send@https://static.cdninstagram.com/rsrc.php/v3/yZ/r/Dj-3qyFFNZT.js:14:1074
post@https://static.cdninstagram.com/rsrc.php/v3/yZ/r/Dj-3qyFFNZT.js:21:6433
R@https://static.cdninstagram.com/rsrc.php/v3ihVQ4/y-/l/en_US/uNMRFN53h52.js:22:4032
logCritical@https://static.cdninstagram.com/rsrc.php/v3ihVQ4/y-/l/en_US/uNMRFN53h52.js:22:4616
a/</<@https://static.cdninstagram.com/rsrc.php/v3ihVQ4/y-/l/en_US/uNMRFN53h52.js:22:9653
a/<@https://static.cdninstagram.com/rsrc.php/v3ihVQ4/y-/l/en_US/uNMRFN53h52.js:22:9708
d.$19@https://static.cdninstagram.com/rsrc.php/v3/yq/r/CVHzESoBvfK.js:308:2627
d.wrapAndEnqueueItem@https://static.cdninstagram.com/rsrc.php/v3/yq/r/CVHzESoBvfK.js:308:4707
z@https://static.cdninstagram.com/rsrc.php/v3/yq/r/CVHzESoBvfK.js:310:2540
A@https://static.cdninstagram.com/rsrc.php/v3/yq/r/CVHzESoBvfK.js:310:2799
logCritical@https://static.cdninstagram.com/rsrc.php/v3/yq/r/CVHzESoBvfK.js:310:3615
o@https://static.cdninstagram.com/rsrc.php/v3/yq/r/CVHzESoBvfK.js:312:1092
@https://static.cdninstagram.com/rsrc.php/v3/yq/r/CVHzESoBvfK.js:312:1174
a@https://static.cdninstagram.com/rsrc.php/v3/yq/r/CVHzESoBvfK.js:320:191
applyWithGuard@https://static.cdninstagram.com/rsrc.php/v3/yq/r/CVHzESoBvfK.js:70:10628
applyWithGuard@https://static.cdninstagram.com/rsrc.php/v3/yq/r/CVHzESoBvfK.js:226:528
j@https://static.cdninstagram.com/rsrc.php/v3i7M54/yG/l/en_US/KnYHEgwaCSl.js:23:355
k@https://static.cdninstagram.com/rsrc.php/v3i7M54/yG/l/en_US/KnYHEgwaCSl.js:23:603
d/<@https://static.cdninstagram.com/rsrc.php/v3i7M54/yG/l/en_US/KnYHEgwaCSl.js:23:1214
applyWithGuard@https://static.cdninstagram.com/rsrc.php/v3/yq/r/CVHzESoBvfK.js:70:10628
b.$5@https://static.cdninstagram.com/rsrc.php/v3/yq/r/CVHzESoBvfK.js:83:1000
a.$5@https://static.cdninstagram.com/rsrc.php/v3/yq/r/CVHzESoBvfK.js:83:3068
c@https://static.cdninstagram.com/rsrc.php/v3/yq/r/CVHzESoBvfK.js:83:715
applyWithGuard@https://static.cdninstagram.com/rsrc.php/v3/yq/r/CVHzESoBvfK.js:70:10628
c.__emitToSubscription@https://static.cdninstagram.com/rsrc.php/v3/yq/r/CVHzESoBvfK.js:79:1477
c.emit@https://static.cdninstagram.com/rsrc.php/v3/yq/r/CVHzESoBvfK.js:79:1303
b.emitAndHold@https://static.cdninstagram.com/rsrc.php/v3/yq/r/CVHzESoBvfK.js:81:1043
b.inform@https://static.cdninstagram.com/rsrc.php/v3/yq/r/CVHzESoBvfK.js:83:1663
a.inform@https://static.cdninstagram.com/rsrc.php/v3/yq/r/CVHzESoBvfK.js:83:2681
l/window.onunload<@https://static.cdninstagram.com/rsrc.php/v3/yq/r/CVHzESoBvfK.js:321:867
applyWithGuard@https://static.cdninstagram.com/rsrc.php/v3/yq/r/CVHzESoBvfK.js:70:10628
d@https://static.cdninstagram.com/rsrc.php/v3/yq/r/CVHzESoBvfK.js:327:2086

JavaScript warning: https://fpt.live.com/?session_id=4df20daf03ea46f8b7c1ee48cb16ce0d&CustomerId=33e01921-4d64-4f8c-a055-5bdaffd5e33d&PageId=SI, line 5: WEBGL_debug_renderer_info is deprecated in Firefox and will be removed. Please use RENDERER.
console.warn: LoginRecipes: "Falling back to a synchronous message for: https://login.live.com."
console.warn: LoginRecipes: "Falling back to a synchronous message for: https://login.live.com."
console.warn: LoginRecipes: "Falling back to a synchronous message for: https://login.live.com."
console.warn: LoginRecipes: "Falling back to a synchronous message for: https://login.live.com."
console.warn: LoginRecipes: "Falling back to a synchronous message for: https://login.live.com."
console.warn: LoginRecipes: "Falling back to a synchronous message for: https://login.live.com."
console.warn: LoginRecipes: "Falling back to a synchronous message for: https://login.live.com."
console.warn: LoginRecipes: "Falling back to a synchronous message for: https://login.live.com."
console.warn: LoginRecipes: "Falling back to a synchronous message for: https://login.live.com."
console.warn: LoginRecipes: "Falling back to a synchronous message for: https://login.live.com."
1728420302882	Marionette	WARN	Ignoring event 'DOMContentLoaded' because document has an invalid readyState of 'complete'.
JavaScript warning: https://res-1.cdn.office.net/midgard/versionless/livepersonacard_without-react_4e09eb534f633f2b7d57.js, line 2: unreachable code after return statement
JavaScript warning: https://cdn.adnxs.com/v/s/246/trk.js, line 560: Script terminated by timeout at:
_.C@https://cdn.adnxs.com/v/s/246/trk.js:560:1382
md/<@https://cdn.adnxs.com/v/s/246/trk.js:560:5653

JavaScript warning: https://pagead2.googlesyndication.com/pagead/managed/js/activeview/current/ufs_web_display.js, line 48: Script terminated by timeout at:
Sa@https://pagead2.googlesyndication.com/pagead/managed/js/activeview/current/ufs_web_display.js:48:569
Ta@https://pagead2.googlesyndication.com/pagead/managed/js/activeview/current/ufs_web_display.js:48:436
ph/c/</<@https://pagead2.googlesyndication.com/pagead/managed/js/activeview/current/ufs_web_display.js:139:402
sc.prototype.complete@https://pagead2.googlesyndication.com/pagead/managed/js/activeview/current/ufs_web_display.js:81:408
n.yc@https://pagead2.googlesyndication.com/pagead/managed/js/activeview/current/ufs_web_display.js:81:97
n.complete@https://pagead2.googlesyndication.com/pagead/managed/js/activeview/current/ufs_web_display.js:80:628
Ne/</<@https://pagead2.googlesyndication.com/pagead/managed/js/activeview/current/ufs_web_display.js:102:1070
M/this.rd@https://pagead2.googlesyndication.com/pagead/managed/js/activeview/current/ufs_web_display.js:91:888
n.next@https://pagead2.googlesyndication.com/pagead/managed/js/activeview/current/ufs_web_display.js:80:523
Sd/</<@https://pagead2.googlesyndication.com/pagead/managed/js/activeview/current/ufs_web_display.js:97:1542
M/this.rd@https://pagead2.googlesyndication.com/pagead/managed/js/activeview/current/ufs_web_display.js:91:888
n.next@https://pagead2.googlesyndication.com/pagead/managed/js/activeview/current/ufs_web_display.js:80:523
O/</<@https://pagead2.googlesyndication.com/pagead/managed/js/activeview/current/ufs_web_display.js:92:471
M/this.rd@https://pagead2.googlesyndication.com/pagead/managed/js/activeview/current/ufs_web_display.js:91:888
n.next@https://pagead2.googlesyndication.com/pagead/managed/js/activeview/current/ufs_web_display.js:80:523
O/</<@https://pagead2.googlesyndication.com/pagead/managed/js/activeview/current/ufs_web_display.js:92:471
M/this.rd@https://pagead2.googlesyndication.com/pagead/managed/js/activeview/current/ufs_web_display.js:91:888
n.next@https://pagead2.googlesyndication.com/pagead/managed/js/activeview/current/ufs_web_display.js:80:523
ph/c/</</<@https://pagead2.googlesyndication.com/pagead/managed/js/activeview/current/ufs_web_display.js:139:320
Ua@https://pagead2.googlesyndication.com/pagead/managed/js/activeview/current/ufs_web_display.js:49:339
Ra.prototype.flush@https://pagead2.googlesyndication.com/pagead/managed/js/activeview/current/ufs_web_display.js:49:127
Ta@https://pagead2.googlesyndication.com/pagead/managed/js/activeview/current/ufs_web_display.js:48:483
ph/c/</<@https://pagead2.googlesyndication.com/pagead/managed/js/activeview/current/ufs_web_display.js:139:292
sc.prototype.next@https://pagead2.googlesyndication.com/pagead/managed/js/activeview/current/ufs_web_display.js:81:218
n.rd@https://pagead2.googlesyndication.com/pagead/managed/js/activeview/current/ufs_web_display.js:80:756
n.next@https://pagead2.googlesyndication.com/pagead/managed/js/activeview/current/ufs_web_display.js:80:523
lg/</</</<@https://pagead2.googlesyndication.com/pagead/managed/js/activeview/current/ufs_web_display.js:122:516
Qa.prototype.Nb/<@https://pagead2.googlesyndication.com/pagead/managed/js/activeview/current/ufs_web_display.js:48:315
lg/</</<@https://pagead2.googlesyndication.com/pagead/managed/js/activeview/current/ufs_web_display.js:122:525
sc.prototype.next@https://pagead2.googlesyndication.com/pagead/managed/js/activeview/current/ufs_web_display.js:81:218
n.rd@https://pagead2.googlesyndication.com/pagead/managed/js/activeview/current/ufs_web_display.js:80:756
n.next@https://pagead2.googlesyndication.com/pagead/managed/js/activeview/current/ufs_web_display.js:80:523
lg/</</</<@https://pagead2.googlesyndication.com/pagead/managed/js/activeview/current/ufs_web_display.js:122:516
Qa.prototype.Nb/<@https://pagead2.googlesyndication.com/pagead/managed/js/activeview/current/ufs_web_display.js:48:315
lg/</</<@https://pagead2.googlesyndication.com/pagead/managed/js/activeview/current/ufs_web_display.js:122:525
sc.prototype.next@https://pagead2.googlesyndication.com/pagead/managed/js/activeview/current/ufs_web_display.js:81:218
n.rd@https://pagead2.googlesyndication.com/pagead/managed/js/activeview/current/ufs_web_display.js:80:756
n.next@https://pagead2.googlesyndication.com/pagead/managed/js/activeview/current/ufs_web_display.js:80:523
h@https://pagead2.googlesyndication.com/pagead/managed/js/activeview/current/ufs_web_display.js:94:477

1728420356462	Marionette	WARN	Ignoring event 'pageshow' because document has an invalid readyState of 'interactive'.
JavaScript warning: https://cdn.adnxs.com/v/s/246/trk.js, line 560: Script terminated by timeout at:
_.C@https://cdn.adnxs.com/v/s/246/trk.js:560:1382
md/<@https://cdn.adnxs.com/v/s/246/trk.js:560:5653

JavaScript warning: https://gum.criteo.com/syncframe?origin=rtus&topUrl=outlook.live.com&gdpr=0&gdpr_consent=#{%22lwid%22:{%22value%22:null,%22origin%22:0},%22bundle%22:{%22value%22:null,%22origin%22:0},%22optout%22:{%22value%22:false,%22origin%22:0},%22tld%22:%22adnxs-simple.com%22,%22topUrl%22:%22outlook.live.com%22,%22cw%22:true,%22lsw%22:true,%22origin%22:%22rtus%22,%22rtusCallerId%22:30,%22requestId%22:%220.3309411162905699%22}, line 13: Script terminated by timeout at:
r.prototype.flushEventQueue@https://gum.criteo.com/syncframe?origin=rtus&topUrl=outlook.live.com&gdpr=0&gdpr_consent=#{%22lwid%22:{%22value%22:null,%22origin%22:0},%22bundle%22:{%22value%22:null,%22origin%22:0},%22optout%22:{%22value%22:false,%22origin%22:0},%22tld%22:%22adnxs-simple.com%22,%22topUrl%22:%22outlook.live.com%22,%22cw%22:true,%22lsw%22:true,%22origin%22:%22rtus%22,%22rtusCallerId%22:30,%22requestId%22:%220.3309411162905699%22}:13:3137
r/<@https://gum.criteo.com/syncframe?origin=rtus&topUrl=outlook.live.com&gdpr=0&gdpr_consent=#{%22lwid%22:{%22value%22:null,%22origin%22:0},%22bundle%22:{%22value%22:null,%22origin%22:0},%22optout%22:{%22value%22:false,%22origin%22:0},%22tld%22:%22adnxs-simple.com%22,%22topUrl%22:%22outlook.live.com%22,%22cw%22:true,%22lsw%22:true,%22origin%22:%22rtus%22,%22rtusCallerId%22:30,%22requestId%22:%220.3309411162905699%22}:13:3642

1728420386312	Marionette	INFO	Stopped listening on port 59259
JavaScript warning: https://res.public.onecdn.static.microsoft/owamail/hashed-v1/scripts/owa.JquerySignalR.m.ea1f4ce2.js, line 1: Script terminated by timeout at:
249580/r.ajax@https://res.public.onecdn.static.microsoft/owamail/hashed-v1/scripts/owa.JquerySignalR.m.ea1f4ce2.js:1:695
ajax@https://res.public.onecdn.static.microsoft/owamail/hashed-v1/scripts/owa.JquerySignalR.m.ea1f4ce2.js:1:20730
ajaxAbort@https://res.public.onecdn.static.microsoft/owamail/hashed-v1/scripts/owa.JquerySignalR.m.ea1f4ce2.js:1:23417
abort@https://res.public.onecdn.static.microsoft/owamail/hashed-v1/scripts/owa.JquerySignalR.m.ea1f4ce2.js:1:31680
stop@https://res.public.onecdn.static.microsoft/owamail/hashed-v1/scripts/owa.JquerySignalR.m.ea1f4ce2.js:1:17606
355250/t3/l.stop@https://res.public.onecdn.static.microsoft/owamail/hashed-v1/scripts/owa.Notification.m.c2bdbd12.js:1:45526
249580/start/l/</</<@https://res.public.onecdn.static.microsoft/owamail/hashed-v1/scripts/owa.JquerySignalR.m.ea1f4ce2.js:1:13109

Dynamically enable window occlusion 1
JavaScript error: , line 0: TypeError: NetworkError when attempting to fetch resource.
