1728467819203	geckodriver	INFO	Listening on 127.0.0.1:61921
1728467822553	mozrunner::runner	INFO	Running command: "C:\\Program Files\\Mozilla Firefox\\firefox.exe" "--marionette" "--remote-debugging-port" "61922" "--remote-allow-hosts" "localhost" "-no-remote" "-profile" "D:\\Users\\sasikumarj\\AppData\\Local\\Temp\\rust_mozprofileQjbkFY"
console.warn: services.settings: Ignoring preference override of remote settings server
console.warn: services.settings: Allow by setting MOZ_REMOTE_SETTINGS_DEVTOOLS=1 in the environment
Dynamically enable window occlusion 0
1728467823352	Marionette	INFO	Marionette enabled
1728467823691	Marionette	INFO	Listening on port 62023
WebDriver BiDi listening on ws://127.0.0.1:61922
Read port: 62023
1728467823947	RemoteAgent	WARN	TLS certificate errors will be ignored for this session
DevTools listening on ws://127.0.0.1:61922/devtools/browser/1dc9c6e9-6c68-425d-a2b8-fb28fab598a3
JavaScript warning: https://int-replay-wsj-elections.ore.onservo.com/election/_next/static/chunks/main-c0569e4635de2e62.js, line 1: unreachable code after return statement
JavaScript warning: https://int-replay-wsj-elections.ore.onservo.com/election/_next/static/chunks/main-c0569e4635de2e62.js, line 1: unreachable code after return statement
JavaScript error: https://d3h0wybtovte4j.cloudfront.net/ugeovhprh.js, line 1: TypeError: URL constructor: null/foo.html?o=u&r=&l=https://www.dev.wsj.com/&aa=NA&ib=false&buster=mhWEtSVHozGRPTnf is not a valid URL.
JavaScript error: https://cdn.cxense.com/sp1.html#ver=2.8.80&typ=pgv&rnd=m21p4b30yzf3kn5d&sid=1134002947328204066&loc=https%3A%2F%2Fwww.dev.wsj.com%2F&new=1&arf=0&ltm=1728467832358&ref=&tzo=-330&wsz=1278x497&res=1278x622&dpr=1&col=24&bln=en-US&chs=UTF-8&cks=m21p4b7aowdi1twg&ckp=m21p4b30dorsfnd7&glb=&cp_userState=anon&cp_testGroup=82&cp_env=staging&cp_topDomain=wsj.com&cp_template=full&cp_access=free&cp_section=US%20Home%20Page&cp_subsection=&cp_cms_name=CAPS&cp_subscriber=nonsubscriber&cp_edition=naus&cp_bucket=9&cp_ab_bucket=19&cp_pageContentSource=WSJ%20Online&cp_pageContentType=Home&cp_pageContentTypeDetai=desktopweb&cp_pageSiteProduct=WSJ&cp_userTags=&cp_sessionState=none, line 1: TypeError: cX.loadScript is not a function
JavaScript error: , line 0: TypeError: NetworkError when attempting to fetch resource.
JavaScript error: , line 0: TypeError: NetworkError when attempting to fetch resource.
1728467834413	Marionette	WARN	Ignoring event 'DOMContentLoaded' because document has an invalid readyState of 'complete'.
JavaScript warning: https://pagead2.googlesyndication.com/bg/OPjMWwJBtReHhWwOPXWsCqm1x5VpbT9SkyMWV37nL8g.js line 2 > eval line 1892 > eval line 1 > eval line 1 > eval, line 1: WEBGL_debug_renderer_info is deprecated in Firefox and will be removed. Please use RENDERER.
JavaScript warning: https://sc-static.net/scevent.min.js, line 2: Script terminated by timeout at:
m@https://sc-static.net/scevent.min.js:2:2789
c@https://sc-static.net/scevent.min.js:2:6893

JavaScript warning: https://pagead2.googlesyndication.com/bg/OPjMWwJBtReHhWwOPXWsCqm1x5VpbT9SkyMWV37nL8g.js line 2 > eval line 1061 > eval line 1 > eval line 1 > eval, line 1: WEBGL_debug_renderer_info is deprecated in Firefox and will be removed. Please use RENDERER.
JavaScript error: , line 0: TypeError: NetworkError when attempting to fetch resource.
JavaScript warning: https://int-replay-wsj-elections.ore.onservo.com/election/_next/static/chunks/main-c0569e4635de2e62.js, line 1: Script terminated by timeout at:
8018/g/<@https://int-replay-wsj-elections.ore.onservo.com/election/_next/static/chunks/main-c0569e4635de2e62.js:1:111956
r@https://int-replay-wsj-elections.ore.onservo.com/election/_next/static/chunks/main-c0569e4635de2e62.js:1:111426

JavaScript error: https://news.google.com/swg/js/v1/swg.js, line 17: Error: XHR Failed fetching (https://news.google.com/...): (Note: a CORS error above may indicate that this publisher or domain is not configured in Publisher Center. The CORS error happens because 4xx responses do not set CORS headers.)

TypeError: NetworkError when attempting to fetch resource.
JavaScript error: , line 0: uncaught exception: Object
JavaScript error: https://news.google.com/swg/js/v1/swg.js, line 17: Error: Error: not allowed
JavaScript error: https://d3h0wybtovte4j.cloudfront.net/ugeovhprh.js, line 1: TypeError: URL constructor: null/foo.html?o=u&r=&l=https://www.dev.wsj.com/articles/twitter-elon-musk-to-argue-over-trial-timetable-to-force-44-billion-takeover-11658223001?cx_testId=3&cx_testVariant=cx_5&cx_artPos=6&mod=WTRN#cxrecs_s&aa=NA&ib=false&buster=JjMxWlSCMNimNOKU is not a valid URL.
JavaScript error: , line 0: TypeError: NetworkError when attempting to fetch resource.
JavaScript warning: https://cdn.parsely.com/keys/sandbox.wsj.com/p.js, line 7: Script terminated by timeout at:
n._getKeyValuePairFromCookieString@https://cdn.parsely.com/keys/sandbox.wsj.com/p.js:7:29831
n._getCacheFromString@https://cdn.parsely.com/keys/sandbox.wsj.com/p.js:7:29597
n._renewCache@https://cdn.parsely.com/keys/sandbox.wsj.com/p.js:7:30030
n.get@https://cdn.parsely.com/keys/sandbox.wsj.com/p.js:7:27898
t._migrateCookie@https://cdn.parsely.com/keys/sandbox.wsj.com/p.js:7:32395
t.get@https://cdn.parsely.com/keys/sandbox.wsj.com/p.js:7:31085
getVisitorInfo@https://cdn.parsely.com/keys/sandbox.wsj.com/p.js:7:33929
getSession@https://cdn.parsely.com/keys/sandbox.wsj.com/p.js:7:35584
beacon@https://cdn.parsely.com/keys/sandbox.wsj.com/p.js:7:55120
e.engagedTime.sendHeartbeat@https://cdn.parsely.com/keys/sandbox.wsj.com/p.js:7:50892
i.sendHeartbeat@https://cdn.parsely.com/keys/sandbox.wsj.com/p.js:7:48917
i._sendHeartbeats@https://cdn.parsely.com/keys/sandbox.wsj.com/p.js:7:49071
i._setUnloadListeners/<@https://cdn.parsely.com/keys/sandbox.wsj.com/p.js:7:49224
value/<@https://cdn.parsely.com/keys/sandbox.wsj.com/p.js:7:22304
value@https://cdn.parsely.com/keys/sandbox.wsj.com/p.js:7:22277
value@https://cdn.parsely.com/keys/sandbox.wsj.com/p.js:7:24351
value@https://cdn.parsely.com/keys/sandbox.wsj.com/p.js:7:24771

JavaScript warning: https://imasdk.googleapis.com/js/core/bridge3.672.0_en.html#goog_466850291, line 451: Script terminated by timeout at:
bC@https://imasdk.googleapis.com/js/core/bridge3.672.0_en.html#goog_466850291:451:310
fC/this.aa@https://imasdk.googleapis.com/js/core/bridge3.672.0_en.html#goog_466850291:449:29

JavaScript warning: https://www.gstatic.com/_/mss/boq-subscribewithgoogle/_/js/k=boq-subscribewithgoogle.SubscribewithgoogleClientUi.en_US.Y7snZc84UmY.es5.O/am=YDBgBg/d=1/excm=_b,_tp,serviceiframeview/ed=1/dg=0/wt=2/ujg=1/rs=ABXTjI4o6JJW61vjfL39b99y1stb_FZTXg/m=_b,_tp, line 290: Script terminated by timeout at:
c@https://www.gstatic.com/_/mss/boq-subscribewithgoogle/_/js/k=boq-subscribewithgoogle.SubscribewithgoogleClientUi.en_US.Y7snZc84UmY.es5.O/am=YDBgBg/d=1/excm=_b,_tp,serviceiframeview/ed=1/dg=0/wt=2/ujg=1/rs=ABXTjI4o6JJW61vjfL39b99y1stb_FZTXg/m=_b,_tp:290:187
b@https://www.gstatic.com/_/mss/boq-subscribewithgoogle/_/js/k=boq-subscribewithgoogle.SubscribewithgoogleClientUi.en_US.Y7snZc84UmY.es5.O/am=YDBgBg/d=1/excm=_b,_tp,serviceiframeview/ed=1/dg=0/wt=2/ujg=1/rs=ABXTjI4o6JJW61vjfL39b99y1stb_FZTXg/m=_b,_tp:281:48

JavaScript error: , line 0: TypeError: NetworkError when attempting to fetch resource.
console.warn: LoginRecipes: "Falling back to a synchronous message for: https://sso.int.accounts.dowjones.com."
console.warn: LoginRecipes: "Falling back to a synchronous message for: https://sso.int.accounts.dowjones.com."
console.warn: LoginRecipes: "Falling back to a synchronous message for: https://sso.int.accounts.dowjones.com."
console.warn: LoginRecipes: "Falling back to a synchronous message for: https://sso.int.accounts.dowjones.com."
JavaScript warning: https://sso.int.accounts.dowjones.com/one_identity_login_pages/login/30480cbd6ffffea7743d4c1d4226bb50/js/vendor.js, line 51: Script terminated by timeout at:
BE@https://sso.int.accounts.dowjones.com/one_identity_login_pages/login/30480cbd6ffffea7743d4c1d4226bb50/js/vendor.js:51:4767
b@https://sso.int.accounts.dowjones.com/one_identity_login_pages/login/30480cbd6ffffea7743d4c1d4226bb50/js/vendor.js:49:13806

1728467861727	Marionette	INFO	Stopped listening on port 62023
JavaScript warning: https://www.wsj.com/_next/static/chunks/8896-d7e15300176f1bc5.js, line 1: Script terminated by timeout at:
55319/e/</_<@https://www.wsj.com/_next/static/chunks/8896-d7e15300176f1bc5.js:1:5454
9570/l/<@https://www.wsj.com/_next/static/chunks/pages/_app-2445e54d7228dd90.js:1:10251
ad@https://www.wsj.com/_next/static/chunks/framework-85b6536238798673.js:1:58687
uo@https://www.wsj.com/_next/static/chunks/framework-85b6536238798673.js:1:71442
i@https://www.wsj.com/_next/static/chunks/framework-85b6536238798673.js:1:121737
oF@https://www.wsj.com/_next/static/chunks/framework-85b6536238798673.js:1:99306
64448/oO/<@https://www.wsj.com/_next/static/chunks/framework-85b6536238798673.js:1:99174
oO@https://www.wsj.com/_next/static/chunks/framework-85b6536238798673.js:1:99179
oS@https://www.wsj.com/_next/static/chunks/framework-85b6536238798673.js:1:94218
x@https://www.wsj.com/_next/static/chunks/framework-85b6536238798673.js:1:137808
T@https://www.wsj.com/_next/static/chunks/framework-85b6536238798673.js:1:138337

Dynamically enable window occlusion 1
