1728454189705	geckodriver	INFO	Listening on 127.0.0.1:56840
1728454192764	mozrunner::runner	INFO	Running command: "C:\\Program Files\\Mozilla Firefox\\firefox.exe" "--marionette" "--remote-debugging-port" "56841" "--remote-allow-hosts" "localhost" "-no-remote" "-profile" "D:\\Users\\sasikumarj\\AppData\\Local\\Temp\\rust_mozprofileBKweWL"
console.warn: services.settings: Ignoring preference override of remote settings server
console.warn: services.settings: Allow by setting MOZ_REMOTE_SETTINGS_DEVTOOLS=1 in the environment
Dynamically enable window occlusion 0
1728454193371	Marionette	INFO	Marionette enabled
1728454193622	Marionette	INFO	Listening on port 56848
WebDriver BiDi listening on ws://127.0.0.1:56841
Read port: 56848
1728454193869	RemoteAgent	WARN	TLS certificate errors will be ignored for this session
DevTools listening on ws://127.0.0.1:56841/devtools/browser/36589beb-2bae-4b9f-8439-e79cedd06e5a
JavaScript warning: https://www.marketwatch.com/_next/static/chunks/main-7c2c5b4ee7ae4ea0.js, line 1: unreachable code after return statement
JavaScript error: https://www.myfinance.com/static/widget/myFinance.js, line 1: DataCloneError: Function object could not be cloned.
JavaScript warning: https://www.marketwatch.com/story/is-the-u-s-stock-market-closed-on-juneteenth-what-investors-need-to-know-11655230158, line 104: Script terminated by timeout at:
emit@https://www.marketwatch.com/story/is-the-u-s-stock-market-closed-on-juneteenth-what-investors-need-to-know-11655230158:104:9367
se/r/e[r]@https://www.marketwatch.com/story/is-the-u-s-stock-market-closed-on-juneteenth-what-investors-need-to-know-11655230158:104:38995
r@https://pbc.marketwatch.com/p/dj/marketwatch/pb.js:14:31281
8044/c/r@https://pbc.marketwatch.com/p/dj/marketwatch/pb.js:14:31455
8044/l/<@https://pbc.marketwatch.com/p/dj/marketwatch/pb.js:14:32546
6976/K<@https://pbc.marketwatch.com/p/dj/marketwatch/pb.js:69:10296
6976/</e.callBids@https://pbc.marketwatch.com/p/dj/marketwatch/pb.js:69:11601
1445/R.callBids/<@https://pbc.marketwatch.com/p/dj/marketwatch/pb.js:14:17651
1445/R.callBids@https://pbc.marketwatch.com/p/dj/marketwatch/pb.js:14:16954
run@https://pbc.marketwatch.com/p/dj/marketwatch/pb.js:14:40753
a@https://pbc.marketwatch.com/p/dj/marketwatch/pb.js:14:41218
ce@https://pbc.marketwatch.com/p/dj/marketwatch/pb.js:14:41271
6881/V<@https://pbc.marketwatch.com/p/dj/marketwatch/pb.js:14:42775
callBids@https://pbc.marketwatch.com/p/dj/marketwatch/pb.js:14:41884
9671/te<@https://pbc.marketwatch.com/p/dj/marketwatch/pb.js:14:97098
8128/u/h/</y/o[n]@https://pbc.marketwatch.com/p/dj/marketwatch/pb.js:13:3129
p@https://pbc.marketwatch.com/p/dj/marketwatch/pb.js:13:2982
6894/d/<@https://pbc.marketwatch.com/p/dj/marketwatch/pb.js:14:133600
8178/i</<@https://pbc.marketwatch.com/p/dj/marketwatch/pb.js:42:695
s@https://pbc.marketwatch.com/p/dj/marketwatch/pb.js:14:135602
5555/then/<@https://pbc.marketwatch.com/p/dj/marketwatch/pb.js:14:135652
o@https://pbc.marketwatch.com/p/dj/marketwatch/pb.js:14:135417
then@https://pbc.marketwatch.com/p/dj/marketwatch/pb.js:14:135490
8178/i<@https://pbc.marketwatch.com/p/dj/marketwatch/pb.js:42:649
6894/h/</</<@https://pbc.marketwatch.com/p/dj/marketwatch/pb.js:14:134874
measureHookTime@https://pbc.marketwatch.com/p/dj/marketwatch/pb.js:14:132611
6894/h/</<@https://pbc.marketwatch.com/p/dj/marketwatch/pb.js:14:134830
p@https://pbc.marketwatch.com/p/dj/marketwatch/pb.js:13:2982
6894/d/<@https://pbc.marketwatch.com/p/dj/marketwatch/pb.js:14:133600
f@https://pbc.marketwatch.com/p/dj/marketwatch/pb.js:70:1528
nrWrapper@https://www.marketwatch.com/story/is-the-u-s-stock-market-closed-on-juneteenth-what-investors-need-to-know-11655230158:104:17810

JavaScript warning: https://www.datadoghq-browser-agent.com/datadog-logs-v4.js, line 1: Script terminated by timeout at:
d@https://www.datadoghq-browser-agent.com/datadog-logs-v4.js:1:884
fr/e</</<@https://www.datadoghq-browser-agent.com/datadog-logs-v4.js:1:41398
i@https://www.datadoghq-browser-agent.com/datadog-logs-v4.js:1:40041
Kc@https://www.googletagmanager.com/gtag/js?id=G-9NT3490RYG&l=dataLayer&cx=c:254:213
yG@https://www.googletagmanager.com/gtag/js?id=G-9NT3490RYG&l=dataLayer&cx=c:715:262
AG.prototype.flush@https://www.googletagmanager.com/gtag/js?id=G-9NT3490RYG&l=dataLayer&cx=c:719:300
aa.flush@https://www.googletagmanager.com/gtag/js?id=G-9NT3490RYG&l=dataLayer&cx=c:736:138
QH/<@https://www.googletagmanager.com/gtag/js?id=G-9NT3490RYG&l=dataLayer&cx=c:747:210
aa.Yk/<@https://www.googletagmanager.com/gtag/js?id=G-9NT3490RYG&l=dataLayer&cx=c:690:126
aa.Yk/c/<@https://www.googletagmanager.com/gtag/js?id=G-9NT3490RYG&l=dataLayer&cx=c:689:420

JavaScript warning: https://www.gstatic.com/_/mss/boq-subscribewithgoogle/_/js/k=boq-subscribewithgoogle.SubscribewithgoogleClientUi.en_US.Y7snZc84UmY.es5.O/am=YDBgBg/d=1/excm=_b,_tp,serviceiframeview/ed=1/dg=0/wt=2/ujg=1/rs=ABXTjI4o6JJW61vjfL39b99y1stb_FZTXg/m=_b,_tp, line 174: Script terminated by timeout at:
_.mh.prototype.isDisposed@https://www.gstatic.com/_/mss/boq-subscribewithgoogle/_/js/k=boq-subscribewithgoogle.SubscribewithgoogleClientUi.en_US.Y7snZc84UmY.es5.O/am=YDBgBg/d=1/excm=_b,_tp,serviceiframeview/ed=1/dg=0/wt=2/ujg=1/rs=ABXTjI4o6JJW61vjfL39b99y1stb_FZTXg/m=_b,_tp:174:608
c@https://www.gstatic.com/_/mss/boq-subscribewithgoogle/_/js/k=boq-subscribewithgoogle.SubscribewithgoogleClientUi.en_US.Y7snZc84UmY.es5.O/am=YDBgBg/d=1/excm=_b,_tp,serviceiframeview/ed=1/dg=0/wt=2/ujg=1/rs=ABXTjI4o6JJW61vjfL39b99y1stb_FZTXg/m=_b,_tp:290:195
b@https://www.gstatic.com/_/mss/boq-subscribewithgoogle/_/js/k=boq-subscribewithgoogle.SubscribewithgoogleClientUi.en_US.Y7snZc84UmY.es5.O/am=YDBgBg/d=1/excm=_b,_tp,serviceiframeview/ed=1/dg=0/wt=2/ujg=1/rs=ABXTjI4o6JJW61vjfL39b99y1stb_FZTXg/m=_b,_tp:281:48

JavaScript error: , line 0: TypeError: NetworkError when attempting to fetch resource.
JavaScript error: , line 0: TypeError: NetworkError when attempting to fetch resource.
console.warn: LoginRecipes: "Falling back to a synchronous message for: https://sso.accounts.dowjones.com."
console.warn: LoginRecipes: "Falling back to a synchronous message for: https://sso.accounts.dowjones.com."
console.warn: LoginRecipes: "Falling back to a synchronous message for: https://sso.accounts.dowjones.com."
console.warn: LoginRecipes: "Falling back to a synchronous message for: https://sso.accounts.dowjones.com."
JavaScript warning: https://sso.accounts.dowjones.com/one_identity_login_pages/login/0905e7365768f8c947bfb0c526fb8b9e/js/vendor.js, line 51: Script terminated by timeout at:
BE@https://sso.accounts.dowjones.com/one_identity_login_pages/login/0905e7365768f8c947bfb0c526fb8b9e/js/vendor.js:51:4468
b@https://sso.accounts.dowjones.com/one_identity_login_pages/login/0905e7365768f8c947bfb0c526fb8b9e/js/vendor.js:49:13761

JavaScript warning: https://www.marketwatch.com/follow, line 276: Script terminated by timeout at:
p@https://www.marketwatch.com/follow:276:10435
_/<@https://www.marketwatch.com/follow:276:34818

1728454250463	Marionette	INFO	Stopped listening on port 56848
Dynamically enable window occlusion 1
