1728422123894	geckodriver	INFO	Listening on 127.0.0.1:57512
1728422126933	mozrunner::runner	INFO	Running command: "C:\\Program Files\\Mozilla Firefox\\firefox.exe" "--marionette" "--remote-debugging-port" "57513" "--remote-allow-hosts" "localhost" "-no-remote" "-profile" "D:\\Users\\sasikumarj\\AppData\\Local\\Temp\\rust_mozprofilenRSvS7"
console.warn: services.settings: Ignoring preference override of remote settings server
console.warn: services.settings: Allow by setting MOZ_REMOTE_SETTINGS_DEVTOOLS=1 in the environment
Dynamically enable window occlusion 0
1728422127565	Marionette	INFO	Marionette enabled
1728422127809	Marionette	INFO	Listening on port 57520
WebDriver BiDi listening on ws://127.0.0.1:57513
Read port: 57520
1728422128055	RemoteAgent	WARN	TLS certificate errors will be ignored for this session
DevTools listening on ws://127.0.0.1:57513/devtools/browser/09c79698-70d4-4945-b004-557e8c3a813e
JavaScript warning: https://www.marketwatch.com/_next/static/chunks/main-7c2c5b4ee7ae4ea0.js, line 1: unreachable code after return statement
JavaScript error: https://cdn.cxense.com/sp1.html#ver=2.8.80&typ=pgv&rnd=m20xwws25ebg06j4&sid=9222325317970825873&loc=https%3A%2F%2Fwww.marketwatch.com%2Fstory%2Fis-the-u-s-stock-market-closed-on-juneteenth-what-investors-need-to-know-11655230158&new=1&arf=0&ltm=1728422137592&ref=&tzo=-330&wsz=1278x497&res=1278x622&dpr=1&col=24&bln=en-US&chs=UTF-8&cks=m20xwx1attearl51&ckp=m20xwws2ngyr4gir&glb=&amo=1655731440&cp_userState=anon&cp_testGroup=86&cp_topDomain=marketwatch.com&cp_pwTag=default&cp_pwPlacement=cx-articlecover&cp_pwCampaign=226&cp_pwType=free&cp_type=Market%20Extra&cp_template=preview&cp_access=paid&cp_section=Markets&cp_subsection=Markets&cp_cms_name=MarketWatch%20CMS%20(PROD)&cp_vix=&cp_subscriber=nonsubscriber&cp_edition=naus&cp_bucket=9&cp_ab_bucket=59&cp_pageContentSource=MarketWatch&cp_pageContentType=Article&cp_pageContentTypeDetai=standard&cp_pageSiteProduct=MW&cp_userTags=&cp_sessionState=none, line 1: TypeError: cX.loadScript is not a function
A content process crashed and MOZ_CRASHREPORTER_SHUTDOWN is set, shutting down
out of memory: 0x0000000000001000 bytes requested
A content process crashed and MOZ_CRASHREPORTER_SHUTDOWN is set, shutting down
JavaScript error: chrome://global/content/elements/browser-custom-element.js, line 1679: Error: permitUnload is already running for this tab.
JavaScript warning: https://www.marketwatch.com/story/is-the-u-s-stock-market-closed-on-juneteenth-what-investors-need-to-know-11655230158, line 104: Script terminated by timeout at:
nrWrapper@https://www.marketwatch.com/story/is-the-u-s-stock-market-closed-on-juneteenth-what-investors-need-to-know-11655230158:104:17660

out of memory: 0x0000000000001000 bytes requested
Hit MOZ_CRASH([unhandlable oom] Failed to allocate new chunk during GC) at /builds/worker/checkouts/gecko/js/src/vm/JSContext.cpp:1343
JavaScript error: resource:///modules/sessionstore/SessionStore.sys.mjs, line 2367: TypeError: subject.QueryInterface is not a function
A content process crashed and MOZ_CRASHREPORTER_SHUTDOWN is set, shutting down
1728422144707	Marionette	INFO	Stopped listening on port 57520
Dynamically enable window occlusion 1
JavaScript error: resource:///modules/ContentCrashHandlers.sys.mjs, line 165: uncaught exception: undefined
A content process crashed and MOZ_CRASHREPORTER_SHUTDOWN is set, shutting down
A content process crashed and MOZ_CRASHREPORTER_SHUTDOWN is set, shutting down
A content process crashed and MOZ_CRASHREPORTER_SHUTDOWN is set, shutting down
