1728407402235	geckodriver	INFO	Listening on 127.0.0.1:53586
1728407405276	mozrunner::runner	INFO	Running command: "C:\\Program Files\\Mozilla Firefox\\firefox.exe" "--marionette" "--remote-debugging-port" "53587" "--remote-allow-hosts" "localhost" "-no-remote" "-profile" "D:\\Users\\sasikumarj\\AppData\\Local\\Temp\\rust_mozprofileyOcKuX"
console.warn: services.settings: Ignoring preference override of remote settings server
console.warn: services.settings: Allow by setting MOZ_REMOTE_SETTINGS_DEVTOOLS=1 in the environment
Dynamically enable window occlusion 0
1728407405896	Marionette	INFO	Marionette enabled
1728407406174	Marionette	INFO	Listening on port 53598
WebDriver BiDi listening on ws://127.0.0.1:53587
Read port: 53598
1728407406402	RemoteAgent	WARN	TLS certificate errors will be ignored for this session
DevTools listening on ws://127.0.0.1:53587/devtools/browser/fec4a243-c6f7-4eb7-8aa0-add7973a94c2
JavaScript error: https://cdn.cxense.com/sp1.html#ver=2.8.80&typ=pgv&rnd=m20p5aawjqai916p&sid=1139592114930554183&loc=https%3A%2F%2Fwww.s.dev.fnlondon.com%2F&new=1&arf=0&ltm=1728407411819&ref=&tzo=-330&wsz=1278x497&res=1278x622&dpr=1&col=24&bln=en-US&chs=UTF-8&cks=m20p5afd8p1sxeb5&ckp=m20p5aawl20o4p75&glb=&cp_userState=anon&cp_testGroup=14&cp_env=staging&cp_topDomain=fnlondon.com&cp_template=full&cp_access=free&cp_section=Home&cp_subsection=&cp_cms_name=CAPS&cp_subscriber=nonsubscriber&cp_edition=europegb&cp_bucket=8&cp_ab_bucket=58&cp_pageContentSource=FN%20London&cp_pageContentType=Home&cp_pageContentTypeDetai=default&cp_pageSiteProduct=FN&cp_userTags=&cp_sessionState=none, line 1: TypeError: cX.loadScript is not a function
JavaScript error: , line 0: uncaught exception: undefined
JavaScript error: , line 0: TypeError: NetworkError when attempting to fetch resource.
JavaScript error: https://asset.barrons.com/article/public/fn_full_article.dfb75bf78e25.js, line 62: TypeError: e(...).offset() is undefined
JavaScript warning: https://pagead2.googlesyndication.com/bg/WEoqGYGTldYSfSNCQ9Ugqu-00NFuS6e6WOK2G2Y_zzI.js line 2 > eval line 113 > eval line 1 > eval line 1 > eval, line 1: WEBGL_debug_renderer_info is deprecated in Firefox and will be removed. Please use RENDERER.
JavaScript error: https://asset.barrons.com/article/public/fn_full_article.dfb75bf78e25.js, line 26: TypeError: e(...).offset() is undefined
JavaScript warning: https://cdn.cxense.com/cx.js, line 6: Script terminated by timeout at:
Ii@https://cdn.cxense.com/cx.js:6:48092
Yi@https://cdn.cxense.com/cx.js:6:52822
ea@https://cdn.cxense.com/cx.js:6:70153
ra/<@https://cdn.cxense.com/cx.js:6:70614

console.warn: LoginRecipes: "Falling back to a synchronous message for: https://sso.int.accounts.dowjones.com."
console.warn: LoginRecipes: "Falling back to a synchronous message for: https://sso.int.accounts.dowjones.com."
console.warn: LoginRecipes: "Falling back to a synchronous message for: https://sso.int.accounts.dowjones.com."
console.warn: LoginRecipes: "Falling back to a synchronous message for: https://sso.int.accounts.dowjones.com."
JavaScript warning: https://www.googletagmanager.com/gtag/js?id=G-GJ5S1GJYKT, line 198: Script terminated by timeout at:
z@https://www.googletagmanager.com/gtag/js?id=G-GJ5S1GJYKT:198:158
jA@https://www.googletagmanager.com/gtag/js?id=G-GJ5S1GJYKT:590:134
kA/<@https://www.googletagmanager.com/gtag/js?id=G-GJ5S1GJYKT:590:111

JavaScript error: https://asset.barrons.com/article/public/fn_full_article.dfb75bf78e25.js, line 62: TypeError: e(...).offset() is undefined
JavaScript warning: https://pagead2.googlesyndication.com/bg/WEoqGYGTldYSfSNCQ9Ugqu-00NFuS6e6WOK2G2Y_zzI.js line 2 > eval line 537 > eval line 1 > eval line 1 > eval, line 1: WEBGL_debug_renderer_info is deprecated in Firefox and will be removed. Please use RENDERER.
1728407435809	Marionette	INFO	Stopped listening on port 53598
JavaScript warning: https://cdn.cxense.com/cx.js, line 6: Script terminated by timeout at:
Zn@https://cdn.cxense.com/cx.js:6:40803
ya/<@https://cdn.cxense.com/cx.js:6:74598
ya@https://cdn.cxense.com/cx.js:6:75636
fc@https://cdn.cxense.com/cx.js:6:89463
pr/r<@https://cdn.cxense.com/cx.js:6:41793

JavaScript warning: https://imasdk.googleapis.com/js/core/bridge3.670.0_en.html#goog_1713463654, line 7: Script terminated by timeout at:
ca@https://imasdk.googleapis.com/js/core/bridge3.670.0_en.html#goog_1713463654:7:1
@https://imasdk.googleapis.com/js/core/bridge3.670.0_en.html#goog_1713463654:7:8
@https://imasdk.googleapis.com/js/core/bridge3.670.0_en.html#goog_1713463654:1338:394

JavaScript error: https://imasdk.googleapis.com/js/core/bridge3.670.0_en.html#goog_1713463654, line 1347: ReferenceError: ima is not defined
Dynamically enable window occlusion 1
JavaScript error: , line 0: TypeError: NetworkError when attempting to fetch resource.
1728407436859	addons.xpi	ERROR	System addon update list error [Exception... "<no message>"  nsresult: "0x8046001e (<unknown>)"  location: "JS frame :: resource://gre/modules/ServiceRequest.sys.mjs :: open :: line 133"  data: no]
console.error: (new Error("Polling for changes failed: .", "resource://services-settings/remote-settings.sys.mjs", 324))
console.error: Region.sys.mjs: "Error fetching region" (new TypeError("NetworkError when attempting to fetch resource.", ""))
console.error: Region.sys.mjs: "Failed to fetch region" (new Error("NO_RESULT", "resource://gre/modules/Region.sys.mjs", 411))
