1729516833324	geckodriver	INFO	Listening on 127.0.0.1:53082
1729516836553	mozrunner::runner	INFO	Running command: "C:\\Program Files\\Mozilla Firefox\\firefox.exe" "--marionette" "--remote-debugging-port" "53083" "--remote-allow-hosts" "localhost" "-no-remote" "-profile" "D:\\Users\\sasikumarj\\AppData\\Local\\Temp\\rust_mozprofilel85esS"
console.warn: services.settings: Ignoring preference override of remote settings server
console.warn: services.settings: Allow by setting MOZ_REMOTE_SETTINGS_DEVTOOLS=1 in the environment
Dynamically enable window occlusion 0
1729516837310	Marionette	INFO	Marionette enabled
1729516837644	Marionette	INFO	Listening on port 53105
WebDriver BiDi listening on ws://127.0.0.1:53083
Read port: 53105
1729516837993	RemoteAgent	WARN	TLS certificate errors will be ignored for this session
DevTools listening on ws://127.0.0.1:53083/devtools/browser/63c57d98-fd02-4a8f-8cf6-7369e7332780
JavaScript warning: https://int-replay-wsj-elections.ore.onservo.com/election/_next/static/chunks/main-c0569e4635de2e62.js, line 1: unreachable code after return statement
JavaScript error: https://cdn.cxense.com/sp1.html#ver=2.8.81&typ=pgv&rnd=m2j1odnxvs08zm94&sid=1134002947328204066&loc=https%3A%2F%2Fwww.dev.wsj.com%2F&new=1&arf=0&ltm=1729516849202&ref=&tzo=-330&wsz=1278x497&res=1278x622&dpr=1&col=24&bln=en-US&chs=UTF-8&cks=m2j1oe15yw8ykos8&ckp=m2j1odnxvfflpecm&glb=&cp_userState=anon&cp_testGroup=12&cp_env=staging&cp_topDomain=wsj.com&cp_template=full&cp_access=free&cp_section=US%20Home%20Page&cp_subsection=&cp_cms_name=CAPS&cp_subscriber=nonsubscriber&cp_edition=naus&cp_bucket=3&cp_ab_bucket=33&cp_pageContentSource=WSJ%20Online&cp_pageContentType=Home&cp_pageContentTypeDetai=desktopweb&cp_pageSiteProduct=WSJ&cp_userTags=&cp_sessionState=none, line 1: TypeError: cX.loadScript is not a function
1729516851361	Marionette	WARN	Ignoring event 'DOMContentLoaded' because document has an invalid readyState of 'complete'.
JavaScript warning: https://pagead2.googlesyndication.com/bg/-DbLkJJK3YZOSOasYi6rcjkBM_N5vpNI48728xD2bD8.js line 2 > eval line 4009 > eval line 1 > eval line 1 > eval, line 1: WEBGL_debug_renderer_info is deprecated in Firefox and will be removed. Please use RENDERER.
JavaScript warning: https://int-replay-wsj-elections.ore.onservo.com/election/_next/static/chunks/main-c0569e4635de2e62.js, line 1: Script terminated by timeout at:
8018/v/<@https://int-replay-wsj-elections.ore.onservo.com/election/_next/static/chunks/main-c0569e4635de2e62.js:1:111814
c@https://int-replay-wsj-elections.ore.onservo.com/election/_next/static/chunks/main-c0569e4635de2e62.js:1:116155
r@https://int-replay-wsj-elections.ore.onservo.com/election/_next/static/chunks/main-c0569e4635de2e62.js:1:111426

JavaScript error: , line 0: uncaught exception: Object
JavaScript error: https://news.google.com/swg/js/v1/swg.js, line 17: Error: Error: not allowed
JavaScript error: https://news.google.com/swg/js/v1/swg.js, line 17: Error: XHR Failed fetching (https://news.google.com/...): (Note: a CORS error above may indicate that this publisher or domain is not configured in Publisher Center. The CORS error happens because 4xx responses do not set CORS headers.)

TypeError: NetworkError when attempting to fetch resource.
JavaScript error: , line 0: TypeError: NetworkError when attempting to fetch resource.
JavaScript warning: https://www.dev.wsj.com/_next/static/chunks/main-cd92e5a27ba2f238.js, line 1: Script terminated by timeout at:
f@https://www.dev.wsj.com/_next/static/chunks/main-cd92e5a27ba2f238.js:1:120562
78018/A/<@https://www.dev.wsj.com/_next/static/chunks/main-cd92e5a27ba2f238.js:1:120642
r@https://www.dev.wsj.com/_next/static/chunks/main-cd92e5a27ba2f238.js:1:117860

JavaScript warning: https://imasdk.googleapis.com/js/core/bridge3.673.0_en.html#goog_828786482, line 448: Script terminated by timeout at:
YB@https://imasdk.googleapis.com/js/core/bridge3.673.0_en.html#goog_828786482:448:310
bC/this.aa@https://imasdk.googleapis.com/js/core/bridge3.673.0_en.html#goog_828786482:446:29

JavaScript warning: https://www.gstatic.com/_/mss/boq-subscribewithgoogle/_/js/k=boq-subscribewithgoogle.SubscribewithgoogleClientUi.en_US.JAdv_-4V5X4.es5.O/am=MBgwAw/d=1/excm=_b,_tp,serviceiframeview/ed=1/dg=0/wt=2/ujg=1/rs=ABXTjI4s_diCboKz0Egrs315l494KZ7fUA/m=_b,_tp, line 297: Script terminated by timeout at:
c@https://www.gstatic.com/_/mss/boq-subscribewithgoogle/_/js/k=boq-subscribewithgoogle.SubscribewithgoogleClientUi.en_US.JAdv_-4V5X4.es5.O/am=MBgwAw/d=1/excm=_b,_tp,serviceiframeview/ed=1/dg=0/wt=2/ujg=1/rs=ABXTjI4s_diCboKz0Egrs315l494KZ7fUA/m=_b,_tp:297:187
b@https://www.gstatic.com/_/mss/boq-subscribewithgoogle/_/js/k=boq-subscribewithgoogle.SubscribewithgoogleClientUi.en_US.JAdv_-4V5X4.es5.O/am=MBgwAw/d=1/excm=_b,_tp,serviceiframeview/ed=1/dg=0/wt=2/ujg=1/rs=ABXTjI4s_diCboKz0Egrs315l494KZ7fUA/m=_b,_tp:288:48

console.warn: LoginRecipes: "Falling back to a synchronous message for: https://sso.int.accounts.dowjones.com."
console.warn: LoginRecipes: "Falling back to a synchronous message for: https://sso.int.accounts.dowjones.com."
console.warn: LoginRecipes: "Falling back to a synchronous message for: https://sso.int.accounts.dowjones.com."
console.warn: LoginRecipes: "Falling back to a synchronous message for: https://sso.int.accounts.dowjones.com."
JavaScript warning: https://www.googletagmanager.com/gtag/js?id=G-GJ5S1GJYKT, line 585: Script terminated by timeout at:
uA@https://www.googletagmanager.com/gtag/js?id=G-GJ5S1GJYKT:585:482
MA@https://www.googletagmanager.com/gtag/js?id=G-GJ5S1GJYKT:592:163
KA/</<@https://www.googletagmanager.com/gtag/js?id=G-GJ5S1GJYKT:591:187
z@https://www.googletagmanager.com/gtag/js?id=G-GJ5S1GJYKT:200:203
KA/<@https://www.googletagmanager.com/gtag/js?id=G-GJ5S1GJYKT:591:167
z@https://www.googletagmanager.com/gtag/js?id=G-GJ5S1GJYKT:200:203
KA@https://www.googletagmanager.com/gtag/js?id=G-GJ5S1GJYKT:591:134
LA/<@https://www.googletagmanager.com/gtag/js?id=G-GJ5S1GJYKT:591:111

1729516879172	Marionette	INFO	Stopped listening on port 53105
JavaScript warning: https://video-api.wsj.com/api-video/player/v3/js/hls.6017565843620f892869.min.js, line 1: Script terminated by timeout at:
or@https://video-api.wsj.com/api-video/player/v3/js/hls.6017565843620f892869.min.js:1:207920
lr@https://video-api.wsj.com/api-video/player/v3/js/hls.6017565843620f892869.min.js:1:209077
hr@https://video-api.wsj.com/api-video/player/v3/js/hls.6017565843620f892869.min.js:1:209594
dr@https://video-api.wsj.com/api-video/player/v3/js/hls.6017565843620f892869.min.js:1:211156
cr@https://video-api.wsj.com/api-video/player/v3/js/hls.6017565843620f892869.min.js:1:213781
ur@https://video-api.wsj.com/api-video/player/v3/js/hls.6017565843620f892869.min.js:1:217693
timelineController@https://video-api.wsj.com/api-video/player/v3/js/hls.6017565843620f892869.min.js:1:313391
createController@https://video-api.wsj.com/api-video/player/v3/js/hls.6017565843620f892869.min.js:1:349215
gn@https://video-api.wsj.com/api-video/player/v3/js/hls.6017565843620f892869.min.js:1:348853
$r/</<@https://video-api.wsj.com/api-video/player/v3/js/video.min.js:41:73490
nrWrapper@https://www.wsj.com/articles/twitter-elon-musk-to-argue-over-trial-timetable-to-force-44-billion-takeover-11658223001:246:17640

Dynamically enable window occlusion 1
