1728408343370	geckodriver	INFO	Listening on 127.0.0.1:50221
1728408346412	mozrunner::runner	INFO	Running command: "C:\\Program Files\\Mozilla Firefox\\firefox.exe" "--marionette" "--remote-debugging-port" "50222" "--remote-allow-hosts" "localhost" "-no-remote" "-profile" "D:\\Users\\sasikumarj\\AppData\\Local\\Temp\\rust_mozprofile6MDy53"
console.warn: services.settings: Ignoring preference override of remote settings server
console.warn: services.settings: Allow by setting MOZ_REMOTE_SETTINGS_DEVTOOLS=1 in the environment
Dynamically enable window occlusion 0
1728408347026	Marionette	INFO	Marionette enabled
1728408347301	Marionette	INFO	Listening on port 50231
WebDriver BiDi listening on ws://127.0.0.1:50222
Read port: 50231
1728408347587	RemoteAgent	WARN	TLS certificate errors will be ignored for this session
DevTools listening on ws://127.0.0.1:50222/devtools/browser/b32e1180-5092-457f-b46c-56122bfbac40
JavaScript error: https://cdn.cxense.com/sp1.html#ver=2.8.80&typ=pgv&rnd=m20pph3uwrun2cnb&sid=1139592114930554183&loc=https%3A%2F%2Fwww.s.dev.fnlondon.com%2F&new=1&arf=0&ltm=1728408353761&ref=&tzo=-330&wsz=1278x497&res=1278x622&dpr=1&col=24&bln=en-US&chs=UTF-8&cks=m20pph6aufdzdzfz&ckp=m20pph3u5urkmhut&glb=&cp_userState=anon&cp_testGroup=22&cp_env=staging&cp_topDomain=fnlondon.com&cp_template=full&cp_access=free&cp_section=Home&cp_subsection=&cp_cms_name=CAPS&cp_subscriber=nonsubscriber&cp_edition=europegb&cp_bucket=6&cp_ab_bucket=96&cp_pageContentSource=FN%20London&cp_pageContentType=Home&cp_pageContentTypeDetai=default&cp_pageSiteProduct=FN&cp_userTags=&cp_sessionState=none, line 1: TypeError: cX.loadScript is not a function
JavaScript error: , line 0: TypeError: NetworkError when attempting to fetch resource.
JavaScript warning: https://pagead2.googlesyndication.com/bg/WEoqGYGTldYSfSNCQ9Ugqu-00NFuS6e6WOK2G2Y_zzI.js line 2 > eval line 2054 > eval line 1 > eval line 1 > eval, line 1: WEBGL_debug_renderer_info is deprecated in Firefox and will be removed. Please use RENDERER.
JavaScript error: , line 0: TypeError: NetworkError when attempting to fetch resource.
JavaScript error: https://asset.barrons.com/article/public/fn_full_article.dfb75bf78e25.js, line 62: TypeError: e(...).offset() is undefined
JavaScript error: https://asset.barrons.com/article/public/fn_full_article.dfb75bf78e25.js, line 26: TypeError: e(...).offset() is undefined
JavaScript warning: https://pagead2.googlesyndication.com/bg/WEoqGYGTldYSfSNCQ9Ugqu-00NFuS6e6WOK2G2Y_zzI.js line 2 > eval line 767 > eval line 1 > eval line 1 > eval, line 1: WEBGL_debug_renderer_info is deprecated in Firefox and will be removed. Please use RENDERER.
JavaScript error: https://asset.barrons.com/article/public/fn_full_article.dfb75bf78e25.js, line 26: TypeError: e(...).offset() is undefined
JavaScript warning: https://cdn.parsely.com/keys/fnlondon.com/p.js, line 7: Script terminated by timeout at:
value/n<@https://cdn.parsely.com/keys/fnlondon.com/p.js:7:24273
value@https://cdn.parsely.com/keys/fnlondon.com/p.js:7:24274
value@https://cdn.parsely.com/keys/fnlondon.com/p.js:7:24771

1728408661016	Marionette	INFO	Stopped listening on port 50231
Dynamically enable window occlusion 1
!!! error running onStopped callback: TypeError: callback is not a function
JavaScript error: , line 0: TypeError: NetworkError when attempting to fetch resource.
