1727697103215	geckodriver	INFO	Listening on 127.0.0.1:64528
1727697106559	mozrunner::runner	INFO	Running command: "C:\\Program Files\\Mozilla Firefox\\firefox.exe" "--marionette" "--remote-debugging-port" "64529" "--remote-allow-hosts" "localhost" "-no-remote" "-profile" "D:\\Users\\sasikumarj\\AppData\\Local\\Temp\\rust_mozprofile9sNkZQ"
console.warn: services.settings: Ignoring preference override of remote settings server
console.warn: services.settings: Allow by setting MOZ_REMOTE_SETTINGS_DEVTOOLS=1 in the environment
Dynamically enable window occlusion 0
1727697107290	Marionette	INFO	Marionette enabled
1727697107579	Marionette	INFO	Listening on port 64573
WebDriver BiDi listening on ws://127.0.0.1:64529
Read port: 64573
1727697107841	RemoteAgent	WARN	TLS certificate errors will be ignored for this session
DevTools listening on ws://127.0.0.1:64529/devtools/browser/91b9e3fe-3917-4172-9c48-a632c867eeef
JavaScript warning: https://cdn.gbqofs.com/sv/b/detector-bootstrap.min.js, line 0: Successfully compiled asm.js code (total compilation time 52ms)
JavaScript error: https://cdn.gbqofs.com/sv/b/detector-bootstrap.min.js, line 10: Error: Piano SDK is loaded twice on same page. Try to fix that to prevent the message.
JavaScript warning: https://pagead2.googlesyndication.com/bg/Ofjd5SEjadZox9_ebcUE7qVtcVJKxbTf46gjSEHhnaE.js line 2 > eval line 6459 > eval line 1 > eval line 1 > eval, line 1: WEBGL_debug_renderer_info is deprecated in Firefox and will be removed. Please use RENDERER.
JavaScript warning: https://ads.pubmatic.com/AdServer/js/user_sync.html?gdpr=0&gdpr_consent=&us_privacy=&predirect=https%3A%2F%2Fserver.prebid.dianomi.com%2F%2Fsetuid%3Fbidder%3Dpubmatic%26gdpr%3D0%26gdpr_consent%3D%26gpp%3D%26gpp_sid%3D%26f%3Db%26uid%3D, line 1: Script terminated by timeout at:
F@https://ads.pubmatic.com/AdServer/js/user_sync.html?gdpr=0&gdpr_consent=&us_privacy=&predirect=https%3A%2F%2Fserver.prebid.dianomi.com%2F%2Fsetuid%3Fbidder%3Dpubmatic%26gdpr%3D0%26gdpr_consent%3D%26gpp%3D%26gpp_sid%3D%26f%3Db%26uid%3D:1:9731
q@https://ads.pubmatic.com/AdServer/js/user_sync.html?gdpr=0&gdpr_consent=&us_privacy=&predirect=https%3A%2F%2Fserver.prebid.dianomi.com%2F%2Fsetuid%3Fbidder%3Dpubmatic%26gdpr%3D0%26gdpr_consent%3D%26gpp%3D%26gpp_sid%3D%26f%3Db%26uid%3D:1:9748
J@https://ads.pubmatic.com/AdServer/js/user_sync.html?gdpr=0&gdpr_consent=&us_privacy=&predirect=https%3A%2F%2Fserver.prebid.dianomi.com%2F%2Fsetuid%3Fbidder%3Dpubmatic%26gdpr%3D0%26gdpr_consent%3D%26gpp%3D%26gpp_sid%3D%26f%3Db%26uid%3D:1:14129
x@https://ads.pubmatic.com/AdServer/js/user_sync.html?gdpr=0&gdpr_consent=&us_privacy=&predirect=https%3A%2F%2Fserver.prebid.dianomi.com%2F%2Fsetuid%3Fbidder%3Dpubmatic%26gdpr%3D0%26gdpr_consent%3D%26gpp%3D%26gpp_sid%3D%26f%3Db%26uid%3D:1:10976

JavaScript error: , line 0: TypeError: NetworkError when attempting to fetch resource.
JavaScript error: , line 0: TypeError: NetworkError when attempting to fetch resource.
JavaScript warning: https://pagead2.googlesyndication.com/bg/Ofjd5SEjadZox9_ebcUE7qVtcVJKxbTf46gjSEHhnaE.js line 2 > eval line 1601 > eval line 1 > eval line 1 > eval, line 1: WEBGL_debug_renderer_info is deprecated in Firefox and will be removed. Please use RENDERER.
JavaScript warning: https://cdn.gbqofs.com/sv/b/detector-bootstrap.min.js, line 0: Successfully compiled asm.js code (total compilation time 7ms)
JavaScript error: https://sandbox.tinypass.com/api/tinypass.min.js, line 1: Error: Piano SDK is loaded twice on same page. Try to fix that to prevent the message.
1727697134367	Marionette	WARN	TimedPromise timed out after 500 ms: stacktrace:
TimedPromise/<@chrome://remote/content/marionette/sync.sys.mjs:219:24
TimedPromise@chrome://remote/content/marionette/sync.sys.mjs:203:10
interaction.flushEventLoop@chrome://remote/content/marionette/interaction.sys.mjs:467:10
webdriverClickElement@chrome://remote/content/marionette/interaction.sys.mjs:220:33
JavaScript warning: https://cdn.parsely.com/keys/barrons.com/p.js, line 7: Script terminated by timeout at:
t._migrateCookie@https://cdn.parsely.com/keys/barrons.com/p.js:7:32395
t.get@https://cdn.parsely.com/keys/barrons.com/p.js:7:31085
t.getJSON@https://cdn.parsely.com/keys/barrons.com/p.js:7:31452
getSession@https://cdn.parsely.com/keys/barrons.com/p.js:7:35605
beacon@https://cdn.parsely.com/keys/barrons.com/p.js:7:64086
e.engagedTime.sendHeartbeat@https://cdn.parsely.com/keys/barrons.com/p.js:7:43415
i.sendHeartbeat@https://cdn.parsely.com/keys/barrons.com/p.js:7:41440
i._sendHeartbeats@https://cdn.parsely.com/keys/barrons.com/p.js:7:41594
i._setUnloadListeners/<@https://cdn.parsely.com/keys/barrons.com/p.js:7:41747
value/<@https://cdn.parsely.com/keys/barrons.com/p.js:7:22304
value@https://cdn.parsely.com/keys/barrons.com/p.js:7:22277
value@https://cdn.parsely.com/keys/barrons.com/p.js:7:24351
value@https://cdn.parsely.com/keys/barrons.com/p.js:7:24771

JavaScript warning: https://ads.pubmatic.com/AdServer/js/user_sync.html?gdpr=0&gdpr_consent=&us_privacy=&predirect=https%3A%2F%2Fserver.prebid.dianomi.com%2F%2Fsetuid%3Fbidder%3Dpubmatic%26gdpr%3D0%26gdpr_consent%3D%26gpp%3D%26gpp_sid%3D%26f%3Db%26uid%3D, line 1: Script terminated by timeout at:
F@https://ads.pubmatic.com/AdServer/js/user_sync.html?gdpr=0&gdpr_consent=&us_privacy=&predirect=https%3A%2F%2Fserver.prebid.dianomi.com%2F%2Fsetuid%3Fbidder%3Dpubmatic%26gdpr%3D0%26gdpr_consent%3D%26gpp%3D%26gpp_sid%3D%26f%3Db%26uid%3D:1:9731
q@https://ads.pubmatic.com/AdServer/js/user_sync.html?gdpr=0&gdpr_consent=&us_privacy=&predirect=https%3A%2F%2Fserver.prebid.dianomi.com%2F%2Fsetuid%3Fbidder%3Dpubmatic%26gdpr%3D0%26gdpr_consent%3D%26gpp%3D%26gpp_sid%3D%26f%3Db%26uid%3D:1:9748
J@https://ads.pubmatic.com/AdServer/js/user_sync.html?gdpr=0&gdpr_consent=&us_privacy=&predirect=https%3A%2F%2Fserver.prebid.dianomi.com%2F%2Fsetuid%3Fbidder%3Dpubmatic%26gdpr%3D0%26gdpr_consent%3D%26gpp%3D%26gpp_sid%3D%26f%3Db%26uid%3D:1:14129
x@https://ads.pubmatic.com/AdServer/js/user_sync.html?gdpr=0&gdpr_consent=&us_privacy=&predirect=https%3A%2F%2Fserver.prebid.dianomi.com%2F%2Fsetuid%3Fbidder%3Dpubmatic%26gdpr%3D0%26gdpr_consent%3D%26gpp%3D%26gpp_sid%3D%26f%3Db%26uid%3D:1:10976

JavaScript error: , line 0: TypeError: NetworkError when attempting to fetch resource.
JavaScript error: , line 0: TypeError: NetworkError when attempting to fetch resource.
1727697140853	Marionette	INFO	Stopped listening on port 64573
Dynamically enable window occlusion 1
