1728409694618	geckodriver	INFO	Listening on 127.0.0.1:57363
1728409697676	mozrunner::runner	INFO	Running command: "C:\\Program Files\\Mozilla Firefox\\firefox.exe" "--marionette" "--remote-debugging-port" "57364" "--remote-allow-hosts" "localhost" "-no-remote" "-profile" "D:\\Users\\sasikumarj\\AppData\\Local\\Temp\\rust_mozprofileM3URjn"
console.warn: services.settings: Ignoring preference override of remote settings server
console.warn: services.settings: Allow by setting MOZ_REMOTE_SETTINGS_DEVTOOLS=1 in the environment
Dynamically enable window occlusion 0
1728409698392	Marionette	INFO	Marionette enabled
1728409698663	Marionette	INFO	Listening on port 57371
WebDriver BiDi listening on ws://127.0.0.1:57364
Read port: 57371
1728409698907	RemoteAgent	WARN	TLS certificate errors will be ignored for this session
DevTools listening on ws://127.0.0.1:57364/devtools/browser/de7f322e-4371-4386-b57b-d56dff1e1d9e
JavaScript warning: https://www.dev.marketwatch.com/_next/static/chunks/main-7c2c5b4ee7ae4ea0.js, line 1: unreachable code after return statement
JavaScript error: https://cdn.cxense.com/sp1.html#ver=2.8.80&typ=pgv&rnd=m20qiktx579q8unn&sid=1138573015853471556&loc=https%3A%2F%2Fwww.dev.marketwatch.com%2Fauthor%2FCatey-Hill&new=1&arf=0&ltm=1728409711609&ref=&tzo=-330&wsz=1278x497&res=1278x622&dpr=1&col=24&bln=en-US&chs=UTF-8&cks=m20qikwk6ji07npk&ckp=m20qiktxfqdx3l43&glb=&cp_userState=anon&cp_testGroup=79&cp_env=staging&cp_topDomain=marketwatch.com&cp_template=full&cp_access=free&cp_section=Author&cp_subsection=Catey%20Hill&cp_cms_name=Peavey&cp_subscriber=nonsubscriber&cp_edition=naus&cp_bucket=4&cp_ab_bucket=4&cp_pageContentSource=MarketWatch&cp_pageContentType=Summaries&cp_pageContentTypeDetai=default&cp_pageSiteProduct=MW&cp_userTags=&cp_sessionState=none, line 1: TypeError: cX.loadScript is not a function
JavaScript error: https://d3h0wybtovte4j.cloudfront.net/ugeovhprh.js, line 1: TypeError: URL constructor: null/foo.html?o=u&r=&l=https://www.dev.marketwatch.com/author/Catey-Hill&aa=NA&ib=false&buster=UcLVForopjkxhfhB is not a valid URL.
1728409716787	Marionette	WARN	Ignoring event 'pageshow' because document has an invalid readyState of 'uninitialized'.
1728409717189	Marionette	WARN	Ignoring event 'pageshow' because document has an invalid readyState of 'loading'.
1728409717970	Marionette	WARN	Ignoring event 'pageshow' because document has an invalid readyState of 'uninitialized'.
JavaScript warning: https://pagead2.googlesyndication.com/bg/WEoqGYGTldYSfSNCQ9Ugqu-00NFuS6e6WOK2G2Y_zzI.js line 2 > eval line 3823 > eval line 1 > eval line 1 > eval, line 1: WEBGL_debug_renderer_info is deprecated in Firefox and will be removed. Please use RENDERER.
1728409720690	Marionette	WARN	TimedPromise timed out after 500 ms: stacktrace:
TimedPromise/<@chrome://remote/content/marionette/sync.sys.mjs:219:24
TimedPromise@chrome://remote/content/marionette/sync.sys.mjs:203:10
interaction.flushEventLoop@chrome://remote/content/marionette/interaction.sys.mjs:467:10
webdriverClickElement@chrome://remote/content/marionette/interaction.sys.mjs:220:33
JavaScript error: , line 0: TypeError: NetworkError when attempting to fetch resource.
JavaScript warning: https://gum.criteo.com/syncframe?origin=criteoPrebidAdapter&topUrl=www.dev.marketwatch.com&us_privacy=1YNN&gpp=DBABRg~BVoAACA&gpp_sid=9#{%22cw%22:true,%22lsw%22:true,%22origin%22:%22criteoPrebidAdapter%22,%22requestId%22:%220.2745774237009584%22,%22tld%22:%22www.dev.marketwatch.com%22,%22topUrl%22:%22www.dev.marketwatch.com%22,%22version%22:%229_12_0%22}, line 13: Script terminated by timeout at:
r.prototype.logPixel@https://gum.criteo.com/syncframe?origin=criteoPrebidAdapter&topUrl=www.dev.marketwatch.com&us_privacy=1YNN&gpp=DBABRg~BVoAACA&gpp_sid=9#{%22cw%22:true,%22lsw%22:true,%22origin%22:%22criteoPrebidAdapter%22,%22requestId%22:%220.2745774237009584%22,%22tld%22:%22www.dev.marketwatch.com%22,%22topUrl%22:%22www.dev.marketwatch.com%22,%22version%22:%229_12_0%22}:13:3418
r.prototype.flushEventQueue@https://gum.criteo.com/syncframe?origin=criteoPrebidAdapter&topUrl=www.dev.marketwatch.com&us_privacy=1YNN&gpp=DBABRg~BVoAACA&gpp_sid=9#{%22cw%22:true,%22lsw%22:true,%22origin%22:%22criteoPrebidAdapter%22,%22requestId%22:%220.2745774237009584%22,%22tld%22:%22www.dev.marketwatch.com%22,%22topUrl%22:%22www.dev.marketwatch.com%22,%22version%22:%229_12_0%22}:13:3152
r/<@https://gum.criteo.com/syncframe?origin=criteoPrebidAdapter&topUrl=www.dev.marketwatch.com&us_privacy=1YNN&gpp=DBABRg~BVoAACA&gpp_sid=9#{%22cw%22:true,%22lsw%22:true,%22origin%22:%22criteoPrebidAdapter%22,%22requestId%22:%220.2745774237009584%22,%22tld%22:%22www.dev.marketwatch.com%22,%22topUrl%22:%22www.dev.marketwatch.com%22,%22version%22:%229_12_0%22}:13:3642

1728409722856	Marionette	INFO	Stopped listening on port 57371
JavaScript warning: https://tags.tiqcdn.com/utag/wsjdn/caj2commerce-v2/prod/utag.js, line 17: Script terminated by timeout at:
readIndividualCookies@https://tags.tiqcdn.com/utag/wsjdn/caj2commerce-v2/prod/utag.js:17:29
SC@https://tags.tiqcdn.com/utag/wsjdn/caj2commerce-v2/prod/utag.js:45:485
utag.loader.GET/utag.handler.extend<@https://tags.tiqcdn.com/utag/wsjdn/caj2commerce-v2/prod/utag.js:163:6008
RE@https://tags.tiqcdn.com/utag/wsjdn/caj2commerce-v2/prod/utag.js:85:24
trigger@https://tags.tiqcdn.com/utag/wsjdn/caj2commerce-v2/prod/utag.js:89:206
INIT@https://tags.tiqcdn.com/utag/wsjdn/caj2commerce-v2/prod/utag.js:81:118
END@https://tags.tiqcdn.com/utag/wsjdn/caj2commerce-v2/prod/utag.js:75:71
LOAD@https://tags.tiqcdn.com/utag/wsjdn/caj2commerce-v2/prod/utag.js:71:13
@https://tags.tiqcdn.com/utag/wsjdn/caj2commerce-v2/prod/utag.489.js?utv=ut4.51.202407311913:51:55
@https://tags.tiqcdn.com/utag/wsjdn/caj2commerce-v2/prod/utag.489.js?utv=ut4.51.202407311913:51:65

Dynamically enable window occlusion 1
