1729238477986	geckodriver	INFO	Listening on 127.0.0.1:57176
1729238481017	mozrunner::runner	INFO	Running command: "C:\\Program Files\\Mozilla Firefox\\firefox.exe" "--marionette" "--remote-debugging-port" "57177" "--remote-allow-hosts" "localhost" "-no-remote" "-profile" "D:\\Users\\sasikumarj\\AppData\\Local\\Temp\\rust_mozprofileF6TOfd"
console.warn: services.settings: Ignoring preference override of remote settings server
console.warn: services.settings: Allow by setting MOZ_REMOTE_SETTINGS_DEVTOOLS=1 in the environment
Dynamically enable window occlusion 0
1729238482125	Marionette	INFO	Marionette enabled
1729238482594	Marionette	INFO	Listening on port 57184
WebDriver BiDi listening on ws://127.0.0.1:57177
Read port: 57184
1729238483032	RemoteAgent	WARN	TLS certificate errors will be ignored for this session
DevTools listening on ws://127.0.0.1:57177/devtools/browser/294c60bc-9470-4780-a2fd-d3afe0c9c6f6
JavaScript warning: https://cdn.gbqofs.com/sv/b/detector-bootstrap.min.js, line 0: Successfully compiled asm.js code (total compilation time 3ms)
JavaScript warning: https://cdn.gbqofs.com/sv/b/detector-bootstrap.min.js, line 0: Successfully compiled asm.js code (total compilation time 4ms)
JavaScript warning: https://cdn.gbqofs.com/sv/b/detector-bootstrap.min.js, line 0: Successfully compiled asm.js code (total compilation time 2ms)
JavaScript warning: https://pagead2.googlesyndication.com/bg/PSoM0kjsD_lTTkrp_J6fX9q3toeH8Fj3j7xA0l2GQAA.js line 2 > eval line 5357 > eval line 1 > eval line 1 > eval, line 1: WEBGL_debug_renderer_info is deprecated in Firefox and will be removed. Please use RENDERER.
JavaScript error: https://www.barrons.com/ line 33 > injectedScript, line 44: Error: Can't access contentWindow of an iframe, skip placement initialization.
JavaScript warning: https://cdn.gbqofs.com/sv/b/detector-bootstrap.min.js, line 0: Successfully compiled asm.js code (total compilation time 2ms)
JavaScript error: https://js-agent.newrelic.com/nr-spa-1.269.0.min.js, line 2: TypeError: this[Z] is null
JavaScript warning: https://cdn.gbqofs.com/sv/b/detector-bootstrap.min.js, line 0: Successfully compiled asm.js code (total compilation time 2ms)
JavaScript warning: https://imasdk.googleapis.com/js/core/bridge3.673.0_en.html#goog_1861992045, line 448: Script terminated by timeout at:
YB@https://imasdk.googleapis.com/js/core/bridge3.673.0_en.html#goog_1861992045:448:310
bC/this.aa@https://imasdk.googleapis.com/js/core/bridge3.673.0_en.html#goog_1861992045:446:29

console.error: ({})
console.error: ({})
JavaScript warning: https://gum.criteo.com/syncframe?origin=criteoPrebidAdapter&topUrl=www.barrons.com&us_privacy=1---&gpp=DBAA&gpp_sid=-1#{%22cw%22:true,%22lsw%22:true,%22origin%22:%22criteoPrebidAdapter%22,%22requestId%22:%220.25308806439721765%22,%22tld%22:%22www.barrons.com%22,%22topUrl%22:%22www.barrons.com%22,%22version%22:%229_12_0%22}, line 13: Script terminated by timeout at:
r.prototype.flushEventQueue@https://gum.criteo.com/syncframe?origin=criteoPrebidAdapter&topUrl=www.barrons.com&us_privacy=1---&gpp=DBAA&gpp_sid=-1#{%22cw%22:true,%22lsw%22:true,%22origin%22:%22criteoPrebidAdapter%22,%22requestId%22:%220.25308806439721765%22,%22tld%22:%22www.barrons.com%22,%22topUrl%22:%22www.barrons.com%22,%22version%22:%229_12_0%22}:13:3137
r/<@https://gum.criteo.com/syncframe?origin=criteoPrebidAdapter&topUrl=www.barrons.com&us_privacy=1---&gpp=DBAA&gpp_sid=-1#{%22cw%22:true,%22lsw%22:true,%22origin%22:%22criteoPrebidAdapter%22,%22requestId%22:%220.25308806439721765%22,%22tld%22:%22www.barrons.com%22,%22topUrl%22:%22www.barrons.com%22,%22version%22:%229_12_0%22}:13:3642

JavaScript warning: https://cdn.gbqofs.com/sv/b/detector-bootstrap.min.js, line 0: Successfully compiled asm.js code (total compilation time 3ms)
JavaScript warning: https://cdn.gbqofs.com/sv/b/detector-bootstrap.min.js, line 0: Successfully compiled asm.js code (total compilation time 3ms)
JavaScript warning: https://cdn.gbqofs.com/sv/b/detector-bootstrap.min.js, line 0: Successfully compiled asm.js code (total compilation time 2ms)
JavaScript warning: https://cdn.gbqofs.com/sv/b/detector-bootstrap.min.js, line 0: Successfully compiled asm.js code (total compilation time 2ms)
JavaScript warning: https://pagead2.googlesyndication.com/bg/PSoM0kjsD_lTTkrp_J6fX9q3toeH8Fj3j7xA0l2GQAA.js line 2 > eval line 1660 > eval line 1 > eval line 1 > eval, line 1: WEBGL_debug_renderer_info is deprecated in Firefox and will be removed. Please use RENDERER.
[GFX1-]: CompositorBridgeChild receives IP[GFX1-]: CompositorBridgeChild receives IPC close with reason=AbnormalShutdown
[GFX1-]: CompositorBridgeChild receives IPC close with reason=AbnormalShutdown
[[[[GFX1-]: CompositorBridgeChild receives IPC close with reason=AbnormalShutdown
[GFX1-]: CompositorBrid[GFX1-]: CompositorBridgeChild receives IPC close with reason=AbnormalShutdown
[GFX1-]: CompositorBridgeChild rec[GFX1-]: CompositorBridgeChild receives IPC close with reason=AbnormalShutdown
[g[[e[[GFX1-]: CompositorBridgeChild receives IPC close with reason=AbnormalShutdown
Exiting due to channel error.
Exiting due to channel error.
[