1727696557817	geckodriver	INFO	Listening on 127.0.0.1:62631
1727696560857	mozrunner::runner	INFO	Running command: "C:\\Program Files\\Mozilla Firefox\\firefox.exe" "--marionette" "--remote-debugging-port" "62632" "--remote-allow-hosts" "localhost" "-no-remote" "-profile" "D:\\Users\\sasikumarj\\AppData\\Local\\Temp\\rust_mozprofileZCGELN"
console.warn: services.settings: Ignoring preference override of remote settings server
console.warn: services.settings: Allow by setting MOZ_REMOTE_SETTINGS_DEVTOOLS=1 in the environment
Dynamically enable window occlusion 0
1727696561452	Marionette	INFO	Marionette enabled
1727696561695	Marionette	INFO	Listening on port 62639
WebDriver BiDi listening on ws://127.0.0.1:62632
Read port: 62639
1727696561942	RemoteAgent	WARN	TLS certificate errors will be ignored for this session
DevTools listening on ws://127.0.0.1:62632/devtools/browser/d18014e6-a609-4177-9794-ec4b86c66ea0
JavaScript error: https://cdn.cxense.com/sp1.html#ver=2.8.80&typ=pgv&rnd=m1oxxe2nj74wvfy4&sid=9222325317970825875&loc=https%3A%2F%2Fwww.barrons.com%2F&new=1&arf=0&ltm=1727696565892&ref=&tzo=-330&wsz=1278x497&res=1278x622&dpr=1&col=24&bln=en-US&chs=UTF-8&cks=m1oxxf438j8rd2vi&ckp=m1oxxe2nsmowkfu8&glb=&cp_userState=anon&cp_testGroup=6&cp_topDomain=barrons.com&cp_access=free&cp_section=US%20Home%20Page%20Weekday&cp_subsection=&cp_cms_name=CAPS&cp_subscriber=nonsubscriber&cp_edition=naus&cp_bucket=0&cp_ab_bucket=60&cp_pageContentSource=Barrons%20Online&cp_pageContentType=Home&cp_pageContentTypeDetai=default&cp_pageSiteProduct=BOL&cp_userTags=&cp_sessionState=none, line 1: TypeError: cX.loadScript is not a function
JavaScript error: https://asset.barrons.com/fp/assets/webpack4/runtime.6d26069f71aa13.js, line 1: ChunkLoadError: Loading chunk 877 failed.
(error: https://asset.barrons.com/fp/assets/webpack4/877.4e5d331222ef02.js)
JavaScript error: https://asset.barrons.com/fp/assets/webpack4/runtime.6d26069f71aa13.js, line 1: ChunkLoadError: Loading chunk 877 failed.
(error: https://asset.barrons.com/fp/assets/webpack4/877.4e5d331222ef02.js)
JavaScript error: https://asset.barrons.com/fp/assets/webpack4/runtime.6d26069f71aa13.js, line 1: ChunkLoadError: Loading chunk 877 failed.
(error: https://asset.barrons.com/fp/assets/webpack4/877.4e5d331222ef02.js)
JavaScript error: https://asset.barrons.com/fp/assets/webpack4/runtime.6d26069f71aa13.js, line 1: ChunkLoadError: Loading chunk 877 failed.
(error: https://asset.barrons.com/fp/assets/webpack4/877.4e5d331222ef02.js)
JavaScript error: , line 0: TypeError: NetworkError when attempting to fetch resource.
JavaScript error: , line 0: TypeError: NetworkError when attempting to fetch resource.
JavaScript error: , line 0: TypeError: NetworkError when attempting to fetch resource.
JavaScript error: , line 0: TypeError: NetworkError when attempting to fetch resource.
JavaScript error: , line 0: TypeError: NetworkError when attempting to fetch resource.
JavaScript error: , line 0: TypeError: NetworkError when attempting to fetch resource.
JavaScript error: , line 0: TypeError: NetworkError when attempting to fetch resource.
JavaScript error: , line 0: TypeError: NetworkError when attempting to fetch resource.
JavaScript error: , line 0: TypeError: NetworkError when attempting to fetch resource.
JavaScript error: , line 0: TypeError: NetworkError when attempting to fetch resource.
JavaScript error: , line 0: TypeError: NetworkError when attempting to fetch resource.
JavaScript error: , line 0: TypeError: NetworkError when attempting to fetch resource.
JavaScript error: , line 0: TypeError: NetworkError when attempting to fetch resource.
JavaScript error: , line 0: TypeError: NetworkError when attempting to fetch resource.
JavaScript error: , line 0: TypeError: NetworkError when attempting to fetch resource.
JavaScript error: , line 0: TypeError: NetworkError when attempting to fetch resource.
JavaScript error: , line 0: TypeError: NetworkError when attempting to fetch resource.
JavaScript error: , line 0: TypeError: NetworkError when attempting to fetch resource.
JavaScript error: , line 0: TypeError: NetworkError when attempting to fetch resource.
JavaScript error: , line 0: TypeError: NetworkError when attempting to fetch resource.
JavaScript error: https://www.barrons.com/asset/dj-watchlist/v1.11.0/p-8e3b6675.entry.js, line 11: TypeError: Error.captureStackTrace is not a function
JavaScript warning: https://cdn.gbqofs.com/sv/b/detector-bootstrap.min.js, line 0: Successfully compiled asm.js code (total compilation time 2ms)
console.error: ({})
console.error: ({})
JavaScript error: https://cdn.cxense.com/sp1.html#ver=2.8.80&typ=pgv&rnd=m1oxxjvljw2nfi76&sid=9222325317970825875&loc=https%3A%2F%2Fwww.s.dev.barrons.com%2Farticles%2Fbuy-under-armour-stock-pick-51650672000&new=0&arf=0&ltm=1727696573416&ref=&tzo=-330&wsz=1278x497&res=1278x622&dpr=1&col=24&bln=en-US&chs=UTF-8&cks=m1oxxjx24s05nli0&ckp=m1oxxe2nsmowkfu8&glb=&amo=1720048200&cp_userState=anon&cp_testGroup=6&cp_topDomain=barrons.com&cp_pwTag=default&cp_pwPlacement=cx-snippetad&cp_pwCampaign=10&cp_pwType=personalized&cp_type=Retail&cp_template=preview&cp_access=paid&cp_section=Retail&cp_subsection=Sizing%20Up%20Small-Caps&cp_cms_name=Methode&cp_vix=&cp_subscriber=nonsubscriber&cp_edition=naus&cp_bucket=0&cp_ab_bucket=60&cp_pageContentSource=Barrons%20Online&cp_pageContentType=Article&cp_pageContentTypeDetai=continuous&cp_pageSiteProduct=BOL&cp_userTags=&cp_sessionState=none, line 1: TypeError: cX.loadScript is not a function
JavaScript warning: https://pagead2.googlesyndication.com/bg/Ofjd5SEjadZox9_ebcUE7qVtcVJKxbTf46gjSEHhnaE.js line 2 > eval line 7262 > eval line 1 > eval line 1 > eval, line 1: WEBGL_debug_renderer_info is deprecated in Firefox and will be removed. Please use RENDERER.
JavaScript error: , line 0: TypeError: NetworkError when attempting to fetch resource.
JavaScript error: , line 0: TypeError: NetworkError when attempting to fetch resource.
JavaScript error: , line 0: TypeError: NetworkError when attempting to fetch resource.
JavaScript error: , line 0: TypeError: NetworkError when attempting to fetch resource.
JavaScript error: , line 0: TypeError: NetworkError when attempting to fetch resource.
console.error: "Can't start recording from event type: " "paste"
console.error: "Can't start recording from event type: " "paste"
JavaScript warning: https://pagead2.googlesyndication.com/bg/Ofjd5SEjadZox9_ebcUE7qVtcVJKxbTf46gjSEHhnaE.js line 2 > eval line 5819 > eval line 1 > eval line 1 > eval, line 1: WEBGL_debug_renderer_info is deprecated in Firefox and will be removed. Please use RENDERER.
JavaScript warning: https://cdn.gbqofs.com/sv/b/detector-bootstrap.min.js, line 0: Successfully compiled asm.js code (total compilation time 3ms)
JavaScript error: https://cdn.gbqofs.com/sv/b/detector-bootstrap.min.js, line 10: Error: Piano SDK is loaded twice on same page. Try to fix that to prevent the message.
JavaScript error: https://ace.wsj.com/assets-staging/ace/uac.min.js, line 1: TypeError: o is null
JavaScript error: https://ace.wsj.com/assets-staging/ace/uac.min.js, line 1: TypeError: o is null
console.error: ({})
console.error: ({})
JavaScript error: https://instant.page/5.1.0, line 1: SyntaxError: redeclaration of var e
JavaScript error: https://instant.page/5.1.0, line 1: SyntaxError: redeclaration of var e
JavaScript warning: https://pagead2.googlesyndication.com/bg/Ofjd5SEjadZox9_ebcUE7qVtcVJKxbTf46gjSEHhnaE.js line 2 > eval line 3407 > eval line 1 > eval line 1 > eval, line 1: WEBGL_debug_renderer_info is deprecated in Firefox and will be removed. Please use RENDERER.
JavaScript warning: https://cdn.gbqofs.com/sv/b/detector-bootstrap.min.js, line 0: Successfully compiled asm.js code (total compilation time 7ms)
JavaScript error: https://www.s.dev.barrons.com/_next/static/chunks/545-a4003013de084026.js, line 1: TypeError: IntersectionObserver.observe: Argument 1 is not an object.
JavaScript error: https://cdn.gbqofs.com/sv/b/detector-bootstrap.min.js, line 10: Error: Piano SDK is loaded twice on same page. Try to fix that to prevent the message.
JavaScript warning: https://pagead2.googlesyndication.com/bg/Ofjd5SEjadZox9_ebcUE7qVtcVJKxbTf46gjSEHhnaE.js line 2 > eval line 3139 > eval line 1 > eval line 1 > eval, line 1: WEBGL_debug_renderer_info is deprecated in Firefox and will be removed. Please use RENDERER.
JavaScript error: , line 0: TypeError: NetworkError when attempting to fetch resource.
JavaScript warning: https://pagead2.googlesyndication.com/pagead/managed/js/activeview/current/ufs_web_display.js, line 14: Script terminated by timeout at:
E@https://pagead2.googlesyndication.com/pagead/managed/js/activeview/current/ufs_web_display.js:14:325
h@https://pagead2.googlesyndication.com/pagead/managed/js/activeview/current/ufs_web_display.js:94:449

JavaScript error: https://cdn.gbqofs.com/sv/b/detector-bootstrap.min.js, line 10: Error: Piano SDK is loaded twice on same page. Try to fix that to prevent the message.
JavaScript error: https://cdn.gbqofs.com/sv/b/detector-bootstrap.min.js, line 10: Error: Piano SDK is loaded twice on same page. Try to fix that to prevent the message.
JavaScript warning: https://www.s.dev.barrons.com/_next/static/chunks/main-fc8ea3f3c8e9e983.js, line 6: Script terminated by timeout at:
t@https://www.s.dev.barrons.com/_next/static/chunks/main-fc8ea3f3c8e9e983.js:6:15780

JavaScript error: , line 0: TypeError: NetworkError when attempting to fetch resource.
JavaScript error: , line 0: TypeError: NetworkError when attempting to fetch resource.
JavaScript warning: https://cdn.doubleverify.com/dv-measurements6756.js, line 2: Script terminated by timeout at:
logPageHideEventNonPersisted@https://cdn.doubleverify.com/dv-measurements6756.js:2:98078
7360/mapToWrapperFunction/</t[e]@https://cdn.doubleverify.com/dv-measurements6756.js:2:196937
runSafely@https://cdn.doubleverify.com/dv-measurements6756.js:2:197704
7360/publishEvents/<@https://cdn.doubleverify.com/dv-measurements6756.js:2:196794
publishEvents@https://cdn.doubleverify.com/dv-measurements6756.js:2:196776
dispatchEvent@https://cdn.doubleverify.com/dv-measurements6756.js:2:195358
3384/handlePersistedEvent/<@https://cdn.doubleverify.com/dv-measurements6756.js:2:294437
131/e.wrapFunction/<@https://cdn.doubleverify.com/dv-measurements6756.js:2:342025

JavaScript warning: https://imasdk.googleapis.com/js/core/bridge3.668.1_en.html#goog_1881027227, line 455: Script terminated by timeout at:
OB@https://imasdk.googleapis.com/js/core/bridge3.668.1_en.html#goog_1881027227:455:310
SB/this.aa@https://imasdk.googleapis.com/js/core/bridge3.668.1_en.html#goog_1881027227:453:29

JavaScript error: , line 0: TypeError: NetworkError when attempting to fetch resource.
console.warn: LoginRecipes: "Falling back to a synchronous message for: https://sso.int.accounts.dowjones.com."
console.warn: LoginRecipes: "Falling back to a synchronous message for: https://sso.int.accounts.dowjones.com."
console.warn: LoginRecipes: "Falling back to a synchronous message for: https://sso.int.accounts.dowjones.com."
console.warn: LoginRecipes: "Falling back to a synchronous message for: https://sso.int.accounts.dowjones.com."
console.error: ({})
console.error: ({})
JavaScript error: https://instant.page/5.1.0, line 1: SyntaxError: redeclaration of var e
JavaScript error: https://www.s.dev.barrons.com/_next/static/chunks/framework-1093784b1a58324b.js, line 9: Error: Minified React error #418; visit https://reactjs.org/docs/error-decoder.html?invariant=418 for the full message or use the non-minified dev environment for full errors and additional helpful warnings.
JavaScript error: https://www.s.dev.barrons.com/_next/static/chunks/framework-1093784b1a58324b.js, line 9: Error: Minified React error #418; visit https://reactjs.org/docs/error-decoder.html?invariant=418 for the full message or use the non-minified dev environment for full errors and additional helpful warnings.
JavaScript error: https://www.s.dev.barrons.com/_next/static/chunks/framework-1093784b1a58324b.js, line 9: Error: Minified React error #418; visit https://reactjs.org/docs/error-decoder.html?invariant=418 for the full message or use the non-minified dev environment for full errors and additional helpful warnings.
JavaScript error: https://www.s.dev.barrons.com/_next/static/chunks/framework-1093784b1a58324b.js, line 9: Error: Minified React error #418; visit https://reactjs.org/docs/error-decoder.html?invariant=418 for the full message or use the non-minified dev environment for full errors and additional helpful warnings.
JavaScript error: https://www.s.dev.barrons.com/_next/static/chunks/framework-1093784b1a58324b.js, line 9: Error: Minified React error #418; visit https://reactjs.org/docs/error-decoder.html?invariant=418 for the full message or use the non-minified dev environment for full errors and additional helpful warnings.
JavaScript error: https://www.s.dev.barrons.com/_next/static/chunks/framework-1093784b1a58324b.js, line 9: Error: Minified React error #418; visit https://reactjs.org/docs/error-decoder.html?invariant=418 for the full message or use the non-minified dev environment for full errors and additional helpful warnings.
JavaScript error: https://www.s.dev.barrons.com/_next/static/chunks/framework-1093784b1a58324b.js, line 9: Error: Minified React error #418; visit https://reactjs.org/docs/error-decoder.html?invariant=418 for the full message or use the non-minified dev environment for full errors and additional helpful warnings.
JavaScript error: https://www.s.dev.barrons.com/_next/static/chunks/framework-1093784b1a58324b.js, line 9: Error: Minified React error #418; visit https://reactjs.org/docs/error-decoder.html?invariant=418 for the full message or use the non-minified dev environment for full errors and additional helpful warnings.
JavaScript error: https://www.s.dev.barrons.com/_next/static/chunks/framework-1093784b1a58324b.js, line 9: Error: Minified React error #423; visit https://reactjs.org/docs/error-decoder.html?invariant=423 for the full message or use the non-minified dev environment for full errors and additional helpful warnings.
JavaScript warning: https://pagead2.googlesyndication.com/bg/Ofjd5SEjadZox9_ebcUE7qVtcVJKxbTf46gjSEHhnaE.js line 2 > eval line 6856 > eval line 1 > eval line 1 > eval, line 1: WEBGL_debug_renderer_info is deprecated in Firefox and will be removed. Please use RENDERER.
JavaScript warning: https://pagead2.googlesyndication.com/bg/Ofjd5SEjadZox9_ebcUE7qVtcVJKxbTf46gjSEHhnaE.js line 2 > eval line 964 > eval line 1 > eval line 1 > eval, line 1: WEBGL_debug_renderer_info is deprecated in Firefox and will be removed. Please use RENDERER.
JavaScript warning: https://pagead2.googlesyndication.com/bg/Ofjd5SEjadZox9_ebcUE7qVtcVJKxbTf46gjSEHhnaE.js line 2 > eval line 7699 > eval line 1 > eval line 1 > eval, line 1: WEBGL_debug_renderer_info is deprecated in Firefox and will be removed. Please use RENDERER.
JavaScript warning: https://cdn.gbqofs.com/sv/b/detector-bootstrap.min.js, line 0: Successfully compiled asm.js code (total compilation time 2ms)
JavaScript error: , line 0: TypeError: NetworkError when attempting to fetch resource.
JavaScript error: , line 0: TypeError: NetworkError when attempting to fetch resource.
JavaScript error: , line 0: TypeError: NetworkError when attempting to fetch resource.
JavaScript warning: https://pagead2.googlesyndication.com/bg/Ofjd5SEjadZox9_ebcUE7qVtcVJKxbTf46gjSEHhnaE.js line 2 > eval line 3800 > eval line 1 > eval line 1 > eval, line 1: WEBGL_debug_renderer_info is deprecated in Firefox and will be removed. Please use RENDERER.
JavaScript warning: https://pagead2.googlesyndication.com/bg/Ofjd5SEjadZox9_ebcUE7qVtcVJKxbTf46gjSEHhnaE.js line 2 > eval line 792 > eval line 1 > eval line 1 > eval, line 1: WEBGL_debug_renderer_info is deprecated in Firefox and will be removed. Please use RENDERER.
JavaScript error: https://cdn.gbqofs.com/sv/b/detector-bootstrap.min.js, line 10: Error: Piano SDK is loaded twice on same page. Try to fix that to prevent the message.
JavaScript error: https://cdn.gbqofs.com/sv/b/detector-bootstrap.min.js, line 10: Error: Piano SDK is loaded twice on same page. Try to fix that to prevent the message.
JavaScript error: https://cdn.gbqofs.com/sv/b/detector-bootstrap.min.js, line 10: Error: Piano SDK is loaded twice on same page. Try to fix that to prevent the message.
JavaScript error: https://cdn.gbqofs.com/sv/b/detector-bootstrap.min.js, line 10: Error: Piano SDK is loaded twice on same page. Try to fix that to prevent the message.
JavaScript error: , line 0: TypeError: NetworkError when attempting to fetch resource.
JavaScript error: , line 0: TypeError: NetworkError when attempting to fetch resource.
JavaScript warning: https://pagead2.googlesyndication.com/bg/Ofjd5SEjadZox9_ebcUE7qVtcVJKxbTf46gjSEHhnaE.js line 2 > eval line 3001 > eval line 1 > eval line 1 > eval, line 1: WEBGL_debug_renderer_info is deprecated in Firefox and will be removed. Please use RENDERER.
JavaScript warning: https://cdn.gbqofs.com/sv/b/detector-bootstrap.min.js, line 0: Successfully compiled asm.js code (total compilation time 2ms)
JavaScript warning: https://pagead2.googlesyndication.com/bg/Ofjd5SEjadZox9_ebcUE7qVtcVJKxbTf46gjSEHhnaE.js line 2 > eval line 2126 > eval line 1 > eval line 1 > eval, line 1: WEBGL_debug_renderer_info is deprecated in Firefox and will be removed. Please use RENDERER.
JavaScript error: https://cdn.gbqofs.com/sv/b/detector-bootstrap.min.js, line 10: Error: Piano SDK is loaded twice on same page. Try to fix that to prevent the message.
JavaScript warning: https://cdn.parsely.com/keys/barrons.com/p.js, line 7: Script terminated by timeout at:
t._deserialize@https://cdn.parsely.com/keys/barrons.com/p.js:7:32272
t.get@https://cdn.parsely.com/keys/barrons.com/p.js:7:31173
t.extendExpiry@https://cdn.parsely.com/keys/barrons.com/p.js:7:32079
extendSessionExpiry@https://cdn.parsely.com/keys/barrons.com/p.js:7:36249
getSession@https://cdn.parsely.com/keys/barrons.com/p.js:7:36182
beacon@https://cdn.parsely.com/keys/barrons.com/p.js:7:64086
e.engagedTime.sendHeartbeat@https://cdn.parsely.com/keys/barrons.com/p.js:7:43415
i.sendHeartbeat@https://cdn.parsely.com/keys/barrons.com/p.js:7:41440
i._sendHeartbeats@https://cdn.parsely.com/keys/barrons.com/p.js:7:41594
i._setUnloadListeners/<@https://cdn.parsely.com/keys/barrons.com/p.js:7:41747
value/<@https://cdn.parsely.com/keys/barrons.com/p.js:7:22304
value@https://cdn.parsely.com/keys/barrons.com/p.js:7:22277
value@https://cdn.parsely.com/keys/barrons.com/p.js:7:24351
value@https://cdn.parsely.com/keys/barrons.com/p.js:7:24883

JavaScript warning: https://cdn.parsely.com/keys/barrons.com/p.js, line 7: Script terminated by timeout at:
n@https://cdn.parsely.com/keys/barrons.com/p.js:7:21110
t@https://cdn.parsely.com/keys/barrons.com/p.js:7:22510
value@https://cdn.parsely.com/keys/barrons.com/p.js:7:24365
value@https://cdn.parsely.com/keys/barrons.com/p.js:7:24771

JavaScript warning: https://www.s.dev.barrons.com/_next/static/chunks/main-fc8ea3f3c8e9e983.js, line 6: Script terminated by timeout at:
a@https://www.s.dev.barrons.com/_next/static/chunks/main-fc8ea3f3c8e9e983.js:6:19551
78018/J/<@https://www.s.dev.barrons.com/_next/static/chunks/main-fc8ea3f3c8e9e983.js:6:20022
t@https://www.s.dev.barrons.com/_next/static/chunks/main-fc8ea3f3c8e9e983.js:6:15839

1727697064918	Marionette	INFO	Stopped listening on port 62639
JavaScript error: , line 0: TypeError: NetworkError when attempting to fetch resource.
JavaScript warning: https://code.createjs.com/1.0.0/createjs.min.js, line 12: Script terminated by timeout at:
a._handleTimeout@https://code.createjs.com/1.0.0/createjs.min.js:12:6739

JavaScript error: , line 0: TypeError: NetworkError when attempting to fetch resource.
Dynamically enable window occlusion 1
JavaScript error: , line 0: TypeError: NetworkError when attempting to fetch resource.
JavaScript error: , line 0: TypeError: NetworkError when attempting to fetch resource.
JavaScript error: , line 0: TypeError: NetworkError when attempting to fetch resource.
JavaScript error: , line 0: TypeError: NetworkError when attempting to fetch resource.
JavaScript error: , line 0: TypeError: NetworkError when attempting to fetch resource.
JavaScript error: , line 0: TypeError: NetworkError when attempting to fetch resource.
JavaScript error: , line 0: TypeError: NetworkError when attempting to fetch resource.
JavaScript error: , line 0: TypeError: NetworkError when attempting to fetch resource.
JavaScript error: , line 0: TypeError: NetworkError when attempting to fetch resource.
JavaScript error: , line 0: TypeError: NetworkError when attempting to fetch resource.
