1728464151483	geckodriver	INFO	Listening on 127.0.0.1:56630
1728464154549	mozrunner::runner	INFO	Running command: "C:\\Program Files\\Mozilla Firefox\\firefox.exe" "--marionette" "--remote-debugging-port" "56631" "--remote-allow-hosts" "localhost" "-no-remote" "-profile" "D:\\Users\\sasikumarj\\AppData\\Local\\Temp\\rust_mozprofileIh1PgG"
console.warn: services.settings: Ignoring preference override of remote settings server
console.warn: services.settings: Allow by setting MOZ_REMOTE_SETTINGS_DEVTOOLS=1 in the environment
Dynamically enable window occlusion 0
1728464155145	Marionette	INFO	Marionette enabled
1728464155376	Marionette	INFO	Listening on port 56639
WebDriver BiDi listening on ws://127.0.0.1:56631
Read port: 56639
1728464155628	RemoteAgent	WARN	TLS certificate errors will be ignored for this session
DevTools listening on ws://127.0.0.1:56631/devtools/browser/d1167d63-c3a3-4921-9145-7e6ab1ed3f78
JavaScript warning: https://int-replay-wsj-elections.ore.onservo.com/election/_next/static/chunks/main-c0569e4635de2e62.js, line 1: unreachable code after return statement
JavaScript warning: https://int-replay-wsj-elections.ore.onservo.com/election/_next/static/chunks/main-c0569e4635de2e62.js, line 1: unreachable code after return statement
JavaScript error: https://d3h0wybtovte4j.cloudfront.net/ugeovhprh.js, line 1: TypeError: URL constructor: null/foo.html?o=u&r=&l=https://www.dev.wsj.com/&aa=NA&ib=false&buster=ENcyZFdkxJRhbZgR is not a valid URL.
JavaScript error: https://cdn.cxense.com/sp1.html#ver=2.8.80&typ=pgv&rnd=m21mxofc4g1d5fls&sid=1134002947328204066&loc=https%3A%2F%2Fwww.dev.wsj.com%2F&new=1&arf=0&ltm=1728464163843&ref=&tzo=-330&wsz=1278x497&res=1278x622&dpr=1&col=24&bln=en-US&chs=UTF-8&cks=m21mxoxy9r5jwnh5&ckp=m21mxofckbppfp72&glb=&cp_userState=anon&cp_testGroup=63&cp_env=staging&cp_topDomain=wsj.com&cp_template=full&cp_access=free&cp_section=US%20Home%20Page&cp_subsection=&cp_cms_name=CAPS&cp_subscriber=nonsubscriber&cp_edition=naus&cp_bucket=4&cp_ab_bucket=74&cp_pageContentSource=WSJ%20Online&cp_pageContentType=Home&cp_pageContentTypeDetai=desktopweb&cp_pageSiteProduct=WSJ&cp_userTags=&cp_sessionState=none, line 1: TypeError: cX.loadScript is not a function
1728464165587	Marionette	WARN	Ignoring event 'DOMContentLoaded' because document has an invalid readyState of 'complete'.
JavaScript error: , line 0: TypeError: NetworkError when attempting to fetch resource.
JavaScript error: , line 0: TypeError: NetworkError when attempting to fetch resource.
JavaScript error: , line 0: TypeError: NetworkError when attempting to fetch resource.
JavaScript warning: https://sc-static.net/scevent.min.js, line 2: Script terminated by timeout at:
m@https://sc-static.net/scevent.min.js:2:2789
c@https://sc-static.net/scevent.min.js:2:6893

JavaScript warning: https://pagead2.googlesyndication.com/bg/OPjMWwJBtReHhWwOPXWsCqm1x5VpbT9SkyMWV37nL8g.js line 2 > eval line 1395 > eval line 1 > eval line 1 > eval, line 1: WEBGL_debug_renderer_info is deprecated in Firefox and will be removed. Please use RENDERER.
JavaScript warning: https://int-replay-wsj-elections.ore.onservo.com/election/_next/static/chunks/main-c0569e4635de2e62.js, line 1: Script terminated by timeout at:
8018/g/<@https://int-replay-wsj-elections.ore.onservo.com/election/_next/static/chunks/main-c0569e4635de2e62.js:1:111956
r@https://int-replay-wsj-elections.ore.onservo.com/election/_next/static/chunks/main-c0569e4635de2e62.js:1:111426

JavaScript error: https://news.google.com/swg/js/v1/swg.js, line 17: Error: XHR Failed fetching (https://news.google.com/...): (Note: a CORS error above may indicate that this publisher or domain is not configured in Publisher Center. The CORS error happens because 4xx responses do not set CORS headers.)

TypeError: NetworkError when attempting to fetch resource.
JavaScript error: , line 0: uncaught exception: Object
JavaScript error: https://news.google.com/swg/js/v1/swg.js, line 17: Error: Error: not allowed
JavaScript error: https://d3h0wybtovte4j.cloudfront.net/ugeovhprh.js, line 1: TypeError: URL constructor: null/foo.html?o=u&r=&l=https://www.dev.wsj.com/articles/twitter-elon-musk-to-argue-over-trial-timetable-to-force-44-billion-takeover-11658223001?cx_testId=3&cx_testVariant=cx_5&cx_artPos=6&mod=WTRN#cxrecs_s&aa=NA&ib=false&buster=BkhKkABCTyUnsudK is not a valid URL.
JavaScript warning: https://www.googletagmanager.com/gtag/js?id=G-GJ5S1GJYKT, line 503: Script terminated by timeout at:
vs@https://www.googletagmanager.com/gtag/js?id=G-GJ5S1GJYKT:503:434
st@https://www.googletagmanager.com/gtag/js?id=G-GJ5S1GJYKT:615:543
rH@https://www.googletagmanager.com/gtag/js?id=G-GJ5S1GJYKT:717:278
aa.Qm@https://www.googletagmanager.com/gtag/js?id=G-GJ5S1GJYKT:713:319
aa.Pm/</<@https://www.googletagmanager.com/gtag/js?id=G-GJ5S1GJYKT:711:489
Tk@https://www.googletagmanager.com/gtag/js?id=G-GJ5S1GJYKT:382:151
sl@https://www.googletagmanager.com/gtag/js?id=G-GJ5S1GJYKT:388:70
aa.Pm/<@https://www.googletagmanager.com/gtag/js?id=G-GJ5S1GJYKT:711:475
c@https://www.googletagmanager.com/gtag/js?id=G-GJ5S1GJYKT:522:411
gu@https://www.googletagmanager.com/gtag/js?id=G-GJ5S1GJYKT:523:237
aa.Pm@https://www.googletagmanager.com/gtag/js?id=G-GJ5S1GJYKT:711:461
c@https://www.googletagmanager.com/gtag/js?id=G-GJ5S1GJYKT:725:970
Km@https://www.googletagmanager.com/gtag/js?id=G-GJ5S1GJYKT:401:1
Jm.prototype.flush@https://www.googletagmanager.com/gtag/js?id=G-GJ5S1GJYKT:403:336
Jm.prototype.push@https://www.googletagmanager.com/gtag/js?id=G-GJ5S1GJYKT:401:403
Cm@https://www.googletagmanager.com/gtag/js?id=G-GJ5S1GJYKT:398:785
QH/<@https://www.googletagmanager.com/gtag/js?id=G-GJ5S1GJYKT:726:187
aa.Yk/<@https://www.googletagmanager.com/gtag/js?id=G-GJ5S1GJYKT:669:126
aa.Yk/c/<@https://www.googletagmanager.com/gtag/js?id=G-GJ5S1GJYKT:668:420

1728465276856	Marionette	INFO	Stopped listening on port 56639
Dynamically enable window occlusion 1
!!! error running onStopped callback: TypeError: callback is not a function
