1728462781756	geckodriver	INFO	Listening on 127.0.0.1:64556
1728462784807	mozrunner::runner	INFO	Running command: "C:\\Program Files\\Mozilla Firefox\\firefox.exe" "--marionette" "--remote-debugging-port" "64557" "--remote-allow-hosts" "localhost" "-no-remote" "-profile" "D:\\Users\\sasikumarj\\AppData\\Local\\Temp\\rust_mozprofile6Nr9hw"
console.warn: services.settings: Ignoring preference override of remote settings server
console.warn: services.settings: Allow by setting MOZ_REMOTE_SETTINGS_DEVTOOLS=1 in the environment
Dynamically enable window occlusion 0
1728462785417	Marionette	INFO	Marionette enabled
1728462785653	Marionette	INFO	Listening on port 64567
WebDriver BiDi listening on ws://127.0.0.1:64557
Read port: 64567
1728462785892	RemoteAgent	WARN	TLS certificate errors will be ignored for this session
DevTools listening on ws://127.0.0.1:64557/devtools/browser/426c4a09-d12a-4a05-a25a-a03b05169baf
JavaScript error: https://cdn.cxense.com/sp1.html#ver=2.8.80&typ=pgv&rnd=m21m486nvd0dnhvv&sid=9222325317970825875&loc=https%3A%2F%2Fwww.barrons.com%2F&new=1&arf=0&ltm=1728462789746&ref=&tzo=-330&wsz=1278x497&res=1278x622&dpr=1&col=24&bln=en-US&chs=UTF-8&cks=m21m48961m5dz8hr&ckp=m21m486nmrgptf52&glb=&cp_userState=anon&cp_testGroup=34&cp_topDomain=barrons.com&cp_access=free&cp_section=US%20Home%20Page%20Weekday&cp_subsection=&cp_cms_name=CAPS&cp_subscriber=nonsubscriber&cp_edition=naus&cp_bucket=5&cp_ab_bucket=75&cp_pageContentSource=Barrons%20Online&cp_pageContentType=Home&cp_pageContentTypeDetai=default&cp_pageSiteProduct=BOL&cp_userTags=&cp_sessionState=none, line 1: TypeError: cX.loadScript is not a function
JavaScript error: , line 0: uncaught exception: undefined
JavaScript error: https://www.barrons.com/asset/dj-watchlist/v1.11.0/p-8e3b6675.entry.js, line 11: TypeError: Error.captureStackTrace is not a function
JavaScript error: https://www.barrons.com/asset/dj-watchlist/v1.11.0/p-8e3b6675.entry.js, line 11: TypeError: Error.captureStackTrace is not a function
console.error: ({})
console.error: ({})
JavaScript error: https://cdn.cxense.com/sp1.html#ver=2.8.80&typ=pgv&rnd=m21m4di7j9guvaqj&sid=9222325317970825875&loc=https%3A%2F%2Fwww.s.dev.barrons.com%2Farticles%2Fbuy-under-armour-stock-pick-51650672000&new=0&arf=0&ltm=1728462796645&ref=&tzo=-330&wsz=1278x497&res=1278x622&dpr=1&col=24&bln=en-US&chs=UTF-8&cks=m21m4dmesuac10u6&ckp=m21m486nmrgptf52&glb=&amo=1720048200&cp_userState=anon&cp_testGroup=34&cp_topDomain=barrons.com&cp_pwTag=default&cp_pwPlacement=cx-snippetad&cp_pwCampaign=10&cp_pwType=personalized&cp_type=Retail&cp_template=preview&cp_access=paid&cp_section=Retail&cp_subsection=Sizing%20Up%20Small-Caps&cp_cms_name=Methode&cp_vix=&cp_subscriber=nonsubscriber&cp_edition=naus&cp_bucket=5&cp_ab_bucket=75&cp_pageContentSource=Barrons%20Online&cp_pageContentType=Article&cp_pageContentTypeDetai=continuous&cp_pageSiteProduct=BOL&cp_userTags=&cp_sessionState=none, line 1: TypeError: cX.loadScript is not a function
JavaScript warning: https://cdn.gbqofs.com/sv/b/detector-bootstrap.min.js, line 0: Successfully compiled asm.js code (total compilation time 3ms)
JavaScript error: https://cdn.gbqofs.com/sv/b/detector-bootstrap.min.js, line 10: ChunkLoadError: Loading chunk 92 failed.
(error: https://cdn.gbqofs.com/sv/b/detector-lazy.min.js)
JavaScript error: , line 0: uncaught exception: undefined
JavaScript warning: https://www.gstatic.com/_/mss/boq-subscribewithgoogle/_/js/k=boq-subscribewithgoogle.SubscribewithgoogleClientUi.en_US.Y7snZc84UmY.es5.O/ck=boq-subscribewithgoogle.SubscribewithgoogleClientUi.cMELi2qVx30.L.F4.O/am=YDBgBg/d=1/exm=_b,_tp/excm=_b,_tp,serviceiframeview/ed=1/wt=2/ujg=1/rs=ABXTjI6sEZkF7qpRYA9z7L16M9El_EgK_A/ee=EVNhjf:pw70Gc;EmZ2Bf:zr1jrb;JsbNhc:Xd8iUd;K5nYTd:ZDZcre;LBgRLc:SdcwHb;Me32dd:MEeYgc;NPKaK:SdcwHb;NSEoX:lazG7b;Pjplud:EEDORb;QGR0gd:Mlhmy;SNUn3:ZwDk9d;ScI3Yc:e7Hzgb;Uvc8o:VDovNc;YIZmRd:A1yn5d;a56pNe:JEfCwb;cEt90b:ws9Tlc;dIoSBb:SpsfSb;dowIGb:ebZ3mb;eBAeSb:zbML3c;iFQyKf:QIhFr;lOO0Vd:OTA3Ae;nAFL3:s39S4;oGtAuc:sOXFj;pXdRYb:MdUzUe;qafBPd:yDVVkb;qddgKe:xQtZb;wR5FRb:O1Gjze;xqZiqf:wmnU7d;yxTchf:KUM7Z;zxnPse:GkRiKb/m=W93Wdc, line 50: Script terminated by timeout at:
WI@https://www.gstatic.com/_/mss/boq-subscribewithgoogle/_/js/k=boq-subscribewithgoogle.SubscribewithgoogleClientUi.en_US.Y7snZc84UmY.es5.O/ck=boq-subscribewithgoogle.SubscribewithgoogleClientUi.cMELi2qVx30.L.F4.O/am=YDBgBg/d=1/exm=_b,_tp/excm=_b,_tp,serviceiframeview/ed=1/wt=2/ujg=1/rs=ABXTjI6sEZkF7qpRYA9z7L16M9El_EgK_A/ee=EVNhjf:pw70Gc;EmZ2Bf:zr1jrb;JsbNhc:Xd8iUd;K5nYTd:ZDZcre;LBgRLc:SdcwHb;Me32dd:MEeYgc;NPKaK:SdcwHb;NSEoX:lazG7b;Pjplud:EEDORb;QGR0gd:Mlhmy;SNUn3:ZwDk9d;ScI3Yc:e7Hzgb;Uvc8o:VDovNc;YIZmRd:A1yn5d;a56pNe:JEfCwb;cEt90b:ws9Tlc;dIoSBb:SpsfSb;dowIGb:ebZ3mb;eBAeSb:zbML3c;iFQyKf:QIhFr;lOO0Vd:OTA3Ae;nAFL3:s39S4;oGtAuc:sOXFj;pXdRYb:MdUzUe;qafBPd:yDVVkb;qddgKe:xQtZb;wR5FRb:O1Gjze;xqZiqf:wmnU7d;yxTchf:KUM7Z;zxnPse:GkRiKb/m=W93Wdc:50:391
Rha@https://www.gstatic.com/_/mss/boq-subscribewithgoogle/_/js/k=boq-subscribewithgoogle.SubscribewithgoogleClientUi.en_US.Y7snZc84UmY.es5.O/ck=boq-subscribewithgoogle.SubscribewithgoogleClientUi.cMELi2qVx30.L.F4.O/am=YDBgBg/d=1/exm=_b,_tp/excm=_b,_tp,serviceiframeview/ed=1/wt=2/ujg=1/rs=ABXTjI6sEZkF7qpRYA9z7L16M9El_EgK_A/ee=EVNhjf:pw70Gc;EmZ2Bf:zr1jrb;JsbNhc:Xd8iUd;K5nYTd:ZDZcre;LBgRLc:SdcwHb;Me32dd:MEeYgc;NPKaK:SdcwHb;NSEoX:lazG7b;Pjplud:EEDORb;QGR0gd:Mlhmy;SNUn3:ZwDk9d;ScI3Yc:e7Hzgb;Uvc8o:VDovNc;YIZmRd:A1yn5d;a56pNe:JEfCwb;cEt90b:ws9Tlc;dIoSBb:SpsfSb;dowIGb:ebZ3mb;eBAeSb:zbML3c;iFQyKf:QIhFr;lOO0Vd:OTA3Ae;nAFL3:s39S4;oGtAuc:sOXFj;pXdRYb:MdUzUe;qafBPd:yDVVkb;qddgKe:xQtZb;wR5FRb:O1Gjze;xqZiqf:wmnU7d;yxTchf:KUM7Z;zxnPse:GkRiKb/m=W93Wdc:49:211
SI.prototype.ma@https://www.gstatic.com/_/mss/boq-subscribewithgoogle/_/js/k=boq-subscribewithgoogle.SubscribewithgoogleClientUi.en_US.Y7snZc84UmY.es5.O/ck=boq-subscribewithgoogle.SubscribewithgoogleClientUi.cMELi2qVx30.L.F4.O/am=YDBgBg/d=1/exm=_b,_tp/excm=_b,_tp,serviceiframeview/ed=1/wt=2/ujg=1/rs=ABXTjI6sEZkF7qpRYA9z7L16M9El_EgK_A/ee=EVNhjf:pw70Gc;EmZ2Bf:zr1jrb;JsbNhc:Xd8iUd;K5nYTd:ZDZcre;LBgRLc:SdcwHb;Me32dd:MEeYgc;NPKaK:SdcwHb;NSEoX:lazG7b;Pjplud:EEDORb;QGR0gd:Mlhmy;SNUn3:ZwDk9d;ScI3Yc:e7Hzgb;Uvc8o:VDovNc;YIZmRd:A1yn5d;a56pNe:JEfCwb;cEt90b:ws9Tlc;dIoSBb:SpsfSb;dowIGb:ebZ3mb;eBAeSb:zbML3c;iFQyKf:QIhFr;lOO0Vd:OTA3Ae;nAFL3:s39S4;oGtAuc:sOXFj;pXdRYb:MdUzUe;qafBPd:yDVVkb;qddgKe:xQtZb;wR5FRb:O1Gjze;xqZiqf:wmnU7d;yxTchf:KUM7Z;zxnPse:GkRiKb/m=W93Wdc:48:107
SI/<@https://www.gstatic.com/_/mss/boq-subscribewithgoogle/_/js/k=boq-subscribewithgoogle.SubscribewithgoogleClientUi.en_US.Y7snZc84UmY.es5.O/ck=boq-subscribewithgoogle.SubscribewithgoogleClientUi.cMELi2qVx30.L.F4.O/am=YDBgBg/d=1/exm=_b,_tp/excm=_b,_tp,serviceiframeview/ed=1/wt=2/ujg=1/rs=ABXTjI6sEZkF7qpRYA9z7L16M9El_EgK_A/ee=EVNhjf:pw70Gc;EmZ2Bf:zr1jrb;JsbNhc:Xd8iUd;K5nYTd:ZDZcre;LBgRLc:SdcwHb;Me32dd:MEeYgc;NPKaK:SdcwHb;NSEoX:lazG7b;Pjplud:EEDORb;QGR0gd:Mlhmy;SNUn3:ZwDk9d;ScI3Yc:e7Hzgb;Uvc8o:VDovNc;YIZmRd:A1yn5d;a56pNe:JEfCwb;cEt90b:ws9Tlc;dIoSBb:SpsfSb;dowIGb:ebZ3mb;eBAeSb:zbML3c;iFQyKf:QIhFr;lOO0Vd:OTA3Ae;nAFL3:s39S4;oGtAuc:sOXFj;pXdRYb:MdUzUe;qafBPd:yDVVkb;qddgKe:xQtZb;wR5FRb:O1Gjze;xqZiqf:wmnU7d;yxTchf:KUM7Z;zxnPse:GkRiKb/m=W93Wdc:42:334

JavaScript warning: https://cdn.gbqofs.com/sv/b/detector-bootstrap.min.js, line 0: Successfully compiled asm.js code (total compilation time 2ms)
JavaScript warning: https://pagead2.googlesyndication.com/bg/OPjMWwJBtReHhWwOPXWsCqm1x5VpbT9SkyMWV37nL8g.js line 2 > eval line 6020 > eval line 1 > eval line 1 > eval, line 1: WEBGL_debug_renderer_info is deprecated in Firefox and will be removed. Please use RENDERER.
JavaScript error: , line 0: TypeError: NetworkError when attempting to fetch resource.
JavaScript error: , line 0: TypeError: NetworkError when attempting to fetch resource.
1728462812543	Marionette	INFO	Stopped listening on port 64567
Dynamically enable window occlusion 1
