1728284471106	geckodriver	INFO	Listening on 127.0.0.1:56308
1728284474150	mozrunner::runner	INFO	Running command: "C:\\Program Files\\Mozilla Firefox\\firefox.exe" "--marionette" "--remote-debugging-port" "56309" "--remote-allow-hosts" "localhost" "-no-remote" "-profile" "D:\\Users\\sasikumarj\\AppData\\Local\\Temp\\rust_mozprofileV81TwN"
console.warn: services.settings: Ignoring preference override of remote settings server
console.warn: services.settings: Allow by setting MOZ_REMOTE_SETTINGS_DEVTOOLS=1 in the environment
Dynamically enable window occlusion 0
1728284474747	Marionette	INFO	Marionette enabled
1728284474986	Marionette	INFO	Listening on port 56318
WebDriver BiDi listening on ws://127.0.0.1:56309
Read port: 56318
1728284475231	RemoteAgent	WARN	TLS certificate errors will be ignored for this session
DevTools listening on ws://127.0.0.1:56309/devtools/browser/c198765e-a6d1-460c-b9c9-885218c4f642
JavaScript warning: https://www.dev.marketwatch.com/_next/static/chunks/main-7c2c5b4ee7ae4ea0.js, line 1: unreachable code after return statement
JavaScript error: https://cdn.cxense.com/sp1.html#ver=2.8.80&typ=pgv&rnd=m1ynyizn9sfmcfhk&sid=1138573015853471556&loc=https%3A%2F%2Fwww.dev.marketwatch.com%2Fauthor%2FCatey-Hill&new=1&arf=0&ltm=1728284484519&ref=&tzo=-330&wsz=1278x497&res=1278x622&dpr=1&col=24&bln=en-US&chs=UTF-8&cks=m1ynyj28mxrna8hw&ckp=m1ynyiznc8404iaj&glb=&cp_userState=anon&cp_testGroup=96&cp_env=staging&cp_topDomain=marketwatch.com&cp_template=full&cp_access=free&cp_section=Author&cp_subsection=Catey%20Hill&cp_cms_name=Peavey&cp_subscriber=nonsubscriber&cp_edition=naus&cp_bucket=2&cp_ab_bucket=52&cp_pageContentSource=MarketWatch&cp_pageContentType=Summaries&cp_pageContentTypeDetai=default&cp_pageSiteProduct=MW&cp_userTags=&cp_sessionState=none, line 1: TypeError: cX.loadScript is not a function
JavaScript error: https://d3h0wybtovte4j.cloudfront.net/ugeovhprh.js, line 1: TypeError: URL constructor: null/foo.html?o=u&r=&l=https://www.dev.marketwatch.com/author/Catey-Hill&aa=NA&ib=false&buster=ULuMfXKDPFONodBX is not a valid URL.
JavaScript warning: https://pagead2.googlesyndication.com/bg/OLU2Qs7L6j7GM-qga8AmcQGkif1_HTGLtucCbK--hhY.js line 2 > eval line 6736 > eval line 1 > eval line 1 > eval, line 1: WEBGL_debug_renderer_info is deprecated in Firefox and will be removed. Please use RENDERER.
JavaScript error: , line 0: TypeError: NetworkError when attempting to fetch resource.
JavaScript error: , line 0: TypeError: NetworkError when attempting to fetch resource.
JavaScript error: , line 0: TypeError: NetworkError when attempting to fetch resource.
JavaScript warning: https://cdn.cxense.com/cx.js, line 6: Script terminated by timeout at:
n@https://cdn.cxense.com/cx.js:6:1149
r@https://cdn.cxense.com/cx.js:6:1272
Xi@https://cdn.cxense.com/cx.js:6:52098
ro@https://cdn.cxense.com/cx.js:6:54449
ea@https://cdn.cxense.com/cx.js:6:70307
ta@https://cdn.cxense.com/cx.js:6:70555
ra/<@https://cdn.cxense.com/cx.js:6:70614

1728284557023	Marionette	INFO	Stopped listening on port 56318
Dynamically enable window occlusion 1
