1728422255019	geckodriver	INFO	Listening on 127.0.0.1:53061
1728422258058	mozrunner::runner	INFO	Running command: "C:\\Program Files\\Mozilla Firefox\\firefox.exe" "--marionette" "--remote-debugging-port" "53062" "--remote-allow-hosts" "localhost" "-no-remote" "-profile" "D:\\Users\\sasikumarj\\AppData\\Local\\Temp\\rust_mozprofileJZzpjB"
console.warn: services.settings: Ignoring preference override of remote settings server
console.warn: services.settings: Allow by setting MOZ_REMOTE_SETTINGS_DEVTOOLS=1 in the environment
Dynamically enable window occlusion 0
1728422258755	Marionette	INFO	Marionette enabled
1728422258998	Marionette	INFO	Listening on port 53069
WebDriver BiDi listening on ws://127.0.0.1:53062
Read port: 53069
1728422259252	RemoteAgent	WARN	TLS certificate errors will be ignored for this session
DevTools listening on ws://127.0.0.1:53062/devtools/browser/7c783d2d-d492-4140-8d50-c5d723f7439e
JavaScript warning: https://www.marketwatch.com/_next/static/chunks/main-7c2c5b4ee7ae4ea0.js, line 1: unreachable code after return statement
JavaScript error: https://news.google.com/swg/js/v1/swg.js, line 17: Error: XHR Failed fetching (https://news.google.com/...): (Note: a CORS error above may indicate that this publisher or domain is not configured in Publisher Center. The CORS error happens because 4xx responses do not set CORS headers.)

TypeError: NetworkError when attempting to fetch resource.
JavaScript error: https://www.myfinance.com/static/widget/myFinance.js, line 1: DataCloneError: Function object could not be cloned.
JavaScript warning: https://pbc.marketwatch.com/p/dj/marketwatch/pb.js, line 7: Script terminated by timeout at:
n@https://pbc.marketwatch.com/p/dj/marketwatch/pb.js:7:56
@https://pbc.marketwatch.com/p/dj/marketwatch/pb.js:14:54431
z@https://pbc.marketwatch.com/p/dj/marketwatch/pb.js:14:123304
W@https://pbc.marketwatch.com/p/dj/marketwatch/pb.js:14:122324
1445/R.callBids/</<@https://pbc.marketwatch.com/p/dj/marketwatch/pb.js:14:17843
I@https://pbc.marketwatch.com/p/dj/marketwatch/pb.js:14:56030
1445/R.callBids/<@https://pbc.marketwatch.com/p/dj/marketwatch/pb.js:14:17802
1445/R.callBids@https://pbc.marketwatch.com/p/dj/marketwatch/pb.js:14:17741
run@https://pbc.marketwatch.com/p/dj/marketwatch/pb.js:14:40753
a@https://pbc.marketwatch.com/p/dj/marketwatch/pb.js:14:41218
ce@https://pbc.marketwatch.com/p/dj/marketwatch/pb.js:14:41271
6881/V<@https://pbc.marketwatch.com/p/dj/marketwatch/pb.js:14:42775
callBids@https://pbc.marketwatch.com/p/dj/marketwatch/pb.js:14:41884
9671/te<@https://pbc.marketwatch.com/p/dj/marketwatch/pb.js:14:97098
8128/u/h/</y/o[n]@https://pbc.marketwatch.com/p/dj/marketwatch/pb.js:13:3129
p@https://pbc.marketwatch.com/p/dj/marketwatch/pb.js:13:2982
6894/d/<@https://pbc.marketwatch.com/p/dj/marketwatch/pb.js:14:133600
8178/i</<@https://pbc.marketwatch.com/p/dj/marketwatch/pb.js:42:695
s@https://pbc.marketwatch.com/p/dj/marketwatch/pb.js:14:135602
5555/then/<@https://pbc.marketwatch.com/p/dj/marketwatch/pb.js:14:135652
o@https://pbc.marketwatch.com/p/dj/marketwatch/pb.js:14:135417
then@https://pbc.marketwatch.com/p/dj/marketwatch/pb.js:14:135490
8178/i<@https://pbc.marketwatch.com/p/dj/marketwatch/pb.js:42:649
6894/h/</</<@https://pbc.marketwatch.com/p/dj/marketwatch/pb.js:14:134874
measureHookTime@https://pbc.marketwatch.com/p/dj/marketwatch/pb.js:14:132611
6894/h/</<@https://pbc.marketwatch.com/p/dj/marketwatch/pb.js:14:134830
p@https://pbc.marketwatch.com/p/dj/marketwatch/pb.js:13:2982
6894/d/<@https://pbc.marketwatch.com/p/dj/marketwatch/pb.js:14:133600
f@https://pbc.marketwatch.com/p/dj/marketwatch/pb.js:70:1528
nrWrapper@https://www.marketwatch.com/story/is-the-u-s-stock-market-closed-on-juneteenth-what-investors-need-to-know-11655230158:104:17810

JavaScript warning: https://www.datadoghq-browser-agent.com/datadog-logs-v4.js, line 1: Script terminated by timeout at:
d@https://www.datadoghq-browser-agent.com/datadog-logs-v4.js:1:884
l/<@https://www.datadoghq-browser-agent.com/datadog-logs-v4.js:1:853

JavaScript warning: https://www.gstatic.com/_/mss/boq-subscribewithgoogle/_/js/k=boq-subscribewithgoogle.SubscribewithgoogleClientUi.en_US.Y7snZc84UmY.es5.O/am=YDBgBg/d=1/excm=_b,_tp,serviceiframeview/ed=1/dg=0/wt=2/ujg=1/rs=ABXTjI4o6JJW61vjfL39b99y1stb_FZTXg/m=_b,_tp, line 290: Script terminated by timeout at:
c@https://www.gstatic.com/_/mss/boq-subscribewithgoogle/_/js/k=boq-subscribewithgoogle.SubscribewithgoogleClientUi.en_US.Y7snZc84UmY.es5.O/am=YDBgBg/d=1/excm=_b,_tp,serviceiframeview/ed=1/dg=0/wt=2/ujg=1/rs=ABXTjI4o6JJW61vjfL39b99y1stb_FZTXg/m=_b,_tp:290:187
b@https://www.gstatic.com/_/mss/boq-subscribewithgoogle/_/js/k=boq-subscribewithgoogle.SubscribewithgoogleClientUi.en_US.Y7snZc84UmY.es5.O/am=YDBgBg/d=1/excm=_b,_tp,serviceiframeview/ed=1/dg=0/wt=2/ujg=1/rs=ABXTjI4o6JJW61vjfL39b99y1stb_FZTXg/m=_b,_tp:281:48

JavaScript warning: https://fpt.live.com/?session_id=40c66cd1ef2b4edc9c0afceb4e04f786&CustomerId=33e01921-4d64-4f8c-a055-5bdaffd5e33d&PageId=SI, line 5: WEBGL_debug_renderer_info is deprecated in Firefox and will be removed. Please use RENDERER.
console.warn: LoginRecipes: "Falling back to a synchronous message for: https://login.live.com."
console.warn: LoginRecipes: "Falling back to a synchronous message for: https://login.live.com."
console.warn: LoginRecipes: "Falling back to a synchronous message for: https://login.live.com."
console.warn: LoginRecipes: "Falling back to a synchronous message for: https://login.live.com."
console.warn: LoginRecipes: "Falling back to a synchronous message for: https://login.live.com."
console.warn: LoginRecipes: "Falling back to a synchronous message for: https://login.live.com."
console.warn: LoginRecipes: "Falling back to a synchronous message for: https://login.live.com."
console.warn: LoginRecipes: "Falling back to a synchronous message for: https://login.live.com."
console.warn: LoginRecipes: "Falling back to a synchronous message for: https://login.live.com."
console.warn: LoginRecipes: "Falling back to a synchronous message for: https://login.live.com."
1728422274397	Marionette	WARN	Ignoring event 'DOMContentLoaded' because document has an invalid readyState of 'complete'.
JavaScript warning: https://res-1.cdn.office.net/midgard/versionless/livepersonacard_without-react_4e09eb534f633f2b7d57.js, line 2: unreachable code after return statement
JavaScript warning: https://cdn.adnxs.com/v/s/246/trk.js, line 560: Script terminated by timeout at:
_.C@https://cdn.adnxs.com/v/s/246/trk.js:560:1382
md/<@https://cdn.adnxs.com/v/s/246/trk.js:560:5653

JavaScript warning: https://pagead2.googlesyndication.com/pagead/managed/js/activeview/current/ufs_web_display.js, line 14: Script terminated by timeout at:
E@https://pagead2.googlesyndication.com/pagead/managed/js/activeview/current/ufs_web_display.js:14:360
h@https://pagead2.googlesyndication.com/pagead/managed/js/activeview/current/ufs_web_display.js:94:449

JavaScript warning: https://cdn.adnxs.com/v/s/246/trk.js, line 8: Script terminated by timeout at:
zn@https://cdn.adnxs.com/v/s/246/trk.js:8:15
_.B@https://cdn.adnxs.com/v/s/246/trk.js:560:3307
_.C@https://cdn.adnxs.com/v/s/246/trk.js:560:1400
md/<@https://cdn.adnxs.com/v/s/246/trk.js:560:5653

JavaScript warning: https://pagead2.googlesyndication.com/pagead/managed/js/activeview/current/ufs_web_display.js, line 14: Script terminated by timeout at:
E@https://pagead2.googlesyndication.com/pagead/managed/js/activeview/current/ufs_web_display.js:14:325
h@https://pagead2.googlesyndication.com/pagead/managed/js/activeview/current/ufs_web_display.js:94:449

1728422331620	Marionette	INFO	Stopped listening on port 53069
JavaScript warning: https://res.public.onecdn.static.microsoft/owamail/hashed-v1/scripts/owa.AppBoot.m.d5c9c439.js, line 17: Script terminated by timeout at:
v@https://res.public.onecdn.static.microsoft/owamail/hashed-v1/scripts/owa.AppBoot.m.d5c9c439.js:17:178652
r@https://res.public.onecdn.static.microsoft/owamail/hashed-v1/scripts/owa.AppBoot.m.d5c9c439.js:17:183315
r@https://res.public.onecdn.static.microsoft/owamail/hashed-v1/scripts/owa.AppBoot.m.d5c9c439.js:17:193556
f@https://res.public.onecdn.static.microsoft/owamail/hashed-v1/scripts/owa.Analytics.m.dfc77c4b.js:1:821
885445/p/this.importAndExecute/<@https://res.public.onecdn.static.microsoft/owamail/hashed-v1/scripts/owa.mailindex.57c50e1a.js:1:60062
then@https://res.public.onecdn.static.microsoft/owamail/hashed-v1/scripts/owa.mailindex.57c50e1a.js:1:58202
885445/p/this.importAndExecute@https://res.public.onecdn.static.microsoft/owamail/hashed-v1/scripts/owa.mailindex.57c50e1a.js:1:60041
r@https://res.public.onecdn.static.microsoft/owamail/hashed-v1/scripts/owa.AppBoot.m.d5c9c439.js:17:183195
retryConnectionWithBackOff@https://res.public.onecdn.static.microsoft/owamail/hashed-v1/scripts/owa.Notification.m.c2bdbd12.js:1:26600
connectionDisconnectedHandler@https://res.public.onecdn.static.microsoft/owamail/hashed-v1/scripts/owa.Notification.m.c2bdbd12.js:1:24982
249580/disconnected/<@https://res.public.onecdn.static.microsoft/owamail/hashed-v1/scripts/owa.JquerySignalR.m.ea1f4ce2.js:1:16691
249580/r/t.triggerHandler@https://res.public.onecdn.static.microsoft/owamail/hashed-v1/scripts/owa.JquerySignalR.m.ea1f4ce2.js:1:271
stop@https://res.public.onecdn.static.microsoft/owamail/hashed-v1/scripts/owa.JquerySignalR.m.ea1f4ce2.js:1:18101
355250/t3/l.stop@https://res.public.onecdn.static.microsoft/owamail/hashed-v1/scripts/owa.Notification.m.c2bdbd12.js:1:45526
249580/start/l/</</<@https://res.public.onecdn.static.microsoft/owamail/hashed-v1/scripts/owa.JquerySignalR.m.ea1f4ce2.js:1:13109

Dynamically enable window occlusion 1
JavaScript error: , line 0: TypeError: NetworkError when attempting to fetch resource.
