1728422168523	geckodriver	INFO	Listening on 127.0.0.1:64031
1728422171536	mozrunner::runner	INFO	Running command: "C:\\Program Files\\Mozilla Firefox\\firefox.exe" "--marionette" "--remote-debugging-port" "64032" "--remote-allow-hosts" "localhost" "-no-remote" "-profile" "D:\\Users\\sasikumarj\\AppData\\Local\\Temp\\rust_mozprofilearrcFC"
console.warn: services.settings: Ignoring preference override of remote settings server
console.warn: services.settings: Allow by setting MOZ_REMOTE_SETTINGS_DEVTOOLS=1 in the environment
Dynamically enable window occlusion 0
1728422172213	Marionette	INFO	Marionette enabled
1728422172474	Marionette	INFO	Listening on port 64039
WebDriver BiDi listening on ws://127.0.0.1:64032
Read port: 64039
1728422172753	RemoteAgent	WARN	TLS certificate errors will be ignored for this session
DevTools listening on ws://127.0.0.1:64032/devtools/browser/d342c741-ee16-4492-9630-08dde6f7f589
JavaScript warning: https://www.marketwatch.com/_next/static/chunks/main-7c2c5b4ee7ae4ea0.js, line 1: unreachable code after return statement
JavaScript error: https://www.myfinance.com/static/widget/myFinance.js, line 1: DataCloneError: Function object could not be cloned.
JavaScript warning: https://securepubads.g.doubleclick.net/pagead/managed/js/gpt/m202410030101/pubads_impl.js, line 33: Script terminated by timeout at:
Py@https://securepubads.g.doubleclick.net/pagead/managed/js/gpt/m202410030101/pubads_impl.js:33:138982
Ry/this.next@https://securepubads.g.doubleclick.net/pagead/managed/js/gpt/m202410030101/pubads_impl.js:33:139300
b@https://securepubads.g.doubleclick.net/pagead/managed/js/gpt/m202410030101/pubads_impl.js:33:139551
nrWrapper@https://www.marketwatch.com/story/is-the-u-s-stock-market-closed-on-juneteenth-what-investors-need-to-know-11655230158:104:17810

JavaScript warning: https://www.datadoghq-browser-agent.com/datadog-logs-v4.js, line 1: Script terminated by timeout at:
d@https://www.datadoghq-browser-agent.com/datadog-logs-v4.js:1:884
l/<@https://www.datadoghq-browser-agent.com/datadog-logs-v4.js:1:853

JavaScript warning: https://fpt.live.com/?session_id=fb57b68b8b5344d8870ac6628f88a29e&CustomerId=33e01921-4d64-4f8c-a055-5bdaffd5e33d&PageId=SI, line 5: WEBGL_debug_renderer_info is deprecated in Firefox and will be removed. Please use RENDERER.
console.warn: LoginRecipes: "Falling back to a synchronous message for: https://login.live.com."
console.warn: LoginRecipes: "Falling back to a synchronous message for: https://login.live.com."
console.warn: LoginRecipes: "Falling back to a synchronous message for: https://login.live.com."
console.warn: LoginRecipes: "Falling back to a synchronous message for: https://login.live.com."
console.warn: LoginRecipes: "Falling back to a synchronous message for: https://login.live.com."
console.warn: LoginRecipes: "Falling back to a synchronous message for: https://login.live.com."
console.warn: LoginRecipes: "Falling back to a synchronous message for: https://login.live.com."
console.warn: LoginRecipes: "Falling back to a synchronous message for: https://login.live.com."
console.warn: LoginRecipes: "Falling back to a synchronous message for: https://login.live.com."
console.warn: LoginRecipes: "Falling back to a synchronous message for: https://login.live.com."
1728422188079	Marionette	WARN	Ignoring event 'DOMContentLoaded' because document has an invalid readyState of 'complete'.
JavaScript warning: https://res-1.cdn.office.net/midgard/versionless/livepersonacard_without-react_4e09eb534f633f2b7d57.js, line 2: unreachable code after return statement
JavaScript warning: https://cdn.adnxs.com/v/s/246/trk.js, line 297: Script terminated by timeout at:
yi@https://cdn.adnxs.com/v/s/246/trk.js:297:16
_.lb@https://cdn.adnxs.com/v/s/246/trk.js:560:16865
nh@https://cdn.adnxs.com/v/s/246/trk.js:404:85
Th@https://cdn.adnxs.com/v/s/246/trk.js:452:65
uc@https://cdn.adnxs.com/v/s/246/trk.js:248:34
oc@https://cdn.adnxs.com/v/s/246/trk.js:539:181
_.L@https://cdn.adnxs.com/v/s/246/trk.js:560:3783
Cc@https://cdn.adnxs.com/v/s/246/trk.js:449:27
_.B@https://cdn.adnxs.com/v/s/246/trk.js:560:3327
_.C@https://cdn.adnxs.com/v/s/246/trk.js:560:1400
md/<@https://cdn.adnxs.com/v/s/246/trk.js:560:5653
dn/this.Ka/<@https://acdn.adnxs-simple.com/strikeforce/script.js:1:51401
dL/<@https://acdn.adnxs-simple.com/strikeforce/script.js:1:76182

JavaScript warning: https://pagead2.googlesyndication.com/pagead/managed/js/activeview/current/ufs_web_display.js, line 48: Script terminated by timeout at:
Sa/<@https://pagead2.googlesyndication.com/pagead/managed/js/activeview/current/ufs_web_display.js:48:595
Sa@https://pagead2.googlesyndication.com/pagead/managed/js/activeview/current/ufs_web_display.js:48:569
Ua@https://pagead2.googlesyndication.com/pagead/managed/js/activeview/current/ufs_web_display.js:49:304
Ra.prototype.flush@https://pagead2.googlesyndication.com/pagead/managed/js/activeview/current/ufs_web_display.js:49:127
Ta@https://pagead2.googlesyndication.com/pagead/managed/js/activeview/current/ufs_web_display.js:48:483
ph/c/</<@https://pagead2.googlesyndication.com/pagead/managed/js/activeview/current/ufs_web_display.js:139:292
sc.prototype.next@https://pagead2.googlesyndication.com/pagead/managed/js/activeview/current/ufs_web_display.js:81:218
n.rd@https://pagead2.googlesyndication.com/pagead/managed/js/activeview/current/ufs_web_display.js:80:756
n.next@https://pagead2.googlesyndication.com/pagead/managed/js/activeview/current/ufs_web_display.js:80:523
lg/</</</<@https://pagead2.googlesyndication.com/pagead/managed/js/activeview/current/ufs_web_display.js:122:516
Qa.prototype.Nb/<@https://pagead2.googlesyndication.com/pagead/managed/js/activeview/current/ufs_web_display.js:48:315
lg/</</<@https://pagead2.googlesyndication.com/pagead/managed/js/activeview/current/ufs_web_display.js:122:525
sc.prototype.next@https://pagead2.googlesyndication.com/pagead/managed/js/activeview/current/ufs_web_display.js:81:218
n.rd@https://pagead2.googlesyndication.com/pagead/managed/js/activeview/current/ufs_web_display.js:80:756
n.next@https://pagead2.googlesyndication.com/pagead/managed/js/activeview/current/ufs_web_display.js:80:523
lg/</</</<@https://pagead2.googlesyndication.com/pagead/managed/js/activeview/current/ufs_web_display.js:122:516
Qa.prototype.Nb/<@https://pagead2.googlesyndication.com/pagead/managed/js/activeview/current/ufs_web_display.js:48:315
lg/</</<@https://pagead2.googlesyndication.com/pagead/managed/js/activeview/current/ufs_web_display.js:122:525
sc.prototype.next@https://pagead2.googlesyndication.com/pagead/managed/js/activeview/current/ufs_web_display.js:81:218
n.rd@https://pagead2.googlesyndication.com/pagead/managed/js/activeview/current/ufs_web_display.js:80:756
n.next@https://pagead2.googlesyndication.com/pagead/managed/js/activeview/current/ufs_web_display.js:80:523
h@https://pagead2.googlesyndication.com/pagead/managed/js/activeview/current/ufs_web_display.js:94:477

JavaScript warning: https://cdn.adnxs.com/v/s/246/trk.js, line 8: Script terminated by timeout at:
zn@https://cdn.adnxs.com/v/s/246/trk.js:8:15
_.B@https://cdn.adnxs.com/v/s/246/trk.js:560:3307
_.C@https://cdn.adnxs.com/v/s/246/trk.js:560:1400
md/<@https://cdn.adnxs.com/v/s/246/trk.js:560:5653

JavaScript warning: https://pagead2.googlesyndication.com/pagead/managed/js/activeview/current/ufs_web_display.js, line 14: Script terminated by timeout at:
E@https://pagead2.googlesyndication.com/pagead/managed/js/activeview/current/ufs_web_display.js:14:325
h@https://pagead2.googlesyndication.com/pagead/managed/js/activeview/current/ufs_web_display.js:94:449

JavaScript warning: https://pagead2.googlesyndication.com/bg/WEoqGYGTldYSfSNCQ9Ugqu-00NFuS6e6WOK2G2Y_zzI.js line 2 > eval line 3961 > eval line 1 > eval line 1 > eval, line 1: WEBGL_debug_renderer_info is deprecated in Firefox and will be removed. Please use RENDERER.
1728422247633	Marionette	INFO	Stopped listening on port 64039
JavaScript warning: https://res.public.onecdn.static.microsoft/owamail/hashed-v1/scripts/owa.AppBoot.m.d5c9c439.js, line 17: Script terminated by timeout at:
r@https://res.public.onecdn.static.microsoft/owamail/hashed-v1/scripts/owa.AppBoot.m.d5c9c439.js:17:193556
f@https://res.public.onecdn.static.microsoft/owamail/hashed-v1/scripts/owa.Analytics.m.dfc77c4b.js:1:821
p/this.importAndExecute/<@https://res.public.onecdn.static.microsoft/owamail/hashed-v1/scripts/owa.mailindex.57c50e1a.js:1:60062
then@https://res.public.onecdn.static.microsoft/owamail/hashed-v1/scripts/owa.mailindex.57c50e1a.js:1:58202
p/this.importAndExecute@https://res.public.onecdn.static.microsoft/owamail/hashed-v1/scripts/owa.mailindex.57c50e1a.js:1:60041
r@https://res.public.onecdn.static.microsoft/owamail/hashed-v1/scripts/owa.AppBoot.m.d5c9c439.js:17:183195
retryConnectionWithBackOff@https://res.public.onecdn.static.microsoft/owamail/hashed-v1/scripts/owa.Notification.m.c2bdbd12.js:1:26600
connectionDisconnectedHandler@https://res.public.onecdn.static.microsoft/owamail/hashed-v1/scripts/owa.Notification.m.c2bdbd12.js:1:24982
249580/disconnected/<@https://res.public.onecdn.static.microsoft/owamail/hashed-v1/scripts/owa.JquerySignalR.m.ea1f4ce2.js:1:16691
249580/r/t.triggerHandler@https://res.public.onecdn.static.microsoft/owamail/hashed-v1/scripts/owa.JquerySignalR.m.ea1f4ce2.js:1:271
stop@https://res.public.onecdn.static.microsoft/owamail/hashed-v1/scripts/owa.JquerySignalR.m.ea1f4ce2.js:1:18101
355250/t3/l.stop@https://res.public.onecdn.static.microsoft/owamail/hashed-v1/scripts/owa.Notification.m.c2bdbd12.js:1:45526
249580/start/l/</</<@https://res.public.onecdn.static.microsoft/owamail/hashed-v1/scripts/owa.JquerySignalR.m.ea1f4ce2.js:1:13109

Dynamically enable window occlusion 1
JavaScript error: , line 0: NetworkError: AutoCancel
JavaScript error: , line 0: TypeError: NetworkError when attempting to fetch resource.
