1727954554469	geckodriver	INFO	Listening on 127.0.0.1:62562
1727954557516	mozrunner::runner	INFO	Running command: "C:\\Program Files\\Mozilla Firefox\\firefox.exe" "--marionette" "--remote-debugging-port" "62563" "--remote-allow-hosts" "localhost" "-no-remote" "-profile" "D:\\Users\\sasikumarj\\AppData\\Local\\Temp\\rust_mozprofileUk8ddL"
console.warn: services.settings: Ignoring preference override of remote settings server
console.warn: services.settings: Allow by setting MOZ_REMOTE_SETTINGS_DEVTOOLS=1 in the environment
Dynamically enable window occlusion 0
1727954558163	Marionette	INFO	Marionette enabled
1727954558420	Marionette	INFO	Listening on port 62573
WebDriver BiDi listening on ws://127.0.0.1:62563
Read port: 62573
1727954558551	RemoteAgent	WARN	TLS certificate errors will be ignored for this session
DevTools listening on ws://127.0.0.1:62563/devtools/browser/18687c18-f753-4932-bfc4-abedb3024cb6
JavaScript warning: https://int-replay-wsj-elections.ore.onservo.com/election/_next/static/chunks/main-c0569e4635de2e62.js, line 1: unreachable code after return statement
JavaScript error: https://d3h0wybtovte4j.cloudfront.net/ugeovhprh.js, line 1: TypeError: URL constructor: null/foo.html?o=u&r=&l=https://www.dev.wsj.com/&aa=NA&ib=false&buster=AhNBMxikpcpgrBYj is not a valid URL.
JavaScript error: https://cdn.cxense.com/sp1.html#ver=2.8.80&typ=pgv&rnd=m1t7jcr3p4kxwo2f&sid=1134002947328204066&loc=https%3A%2F%2Fwww.dev.wsj.com%2F&new=1&arf=0&ltm=1727954571862&ref=&tzo=-330&wsz=1280x595&res=1280x720&dpr=1&col=24&bln=en-US&chs=UTF-8&cks=m1t7jd0k1m1g8ikb&ckp=m1t7jcr3p61mz5e1&glb=&cp_userState=anon&cp_testGroup=34&cp_env=staging&cp_topDomain=wsj.com&cp_template=full&cp_access=free&cp_section=US%20Home%20Page&cp_subsection=&cp_cms_name=CAPS&cp_subscriber=nonsubscriber&cp_edition=naus&cp_bucket=5&cp_ab_bucket=35&cp_pageContentSource=WSJ%20Online&cp_pageContentType=Home&cp_pageContentTypeDetai=desktopweb&cp_pageSiteProduct=WSJ&cp_userTags=&cp_sessionState=none, line 1: TypeError: cX.loadScript is not a function
1727954573223	Marionette	WARN	Ignoring event 'DOMContentLoaded' because document has an invalid readyState of 'complete'.
JavaScript warning: https://sc-static.net/scevent.min.js, line 2: Script terminated by timeout at:
Z/c.send@https://sc-static.net/scevent.min.js:2:4961
Zo@https://sc-static.net/scevent.min.js:2:43413
@https://sc-static.net/scevent.min.js:2:45854
Z/c/s/<@https://sc-static.net/scevent.min.js:2:4779
m@https://sc-static.net/scevent.min.js:2:2806
s@https://sc-static.net/scevent.min.js:2:4757
m@https://sc-static.net/scevent.min.js:2:2806
Z/c.send@https://sc-static.net/scevent.min.js:2:5065
Lt/</c/<@https://sc-static.net/scevent.min.js:2:6916
m@https://sc-static.net/scevent.min.js:2:2806
c@https://sc-static.net/scevent.min.js:2:6893

JavaScript warning: https://pagead2.googlesyndication.com/bg/UYsqJREaBwjkAHl0LHEjBpFtLD0iLclW1ojscoLzq0s.js line 2 > eval line 4583 > eval line 1 > eval line 1 > eval, line 1: WEBGL_debug_renderer_info is deprecated in Firefox and will be removed. Please use RENDERER.
JavaScript warning: https://pagead2.googlesyndication.com/bg/UYsqJREaBwjkAHl0LHEjBpFtLD0iLclW1ojscoLzq0s.js line 2 > eval line 1788 > eval line 1 > eval line 1 > eval, line 1: WEBGL_debug_renderer_info is deprecated in Firefox and will be removed. Please use RENDERER.
JavaScript warning: https://pagead2.googlesyndication.com/pagead/managed/js/activeview/current/ufs_web_display.js, line 14: Script terminated by timeout at:
E@https://pagead2.googlesyndication.com/pagead/managed/js/activeview/current/ufs_web_display.js:14:325
h@https://pagead2.googlesyndication.com/pagead/managed/js/activeview/current/ufs_web_display.js:94:449

JavaScript error: , line 0: TypeError: NetworkError when attempting to fetch resource.
JavaScript error: https://news.google.com/swg/js/v1/swg.js, line 17: Error: XHR Failed fetching (https://news.google.com/...): (Note: a CORS error above may indicate that this publisher or domain is not configured in Publisher Center. The CORS error happens because 4xx responses do not set CORS headers.)

TypeError: NetworkError when attempting to fetch resource.
JavaScript error: , line 0: uncaught exception: Object
JavaScript error: https://news.google.com/swg/js/v1/swg.js, line 17: Error: Error: not allowed
JavaScript error: https://d3h0wybtovte4j.cloudfront.net/ugeovhprh.js, line 1: TypeError: URL constructor: null/foo.html?o=u&r=&l=https://www.dev.wsj.com/articles/twitter-elon-musk-to-argue-over-trial-timetable-to-force-44-billion-takeover-11658223001?cx_testId=3&cx_testVariant=cx_5&cx_artPos=6&mod=WTRN#cxrecs_s&aa=NA&ib=false&buster=vMqtEpaArCMFBJil is not a valid URL.
JavaScript warning: https://www.dev.wsj.com/_next/static/chunks/main-cd92e5a27ba2f238.js, line 1: Script terminated by timeout at:
a@https://www.dev.wsj.com/_next/static/chunks/main-cd92e5a27ba2f238.js:1:121572
78018/W/<@https://www.dev.wsj.com/_next/static/chunks/main-cd92e5a27ba2f238.js:1:122043
r@https://www.dev.wsj.com/_next/static/chunks/main-cd92e5a27ba2f238.js:1:117860

1727955343491	Marionette	INFO	Stopped listening on port 62573
Dynamically enable window occlusion 1
!!! error running onStopped callback: TypeError: callback is not a function
