1727691035384	geckodriver	INFO	Listening on 127.0.0.1:64665
1727691038436	mozrunner::runner	INFO	Running command: "C:\\Program Files\\Mozilla Firefox\\firefox.exe" "--marionette" "--remote-debugging-port" "64666" "--remote-allow-hosts" "localhost" "-no-remote" "-profile" "D:\\Users\\sasikumarj\\AppData\\Local\\Temp\\rust_mozprofileVFSBko"
console.warn: services.settings: Ignoring preference override of remote settings server
console.warn: services.settings: Allow by setting MOZ_REMOTE_SETTINGS_DEVTOOLS=1 in the environment
Dynamically enable window occlusion 0
1727691039015	Marionette	INFO	Marionette enabled
1727691039250	Marionette	INFO	Listening on port 64675
Read port: 64675
WebDriver BiDi listening on ws://127.0.0.1:64666
1727691039364	RemoteAgent	WARN	TLS certificate errors will be ignored for this session
DevTools listening on ws://127.0.0.1:64666/devtools/browser/d7b96391-9c2c-4843-9e64-b1cf2d11afe2
JavaScript error: https://cdn.cxense.com/sp1.html#ver=2.8.80&typ=pgv&rnd=m1oun0u3cib00w8h&sid=9222325317970825875&loc=https%3A%2F%2Fwww.barrons.com%2F&new=1&arf=0&ltm=1727691043327&ref=&tzo=-330&wsz=1280x595&res=1280x720&dpr=1&col=24&bln=en-US&chs=UTF-8&cks=m1oun1hjhx3bwc43&ckp=m1oun0u3rbv4068e&glb=&cp_userState=anon&cp_testGroup=21&cp_topDomain=barrons.com&cp_access=free&cp_section=US%20Home%20Page%20Weekday&cp_subsection=&cp_cms_name=CAPS&cp_subscriber=nonsubscriber&cp_edition=naus&cp_bucket=9&cp_ab_bucket=39&cp_pageContentSource=Barrons%20Online&cp_pageContentType=Home&cp_pageContentTypeDetai=default&cp_pageSiteProduct=BOL&cp_userTags=&cp_sessionState=none, line 1: TypeError: cX.loadScript is not a function
JavaScript warning: https://cdn.gbqofs.com/sv/b/detector-bootstrap.min.js, line 0: Successfully compiled asm.js code (total compilation time 2ms)
JavaScript warning: https://tagan.adlightning.com/newscorp-barrons-aps/b-904ac2d-80faaab9.js, line 1: Script terminated by timeout at:
D@https://tagan.adlightning.com/newscorp-barrons-aps/b-904ac2d-80faaab9.js:1:883
NINNLy3@https://tagan.adlightning.com/newscorp-barrons-aps/b-904ac2d-80faaab9.js:1:1835
NINNLy3@https://tagan.adlightning.com/newscorp-barrons-aps/b-904ac2d-80faaab9.js:1:1876
@https://tagan.adlightning.com/newscorp-barrons-aps/b-904ac2d-80faaab9.js:1:248
@https://tagan.adlightning.com/newscorp-barrons-aps/b-904ac2d-80faaab9.js:1:419

JavaScript error: , line 0: TypeError: NetworkError when attempting to fetch resource.
1727691054688	Marionette	WARN	Ignoring event 'pageshow' because document has an invalid readyState of 'loading'.
JavaScript warning: https://pagead2.googlesyndication.com/bg/Ofjd5SEjadZox9_ebcUE7qVtcVJKxbTf46gjSEHhnaE.js line 2 > eval line 3706 > eval line 1 > eval line 1 > eval, line 1: WEBGL_debug_renderer_info is deprecated in Firefox and will be removed. Please use RENDERER.
JavaScript warning: https://pagead2.googlesyndication.com/bg/Ofjd5SEjadZox9_ebcUE7qVtcVJKxbTf46gjSEHhnaE.js line 2 > eval line 1832 > eval line 1 > eval line 1 > eval, line 1: WEBGL_debug_renderer_info is deprecated in Firefox and will be removed. Please use RENDERER.
JavaScript warning: https://s0.2mdn.net/879366/express_html_inpage_rendering_lib_200_280.js, line 49: Script terminated by timeout at:
M@https://s0.2mdn.net/879366/express_html_inpage_rendering_lib_200_280.js:49:2096
Ie@https://s0.2mdn.net/879366/express_html_inpage_rendering_lib_200_280.js:49:2489
zf@https://s0.2mdn.net/879366/express_html_inpage_rendering_lib_200_280.js:55:244
b@https://s0.2mdn.net/879366/express_html_inpage_rendering_lib_200_280.js:53:297

JavaScript warning: https://imasdk.googleapis.com/js/core/bridge3.668.1_en.html#goog_1407076002, line 455: Script terminated by timeout at:
OB@https://imasdk.googleapis.com/js/core/bridge3.668.1_en.html#goog_1407076002:455:310
SB/this.aa@https://imasdk.googleapis.com/js/core/bridge3.668.1_en.html#goog_1407076002:453:29

JavaScript error: , line 0: TypeError: NetworkError when attempting to fetch resource.
JavaScript warning: https://gum.criteo.com/syncframe?origin=criteoPrebidAdapter&topUrl=www.barrons.com&us_privacy=1YNN&gpp=DBABRg~BVoAACA&gpp_sid=9#{%22cw%22:true,%22lsw%22:true,%22origin%22:%22criteoPrebidAdapter%22,%22requestId%22:%220.9138434293123705%22,%22tld%22:%22www.barrons.com%22,%22topUrl%22:%22www.barrons.com%22,%22version%22:%229_12_0%22}, line 13: Script terminated by timeout at:
r.prototype.flushEventQueue@https://gum.criteo.com/syncframe?origin=criteoPrebidAdapter&topUrl=www.barrons.com&us_privacy=1YNN&gpp=DBABRg~BVoAACA&gpp_sid=9#{%22cw%22:true,%22lsw%22:true,%22origin%22:%22criteoPrebidAdapter%22,%22requestId%22:%220.9138434293123705%22,%22tld%22:%22www.barrons.com%22,%22topUrl%22:%22www.barrons.com%22,%22version%22:%229_12_0%22}:13:3137
r/<@https://gum.criteo.com/syncframe?origin=criteoPrebidAdapter&topUrl=www.barrons.com&us_privacy=1YNN&gpp=DBABRg~BVoAACA&gpp_sid=9#{%22cw%22:true,%22lsw%22:true,%22origin%22:%22criteoPrebidAdapter%22,%22requestId%22:%220.9138434293123705%22,%22tld%22:%22www.barrons.com%22,%22topUrl%22:%22www.barrons.com%22,%22version%22:%229_12_0%22}:13:3642

console.error: ({})
console.error: ({})
JavaScript warning: https://cdn.gbqofs.com/sv/b/detector-bootstrap.min.js, line 0: Successfully compiled asm.js code (total compilation time 8ms)
JavaScript error: https://cdn.cxense.com/sp1.html#ver=2.8.80&typ=pgv&rnd=m1ounei1tht86ugk&sid=9222325317970825875&loc=https%3A%2F%2Fwww.s.dev.barrons.com%2Farticles%2Fbuy-under-armour-stock-pick-51650672000&new=0&arf=0&ltm=1727691061039&ref=&tzo=-330&wsz=1280x595&res=1280x720&dpr=1&col=24&bln=en-US&chs=UTF-8&cks=m1ounenvbevkmm4q&ckp=m1oun0u3rbv4068e&glb=&amo=1720048200&cp_userState=anon&cp_testGroup=21&cp_topDomain=barrons.com&cp_pwTag=default&cp_pwPlacement=cx-snippetad&cp_pwCampaign=10&cp_pwType=personalized&cp_type=Retail&cp_template=preview&cp_access=paid&cp_section=Retail&cp_subsection=Sizing%20Up%20Small-Caps&cp_cms_name=Methode&cp_vix=&cp_subscriber=nonsubscriber&cp_edition=naus&cp_bucket=9&cp_ab_bucket=39&cp_pageContentSource=Barrons%20Online&cp_pageContentType=Article&cp_pageContentTypeDetai=continuous&cp_pageSiteProduct=BOL&cp_userTags=&cp_sessionState=none, line 1: TypeError: cX.loadScript is not a function
JavaScript warning: https://pagead2.googlesyndication.com/bg/Ofjd5SEjadZox9_ebcUE7qVtcVJKxbTf46gjSEHhnaE.js line 2 > eval line 1728 > eval line 1 > eval line 1 > eval, line 1: WEBGL_debug_renderer_info is deprecated in Firefox and will be removed. Please use RENDERER.
JavaScript warning: https://pagead2.googlesyndication.com/bg/Ofjd5SEjadZox9_ebcUE7qVtcVJKxbTf46gjSEHhnaE.js line 2 > eval line 3785 > eval line 1 > eval line 1 > eval, line 1: WEBGL_debug_renderer_info is deprecated in Firefox and will be removed. Please use RENDERER.
JavaScript warning: https://pagead2.googlesyndication.com/bg/Ofjd5SEjadZox9_ebcUE7qVtcVJKxbTf46gjSEHhnaE.js line 2 > eval line 7198 > eval line 1 > eval line 1 > eval, line 1: WEBGL_debug_renderer_info is deprecated in Firefox and will be removed. Please use RENDERER.
JavaScript error: , line 0: TypeError: NetworkError when attempting to fetch resource.
JavaScript warning: https://pagead2.googlesyndication.com/bg/Ofjd5SEjadZox9_ebcUE7qVtcVJKxbTf46gjSEHhnaE.js line 2 > eval line 6467 > eval line 1 > eval line 1 > eval, line 1: WEBGL_debug_renderer_info is deprecated in Firefox and will be removed. Please use RENDERER.
JavaScript error: , line 0: TypeError: NetworkError when attempting to fetch resource.
JavaScript warning: https://pagead2.googlesyndication.com/bg/Ofjd5SEjadZox9_ebcUE7qVtcVJKxbTf46gjSEHhnaE.js line 2 > eval line 5562 > eval line 1 > eval line 1 > eval, line 1: WEBGL_debug_renderer_info is deprecated in Firefox and will be removed. Please use RENDERER.
JavaScript warning: https://pagead2.googlesyndication.com/bg/Ofjd5SEjadZox9_ebcUE7qVtcVJKxbTf46gjSEHhnaE.js line 2 > eval line 567 > eval line 1 > eval line 1 > eval, line 1: WEBGL_debug_renderer_info is deprecated in Firefox and will be removed. Please use RENDERER.
JavaScript error: , line 0: TypeError: NetworkError when attempting to fetch resource.
JavaScript error: , line 0: TypeError: NetworkError when attempting to fetch resource.
JavaScript warning: https://pagead2.googlesyndication.com/bg/Ofjd5SEjadZox9_ebcUE7qVtcVJKxbTf46gjSEHhnaE.js line 2 > eval line 7742 > eval line 1 > eval line 1 > eval, line 1: WEBGL_debug_renderer_info is deprecated in Firefox and will be removed. Please use RENDERER.
JavaScript error: , line 0: TypeError: NetworkError when attempting to fetch resource.
JavaScript warning: https://pagead2.googlesyndication.com/bg/Ofjd5SEjadZox9_ebcUE7qVtcVJKxbTf46gjSEHhnaE.js line 2 > eval line 1827 > eval line 1 > eval line 1 > eval, line 1: WEBGL_debug_renderer_info is deprecated in Firefox and will be removed. Please use RENDERER.
JavaScript warning: https://securepubads.g.doubleclick.net/pagead/managed/js/gpt/m202409260101/pubads_impl.js?cb=31087557, line 33: Script terminated by timeout at:
cv/<@https://securepubads.g.doubleclick.net/pagead/managed/js/gpt/m202409260101/pubads_impl.js?cb=31087557:33:289989
ry@https://securepubads.g.doubleclick.net/pagead/managed/js/gpt/m202409260101/pubads_impl.js?cb=31087557:33:136467
ty/this.next@https://securepubads.g.doubleclick.net/pagead/managed/js/gpt/m202409260101/pubads_impl.js?cb=31087557:33:136766
uy/<@https://securepubads.g.doubleclick.net/pagead/managed/js/gpt/m202409260101/pubads_impl.js?cb=31087557:33:137179
uy@https://securepubads.g.doubleclick.net/pagead/managed/js/gpt/m202409260101/pubads_impl.js?cb=31087557:33:137064
_.cg@https://securepubads.g.doubleclick.net/pagead/managed/js/gpt/m202409260101/pubads_impl.js?cb=31087557:33:137214
cv@https://securepubads.g.doubleclick.net/pagead/managed/js/gpt/m202409260101/pubads_impl.js?cb=31087557:33:289972
ax/this.L<@https://securepubads.g.doubleclick.net/pagead/managed/js/gpt/m202409260101/pubads_impl.js?cb=31087557:33:435601
g@https://securepubads.g.doubleclick.net/pagead/managed/js/gpt/m202409260101/pubads_impl.js?cb=31087557:33:173769
_.vA/<@https://securepubads.g.doubleclick.net/pagead/managed/js/gpt/m202409260101/pubads_impl.js?cb=31087557:33:173824
mS@https://securepubads.g.doubleclick.net/pagead/managed/js/gpt/m202409260101/pubads_impl.js?cb=31087557:33:436232
ax.prototype.g/<@https://securepubads.g.doubleclick.net/pagead/managed/js/gpt/m202409260101/pubads_impl.js?cb=31087557:33:436085
sm/<@https://securepubads.g.doubleclick.net/pagead/managed/js/gpt/m202409260101/pubads_impl.js?cb=31087557:33:67552

1727691357650	Marionette	INFO	Stopped listening on port 64675
Dynamically enable window occlusion 1
