1728284999494	geckodriver	INFO	Listening on 127.0.0.1:58789
1728285002618	mozrunner::runner	INFO	Running command: "C:\\Program Files\\Mozilla Firefox\\firefox.exe" "--marionette" "--remote-debugging-port" "58790" "--remote-allow-hosts" "localhost" "-no-remote" "-profile" "D:\\Users\\sasikumarj\\AppData\\Local\\Temp\\rust_mozprofileadVzoW"
console.warn: services.settings: Ignoring preference override of remote settings server
console.warn: services.settings: Allow by setting MOZ_REMOTE_SETTINGS_DEVTOOLS=1 in the environment
Dynamically enable window occlusion 0
1728285003315	Marionette	INFO	Marionette enabled
1728285003611	Marionette	INFO	Listening on port 58806
WebDriver BiDi listening on ws://127.0.0.1:58790
Read port: 58806
1728285003912	RemoteAgent	WARN	TLS certificate errors will be ignored for this session
DevTools listening on ws://127.0.0.1:58790/devtools/browser/2e2c67c5-26c0-48b6-bbba-547fe8920d52
JavaScript warning: https://sts3.wsj.net/bucket-a/maggie/static/js/scripts-9518c21bc3.min.js, line 31: Script terminated by timeout at:
handlers@https://sts3.wsj.net/bucket-a/maggie/static/js/scripts-9518c21bc3.min.js:31:35886
dispatch@https://sts3.wsj.net/bucket-a/maggie/static/js/scripts-9518c21bc3.min.js:31:34984
add/v.handle@https://sts3.wsj.net/bucket-a/maggie/static/js/scripts-9518c21bc3.min.js:31:33358
trigger@https://sts3.wsj.net/bucket-a/maggie/static/js/scripts-9518c21bc3.min.js:31:64534
triggerHandler@https://sts3.wsj.net/bucket-a/maggie/static/js/scripts-9518c21bc3.min.js:31:65173
start/o/<@https://sts3.wsj.net/bucket-a/maggie/static/js/scripts-9518c21bc3.min.js:47:9082
initReceived/<@https://sts3.wsj.net/bucket-a/maggie/static/js/scripts-9518c21bc3.min.js:47:15646
success@https://sts3.wsj.net/bucket-a/maggie/static/js/scripts-9518c21bc3.min.js:47:19345
c@https://sts3.wsj.net/bucket-a/maggie/static/js/scripts-9518c21bc3.min.js:31:23002
fireWith@https://sts3.wsj.net/bucket-a/maggie/static/js/scripts-9518c21bc3.min.js:31:23763
M@https://sts3.wsj.net/bucket-a/maggie/static/js/scripts-9518c21bc3.min.js:31:71794
send/n/<@https://sts3.wsj.net/bucket-a/maggie/static/js/scripts-9518c21bc3.min.js:31:74618
nrWrapper@https://www.marketwatch.com/:358:17810

console.warn: LoginRecipes: "Falling back to a synchronous message for: https://sso.accounts.dowjones.com."
console.warn: LoginRecipes: "Falling back to a synchronous message for: https://sso.accounts.dowjones.com."
console.warn: LoginRecipes: "Falling back to a synchronous message for: https://sso.accounts.dowjones.com."
console.warn: LoginRecipes: "Falling back to a synchronous message for: https://sso.accounts.dowjones.com."
JavaScript warning: https://www.googletagmanager.com/gtag/js?id=G-K2H7B9JRSS, line 623: Script terminated by timeout at:
ba.Ch@https://www.googletagmanager.com/gtag/js?id=G-K2H7B9JRSS:623:491
get@https://www.googletagmanager.com/gtag/js?id=G-K2H7B9JRSS:622:119
stop@https://www.googletagmanager.com/gtag/js?id=G-K2H7B9JRSS:622:87
ba.Qk/c/<@https://www.googletagmanager.com/gtag/js?id=G-K2H7B9JRSS:622:412

JavaScript error: https://cdn.cxense.com/sp1.html#ver=2.8.80&typ=pgv&rnd=m1yoa6mv7bs0yvbs&sid=9222325317970825873&loc=https%3A%2F%2Fwww.marketwatch.com%2Ffollow&new=1&arf=0&ltm=1728285028377&ref=https%3A%2F%2Fsso.accounts.dowjones.com%2F&tzo=-330&wsz=1278x497&res=1278x622&dpr=1&col=24&bln=en-US&chs=UTF-8&cks=m1yoa76chetvkfls&ckp=m1yoa6mvvtk7co2y&glb=&eid0=e4cefa22ef027cc0132f0c218da37da39cdb3228234af4df969b5c463592e123&eit0=wsj&cp_userState=anon&cp_testGroup=63&cp_topDomain=marketwatch.com&cp_template=full&cp_access=free&cp_section=Follow&cp_subsection=mw&cp_cms_name=CAPS&cp_subscriber=registered&cp_edition=naus&cp_bucket=3&cp_ab_bucket=13&cp_pageContentSource=MarketWatch&cp_pageContentType=Follow&cp_pageContentTypeDetai=follow&cp_pageSiteProduct=MW&cp_userTags=&cp_sessionState=ca, line 1: TypeError: cX.loadScript is not a function
1728285044938	Marionette	INFO	Stopped listening on port 58806
JavaScript warning: https://www.marketwatch.com/newsletters?mod=followUI, line 193: Script terminated by timeout at:
nrWrapper@https://www.marketwatch.com/newsletters?mod=followUI:193:17660

Dynamically enable window occlusion 1
