1728420140485	geckodriver	INFO	Listening on 127.0.0.1:51893
1728420143536	mozrunner::runner	INFO	Running command: "C:\\Program Files\\Mozilla Firefox\\firefox.exe" "--marionette" "--remote-debugging-port" "51894" "--remote-allow-hosts" "localhost" "-no-remote" "-profile" "D:\\Users\\sasikumarj\\AppData\\Local\\Temp\\rust_mozprofilerWXwM2"
console.warn: services.settings: Ignoring preference override of remote settings server
console.warn: services.settings: Allow by setting MOZ_REMOTE_SETTINGS_DEVTOOLS=1 in the environment
Dynamically enable window occlusion 0
1728420144189	Marionette	INFO	Marionette enabled
1728420144491	Marionette	INFO	Listening on port 51901
WebDriver BiDi listening on ws://127.0.0.1:51894
Read port: 51901
1728420144757	RemoteAgent	WARN	TLS certificate errors will be ignored for this session
DevTools listening on ws://127.0.0.1:51894/devtools/browser/78d7b6ec-d0b8-40f8-833e-65a834ca6aad
JavaScript error: https://cdn.cxense.com/sp1.html#ver=2.8.80&typ=pgv&rnd=m20wqci3yk9fg3ix&sid=1144071410389139719&loc=https%3A%2F%2Fwww.mansionglobal.com%2F&new=1&arf=0&ltm=1728420151763&ref=&tzo=-330&wsz=1278x497&res=1278x622&dpr=1&col=24&bln=en-US&chs=UTF-8&cks=m20wqctlhk9fadfo&ckp=m20wqci33i5cbrmc&glb=&cp_userState=anon&cp_testGroup=90&cp_topDomain=mansionglobal.com&cp_template=full&cp_access=free&cp_section=Home&cp_subsection=&cp_cms_name=CMS%20Wordpress&cp_subscriber=nonsubscriber&cp_edition=naus&cp_bucket=5&cp_ab_bucket=85&cp_pageContentSource=Mansion%20Global&cp_pageContentType=Home&cp_pageContentTypeDetai=default&cp_pageSiteProduct=MG&cp_userTags=&cp_sessionState=none, line 1: TypeError: cX.loadScript is not a function
JavaScript warning: https://pagead2.googlesyndication.com/bg/WEoqGYGTldYSfSNCQ9Ugqu-00NFuS6e6WOK2G2Y_zzI.js line 2 > eval line 5103 > eval line 1 > eval line 1 > eval, line 1: WEBGL_debug_renderer_info is deprecated in Firefox and will be removed. Please use RENDERER.
JavaScript warning: https://pagead2.googlesyndication.com/pagead/managed/js/activeview/current/ufs_web_display.js, line 14: Script terminated by timeout at:
E@https://pagead2.googlesyndication.com/pagead/managed/js/activeview/current/ufs_web_display.js:14:325
h@https://pagead2.googlesyndication.com/pagead/managed/js/activeview/current/ufs_web_display.js:94:449

JavaScript warning: https://pagead2.googlesyndication.com/pagead/managed/js/activeview/current/ufs_web_display.js, line 77: Script terminated by timeout at:
G@https://pagead2.googlesyndication.com/pagead/managed/js/activeview/current/ufs_web_display.js:77:445
n.unsubscribe@https://pagead2.googlesyndication.com/pagead/managed/js/activeview/current/ufs_web_display.js:78:201
n.unsubscribe@https://pagead2.googlesyndication.com/pagead/managed/js/activeview/current/ufs_web_display.js:80:709
M.prototype.unsubscribe@https://pagead2.googlesyndication.com/pagead/managed/js/activeview/current/ufs_web_display.js:91:1262
Sd/</<@https://pagead2.googlesyndication.com/pagead/managed/js/activeview/current/ufs_web_display.js:97:1519
M/this.rd@https://pagead2.googlesyndication.com/pagead/managed/js/activeview/current/ufs_web_display.js:91:888
n.next@https://pagead2.googlesyndication.com/pagead/managed/js/activeview/current/ufs_web_display.js:80:523
O/</<@https://pagead2.googlesyndication.com/pagead/managed/js/activeview/current/ufs_web_display.js:92:471
M/this.rd@https://pagead2.googlesyndication.com/pagead/managed/js/activeview/current/ufs_web_display.js:91:888
n.next@https://pagead2.googlesyndication.com/pagead/managed/js/activeview/current/ufs_web_display.js:80:523
O/</<@https://pagead2.googlesyndication.com/pagead/managed/js/activeview/current/ufs_web_display.js:92:471
M/this.rd@https://pagead2.googlesyndication.com/pagead/managed/js/activeview/current/ufs_web_display.js:91:888
n.next@https://pagead2.googlesyndication.com/pagead/managed/js/activeview/current/ufs_web_display.js:80:523
ph/c/</</<@https://pagead2.googlesyndication.com/pagead/managed/js/activeview/current/ufs_web_display.js:139:320
Ua@https://pagead2.googlesyndication.com/pagead/managed/js/activeview/current/ufs_web_display.js:49:339
Ra.prototype.flush@https://pagead2.googlesyndication.com/pagead/managed/js/activeview/current/ufs_web_display.js:49:127
Ta@https://pagead2.googlesyndication.com/pagead/managed/js/activeview/current/ufs_web_display.js:48:483
ph/c/</<@https://pagead2.googlesyndication.com/pagead/managed/js/activeview/current/ufs_web_display.js:139:292
sc.prototype.next@https://pagead2.googlesyndication.com/pagead/managed/js/activeview/current/ufs_web_display.js:81:218
n.rd@https://pagead2.googlesyndication.com/pagead/managed/js/activeview/current/ufs_web_display.js:80:756
n.next@https://pagead2.googlesyndication.com/pagead/managed/js/activeview/current/ufs_web_display.js:80:523
lg/</</</<@https://pagead2.googlesyndication.com/pagead/managed/js/activeview/current/ufs_web_display.js:122:516
Qa.prototype.Nb/<@https://pagead2.googlesyndication.com/pagead/managed/js/activeview/current/ufs_web_display.js:48:315
lg/</</<@https://pagead2.googlesyndication.com/pagead/managed/js/activeview/current/ufs_web_display.js:122:525
sc.prototype.next@https://pagead2.googlesyndication.com/pagead/managed/js/activeview/current/ufs_web_display.js:81:218
n.rd@https://pagead2.googlesyndication.com/pagead/managed/js/activeview/current/ufs_web_display.js:80:756
n.next@https://pagead2.googlesyndication.com/pagead/managed/js/activeview/current/ufs_web_display.js:80:523
lg/</</</<@https://pagead2.googlesyndication.com/pagead/managed/js/activeview/current/ufs_web_display.js:122:516
Qa.prototype.Nb/<@https://pagead2.googlesyndication.com/pagead/managed/js/activeview/current/ufs_web_display.js:48:315
lg/</</<@https://pagead2.googlesyndication.com/pagead/managed/js/activeview/current/ufs_web_display.js:122:525
sc.prototype.next@https://pagead2.googlesyndication.com/pagead/managed/js/activeview/current/ufs_web_display.js:81:218
n.rd@https://pagead2.googlesyndication.com/pagead/managed/js/activeview/current/ufs_web_display.js:80:756
n.next@https://pagead2.googlesyndication.com/pagead/managed/js/activeview/current/ufs_web_display.js:80:523
h@https://pagead2.googlesyndication.com/pagead/managed/js/activeview/current/ufs_web_display.js:94:477

JavaScript warning: https://pagead2.googlesyndication.com/pagead/managed/js/activeview/current/ufs_web_display.js, line 14: Script terminated by timeout at:
E@https://pagead2.googlesyndication.com/pagead/managed/js/activeview/current/ufs_web_display.js:14:325
h@https://pagead2.googlesyndication.com/pagead/managed/js/activeview/current/ufs_web_display.js:94:449

JavaScript warning: https://pagead2.googlesyndication.com/pagead/managed/js/activeview/current/ufs_web_display.js, line 14: Script terminated by timeout at:
E@https://pagead2.googlesyndication.com/pagead/managed/js/activeview/current/ufs_web_display.js:14:325
h@https://pagead2.googlesyndication.com/pagead/managed/js/activeview/current/ufs_web_display.js:94:449

JavaScript error: , line 0: TypeError: NetworkError when attempting to fetch resource.
Exiting due to channel error.
Exiting due to channel error.
Exiting due to channel error.
Exiting due to channel error.
Exiting due to channel error.
