1727946036398	geckodriver	INFO	Listening on 127.0.0.1:49397
1727946039587	mozrunner::runner	INFO	Running command: "C:\\Program Files\\Mozilla Firefox\\firefox.exe" "--marionette" "--remote-debugging-port" "49398" "--remote-allow-hosts" "localhost" "-no-remote" "-profile" "D:\\Users\\sasikumarj\\AppData\\Local\\Temp\\rust_mozprofile4LbffC"
console.warn: services.settings: Ignoring preference override of remote settings server
console.warn: services.settings: Allow by setting MOZ_REMOTE_SETTINGS_DEVTOOLS=1 in the environment
Dynamically enable window occlusion 0
1727946040295	Marionette	INFO	Marionette enabled
1727946040536	Marionette	INFO	Listening on port 49414
WebDriver BiDi listening on ws://127.0.0.1:49398
Read port: 49414
1727946040796	RemoteAgent	WARN	TLS certificate errors will be ignored for this session
DevTools listening on ws://127.0.0.1:49398/devtools/browser/73451295-df56-4122-8f29-252f0f38fa04
JavaScript error: https://www.dev.wsj.com/preference-center/alerts, line 9: SyntaxError: function statement requires a name
JavaScript error: https://cdn.cxense.com/sp1.html#ver=2.8.80&typ=pgv&rnd=m1t2goa2chwpcexg&sid=1134002947328204066&loc=https%3A%2F%2Fwww.dev.wsj.com%2Fpreference-center%2Falerts&new=1&arf=0&ltm=1727946048749&ref=&tzo=-330&wsz=1278x497&res=1278x622&dpr=1&col=24&bln=en-US&chs=UTF-8&cks=m1t2gocw4ql8dhxa&ckp=m1t2goa2eda6s621&glb=&cp_userState=anon&cp_testGroup=31&cp_env=staging&cp_topDomain=wsj.com&cp_template=full&cp_access=paid&cp_section=Preference%20Center&cp_subsection=Alerts&cp_cms_name=servo&cp_subscriber=nonsubscriber&cp_edition=naus&cp_bucket=2&cp_ab_bucket=42&cp_pageContentSource=WSJ%20Online&cp_pageContentType=CustomerResources&cp_pageContentTypeDetai=preference-center&cp_pageSiteProduct=WSJ&cp_userTags=&cp_sessionState=none, line 1: TypeError: cX.loadScript is not a function
1727946050329	Marionette	WARN	Ignoring event 'DOMContentLoaded' because document has an invalid readyState of 'complete'.
JavaScript warning: https://sc-static.net/scevent.min.js, line 2: Script terminated by timeout at:
m@https://sc-static.net/scevent.min.js:2:2789
c@https://sc-static.net/scevent.min.js:2:6893

1727946074087	Marionette	INFO	Stopped listening on port 49414
Dynamically enable window occlusion 1
console.warn: services.settings: security-state/onecrl sync interrupted by shutdown
