1728411070891	geckodriver	INFO	Listening on 127.0.0.1:50256
1728411073980	mozrunner::runner	INFO	Running command: "C:\\Program Files\\Mozilla Firefox\\firefox.exe" "--marionette" "--remote-debugging-port" "50257" "--remote-allow-hosts" "localhost" "-no-remote" "-profile" "D:\\Users\\sasikumarj\\AppData\\Local\\Temp\\rust_mozprofilezrMjzl"
console.warn: services.settings: Ignoring preference override of remote settings server
console.warn: services.settings: Allow by setting MOZ_REMOTE_SETTINGS_DEVTOOLS=1 in the environment
Dynamically enable window occlusion 0
1728411074624	Marionette	INFO	Marionette enabled
1728411074863	Marionette	INFO	Listening on port 50264
WebDriver BiDi listening on ws://127.0.0.1:50257
Read port: 50264
1728411075090	RemoteAgent	WARN	TLS certificate errors will be ignored for this session
DevTools listening on ws://127.0.0.1:50257/devtools/browser/a2cc533c-6ddd-4668-a874-41d4a7b84a21
JavaScript error: https://cdn.cxense.com/sp1.html#ver=2.8.80&typ=pgv&rnd=m20rbvybygk8zq63&sid=9222325317970825875&loc=https%3A%2F%2Fwww.barrons.com%2F&new=1&arf=0&ltm=1728411079050&ref=&tzo=-330&wsz=1278x497&res=1278x622&dpr=1&col=24&bln=en-US&chs=UTF-8&cks=m20rbx5ailmc3pkc&ckp=m20rbvyb1ga447l2&glb=&cp_userState=anon&cp_testGroup=78&cp_topDomain=barrons.com&cp_access=free&cp_section=US%20Home%20Page%20Weekday&cp_subsection=&cp_cms_name=CAPS&cp_subscriber=nonsubscriber&cp_edition=naus&cp_bucket=1&cp_ab_bucket=81&cp_pageContentSource=Barrons%20Online&cp_pageContentType=Home&cp_pageContentTypeDetai=default&cp_pageSiteProduct=BOL&cp_userTags=&cp_sessionState=none, line 1: TypeError: cX.loadScript is not a function
JavaScript error: https://asset.barrons.com/fp/assets/webpack4/runtime.9e37bf9b1d9ed2.js, line 1: ChunkLoadError: Loading chunk 877 failed.
(error: https://asset.barrons.com/fp/assets/webpack4/877.4e5d331222ef02.js)
JavaScript error: https://asset.barrons.com/fp/assets/webpack4/runtime.9e37bf9b1d9ed2.js, line 1: ChunkLoadError: Loading chunk 877 failed.
(error: https://asset.barrons.com/fp/assets/webpack4/877.4e5d331222ef02.js)
JavaScript error: , line 0: TypeError: NetworkError when attempting to fetch resource.
JavaScript error: , line 0: TypeError: NetworkError when attempting to fetch resource.
JavaScript error: , line 0: TypeError: NetworkError when attempting to fetch resource.
JavaScript error: , line 0: TypeError: NetworkError when attempting to fetch resource.
JavaScript error: , line 0: TypeError: NetworkError when attempting to fetch resource.
JavaScript error: , line 0: TypeError: NetworkError when attempting to fetch resource.
JavaScript error: , line 0: TypeError: NetworkError when attempting to fetch resource.
JavaScript error: , line 0: TypeError: NetworkError when attempting to fetch resource.
JavaScript error: https://www.barrons.com/asset/dj-watchlist/v1.12.0/p-8bc137c5.entry.js, line 11: TypeError: Error.captureStackTrace is not a function
JavaScript error: , line 0: TypeError: NetworkError when attempting to fetch resource.
JavaScript error: , line 0: TypeError: NetworkError when attempting to fetch resource.
JavaScript error: , line 0: TypeError: NetworkError when attempting to fetch resource.
JavaScript warning: https://imasdk.googleapis.com/js/core/bridge3.670.0_en.html#goog_2024695273, line 453: Script terminated by timeout at:
PB@https://imasdk.googleapis.com/js/core/bridge3.670.0_en.html#goog_2024695273:453:310
TB/this.aa@https://imasdk.googleapis.com/js/core/bridge3.670.0_en.html#goog_2024695273:451:29

console.error: ({})
console.error: ({})
JavaScript error: https://cdn.cxense.com/sp1.html#ver=2.8.80&typ=pgv&rnd=m20rc260i9hle8k0&sid=9222325317970825875&loc=https%3A%2F%2Fwww.s.dev.barrons.com%2Farticles%2Fbuy-under-armour-stock-pick-51650672000&new=0&arf=0&ltm=1728411087104&ref=&tzo=-330&wsz=1278x497&res=1278x622&dpr=1&col=24&bln=en-US&chs=UTF-8&cks=m20rc27gnah187ct&ckp=m20rbvyb1ga447l2&glb=&amo=1720048200&cp_userState=anon&cp_testGroup=78&cp_topDomain=barrons.com&cp_pwTag=default&cp_pwPlacement=cx-snippetad&cp_pwCampaign=10&cp_pwType=personalized&cp_type=Retail&cp_template=preview&cp_access=paid&cp_section=Retail&cp_subsection=Sizing%20Up%20Small-Caps&cp_cms_name=Methode&cp_vix=&cp_subscriber=nonsubscriber&cp_edition=naus&cp_bucket=1&cp_ab_bucket=81&cp_pageContentSource=Barrons%20Online&cp_pageContentType=Article&cp_pageContentTypeDetai=continuous&cp_pageSiteProduct=BOL&cp_userTags=&cp_sessionState=none, line 1: TypeError: cX.loadScript is not a function
JavaScript warning: https://cdn.gbqofs.com/sv/b/detector-bootstrap.min.js, line 0: Successfully compiled asm.js code (total compilation time 17ms)
JavaScript warning: https://pagead2.googlesyndication.com/bg/WEoqGYGTldYSfSNCQ9Ugqu-00NFuS6e6WOK2G2Y_zzI.js line 2 > eval line 157 > eval line 1 > eval line 1 > eval, line 1: WEBGL_debug_renderer_info is deprecated in Firefox and will be removed. Please use RENDERER.
JavaScript error: , line 0: TypeError: NetworkError when attempting to fetch resource.
JavaScript error: , line 0: TypeError: NetworkError when attempting to fetch resource.
JavaScript warning: https://pagead2.googlesyndication.com/pagead/managed/js/activeview/current/ufs_web_display.js, line 14: Script terminated by timeout at:
E@https://pagead2.googlesyndication.com/pagead/managed/js/activeview/current/ufs_web_display.js:14:325
h@https://pagead2.googlesyndication.com/pagead/managed/js/activeview/current/ufs_web_display.js:94:449

JavaScript warning: https://www.gstatic.com/_/mss/boq-subscribewithgoogle/_/js/k=boq-subscribewithgoogle.SubscribewithgoogleClientUi.en_US.Y7snZc84UmY.es5.O/ck=boq-subscribewithgoogle.SubscribewithgoogleClientUi.cMELi2qVx30.L.F4.O/am=YDBgBg/d=1/exm=FCpbqb,LEikZe,P6sQOc,W93Wdc,WhJNk,Wt6vjf,_b,_tp,hhhU8/excm=_b,_tp,serviceiframeview/ed=1/wt=2/ujg=1/rs=ABXTjI6sEZkF7qpRYA9z7L16M9El_EgK_A/ee=EVNhjf:pw70Gc;EmZ2Bf:zr1jrb;JsbNhc:Xd8iUd;K5nYTd:ZDZcre;LBgRLc:SdcwHb;Me32dd:MEeYgc;NPKaK:SdcwHb;NSEoX:lazG7b;Pjplud:EEDORb;QGR0gd:Mlhmy;SNUn3:ZwDk9d;ScI3Yc:e7Hzgb;Uvc8o:VDovNc;YIZmRd:A1yn5d;a56pNe:JEfCwb;cEt90b:ws9Tlc;dIoSBb:SpsfSb;dowIGb:ebZ3mb;eBAeSb:zbML3c;iFQyKf:QIhFr;lOO0Vd:OTA3Ae;nAFL3:s39S4;oGtAuc:sOXFj;pXdRYb:MdUzUe;qafBPd:yDVVkb;qddgKe:xQtZb;wR5FRb:O1Gjze;xqZiqf:wmnU7d;yxTchf:KUM7Z;zxnPse:GkRiKb/m=RqjULd, line 20: Script terminated by timeout at:
NJ@https://www.gstatic.com/_/mss/boq-subscribewithgoogle/_/js/k=boq-subscribewithgoogle.SubscribewithgoogleClientUi.en_US.Y7snZc84UmY.es5.O/ck=boq-subscribewithgoogle.SubscribewithgoogleClientUi.cMELi2qVx30.L.F4.O/am=YDBgBg/d=1/exm=FCpbqb,LEikZe,P6sQOc,W93Wdc,WhJNk,Wt6vjf,_b,_tp,hhhU8/excm=_b,_tp,serviceiframeview/ed=1/wt=2/ujg=1/rs=ABXTjI6sEZkF7qpRYA9z7L16M9El_EgK_A/ee=EVNhjf:pw70Gc;EmZ2Bf:zr1jrb;JsbNhc:Xd8iUd;K5nYTd:ZDZcre;LBgRLc:SdcwHb;Me32dd:MEeYgc;NPKaK:SdcwHb;NSEoX:lazG7b;Pjplud:EEDORb;QGR0gd:Mlhmy;SNUn3:ZwDk9d;ScI3Yc:e7Hzgb;Uvc8o:VDovNc;YIZmRd:A1yn5d;a56pNe:JEfCwb;cEt90b:ws9Tlc;dIoSBb:SpsfSb;dowIGb:ebZ3mb;eBAeSb:zbML3c;iFQyKf:QIhFr;lOO0Vd:OTA3Ae;nAFL3:s39S4;oGtAuc:sOXFj;pXdRYb:MdUzUe;qafBPd:yDVVkb;qddgKe:xQtZb;wR5FRb:O1Gjze;xqZiqf:wmnU7d;yxTchf:KUM7Z;zxnPse:GkRiKb/m=RqjULd:20:1545

1728411101088	Marionette	INFO	Stopped listening on port 50264
JavaScript warning: https://cdn.gbqofs.com/sv/b/detector-bootstrap.min.js, line 0: Successfully compiled asm.js code (total compilation time 1ms)
JavaScript warning: https://www.googletagmanager.com/gtag/js?id=G-K2H7B9JRSS, line 203: Script terminated by timeout at:
Xc@https://www.googletagmanager.com/gtag/js?id=G-K2H7B9JRSS:203:222
Zc@https://www.googletagmanager.com/gtag/js?id=G-K2H7B9JRSS:203:560
cd@https://www.googletagmanager.com/gtag/js?id=G-K2H7B9JRSS:205:26
TE@https://www.googletagmanager.com/gtag/js?id=G-K2H7B9JRSS:620:200
Dg/c<@https://www.googletagmanager.com/gtag/js?id=G-K2H7B9JRSS:263:187
Vc.prototype.invoke@https://www.googletagmanager.com/gtag/js?id=G-K2H7B9JRSS:202:403
Ia@https://www.googletagmanager.com/gtag/js?id=G-K2H7B9JRSS:172:554
Wc.prototype.evaluate@https://www.googletagmanager.com/gtag/js?id=G-K2H7B9JRSS:203:72
yd@https://www.googletagmanager.com/gtag/js?id=G-K2H7B9JRSS:219:468
Vc.prototype.invoke@https://www.googletagmanager.com/gtag/js?id=G-K2H7B9JRSS:202:403
Ia@https://www.googletagmanager.com/gtag/js?id=G-K2H7B9JRSS:172:554
Wc.prototype.evaluate@https://www.googletagmanager.com/gtag/js?id=G-K2H7B9JRSS:203:72
fe@https://www.googletagmanager.com/gtag/js?id=G-K2H7B9JRSS:230:414
Vc.prototype.invoke@https://www.googletagmanager.com/gtag/js?id=G-K2H7B9JRSS:202:403
Ia@https://www.googletagmanager.com/gtag/js?id=G-K2H7B9JRSS:172:554
Ha@https://www.googletagmanager.com/gtag/js?id=G-K2H7B9JRSS:172:314
Jd/<@https://www.googletagmanager.com/gtag/js?id=G-K2H7B9JRSS:226:20
Vc.prototype.invoke@https://www.googletagmanager.com/gtag/js?id=G-K2H7B9JRSS:202:403
Ia@https://www.googletagmanager.com/gtag/js?id=G-K2H7B9JRSS:172:554
ba.Ok@https://www.googletagmanager.com/gtag/js?id=G-K2H7B9JRSS:172:1074
Be@https://www.googletagmanager.com/gtag/js?id=G-K2H7B9JRSS:236:782
Dz/<@https://www.googletagmanager.com/gtag/js?id=G-K2H7B9JRSS:566:350
yf@https://www.googletagmanager.com/gtag/js?id=G-K2H7B9JRSS:246:92
xf@https://www.googletagmanager.com/gtag/js?id=G-K2H7B9JRSS:242:473
vf@https://www.googletagmanager.com/gtag/js?id=G-K2H7B9JRSS:242:81
uf@https://www.googletagmanager.com/gtag/js?id=G-K2H7B9JRSS:241:34
Ff/<@https://www.googletagmanager.com/gtag/js?id=G-K2H7B9JRSS:247:282
Gf@https://www.googletagmanager.com/gtag/js?id=G-K2H7B9JRSS:247:67
Ef@https://www.googletagmanager.com/gtag/js?id=G-K2H7B9JRSS:246:1426
Ex@https://www.googletagmanager.com/gtag/js?id=G-K2H7B9JRSS:534:149
Fy@https://www.googletagmanager.com/gtag/js?id=G-K2H7B9JRSS:552:272
Iy@https://www.googletagmanager.com/gtag/js?id=G-K2H7B9JRSS:556:7
My/b.push@https://www.googletagmanager.com/gtag/js?id=G-K2H7B9JRSS:560:320
My/<@https://www.googletagmanager.com/gtag/js?id=AW-716328806:501:299
nrWrapper@https://www.barrons.com/authors/teresa-rivas?mod=article_byline&_gl=1*v2iav7*_gcl_au*NzgxNDM5ODc2LjE3Mjg0MTEwODg.*_ga*MTQ5MTg5NDcyNC4xNzI4NDExMDg4*_ga_GJ5S1GJYKT*MTcyODQxMTA4OC4xLjAuMTcyODQxMTA4OC4wLjAuMA..:1058:17810

Dynamically enable window occlusion 1
