1728456460192	geckodriver	INFO	Listening on 127.0.0.1:56923
1728456463236	mozrunner::runner	INFO	Running command: "C:\\Program Files\\Mozilla Firefox\\firefox.exe" "--marionette" "--remote-debugging-port" "56924" "--remote-allow-hosts" "localhost" "-no-remote" "-profile" "D:\\Users\\sasikumarj\\AppData\\Local\\Temp\\rust_mozprofileo4WvW6"
console.warn: services.settings: Ignoring preference override of remote settings server
console.warn: services.settings: Allow by setting MOZ_REMOTE_SETTINGS_DEVTOOLS=1 in the environment
Dynamically enable window occlusion 0
1728456463855	Marionette	INFO	Marionette enabled
1728456464094	Marionette	INFO	Listening on port 56933
WebDriver BiDi listening on ws://127.0.0.1:56924
Read port: 56933
1728456464324	RemoteAgent	WARN	TLS certificate errors will be ignored for this session
DevTools listening on ws://127.0.0.1:56924/devtools/browser/c5d6c0f1-2db3-450d-89fe-a0c4c0ee86b5
JavaScript warning: https://www.dev.marketwatch.com/_next/static/chunks/main-7c2c5b4ee7ae4ea0.js, line 1: unreachable code after return statement
JavaScript error: https://djcs-multi-region-assets-ohio.s3.us-east-2.amazonaws.com/dj-ufc/asset/dj-ufc/qa/v1.34.0-beta.217/p-5a49cb7f.js, line 1: TypeError: o is undefined
JavaScript error: https://cdn.cxense.com/sp1.html#ver=2.8.80&typ=pgv&rnd=m21icu3idrant8yz&sid=1138573015853471556&loc=https%3A%2F%2Fwww.dev.marketwatch.com%2Fauthor%2FCatey-Hill&new=1&arf=0&ltm=1728456472931&ref=&tzo=-330&wsz=1278x497&res=1278x622&dpr=1&col=24&bln=en-US&chs=UTF-8&cks=m21icu4rb8g6cbs2&ckp=m21icu3i575owxsl&glb=&cp_userState=anon&cp_testGroup=99&cp_env=staging&cp_topDomain=marketwatch.com&cp_template=full&cp_access=free&cp_section=Author&cp_subsection=Catey%20Hill&cp_cms_name=Peavey&cp_subscriber=nonsubscriber&cp_edition=naus&cp_bucket=9&cp_ab_bucket=19&cp_pageContentSource=MarketWatch&cp_pageContentType=Summaries&cp_pageContentTypeDetai=default&cp_pageSiteProduct=MW&cp_userTags=&cp_sessionState=none, line 1: TypeError: cX.loadScript is not a function
JavaScript warning: https://cdn.cxense.com/cx.js, line 6: Script terminated by timeout at:
Yi@https://cdn.cxense.com/cx.js:6:52815
ea@https://cdn.cxense.com/cx.js:6:70153
ra/<@https://cdn.cxense.com/cx.js:6:70614

console.warn: LoginRecipes: "Falling back to a synchronous message for: https://sso.int.accounts.dowjones.com."
console.warn: LoginRecipes: "Falling back to a synchronous message for: https://sso.int.accounts.dowjones.com."
1728456486936	Marionette	INFO	Stopped listening on port 56933
Dynamically enable window occlusion 1
!!! error running onStopped callback: TypeError: callback is not a function
