1728049698107	geckodriver	INFO	Listening on 127.0.0.1:60725
1728049701150	mozrunner::runner	INFO	Running command: "C:\\Program Files\\Mozilla Firefox\\firefox.exe" "--marionette" "--remote-debugging-port" "60726" "--remote-allow-hosts" "localhost" "-no-remote" "-profile" "D:\\Users\\sasikumarj\\AppData\\Local\\Temp\\rust_mozprofileWxeqeC"
console.warn: services.settings: Ignoring preference override of remote settings server
console.warn: services.settings: Allow by setting MOZ_REMOTE_SETTINGS_DEVTOOLS=1 in the environment
Dynamically enable window occlusion 0
1728049701897	Marionette	INFO	Marionette enabled
1728049702251	Marionette	INFO	Listening on port 60744
WebDriver BiDi listening on ws://127.0.0.1:60726
Read port: 60744
1728049702534	RemoteAgent	WARN	TLS certificate errors will be ignored for this session
DevTools listening on ws://127.0.0.1:60726/devtools/browser/59dddeb6-9aa1-46dc-a816-2359c6c1ff40
JavaScript warning: https://www.marketwatch.com/, line 390: Script terminated by timeout at:
observer<@https://www.marketwatch.com/:390:25

console.warn: LoginRecipes: "Falling back to a synchronous message for: https://sso.accounts.dowjones.com."
console.warn: LoginRecipes: "Falling back to a synchronous message for: https://sso.accounts.dowjones.com."
console.warn: LoginRecipes: "Falling back to a synchronous message for: https://sso.accounts.dowjones.com."
console.warn: LoginRecipes: "Falling back to a synchronous message for: https://sso.accounts.dowjones.com."
JavaScript warning: https://tags.tiqcdn.com/utag/wsjdn/oneidentity-consumer/prod/utag.17.js?utv=ut4.46.202405071405 line 22 > Function, line 3: Script terminated by timeout at:
anonymous/W.s_PPVevent@https://tags.tiqcdn.com/utag/wsjdn/oneidentity-consumer/prod/utag.17.js?utv=ut4.46.202405071405 line 22 > Function:3:1253

JavaScript error: https://cdn.cxense.com/sp1.html#ver=2.8.80&typ=pgv&rnd=m1us6v4tq6fkpf4b&sid=9222325317970825873&loc=https%3A%2F%2Fwww.marketwatch.com%2Ffollow&new=1&arf=0&ltm=1728049727270&ref=https%3A%2F%2Fsso.accounts.dowjones.com%2F&tzo=-330&wsz=1278x497&res=1278x622&dpr=1&col=24&bln=en-US&chs=UTF-8&cks=m1us6vzct3b97pey&ckp=m1us6v4tygr4jsg0&glb=&eid0=e4cefa22ef027cc0132f0c218da37da39cdb3228234af4df969b5c463592e123&eit0=wsj&cp_userState=anon&cp_testGroup=80&cp_topDomain=marketwatch.com&cp_template=full&cp_access=free&cp_section=Follow&cp_subsection=mw&cp_cms_name=CAPS&cp_subscriber=registered&cp_edition=naus&cp_bucket=0&cp_ab_bucket=10&cp_pageContentSource=MarketWatch&cp_pageContentType=Follow&cp_pageContentTypeDetai=follow&cp_pageSiteProduct=MW&cp_userTags=&cp_sessionState=ca, line 1: TypeError: cX.loadScript is not a function
1728049761070	Marionette	INFO	Stopped listening on port 60744
JavaScript warning: https://www.marketwatch.com/newsletters?mod=followUI, line 193: Script terminated by timeout at:
nrWrapper@https://www.marketwatch.com/newsletters?mod=followUI:193:17660

Dynamically enable window occlusion 1
*** UTM:SVC TimerManager:registerTimer called after profile-before-change notification. Ignoring timer registration for id: telemetry_modules_ping
*** UTM:SVC TimerManager:registerTimer called after profile-before-change notification. Ignoring timer registration for id: telemetry_untrustedmodules_ping
