1728420525718	geckodriver	INFO	Listening on 127.0.0.1:52931
1728420528753	mozrunner::runner	INFO	Running command: "C:\\Program Files\\Mozilla Firefox\\firefox.exe" "--marionette" "--remote-debugging-port" "52932" "--remote-allow-hosts" "localhost" "-no-remote" "-profile" "D:\\Users\\sasikumarj\\AppData\\Local\\Temp\\rust_mozprofileiEsboA"
console.warn: services.settings: Ignoring preference override of remote settings server
console.warn: services.settings: Allow by setting MOZ_REMOTE_SETTINGS_DEVTOOLS=1 in the environment
Dynamically enable window occlusion 0
1728420529679	Marionette	INFO	Marionette enabled
1728420530023	Marionette	INFO	Listening on port 52939
WebDriver BiDi listening on ws://127.0.0.1:52932
Read port: 52939
1728420530274	RemoteAgent	WARN	TLS certificate errors will be ignored for this session
DevTools listening on ws://127.0.0.1:52932/devtools/browser/fbd608b9-71e2-4fc2-b595-88a54a6cb295
JavaScript error: https://cdn.cxense.com/sp1.html#ver=2.8.80&typ=pgv&rnd=m20wyohknzln2krg&sid=1144071410389139719&loc=https%3A%2F%2Fwww.mansionglobal.com%2Farticles%2Fare-there-tax-breaks-on-agricultural-land-in-pennsylvania-01648119848&new=1&arf=0&ltm=1728420540543&ref=&tzo=-330&wsz=1278x497&res=1278x622&dpr=1&col=24&bln=en-US&chs=UTF-8&cks=m20wyon2z74hu8oe&ckp=m20wyohl37lkobms&glb=&amo=1648119840&cp_userState=anon&cp_testGroup=58&cp_topDomain=mansionglobal.com&cp_type=Mansion%20Global%20Article&cp_template=full&cp_access=free&cp_section=subject_subject-ask-tax&cp_subsection=subject_subject-ask-tax&cp_cms_name=METHODE&cp_subscriber=nonsubscriber&cp_edition=naus&cp_bucket=6&cp_ab_bucket=96&cp_pageContentSource=Mansion%20Global&cp_pageContentType=Article&cp_pageContentTypeDetai=continuous&cp_pageSiteProduct=MG&cp_userTags=&cp_sessionState=none, line 1: TypeError: cX.loadScript is not a function
JavaScript warning: https://pagead2.googlesyndication.com/bg/WEoqGYGTldYSfSNCQ9Ugqu-00NFuS6e6WOK2G2Y_zzI.js line 2 > eval line 2797 > eval line 1 > eval line 1 > eval, line 1: WEBGL_debug_renderer_info is deprecated in Firefox and will be removed. Please use RENDERER.
JavaScript warning: https://www.mansionglobal.com/articles/are-there-tax-breaks-on-agricultural-land-in-pennsylvania-01648119848, line 115: Script terminated by timeout at:
nrWrapper@https://www.mansionglobal.com/articles/are-there-tax-breaks-on-agricultural-land-in-pennsylvania-01648119848:115:17660

JavaScript warning: https://pagead2.googlesyndication.com/pagead/managed/js/activeview/current/ufs_web_display.js, line 79: Script terminated by timeout at:
n.vg@https://pagead2.googlesyndication.com/pagead/managed/js/activeview/current/ufs_web_display.js:79:362
n.remove@https://pagead2.googlesyndication.com/pagead/managed/js/activeview/current/ufs_web_display.js:79:491
n.unsubscribe@https://pagead2.googlesyndication.com/pagead/managed/js/activeview/current/ufs_web_display.js:78:174
n.unsubscribe@https://pagead2.googlesyndication.com/pagead/managed/js/activeview/current/ufs_web_display.js:80:709
M.prototype.unsubscribe@https://pagead2.googlesyndication.com/pagead/managed/js/activeview/current/ufs_web_display.js:91:1262
n.unsubscribe@https://pagead2.googlesyndication.com/pagead/managed/js/activeview/current/ufs_web_display.js:78:356
n.unsubscribe@https://pagead2.googlesyndication.com/pagead/managed/js/activeview/current/ufs_web_display.js:80:709
n.yc@https://pagead2.googlesyndication.com/pagead/managed/js/activeview/current/ufs_web_display.js:81:113
n.complete@https://pagead2.googlesyndication.com/pagead/managed/js/activeview/current/ufs_web_display.js:80:628
cf/</<@https://pagead2.googlesyndication.com/pagead/managed/js/activeview/current/ufs_web_display.js:103:895
M/this.yc@https://pagead2.googlesyndication.com/pagead/managed/js/activeview/current/ufs_web_display.js:91:1046
n.complete@https://pagead2.googlesyndication.com/pagead/managed/js/activeview/current/ufs_web_display.js:80:628
n.yc@https://pagead2.googlesyndication.com/pagead/managed/js/activeview/current/ufs_web_display.js:81:97
n.complete@https://pagead2.googlesyndication.com/pagead/managed/js/activeview/current/ufs_web_display.js:80:628
n.yc@https://pagead2.googlesyndication.com/pagead/managed/js/activeview/current/ufs_web_display.js:81:97
n.complete@https://pagead2.googlesyndication.com/pagead/managed/js/activeview/current/ufs_web_display.js:80:628
n.yc@https://pagead2.googlesyndication.com/pagead/managed/js/activeview/current/ufs_web_display.js:81:97
n.complete@https://pagead2.googlesyndication.com/pagead/managed/js/activeview/current/ufs_web_display.js:80:628
n.yc@https://pagead2.googlesyndication.com/pagead/managed/js/activeview/current/ufs_web_display.js:81:97
n.complete@https://pagead2.googlesyndication.com/pagead/managed/js/activeview/current/ufs_web_display.js:80:628
n.yc@https://pagead2.googlesyndication.com/pagead/managed/js/activeview/current/ufs_web_display.js:81:97
n.complete@https://pagead2.googlesyndication.com/pagead/managed/js/activeview/current/ufs_web_display.js:80:628
U/</</d<@https://pagead2.googlesyndication.com/pagead/managed/js/activeview/current/ufs_web_display.js:103:396
M/this.yc@https://pagead2.googlesyndication.com/pagead/managed/js/activeview/current/ufs_web_display.js:91:1046
n.complete@https://pagead2.googlesyndication.com/pagead/managed/js/activeview/current/ufs_web_display.js:80:628
ph/c/</</<@https://pagead2.googlesyndication.com/pagead/managed/js/activeview/current/ufs_web_display.js:139:430
Ua@https://pagead2.googlesyndication.com/pagead/managed/js/activeview/current/ufs_web_display.js:49:339
Ra.prototype.flush@https://pagead2.googlesyndication.com/pagead/managed/js/activeview/current/ufs_web_display.js:49:127
Ta@https://pagead2.googlesyndication.com/pagead/managed/js/activeview/current/ufs_web_display.js:48:483
ph/c/</<@https://pagead2.googlesyndication.com/pagead/managed/js/activeview/current/ufs_web_display.js:139:292
sc.prototype.next@https://pagead2.googlesyndication.com/pagead/managed/js/activeview/current/ufs_web_display.js:81:218
n.rd@https://pagead2.googlesyndication.com/pagead/managed/js/activeview/current/ufs_web_display.js:80:756
n.next@https://pagead2.googlesyndication.com/pagead/managed/js/activeview/current/ufs_web_display.js:80:523
lg/</</</<@https://pagead2.googlesyndication.com/pagead/managed/js/activeview/current/ufs_web_display.js:122:516
Qa.prototype.Nb/<@https://pagead2.googlesyndication.com/pagead/managed/js/activeview/current/ufs_web_display.js:48:315
lg/</</<@https://pagead2.googlesyndication.com/pagead/managed/js/activeview/current/ufs_web_display.js:122:525
sc.prototype.next@https://pagead2.googlesyndication.com/pagead/managed/js/activeview/current/ufs_web_display.js:81:218
n.rd@https://pagead2.googlesyndication.com/pagead/managed/js/activeview/current/ufs_web_display.js:80:756
n.next@https://pagead2.googlesyndication.com/pagead/managed/js/activeview/current/ufs_web_display.js:80:523
lg/</</</<@https://pagead2.googlesyndication.com/pagead/managed/js/activeview/current/ufs_web_display.js:122:516
Qa.prototype.Nb/<@https://pagead2.googlesyndication.com/pagead/managed/js/activeview/current/ufs_web_display.js:48:315
lg/</</<@https://pagead2.googlesyndication.com/pagead/managed/js/activeview/current/ufs_web_display.js:122:525
sc.prototype.next@https://pagead2.googlesyndication.com/pagead/managed/js/activeview/current/ufs_web_display.js:81:218
n.rd@https://pagead2.googlesyndication.com/pagead/managed/js/activeview/current/ufs_web_display.js:80:756
n.next@https://pagead2.googlesyndication.com/pagead/managed/js/activeview/current/ufs_web_display.js:80:523
h@https://pagead2.googlesyndication.com/pagead/managed/js/activeview/current/ufs_web_display.js:94:477

JavaScript warning: https://imasdk.googleapis.com/js/core/bridge3.672.0_en.html#goog_1489220688, line 451: Script terminated by timeout at:
bC@https://imasdk.googleapis.com/js/core/bridge3.672.0_en.html#goog_1489220688:451:310
fC/this.aa@https://imasdk.googleapis.com/js/core/bridge3.672.0_en.html#goog_1489220688:449:29

JavaScript warning: https://www.google.com/js/th/Kwl4UTqRlZdwo60dxzGVsyg_CEkasAzkebPPx38d0Do.js line 2 > eval line 1588 > eval line 1 > eval line 1 > eval, line 1: Script terminated by timeout at:
ol@https://www.google.com/js/th/Kwl4UTqRlZdwo60dxzGVsyg_CEkasAzkebPPx38d0Do.js line 2 > eval line 1588 > eval line 1 > eval line 1 > eval:1:199
Np@https://www.google.com/js/th/Kwl4UTqRlZdwo60dxzGVsyg_CEkasAzkebPPx38d0Do.js line 2 > eval line 1588 > eval line 1 > eval line 1 > eval:1:49
v.N</<@https://www.google.com/js/th/Kwl4UTqRlZdwo60dxzGVsyg_CEkasAzkebPPx38d0Do.js line 2 > eval:1588:50920
Hh@https://www.google.com/js/th/Kwl4UTqRlZdwo60dxzGVsyg_CEkasAzkebPPx38d0Do.js line 2 > eval:1588:28102
L$@https://www.google.com/js/th/Kwl4UTqRlZdwo60dxzGVsyg_CEkasAzkebPPx38d0Do.js line 2 > eval:1588:6613
V@https://www.google.com/js/th/Kwl4UTqRlZdwo60dxzGVsyg_CEkasAzkebPPx38d0Do.js line 2 > eval:1588:9170
i8@https://www.google.com/js/th/Kwl4UTqRlZdwo60dxzGVsyg_CEkasAzkebPPx38d0Do.js line 2 > eval line 1588 > eval line 1 > eval line 1 > eval:1:378
@https://www.google.com/js/th/Kwl4UTqRlZdwo60dxzGVsyg_CEkasAzkebPPx38d0Do.js line 2 > eval:1588:49086
L$@https://www.google.com/js/th/Kwl4UTqRlZdwo60dxzGVsyg_CEkasAzkebPPx38d0Do.js line 2 > eval:1588:6757
@https://www.google.com/js/th/Kwl4UTqRlZdwo60dxzGVsyg_CEkasAzkebPPx38d0Do.js line 2 > eval:1588:53338
Ij.prototype.GU/c<@https://www.youtube-nocookie.com/s/player/8579e400/player_ias.vflset/en_US/base.js:7999:143
wj@https://www.youtube-nocookie.com/s/player/8579e400/player_ias.vflset/en_US/base.js:846:33
Ij.prototype.GU@https://www.youtube-nocookie.com/s/player/8579e400/player_ias.vflset/en_US/base.js:7999:110
kC.prototype.s4@https://www.youtube-nocookie.com/s/player/8579e400/player_ias.vflset/en_US/base.js:8940:41
g.k.invoke@https://www.youtube-nocookie.com/s/player/8579e400/player_ias.vflset/en_US/base.js:8933:64
lCa@https://www.youtube-nocookie.com/s/player/8579e400/player_ias.vflset/en_US/base.js:3705:47
g.OL/a.c1a@https://www.youtube-nocookie.com/s/player/8579e400/player_ias.vflset/en_US/base.js:3709:276
g.PL@https://www.youtube-nocookie.com/s/player/8579e400/player_ias.vflset/en_US/base.js:3712:167
g.k.cI@https://www.youtube-nocookie.com/s/player/8579e400/player_ias.vflset/en_US/base.js:11552:260
g.k.sendAbandonmentPing@https://www.youtube-nocookie.com/s/player/8579e400/player_ias.vflset/en_US/base.js:11431:204
g.k.sendAbandonmentPing@https://www.youtube-nocookie.com/s/player/8579e400/player_ias.vflset/en_US/base.js:10424:62
$R/a.state.j[b]@https://www.youtube-nocookie.com/s/player/8579e400/player_ias.vflset/en_US/base.js:4587:53
Wy/<@https://www.youtube-nocookie.com/s/player/8579e400/www-embed-player.vflset/www-embed-player.js:1899:106
hz@https://www.youtube-nocookie.com/s/player/8579e400/www-embed-player.vflset/www-embed-player.js:1936:46
@https://www.youtube-nocookie.com/s/player/8579e400/www-embed-player.vflset/www-embed-player.js:1944:137
gm/<@https://www.youtube-nocookie.com/s/player/8579e400/www-embed-player.vflset/www-embed-player.js:928:63

JavaScript warning: https://static.cdninstagram.com/rsrc.php/v3in_J4/y-/l/en_US/inXJ93GYvmE.js, line 56: Script terminated by timeout at:
i.canUseNavigatorBeacon@https://static.cdninstagram.com/rsrc.php/v3in_J4/y-/l/en_US/inXJ93GYvmE.js:56:4276
C@https://static.cdninstagram.com/rsrc.php/v3in_J4/y-/l/en_US/inXJ93GYvmE.js:56:1597
i._initialize/<@https://static.cdninstagram.com/rsrc.php/v3in_J4/y-/l/en_US/inXJ93GYvmE.js:56:4912
d@https://static.cdninstagram.com/rsrc.php/v3in_J4/y-/l/en_US/inXJ93GYvmE.js:28:158

JavaScript warning: https://fpt.live.com/?session_id=7a090782740b41b19cb18950279c8c57&CustomerId=33e01921-4d64-4f8c-a055-5bdaffd5e33d&PageId=SI, line 5: WEBGL_debug_renderer_info is deprecated in Firefox and will be removed. Please use RENDERER.
console.warn: LoginRecipes: "Falling back to a synchronous message for: https://login.live.com."
console.warn: LoginRecipes: "Falling back to a synchronous message for: https://login.live.com."
console.warn: LoginRecipes: "Falling back to a synchronous message for: https://login.live.com."
console.warn: LoginRecipes: "Falling back to a synchronous message for: https://login.live.com."
console.warn: LoginRecipes: "Falling back to a synchronous message for: https://login.live.com."
console.warn: LoginRecipes: "Falling back to a synchronous message for: https://login.live.com."
console.warn: LoginRecipes: "Falling back to a synchronous message for: https://login.live.com."
console.warn: LoginRecipes: "Falling back to a synchronous message for: https://login.live.com."
console.warn: LoginRecipes: "Falling back to a synchronous message for: https://login.live.com."
console.warn: LoginRecipes: "Falling back to a synchronous message for: https://login.live.com."
1728420564543	Marionette	WARN	Ignoring event 'DOMContentLoaded' because document has an invalid readyState of 'complete'.
JavaScript warning: https://res-1.cdn.office.net/midgard/versionless/livepersonacard_without-react_4e09eb534f633f2b7d57.js, line 2: unreachable code after return statement
JavaScript warning: https://cdn.adnxs.com/v/s/246/trk.js, line 560: Script terminated by timeout at:
_.C@https://cdn.adnxs.com/v/s/246/trk.js:560:1382
md/<@https://cdn.adnxs.com/v/s/246/trk.js:560:5653

JavaScript warning: https://cdn.adnxs.com/v/s/246/trk.js, line 334: Script terminated by timeout at:
cf@https://cdn.adnxs.com/v/s/246/trk.js:334:84
_e@https://cdn.adnxs.com/v/s/246/trk.js:513:127
mi@https://cdn.adnxs.com/v/s/246/trk.js:557:831
gi@https://cdn.adnxs.com/v/s/246/trk.js:139:30
Kh@https://cdn.adnxs.com/v/s/246/trk.js:521:194
Uh@https://cdn.adnxs.com/v/s/246/trk.js:365:60
Cc@https://cdn.adnxs.com/v/s/246/trk.js:449:76
_.B@https://cdn.adnxs.com/v/s/246/trk.js:560:3327
_.C@https://cdn.adnxs.com/v/s/246/trk.js:560:1400
md/<@https://cdn.adnxs.com/v/s/246/trk.js:560:5653

JavaScript warning: https://pagead2.googlesyndication.com/pagead/managed/js/activeview/current/ufs_web_display.js, line 80: Script terminated by timeout at:
n.complete@https://pagead2.googlesyndication.com/pagead/managed/js/activeview/current/ufs_web_display.js:80:601
Ne/</<@https://pagead2.googlesyndication.com/pagead/managed/js/activeview/current/ufs_web_display.js:102:1070
M/this.rd@https://pagead2.googlesyndication.com/pagead/managed/js/activeview/current/ufs_web_display.js:91:888
n.next@https://pagead2.googlesyndication.com/pagead/managed/js/activeview/current/ufs_web_display.js:80:523
Sd/</<@https://pagead2.googlesyndication.com/pagead/managed/js/activeview/current/ufs_web_display.js:97:1542
M/this.rd@https://pagead2.googlesyndication.com/pagead/managed/js/activeview/current/ufs_web_display.js:91:888
n.next@https://pagead2.googlesyndication.com/pagead/managed/js/activeview/current/ufs_web_display.js:80:523
O/</<@https://pagead2.googlesyndication.com/pagead/managed/js/activeview/current/ufs_web_display.js:92:471
M/this.rd@https://pagead2.googlesyndication.com/pagead/managed/js/activeview/current/ufs_web_display.js:91:888
n.next@https://pagead2.googlesyndication.com/pagead/managed/js/activeview/current/ufs_web_display.js:80:523
O/</<@https://pagead2.googlesyndication.com/pagead/managed/js/activeview/current/ufs_web_display.js:92:471
M/this.rd@https://pagead2.googlesyndication.com/pagead/managed/js/activeview/current/ufs_web_display.js:91:888
n.next@https://pagead2.googlesyndication.com/pagead/managed/js/activeview/current/ufs_web_display.js:80:523
ph/c/</</<@https://pagead2.googlesyndication.com/pagead/managed/js/activeview/current/ufs_web_display.js:139:320
Ua@https://pagead2.googlesyndication.com/pagead/managed/js/activeview/current/ufs_web_display.js:49:339
Ra.prototype.flush@https://pagead2.googlesyndication.com/pagead/managed/js/activeview/current/ufs_web_display.js:49:127
Ta@https://pagead2.googlesyndication.com/pagead/managed/js/activeview/current/ufs_web_display.js:48:483
ph/c/</<@https://pagead2.googlesyndication.com/pagead/managed/js/activeview/current/ufs_web_display.js:139:292
sc.prototype.next@https://pagead2.googlesyndication.com/pagead/managed/js/activeview/current/ufs_web_display.js:81:218
n.rd@https://pagead2.googlesyndication.com/pagead/managed/js/activeview/current/ufs_web_display.js:80:756
n.next@https://pagead2.googlesyndication.com/pagead/managed/js/activeview/current/ufs_web_display.js:80:523
lg/</</</<@https://pagead2.googlesyndication.com/pagead/managed/js/activeview/current/ufs_web_display.js:122:516
Qa.prototype.Nb/<@https://pagead2.googlesyndication.com/pagead/managed/js/activeview/current/ufs_web_display.js:48:315
lg/</</<@https://pagead2.googlesyndication.com/pagead/managed/js/activeview/current/ufs_web_display.js:122:525
sc.prototype.next@https://pagead2.googlesyndication.com/pagead/managed/js/activeview/current/ufs_web_display.js:81:218
n.rd@https://pagead2.googlesyndication.com/pagead/managed/js/activeview/current/ufs_web_display.js:80:756
n.next@https://pagead2.googlesyndication.com/pagead/managed/js/activeview/current/ufs_web_display.js:80:523
lg/</</</<@https://pagead2.googlesyndication.com/pagead/managed/js/activeview/current/ufs_web_display.js:122:516
Qa.prototype.Nb/<@https://pagead2.googlesyndication.com/pagead/managed/js/activeview/current/ufs_web_display.js:48:315
lg/</</<@https://pagead2.googlesyndication.com/pagead/managed/js/activeview/current/ufs_web_display.js:122:525
sc.prototype.next@https://pagead2.googlesyndication.com/pagead/managed/js/activeview/current/ufs_web_display.js:81:218
n.rd@https://pagead2.googlesyndication.com/pagead/managed/js/activeview/current/ufs_web_display.js:80:756
n.next@https://pagead2.googlesyndication.com/pagead/managed/js/activeview/current/ufs_web_display.js:80:523
h@https://pagead2.googlesyndication.com/pagead/managed/js/activeview/current/ufs_web_display.js:94:477

console.warn: WindowsJumpLists: "Failed to fetch favicon for " "https://login.live.com/login.srf?wa=wsignin1.0&rpsnv=162&ct=1728420564&rver=7.5.2211.0&wp=MBI_SSL&wreply=https%3a%2f%2foutlook.live.com%2fowa%2f%3fnlp%3d1%26RpsCsrfState%3dafd3792d-fca4-8f58-b7ae-59c6e7b0e318%26wa%3dwsignin1.0&id=292841&aadredir=1&CBCXT=out&lw=1&fl=dob%2cflname%2cwld" ({})
1728420656455	Marionette	INFO	Stopped listening on port 52939
JavaScript warning: https://res.public.onecdn.static.microsoft/owamail/hashed-v1/scripts/owa.JquerySignalR.m.ea1f4ce2.js, line 1: Script terminated by timeout at:
ajax@https://res.public.onecdn.static.microsoft/owamail/hashed-v1/scripts/owa.JquerySignalR.m.ea1f4ce2.js:1:20923
ajaxAbort@https://res.public.onecdn.static.microsoft/owamail/hashed-v1/scripts/owa.JquerySignalR.m.ea1f4ce2.js:1:23417
abort@https://res.public.onecdn.static.microsoft/owamail/hashed-v1/scripts/owa.JquerySignalR.m.ea1f4ce2.js:1:31680
stop@https://res.public.onecdn.static.microsoft/owamail/hashed-v1/scripts/owa.JquerySignalR.m.ea1f4ce2.js:1:17606
355250/t3/l.stop@https://res.public.onecdn.static.microsoft/owamail/hashed-v1/scripts/owa.Notification.m.c2bdbd12.js:1:45526
249580/start/l/</</<@https://res.public.onecdn.static.microsoft/owamail/hashed-v1/scripts/owa.JquerySignalR.m.ea1f4ce2.js:1:13109

Dynamically enable window occlusion 1
JavaScript error: , line 0: NetworkError: AutoCancel
JavaScript error: , line 0: TypeError: NetworkError when attempting to fetch resource.
