1728049233811	geckodriver	INFO	Listening on 127.0.0.1:61018
1728049237006	mozrunner::runner	INFO	Running command: "C:\\Program Files\\Mozilla Firefox\\firefox.exe" "--marionette" "--remote-debugging-port" "61019" "--remote-allow-hosts" "localhost" "-no-remote" "-profile" "D:\\Users\\sasikumarj\\AppData\\Local\\Temp\\rust_mozprofilenYrucL"
console.warn: services.settings: Ignoring preference override of remote settings server
console.warn: services.settings: Allow by setting MOZ_REMOTE_SETTINGS_DEVTOOLS=1 in the environment
Dynamically enable window occlusion 0
1728049238015	Marionette	INFO	Marionette enabled
1728049238676	Marionette	INFO	Listening on port 61040
WebDriver BiDi listening on ws://127.0.0.1:61019
Read port: 61040
1728049239156	RemoteAgent	WARN	TLS certificate errors will be ignored for this session
DevTools listening on ws://127.0.0.1:61019/devtools/browser/e588cdbf-c663-4715-9bbc-bddd2bbd3b30
JavaScript error: https://cdn.cxense.com/sp1.html#ver=2.8.80&typ=pgv&rnd=m1urwno77alencu0&sid=9222325317970825873&loc=https%3A%2F%2Fwww.marketwatch.com%2F&new=1&arf=0&ltm=1728049251057&ref=&tzo=-330&wsz=1278x497&res=1278x622&dpr=1&col=24&bln=en-US&chs=UTF-8&cks=m1urwnpwva72e4vh&ckp=m1urwno71s9n6h23&glb=&cp_userState=anon&cp_testGroup=6&cp_topDomain=marketwatch.com&cp_template=full&cp_access=free&cp_section=Home%20Page&cp_cms_name=Peavey&cp_subscriber=nonsubscriber&cp_edition=naus&cp_bucket=0&cp_ab_bucket=10&cp_pageContentSource=MarketWatch&cp_pageContentType=Home&cp_pageContentTypeDetai=default&cp_pageSiteProduct=MW&cp_userTags=&cp_sessionState=none, line 1: TypeError: cX.loadScript is not a function
JavaScript warning: https://pagead2.googlesyndication.com/bg/WEoqGYGTldYSfSNCQ9Ugqu-00NFuS6e6WOK2G2Y_zzI.js line 2 > eval line 32 > eval line 1 > eval line 1 > eval, line 1: WEBGL_debug_renderer_info is deprecated in Firefox and will be removed. Please use RENDERER.
JavaScript warning: https://pagead2.googlesyndication.com/bg/WEoqGYGTldYSfSNCQ9Ugqu-00NFuS6e6WOK2G2Y_zzI.js line 2 > eval line 7416 > eval line 1 > eval line 1 > eval, line 1: WEBGL_debug_renderer_info is deprecated in Firefox and will be removed. Please use RENDERER.
JavaScript warning: https://www.marketwatch.com/, line 358: Script terminated by timeout at:
nrWrapper@https://www.marketwatch.com/:358:17660

console.warn: LoginRecipes: "Falling back to a synchronous message for: https://sso.accounts.dowjones.com."
console.warn: LoginRecipes: "Falling back to a synchronous message for: https://sso.accounts.dowjones.com."
JavaScript warning: https://pagead2.googlesyndication.com/pagead/managed/js/activeview/current/ufs_web_display.js, line 14: Script terminated by timeout at:
E@https://pagead2.googlesyndication.com/pagead/managed/js/activeview/current/ufs_web_display.js:14:325
h@https://pagead2.googlesyndication.com/pagead/managed/js/activeview/current/ufs_web_display.js:94:449

JavaScript error: , line 0: TypeError: NetworkError when attempting to fetch resource.
console.warn: LoginRecipes: "Falling back to a synchronous message for: https://sso.accounts.dowjones.com."
console.warn: LoginRecipes: "Falling back to a synchronous message for: https://sso.accounts.dowjones.com."
JavaScript warning: https://sso.accounts.dowjones.com/one_identity_login_pages/login/0905e7365768f8c947bfb0c526fb8b9e/js/vendor.js, line 51: Script terminated by timeout at:
BE@https://sso.accounts.dowjones.com/one_identity_login_pages/login/0905e7365768f8c947bfb0c526fb8b9e/js/vendor.js:51:4468
b@https://sso.accounts.dowjones.com/one_identity_login_pages/login/0905e7365768f8c947bfb0c526fb8b9e/js/vendor.js:49:13761

JavaScript warning: https://www.googletagmanager.com/gtag/js?id=G-K2H7B9JRSS, line 405: Script terminated by timeout at:
ko@https://www.googletagmanager.com/gtag/js?id=G-K2H7B9JRSS:405:521
mH@https://www.googletagmanager.com/gtag/js?id=G-K2H7B9JRSS:674:254
ba.Hm@https://www.googletagmanager.com/gtag/js?id=G-K2H7B9JRSS:667:493
ba.Gm/</<@https://www.googletagmanager.com/gtag/js?id=G-K2H7B9JRSS:665:489
Ek@https://www.googletagmanager.com/gtag/js?id=G-K2H7B9JRSS:358:151
dl@https://www.googletagmanager.com/gtag/js?id=G-K2H7B9JRSS:364:70
ba.Gm/<@https://www.googletagmanager.com/gtag/js?id=G-K2H7B9JRSS:665:475
c@https://www.googletagmanager.com/gtag/js?id=G-K2H7B9JRSS:499:411
Tt@https://www.googletagmanager.com/gtag/js?id=G-K2H7B9JRSS:500:237
ba.Gm@https://www.googletagmanager.com/gtag/js?id=G-K2H7B9JRSS:665:461
c@https://www.googletagmanager.com/gtag/js?id=G-K2H7B9JRSS:679:970
vm@https://www.googletagmanager.com/gtag/js?id=G-K2H7B9JRSS:377:1
um.prototype.flush@https://www.googletagmanager.com/gtag/js?id=G-K2H7B9JRSS:379:336
um.prototype.push@https://www.googletagmanager.com/gtag/js?id=G-K2H7B9JRSS:377:403
nm@https://www.googletagmanager.com/gtag/js?id=G-K2H7B9JRSS:374:785
FH/<@https://www.googletagmanager.com/gtag/js?id=G-K2H7B9JRSS:680:187
ba.Qk/<@https://www.googletagmanager.com/gtag/js?id=G-K2H7B9JRSS:623:126
ba.Qk/c/<@https://www.googletagmanager.com/gtag/js?id=G-K2H7B9JRSS:622:420

1728049303052	Marionette	INFO	Stopped listening on port 61040
JavaScript warning: https://cdn.cxense.com/cx.js, line 6: Script terminated by timeout at:
a@https://cdn.cxense.com/cx.js:6:1369
Hi@https://cdn.cxense.com/cx.js:6:52152
ro@https://cdn.cxense.com/cx.js:6:54544
getTestGroup@https://cdn.cxense.com/cx.cce.js:1:4044
init@https://cdn.cxense.com/cx.cce.js:1:1980
bootstrapPage@https://sts3.wsj.net/iweb/static_html_files/cxense-candy.js:1:33640
init/t.onload/<@https://sts3.wsj.net/iweb/static_html_files/cxense-candy.js:1:33194
invoke@https://cdn.cxense.com/cx.js:6:114944
Fa@https://cdn.cxense.com/cx.js:6:80880
pr/r<@https://cdn.cxense.com/cx.js:6:41793
nrWrapper@https://www.marketwatch.com/newsletters?mod=followUI:193:17810

Dynamically enable window occlusion 1
!!! error running onStopped callback: TypeError: callback is not a function
