1727348167822	geckodriver	INFO	Listening on 127.0.0.1:53460
1727348170876	mozrunner::runner	INFO	Running command: "C:\\Program Files\\Mozilla Firefox\\firefox.exe" "--marionette" "--remote-debugging-port" "53461" "--remote-allow-hosts" "localhost" "-no-remote" "-profile" "D:\\Users\\sasikumarj\\AppData\\Local\\Temp\\rust_mozprofiled1RaiR"
console.warn: services.settings: Ignoring preference override of remote settings server
console.warn: services.settings: Allow by setting MOZ_REMOTE_SETTINGS_DEVTOOLS=1 in the environment
Dynamically enable window occlusion 0
1727348171516	Marionette	INFO	Marionette enabled
1727348171755	Marionette	INFO	Listening on port 53470
WebDriver BiDi listening on ws://127.0.0.1:53461
Read port: 53470
1727348171984	RemoteAgent	WARN	TLS certificate errors will be ignored for this session
DevTools listening on ws://127.0.0.1:53461/devtools/browser/c0b88d72-03d5-4d0c-8dd1-f7e5281d8fc6
JavaScript warning: https://www.dev.marketwatch.com/_next/static/chunks/main-7c2c5b4ee7ae4ea0.js, line 1: unreachable code after return statement
JavaScript warning: https://z.moatads.com/dowjonesheader64568365681/moatheader.js, line 386: WEBGL_debug_renderer_info is deprecated in Firefox and will be removed. Please use RENDERER.
JavaScript error: https://cdn.cxense.com/sp1.html#ver=2.8.80&typ=pgv&rnd=m1j6ifbafn2m71fw&sid=1138573015853471556&loc=https%3A%2F%2Fwww.dev.marketwatch.com%2Fauthor%2FCatey-Hill&new=1&arf=0&ltm=1727348187148&ref=&tzo=-330&wsz=1280x595&res=1280x720&dpr=1&col=24&bln=en-US&chs=UTF-8&cks=m1j6iff59k71hlq6&ckp=m1j6ifbavqwz66ae&glb=&cp_userState=anon&cp_testGroup=26&cp_env=staging&cp_topDomain=marketwatch.com&cp_template=full&cp_access=free&cp_section=Author&cp_subsection=Catey%20Hill&cp_cms_name=Peavey&cp_subscriber=nonsubscriber&cp_edition=naus&cp_bucket=5&cp_ab_bucket=35&cp_pageContentSource=MarketWatch&cp_pageContentType=Summaries&cp_pageContentTypeDetai=default&cp_pageSiteProduct=MW&cp_userTags=&cp_sessionState=none, line 1: TypeError: cX.loadScript is not a function
JavaScript error: https://d3h0wybtovte4j.cloudfront.net/xlxnqhtit.js, line 1: TypeError: URL constructor: null/foo.html?o=u&r=&l=https://www.dev.marketwatch.com/author/Catey-Hill&aa=NA&ib=false&buster=uVxeceXzEldvDzJZ is not a valid URL.
JavaScript warning: https://z.moatads.com/dowjones8650224/moatcore.js#moatClientLevel1=21816266&moatClientLevel2=3572641424&moatClientLevel3=6764679013&moatClientLevel4=138485478901&moatClientSlicer1=50398826&moatClientSlicer2=21959938491&zMoatmivr=&refresh=1&zMoatMData=&zMoatMSafety=&zMoatMGV=&zMoatMMV=&zMoatWD=728&zMoatAdLocation=BANNERTOP&zMoatHT=90&zMoatSZ=728x90&fMoatCb=MFPA_547627174022, line 336: WEBGL_debug_renderer_info is deprecated in Firefox and will be removed. Please use RENDERER.
JavaScript warning: https://pagead2.googlesyndication.com/bg/gV8oOBGKSZbVoBuTsHuy49HjUHUKsGGS79HUBzhlvTM.js line 2 > eval line 2360 > eval line 1 > eval line 1 > eval, line 1: WEBGL_debug_renderer_info is deprecated in Firefox and will be removed. Please use RENDERER.
JavaScript error: , line 0: TypeError: NetworkError when attempting to fetch resource.
JavaScript error: , line 0: TypeError: NetworkError when attempting to fetch resource.
JavaScript error: , line 0: TypeError: NetworkError when attempting to fetch resource.
JavaScript error: , line 0: TypeError: NetworkError when attempting to fetch resource.
JavaScript warning: https://pagead2.googlesyndication.com/bg/gV8oOBGKSZbVoBuTsHuy49HjUHUKsGGS79HUBzhlvTM.js line 2 > eval line 4269 > eval line 1 > eval line 1 > eval, line 1: WEBGL_debug_renderer_info is deprecated in Firefox and will be removed. Please use RENDERER.
JavaScript error: , line 0: TypeError: NetworkError when attempting to fetch resource.
JavaScript warning: https://pagead2.googlesyndication.com/bg/gV8oOBGKSZbVoBuTsHuy49HjUHUKsGGS79HUBzhlvTM.js line 2 > eval line 5878 > eval line 1 > eval line 1 > eval, line 1: WEBGL_debug_renderer_info is deprecated in Firefox and will be removed. Please use RENDERER.
JavaScript error: , line 0: TypeError: NetworkError when attempting to fetch resource.
JavaScript error: , line 0: TypeError: NetworkError when attempting to fetch resource.
JavaScript warning: https://pagead2.googlesyndication.com/bg/gV8oOBGKSZbVoBuTsHuy49HjUHUKsGGS79HUBzhlvTM.js line 2 > eval line 2423 > eval line 1 > eval line 1 > eval, line 1: WEBGL_debug_renderer_info is deprecated in Firefox and will be removed. Please use RENDERER.
JavaScript error: , line 0: TypeError: NetworkError when attempting to fetch resource.
JavaScript error: , line 0: TypeError: NetworkError when attempting to fetch resource.
JavaScript error: , line 0: TypeError: NetworkError when attempting to fetch resource.
console.warn: WindowsJumpLists: "Failed to fetch favicon for " "https://www.dev.marketwatch.com/" ({})
console.warn: WindowsJumpLists: "Failed to fetch favicon for " "https://www.dev.marketwatch.com/" ({})
JavaScript warning: https://cdn.cxense.com/cx.js, line 6: Script terminated by timeout at:
zn@https://cdn.cxense.com/cx.js:6:40216
ea/<@https://cdn.cxense.com/cx.js:6:70427
ea@https://cdn.cxense.com/cx.js:6:70519
ta@https://cdn.cxense.com/cx.js:6:70555
ra/<@https://cdn.cxense.com/cx.js:6:70614

1727348508037	Marionette	INFO	Stopped listening on port 53470
Dynamically enable window occlusion 1
JavaScript error: , line 0: TypeError: NetworkError when attempting to fetch resource.
JavaScript error: , line 0: TypeError: NetworkError when attempting to fetch resource.
