1729766039106	geckodriver	INFO	Listening on 127.0.0.1:63960
1729766042406	mozrunner::runner	INFO	Running command: "C:\\Program Files\\Mozilla Firefox\\firefox.exe" "--marionette" "--remote-debugging-port" "63961" "--remote-allow-hosts" "localhost" "-no-remote" "-profile" "D:\\Users\\sasikumarj\\AppData\\Local\\Temp\\rust_mozprofiletw3uX2"
console.warn: services.settings: Ignoring preference override of remote settings server
console.warn: services.settings: Allow by setting MOZ_REMOTE_SETTINGS_DEVTOOLS=1 in the environment
Dynamically enable window occlusion 0
1729766043257	Marionette	INFO	Marionette enabled
1729766043534	Marionette	INFO	Listening on port 64052
WebDriver BiDi listening on ws://127.0.0.1:63961
Read port: 64052
1729766043850	RemoteAgent	WARN	TLS certificate errors will be ignored for this session
DevTools listening on ws://127.0.0.1:63961/devtools/browser/963d939d-47ce-4a7e-b065-ba87a77cbcb0
JavaScript error: https://cdn.cxense.com/sp1.html#ver=2.8.82&typ=pgv&rnd=m2n61og72l1geng7&sid=9222325317970825875&loc=https%3A%2F%2Fwww.s.dev.barrons.com%2F&new=1&arf=0&ltm=1729766052875&ref=&tzo=-330&wsz=1278x497&res=1278x622&dpr=1&col=24&bln=en-US&chs=UTF-8&cks=m2n61oix9uhd78bg&ckp=m2n61og7xq8xyg38&glb=&amo=1728052320&cp_userState=anon&cp_testGroup=57&cp_env=staging&cp_topDomain=barrons.com&cp_pwTag=default&cp_pwPlacement=cx-snippetad&cp_pwCampaign=10&cp_pwType=personalized&cp_type=&cp_template=preview&cp_access=PAID&cp_section=&cp_subsection=&cp_cms_name=Barron's%20Authoring%20QA&cp_vix=&cp_subscriber=nonsubscriber&cp_edition=naus&cp_bucket=5&cp_ab_bucket=35&cp_pageContentSource=Barron's%20Online&cp_pageContentType=Article&cp_pageContentTypeDetai=STANDARD&cp_pageSiteProduct=BOL&cp_userTags=&cp_sessionState=none, line 1: TypeError: cX.loadScript is not a function
JavaScript warning: https://cdn.gbqofs.com/sv/b/detector-bootstrap.min.js, line 0: Successfully compiled asm.js code (total compilation time 2ms)
console.error: ({})
console.error: ({})
JavaScript error: https://instant.page/5.1.0, line 1: SyntaxError: redeclaration of var e
JavaScript error: https://cdn.gbqofs.com/sv/b/detector-bootstrap.min.js, line 10: Error: Minified React error #418; visit https://reactjs.org/docs/error-decoder.html?invariant=418 for the full message or use the non-minified dev environment for full errors and additional helpful warnings.
JavaScript error: https://cdn.gbqofs.com/sv/b/detector-bootstrap.min.js, line 10: Error: Minified React error #418; visit https://reactjs.org/docs/error-decoder.html?invariant=418 for the full message or use the non-minified dev environment for full errors and additional helpful warnings.
JavaScript error: https://cdn.gbqofs.com/sv/b/detector-bootstrap.min.js, line 10: Error: Minified React error #418; visit https://reactjs.org/docs/error-decoder.html?invariant=418 for the full message or use the non-minified dev environment for full errors and additional helpful warnings.
JavaScript error: https://cdn.gbqofs.com/sv/b/detector-bootstrap.min.js, line 10: Error: Minified React error #418; visit https://reactjs.org/docs/error-decoder.html?invariant=418 for the full message or use the non-minified dev environment for full errors and additional helpful warnings.
JavaScript error: https://cdn.gbqofs.com/sv/b/detector-bootstrap.min.js, line 10: Error: Minified React error #418; visit https://reactjs.org/docs/error-decoder.html?invariant=418 for the full message or use the non-minified dev environment for full errors and additional helpful warnings.
JavaScript error: https://cdn.gbqofs.com/sv/b/detector-bootstrap.min.js, line 10: Error: Minified React error #418; visit https://reactjs.org/docs/error-decoder.html?invariant=418 for the full message or use the non-minified dev environment for full errors and additional helpful warnings.
JavaScript error: https://cdn.gbqofs.com/sv/b/detector-bootstrap.min.js, line 10: Error: Minified React error #418; visit https://reactjs.org/docs/error-decoder.html?invariant=418 for the full message or use the non-minified dev environment for full errors and additional helpful warnings.
JavaScript error: https://cdn.gbqofs.com/sv/b/detector-bootstrap.min.js, line 10: Error: Minified React error #418; visit https://reactjs.org/docs/error-decoder.html?invariant=418 for the full message or use the non-minified dev environment for full errors and additional helpful warnings.
JavaScript error: https://cdn.gbqofs.com/sv/b/detector-bootstrap.min.js, line 10: Error: Minified React error #418; visit https://reactjs.org/docs/error-decoder.html?invariant=418 for the full message or use the non-minified dev environment for full errors and additional helpful warnings.
JavaScript error: https://cdn.gbqofs.com/sv/b/detector-bootstrap.min.js, line 10: Error: Minified React error #423; visit https://reactjs.org/docs/error-decoder.html?invariant=423 for the full message or use the non-minified dev environment for full errors and additional helpful warnings.
1729766059610	Marionette	WARN	Ignoring event 'DOMContentLoaded' because document has an invalid readyState of 'complete'.
JavaScript warning: https://pagead2.googlesyndication.com/bg/j4vaIyDci7VQAjTQxVFU9Ni_FcKTEuDFjqUx7u6VMZk.js line 2 > eval line 700 > eval line 1 > eval line 1 > eval, line 1: Script terminated by timeout at:
F@https://pagead2.googlesyndication.com/bg/j4vaIyDci7VQAjTQxVFU9Ni_FcKTEuDFjqUx7u6VMZk.js line 2 > eval line 700 > eval line 1 > eval line 1 > eval:1:24
@https://pagead2.googlesyndication.com/bg/j4vaIyDci7VQAjTQxVFU9Ni_FcKTEuDFjqUx7u6VMZk.js line 2 > eval line 700 > eval line 1 > eval line 1 > eval:1:26
IH@https://pagead2.googlesyndication.com/bg/j4vaIyDci7VQAjTQxVFU9Ni_FcKTEuDFjqUx7u6VMZk.js line 2 > eval line 700 > eval line 1 > eval line 1 > eval:1:228
Og@https://pagead2.googlesyndication.com/bg/j4vaIyDci7VQAjTQxVFU9Ni_FcKTEuDFjqUx7u6VMZk.js line 2 > eval line 700 > eval line 1 > eval line 1 > eval:1:45
@https://pagead2.googlesyndication.com/bg/j4vaIyDci7VQAjTQxVFU9Ni_FcKTEuDFjqUx7u6VMZk.js line 2 > eval:700:50285
NP@https://pagead2.googlesyndication.com/bg/j4vaIyDci7VQAjTQxVFU9Ni_FcKTEuDFjqUx7u6VMZk.js line 2 > eval:700:29196
y@https://pagead2.googlesyndication.com/bg/j4vaIyDci7VQAjTQxVFU9Ni_FcKTEuDFjqUx7u6VMZk.js line 2 > eval:700:10660
w4@https://pagead2.googlesyndication.com/bg/j4vaIyDci7VQAjTQxVFU9Ni_FcKTEuDFjqUx7u6VMZk.js line 2 > eval:700:19454
y/<@https://pagead2.googlesyndication.com/bg/j4vaIyDci7VQAjTQxVFU9Ni_FcKTEuDFjqUx7u6VMZk.js line 2 > eval:700:12078
S0</<@https://pagead2.googlesyndication.com/bg/j4vaIyDci7VQAjTQxVFU9Ni_FcKTEuDFjqUx7u6VMZk.js line 2 > eval:700:48960

JavaScript error: , line 0: TypeError: NetworkError when attempting to fetch resource.
JavaScript error: , line 0: TypeError: NetworkError when attempting to fetch resource.
JavaScript error: , line 0: TypeError: NetworkError when attempting to fetch resource.
JavaScript error: https://instant.page/5.1.0, line 1: SyntaxError: redeclaration of var e
JavaScript warning: https://cdn.doubleverify.com/dv-measurements6844.js, line 2: Script terminated by timeout at:
mapData@https://cdn.doubleverify.com/dv-measurements6844.js:2:235120
getQueryString@https://cdn.doubleverify.com/dv-measurements6844.js:2:236884
isQueryLengthBelowBrowserLimit@https://cdn.doubleverify.com/dv-measurements6844.js:2:237217
collectData@https://cdn.doubleverify.com/dv-measurements6844.js:2:388188
5070/executePhase/<@https://cdn.doubleverify.com/dv-measurements6844.js:2:398095
executePhase@https://cdn.doubleverify.com/dv-measurements6844.js:2:398058
6986/e.default/</rt/<@https://cdn.doubleverify.com/dv-measurements6844.js:2:336118
rt@https://cdn.doubleverify.com/dv-measurements6844.js:2:336081
6820/e.invokeWithPerformanceMeasures@https://cdn.doubleverify.com/dv-measurements6844.js:2:216476
lt@https://cdn.doubleverify.com/dv-measurements6844.js:2:336942
6986/e.default/</<@https://cdn.doubleverify.com/dv-measurements6844.js:2:337438
6986/e.default/<@https://cdn.doubleverify.com/dv-measurements6844.js:2:337622
6986/e.default@https://cdn.doubleverify.com/dv-measurements6844.js:2:333951
8519/t.exports@https://cdn.doubleverify.com/dv-measurements6844.js:2:347715
@https://cdn.doubleverify.com/dv-measurements6844.js:2:420747
@https://cdn.doubleverify.com/dv-measurements6844.js:2:421494

JavaScript warning: https://www.gstatic.com/_/mss/boq-subscribewithgoogle/_/js/k=boq-subscribewithgoogle.SubscribewithgoogleClientUi.en_US.UWDcIBfNPfI.es5.O/am=MBgwAw/d=1/excm=_b,_tp,serviceiframeview/ed=1/dg=0/wt=2/ujg=1/rs=ABXTjI4n5r6d01qrlNES6XxsnIgUg1L34A/m=_b,_tp, line 231: Script terminated by timeout at:
_.kc<@https://www.gstatic.com/_/mss/boq-subscribewithgoogle/_/js/k=boq-subscribewithgoogle.SubscribewithgoogleClientUi.en_US.UWDcIBfNPfI.es5.O/am=MBgwAw/d=1/excm=_b,_tp,serviceiframeview/ed=1/dg=0/wt=2/ujg=1/rs=ABXTjI4n5r6d01qrlNES6XxsnIgUg1L34A/m=_b,_tp:231:1190
_.x@https://www.gstatic.com/_/mss/boq-subscribewithgoogle/_/js/k=boq-subscribewithgoogle.SubscribewithgoogleClientUi.en_US.UWDcIBfNPfI.es5.O/am=MBgwAw/d=1/excm=_b,_tp,serviceiframeview/ed=1/dg=0/wt=2/ujg=1/rs=ABXTjI4n5r6d01qrlNES6XxsnIgUg1L34A/m=_b,_tp:65:514
JI@https://www.gstatic.com/_/mss/boq-subscribewithgoogle/_/js/k=boq-subscribewithgoogle.SubscribewithgoogleClientUi.en_US.UWDcIBfNPfI.es5.O/ck=boq-subscribewithgoogle.SubscribewithgoogleClientUi.JuGyz1fvUGQ.L.F4.O/am=MBgwAw/d=1/exm=_b,_tp/excm=_b,_tp,serviceiframeview/ed=1/wt=2/ujg=1/rs=ABXTjI6bLUSHN992hmgZ8pDf0DOumXKmJg/ee=EVNhjf:pw70Gc;EmZ2Bf:zr1jrb;JsbNhc:Xd8iUd;K5nYTd:ZDZcre;LBgRLc:SdcwHb;Me32dd:MEeYgc;NPKaK:SdcwHb;NSEoX:lazG7b;Pjplud:EEDORb;QGR0gd:Mlhmy;SNUn3:ZwDk9d;ScI3Yc:e7Hzgb;Uvc8o:VDovNc;YIZmRd:A1yn5d;a56pNe:JEfCwb;cEt90b:ws9Tlc;dIoSBb:SpsfSb;dowIGb:ebZ3mb;eBAeSb:zbML3c;iFQyKf:QIhFr;lOO0Vd:OTA3Ae;nAFL3:s39S4;oGtAuc:sOXFj;pXdRYb:MdUzUe;qafBPd:yDVVkb;qddgKe:xQtZb;wR5FRb:O1Gjze;xqZiqf:wmnU7d;yxTchf:KUM7Z;zxnPse:GkRiKb/m=W93Wdc:33:417
ZI@https://www.gstatic.com/_/mss/boq-subscribewithgoogle/_/js/k=boq-subscribewithgoogle.SubscribewithgoogleClientUi.en_US.UWDcIBfNPfI.es5.O/ck=boq-subscribewithgoogle.SubscribewithgoogleClientUi.JuGyz1fvUGQ.L.F4.O/am=MBgwAw/d=1/exm=_b,_tp/excm=_b,_tp,serviceiframeview/ed=1/wt=2/ujg=1/rs=ABXTjI6bLUSHN992hmgZ8pDf0DOumXKmJg/ee=EVNhjf:pw70Gc;EmZ2Bf:zr1jrb;JsbNhc:Xd8iUd;K5nYTd:ZDZcre;LBgRLc:SdcwHb;Me32dd:MEeYgc;NPKaK:SdcwHb;NSEoX:lazG7b;Pjplud:EEDORb;QGR0gd:Mlhmy;SNUn3:ZwDk9d;ScI3Yc:e7Hzgb;Uvc8o:VDovNc;YIZmRd:A1yn5d;a56pNe:JEfCwb;cEt90b:ws9Tlc;dIoSBb:SpsfSb;dowIGb:ebZ3mb;eBAeSb:zbML3c;iFQyKf:QIhFr;lOO0Vd:OTA3Ae;nAFL3:s39S4;oGtAuc:sOXFj;pXdRYb:MdUzUe;qafBPd:yDVVkb;qddgKe:xQtZb;wR5FRb:O1Gjze;xqZiqf:wmnU7d;yxTchf:KUM7Z;zxnPse:GkRiKb/m=W93Wdc:39:137
aJ@https://www.gstatic.com/_/mss/boq-subscribewithgoogle/_/js/k=boq-subscribewithgoogle.SubscribewithgoogleClientUi.en_US.UWDcIBfNPfI.es5.O/ck=boq-subscribewithgoogle.SubscribewithgoogleClientUi.JuGyz1fvUGQ.L.F4.O/am=MBgwAw/d=1/exm=_b,_tp/excm=_b,_tp,serviceiframeview/ed=1/wt=2/ujg=1/rs=ABXTjI6bLUSHN992hmgZ8pDf0DOumXKmJg/ee=EVNhjf:pw70Gc;EmZ2Bf:zr1jrb;JsbNhc:Xd8iUd;K5nYTd:ZDZcre;LBgRLc:SdcwHb;Me32dd:MEeYgc;NPKaK:SdcwHb;NSEoX:lazG7b;Pjplud:EEDORb;QGR0gd:Mlhmy;SNUn3:ZwDk9d;ScI3Yc:e7Hzgb;Uvc8o:VDovNc;YIZmRd:A1yn5d;a56pNe:JEfCwb;cEt90b:ws9Tlc;dIoSBb:SpsfSb;dowIGb:ebZ3mb;eBAeSb:zbML3c;iFQyKf:QIhFr;lOO0Vd:OTA3Ae;nAFL3:s39S4;oGtAuc:sOXFj;pXdRYb:MdUzUe;qafBPd:yDVVkb;qddgKe:xQtZb;wR5FRb:O1Gjze;xqZiqf:wmnU7d;yxTchf:KUM7Z;zxnPse:GkRiKb/m=W93Wdc:38:255
dJ.prototype.oa@https://www.gstatic.com/_/mss/boq-subscribewithgoogle/_/js/k=boq-subscribewithgoogle.SubscribewithgoogleClientUi.en_US.UWDcIBfNPfI.es5.O/ck=boq-subscribewithgoogle.SubscribewithgoogleClientUi.JuGyz1fvUGQ.L.F4.O/am=MBgwAw/d=1/exm=_b,_tp/excm=_b,_tp,serviceiframeview/ed=1/wt=2/ujg=1/rs=ABXTjI6bLUSHN992hmgZ8pDf0DOumXKmJg/ee=EVNhjf:pw70Gc;EmZ2Bf:zr1jrb;JsbNhc:Xd8iUd;K5nYTd:ZDZcre;LBgRLc:SdcwHb;Me32dd:MEeYgc;NPKaK:SdcwHb;NSEoX:lazG7b;Pjplud:EEDORb;QGR0gd:Mlhmy;SNUn3:ZwDk9d;ScI3Yc:e7Hzgb;Uvc8o:VDovNc;YIZmRd:A1yn5d;a56pNe:JEfCwb;cEt90b:ws9Tlc;dIoSBb:SpsfSb;dowIGb:ebZ3mb;eBAeSb:zbML3c;iFQyKf:QIhFr;lOO0Vd:OTA3Ae;nAFL3:s39S4;oGtAuc:sOXFj;pXdRYb:MdUzUe;qafBPd:yDVVkb;qddgKe:xQtZb;wR5FRb:O1Gjze;xqZiqf:wmnU7d;yxTchf:KUM7Z;zxnPse:GkRiKb/m=W93Wdc:48:37
dJ/<@https://www.gstatic.com/_/mss/boq-subscribewithgoogle/_/js/k=boq-subscribewithgoogle.SubscribewithgoogleClientUi.en_US.UWDcIBfNPfI.es5.O/ck=boq-subscribewithgoogle.SubscribewithgoogleClientUi.JuGyz1fvUGQ.L.F4.O/am=MBgwAw/d=1/exm=_b,_tp/excm=_b,_tp,serviceiframeview/ed=1/wt=2/ujg=1/rs=ABXTjI6bLUSHN992hmgZ8pDf0DOumXKmJg/ee=EVNhjf:pw70Gc;EmZ2Bf:zr1jrb;JsbNhc:Xd8iUd;K5nYTd:ZDZcre;LBgRLc:SdcwHb;Me32dd:MEeYgc;NPKaK:SdcwHb;NSEoX:lazG7b;Pjplud:EEDORb;QGR0gd:Mlhmy;SNUn3:ZwDk9d;ScI3Yc:e7Hzgb;Uvc8o:VDovNc;YIZmRd:A1yn5d;a56pNe:JEfCwb;cEt90b:ws9Tlc;dIoSBb:SpsfSb;dowIGb:ebZ3mb;eBAeSb:zbML3c;iFQyKf:QIhFr;lOO0Vd:OTA3Ae;nAFL3:s39S4;oGtAuc:sOXFj;pXdRYb:MdUzUe;qafBPd:yDVVkb;qddgKe:xQtZb;wR5FRb:O1Gjze;xqZiqf:wmnU7d;yxTchf:KUM7Z;zxnPse:GkRiKb/m=W93Wdc:42:334

JavaScript error: , line 0: TypeError: NetworkError when attempting to fetch resource.
JavaScript error: , line 0: TypeError: NetworkError when attempting to fetch resource.
JavaScript warning: https://imasdk.googleapis.com/js/core/bridge3.674.1_en.html#goog_733464834, line 7: Script terminated by timeout at:
da@https://imasdk.googleapis.com/js/core/bridge3.674.1_en.html#goog_733464834:7:1
@https://imasdk.googleapis.com/js/core/bridge3.674.1_en.html#goog_733464834:7:8
@https://imasdk.googleapis.com/js/core/bridge3.674.1_en.html#goog_733464834:1340:82

JavaScript warning: https://cdn.gbqofs.com/sv/b/detector-bootstrap.min.js, line 0: Successfully compiled asm.js code (total compilation time 1ms)
1729766072220	Marionette	WARN	TimedPromise timed out after 500 ms: stacktrace:
TimedPromise/<@chrome://remote/content/marionette/sync.sys.mjs:219:24
TimedPromise@chrome://remote/content/marionette/sync.sys.mjs:203:10
interaction.flushEventLoop@chrome://remote/content/marionette/interaction.sys.mjs:467:10
webdriverClickElement@chrome://remote/content/marionette/interaction.sys.mjs:220:33
JavaScript warning: https://www.s.dev.barrons.com/_next/static/chunks/main-fc8ea3f3c8e9e983.js, line 6: Script terminated by timeout at:
78018/w/<@https://www.s.dev.barrons.com/_next/static/chunks/main-fc8ea3f3c8e9e983.js:6:16343
t@https://www.s.dev.barrons.com/_next/static/chunks/main-fc8ea3f3c8e9e983.js:6:15839

console.warn: LoginRecipes: "Falling back to a synchronous message for: https://sso.int.accounts.dowjones.com."
console.warn: LoginRecipes: "Falling back to a synchronous message for: https://sso.int.accounts.dowjones.com."
console.warn: LoginRecipes: "Falling back to a synchronous message for: https://sso.int.accounts.dowjones.com."
console.warn: LoginRecipes: "Falling back to a synchronous message for: https://sso.int.accounts.dowjones.com."
JavaScript warning: https://sso.int.accounts.dowjones.com/one_identity_login_pages/login/81d56fb5b0694b7770ec579357b07432/js/vendor.js, line 51: Script terminated by timeout at:
WE@https://sso.int.accounts.dowjones.com/one_identity_login_pages/login/81d56fb5b0694b7770ec579357b07432/js/vendor.js:51:4767
k@https://sso.int.accounts.dowjones.com/one_identity_login_pages/login/81d56fb5b0694b7770ec579357b07432/js/vendor.js:49:13806

1729766088322	Marionette	INFO	Stopped listening on port 64052
JavaScript warning: https://video-api.wsj.com/api-video/audio/js/audioplayer.min.js, line 22: Script terminated by timeout at:
a.d@https://video-api.wsj.com/api-video/audio/js/audioplayer.min.js:22:35632
6571@https://video-api.wsj.com/api-video/audio/js/audioplayer.min.js:1:52
a@https://video-api.wsj.com/api-video/audio/js/audioplayer.min.js:22:35047
@https://video-api.wsj.com/api-video/audio/js/audioplayer.min.js:22:79564
@https://video-api.wsj.com/api-video/audio/js/audioplayer.min.js:22:117328
@https://video-api.wsj.com/api-video/audio/js/audioplayer.min.js:22:117377

Dynamically enable window occlusion 1
IPDL protocol Error: Received an invalid file descriptor
