1728421813843	geckodriver	INFO	Listening on 127.0.0.1:57756
1728421816874	mozrunner::runner	INFO	Running command: "C:\\Program Files\\Mozilla Firefox\\firefox.exe" "--marionette" "--remote-debugging-port" "57757" "--remote-allow-hosts" "localhost" "-no-remote" "-profile" "D:\\Users\\sasikumarj\\AppData\\Local\\Temp\\rust_mozprofileWCtBT1"
console.warn: services.settings: Ignoring preference override of remote settings server
console.warn: services.settings: Allow by setting MOZ_REMOTE_SETTINGS_DEVTOOLS=1 in the environment
Dynamically enable window occlusion 0
1728421817604	Marionette	INFO	Marionette enabled
1728421817909	Marionette	INFO	Listening on port 57768
WebDriver BiDi listening on ws://127.0.0.1:57757
Read port: 57768
1728421818154	RemoteAgent	WARN	TLS certificate errors will be ignored for this session
DevTools listening on ws://127.0.0.1:57757/devtools/browser/33335bbf-f176-4e29-b1d2-1275dd05ee9a
JavaScript warning: https://www.marketwatch.com/, line 358: Script terminated by timeout at:
nrWrapper@https://www.marketwatch.com/:358:17660
v@https://www.marketwatch.com/:5843:3666
J/<@https://www.marketwatch.com/:5843:6053
n@https://www.marketwatch.com/:5843:5738

console.warn: LoginRecipes: "Falling back to a synchronous message for: https://sso.accounts.dowjones.com."
console.warn: LoginRecipes: "Falling back to a synchronous message for: https://sso.accounts.dowjones.com."
console.warn: LoginRecipes: "Falling back to a synchronous message for: https://sso.accounts.dowjones.com."
console.warn: LoginRecipes: "Falling back to a synchronous message for: https://sso.accounts.dowjones.com."
JavaScript warning: https://sso.accounts.dowjones.com/one_identity_login_pages/login/0905e7365768f8c947bfb0c526fb8b9e/js/vendor.js, line 51: Script terminated by timeout at:
BE@https://sso.accounts.dowjones.com/one_identity_login_pages/login/0905e7365768f8c947bfb0c526fb8b9e/js/vendor.js:51:4468
b@https://sso.accounts.dowjones.com/one_identity_login_pages/login/0905e7365768f8c947bfb0c526fb8b9e/js/vendor.js:49:13761

JavaScript error: https://cdn.cxense.com/sp1.html#ver=2.8.80&typ=pgv&rnd=m20xqrhywvlyzv13&sid=9222325317970825873&loc=https%3A%2F%2Fwww.marketwatch.com%2Ffollow&new=1&arf=0&ltm=1728421850811&ref=https%3A%2F%2Fsso.accounts.dowjones.com%2F&tzo=-330&wsz=1278x497&res=1278x622&dpr=1&col=24&bln=en-US&chs=UTF-8&cks=m20xqrnli78sf0kt&ckp=m20xqrhym3749hz8&glb=&eid0=e4cefa22ef027cc0132f0c218da37da39cdb3228234af4df969b5c463592e123&eit0=wsj&cp_userState=anon&cp_testGroup=9&cp_topDomain=marketwatch.com&cp_template=full&cp_access=free&cp_section=Follow&cp_subsection=mw&cp_cms_name=CAPS&cp_subscriber=registered&cp_edition=naus&cp_bucket=9&cp_ab_bucket=59&cp_pageContentSource=MarketWatch&cp_pageContentType=Follow&cp_pageContentTypeDetai=follow&cp_pageSiteProduct=MW&cp_userTags=&cp_sessionState=ca, line 1: TypeError: cX.loadScript is not a function
1728421880992	Marionette	INFO	Stopped listening on port 57768
Dynamically enable window occlusion 1
