1729059190825	geckodriver	INFO	Listening on 127.0.0.1:65093
1729059193894	mozrunner::runner	INFO	Running command: "C:\\Program Files\\Mozilla Firefox\\firefox.exe" "--marionette" "--remote-debugging-port" "65094" "--remote-allow-hosts" "localhost" "-no-remote" "-profile" "D:\\Users\\sasikumarj\\AppData\\Local\\Temp\\rust_mozprofileEceMMK"
console.warn: services.settings: Ignoring preference override of remote settings server
console.warn: services.settings: Allow by setting MOZ_REMOTE_SETTINGS_DEVTOOLS=1 in the environment
Dynamically enable window occlusion 0
1729059195694	Marionette	INFO	Marionette enabled
1729059196645	Marionette	INFO	Listening on port 65195
WebDriver BiDi listening on ws://127.0.0.1:65094
Read port: 65195
1729059197125	RemoteAgent	WARN	TLS certificate errors will be ignored for this session
DevTools listening on ws://127.0.0.1:65094/devtools/browser/1af3a128-970b-4b8c-b40e-ab7137b23536
JavaScript error: https://cdn.cxense.com/sp1.html#ver=2.8.81&typ=pgv&rnd=m2bh7if0kmcbimja&sid=9222318613852486900&loc=https%3A%2F%2Fwww.wsj.com%2F&new=1&arf=0&ltm=1729059206657&ref=&tzo=-330&wsz=1278x497&res=1278x622&dpr=1&col=24&bln=en-US&chs=UTF-8&cks=m2bh7ig61l5mao3k&ckp=m2bh7if0pwk0tumj&glb=&cp_userState=anon&cp_testGroup=43&cp_topDomain=wsj.com&cp_access=free&cp_section=US%20Home%20Page&cp_subsection=&cp_cms_name=CAPS&cp_subscriber=nonsubscriber&cp_edition=naus&cp_bucket=3&cp_ab_bucket=63&cp_pageContentSource=WSJ%20Online&cp_pageContentType=Home&cp_pageContentTypeDetai=desktopweb&cp_pageSiteProduct=WSJ&cp_userTags=&cp_sessionState=none, line 1: TypeError: cX.loadScript is not a function
JavaScript error: , line 0: TypeError: NetworkError when attempting to fetch resource.
JavaScript error: , line 0: TypeError: NetworkError when attempting to fetch resource.
JavaScript warning: https://pagead2.googlesyndication.com/bg/-DbLkJJK3YZOSOasYi6rcjkBM_N5vpNI48728xD2bD8.js line 2 > eval line 2947 > eval line 1 > eval line 1 > eval, line 1: WEBGL_debug_renderer_info is deprecated in Firefox and will be removed. Please use RENDERER.
1729059216287	Marionette	WARN	Ignoring event 'DOMContentLoaded' because document has an invalid readyState of 'complete'.
JavaScript warning: https://pagead2.googlesyndication.com/bg/-DbLkJJK3YZOSOasYi6rcjkBM_N5vpNI48728xD2bD8.js line 2 > eval line 2721 > eval line 1 > eval line 1 > eval, line 1: WEBGL_debug_renderer_info is deprecated in Firefox and will be removed. Please use RENDERER.
JavaScript warning: https://sc-static.net/scevent.min.js, line 2: Script terminated by timeout at:
m@https://sc-static.net/scevent.min.js:2:2789
c@https://sc-static.net/scevent.min.js:2:6893

1729059221724	Marionette	WARN	TimedPromise timed out after 500 ms: stacktrace:
TimedPromise/<@chrome://remote/content/marionette/sync.sys.mjs:219:24
TimedPromise@chrome://remote/content/marionette/sync.sys.mjs:203:10
interaction.flushEventLoop@chrome://remote/content/marionette/interaction.sys.mjs:467:10
webdriverClickElement@chrome://remote/content/marionette/interaction.sys.mjs:220:33
JavaScript error: , line 0: TypeError: NetworkError when attempting to fetch resource.
JavaScript warning: https://www.wsj.com/, line 194: Script terminated by timeout at:
emit@https://www.wsj.com/:194:9489
emit@https://www.wsj.com/:194:9440
i@https://www.wsj.com/:194:17773
nrWrapper@https://www.wsj.com/:194:17700

JavaScript error: , line 0: TypeError: NetworkError when attempting to fetch resource.
console.warn: LoginRecipes: "Falling back to a synchronous message for: https://sso.accounts.dowjones.com."
console.warn: LoginRecipes: "Falling back to a synchronous message for: https://sso.accounts.dowjones.com."
console.warn: LoginRecipes: "Falling back to a synchronous message for: https://sso.accounts.dowjones.com."
console.warn: LoginRecipes: "Falling back to a synchronous message for: https://sso.accounts.dowjones.com."
JavaScript warning: https://www.googletagmanager.com/gtag/js?id=G-K2H7B9JRSS, line 624: Script terminated by timeout at:
aa.Jh@https://www.googletagmanager.com/gtag/js?id=G-K2H7B9JRSS:624:491
get@https://www.googletagmanager.com/gtag/js?id=G-K2H7B9JRSS:623:119
aa.Xf@https://www.googletagmanager.com/gtag/js?id=G-K2H7B9JRSS:625:113
fI/<@https://www.googletagmanager.com/gtag/js?id=G-K2H7B9JRSS:682:152
aa.Yk/<@https://www.googletagmanager.com/gtag/js?id=G-K2H7B9JRSS:624:126
aa.Yk/c/<@https://www.googletagmanager.com/gtag/js?id=G-K2H7B9JRSS:623:420

1729059246977	Marionette	INFO	Stopped listening on port 65195
JavaScript warning: https://pbc.wsj.com/p/dj/wsj/pb.js, line 2: Script terminated by timeout at:
u/<@https://pbc.wsj.com/p/dj/wsj/pb.js:2:56899

Dynamically enable window occlusion 1
