1727348439389	geckodriver	INFO	Listening on 127.0.0.1:63709
1727348442926	mozrunner::runner	INFO	Running command: "C:\\Program Files\\Mozilla Firefox\\firefox.exe" "--marionette" "--remote-debugging-port" "63710" "--remote-allow-hosts" "localhost" "-no-remote" "-profile" "D:\\Users\\sasikumarj\\AppData\\Local\\Temp\\rust_mozprofileSMka4P"
console.warn: services.settings: Ignoring preference override of remote settings server
console.warn: services.settings: Allow by setting MOZ_REMOTE_SETTINGS_DEVTOOLS=1 in the environment
Dynamically enable window occlusion 0
1727348443828	Marionette	INFO	Marionette enabled
1727348444257	Marionette	INFO	Listening on port 63732
WebDriver BiDi listening on ws://127.0.0.1:63710
Read port: 63732
1727348444641	RemoteAgent	WARN	TLS certificate errors will be ignored for this session
DevTools listening on ws://127.0.0.1:63710/devtools/browser/a9eb95ab-da77-4d8d-9e3a-c0f03b076b86
JavaScript warning: https://z.moatads.com/dowjonesheader64568365681/moatheader.js, line 386: WEBGL_debug_renderer_info is deprecated in Firefox and will be removed. Please use RENDERER.
JavaScript warning: https://securepubads.g.doubleclick.net/pagead/managed/js/gpt/m202409230101/pubads_impl.js, line 33: Script terminated by timeout at:
gq@https://securepubads.g.doubleclick.net/pagead/managed/js/gpt/m202409230101/pubads_impl.js:33:81100
oq@https://securepubads.g.doubleclick.net/pagead/managed/js/gpt/m202409230101/pubads_impl.js:33:82792
Yw<@https://securepubads.g.doubleclick.net/pagead/managed/js/gpt/m202409230101/pubads_impl.js:33:450168
$w/<@https://securepubads.g.doubleclick.net/pagead/managed/js/gpt/m202409230101/pubads_impl.js:33:120241
Ll/<@https://securepubads.g.doubleclick.net/pagead/managed/js/gpt/m202409230101/pubads_impl.js:33:59798
Rl@https://securepubads.g.doubleclick.net/pagead/managed/js/gpt/m202409230101/pubads_impl.js:33:60013
$w@https://securepubads.g.doubleclick.net/pagead/managed/js/gpt/m202409230101/pubads_impl.js:33:119931
UU.prototype.g@https://securepubads.g.doubleclick.net/pagead/managed/js/gpt/m202409230101/pubads_impl.js:33:462476
wM.prototype.start/<@https://securepubads.g.doubleclick.net/pagead/managed/js/gpt/m202409230101/pubads_impl.js:33:253301
by@https://securepubads.g.doubleclick.net/pagead/managed/js/gpt/m202409230101/pubads_impl.js:33:128408
dy/this.next@https://securepubads.g.doubleclick.net/pagead/managed/js/gpt/m202409230101/pubads_impl.js:33:128707
b@https://securepubads.g.doubleclick.net/pagead/managed/js/gpt/m202409230101/pubads_impl.js:33:128958
nrWrapper@https://www.marketwatch.com/:358:17823

console.warn: LoginRecipes: "Falling back to a synchronous message for: https://sso.accounts.dowjones.com."
console.warn: LoginRecipes: "Falling back to a synchronous message for: https://sso.accounts.dowjones.com."
1727348476313	Marionette	INFO	Stopped listening on port 63732
Dynamically enable window occlusion 1
console.error: services.settings: 
Object
  - prototype Object
    - columnNumber = 0
    - data = null
    - filename = resource://gre/modules/ServiceRequest.sys.mjs
    - lineNumber = 133
    - location = {"name":"open","filename":"resource://gre/modules/ServiceRequest.sys.mjs","sourceId":25,"lineNumber":133,"columnNumber":11,"asyncCause":null,"asyncCaller":null,"caller":{"filename":"resource://services-settings/Utils.sys.mjs","name":"fetch/<","sourceId":24,"lineNumber":266,"columnNumber":15,"asyncCause":null,"asyncCaller":null,"caller":{"filename":"resource://services-settings/Utils.sys.mjs","name":"fetch","sourceId":24,"lineNumber":217,"columnNumber":12,"asyncCause":null,"asyncCaller":null,"caller":{"filename":"resource://services-common/kinto-http-client.sys.mjs","name":"timedFetch/<","sourceId":427,"lineNumber":569,"columnNumber":12,"asyncCause":null,"asyncCaller":null,"caller":{"filename":"resource://services-common/kinto-http-client.sys.mjs","name":"timedFetch","sourceId":427,"lineNumber":544,"columnNumber":12,"asyncCause":null,"asyncCaller":null,"caller":{"filename":"resource://services-common/kinto-http-client.sys.mjs","name":"request","sourceId":427,"lineNumber":634,"columnNumber":33,"asyncCause":null,"asyncCaller":null,"caller":{"filename":"resource://services-common/kinto-http-client.sys.mjs","name":"execute","sourceId":427,"lineNumber":2643,"columnNumber":36,"asyncCause":null,"asyncCaller":null,"caller":{"filename":"resource://services-settings/RemoteSettingsClient.sys.mjs","name":"_fetchChangeset","sourceId":22,"lineNumber":1198,"columnNumber":22,"asyncCause":null,"asyncCaller":null,"caller":{"filename":"resource://services-settings/RemoteSettingsClient.sys.mjs","name":"_importChanges","sourceId":22,"lineNumber":1060,"columnNumber":18,"asyncCause":null,"asyncCaller":null,"caller":{"filename":"resource://services-settings/RemoteSettingsClient.sys.mjs","name":"maybeSync","sourceId":22,"lineNumber":749,"columnNumber":35,"asyncCause":null,"asyncCaller":null,"caller":null,"formattedStack":"maybeSync@resource://services-settings/RemoteSettingsClient.sys.mjs:749:35\n","nativeSavedFrame":{}},"formattedStack":"_importChanges@resource://services-settings/RemoteSettingsClient.sys.mjs:1060:18\nmaybeSync@resource://services-settings/RemoteSettingsClient.sys.mjs:749:35\n","nativeSavedFrame":{}},"formattedStack":"_fetchChangeset@resource://services-settings/RemoteSettingsClient.sys.mjs:1198:22\n_importChanges@resource://services-settings/RemoteSettingsClient.sys.mjs:1060:18\nmaybeSync@resource://services-settings/RemoteSettingsClient.sys.mjs:749:35\n","nativeSavedFrame":{}},"formattedStack":"execute@resource://services-common/kinto-http-client.sys.mjs:2643:36\n_fetchChangeset@resource://services-settings/RemoteSettingsClient.sys.mjs:1198:22\n_importChanges@resource://services-settings/RemoteSettingsClient.sys.mjs:1060:18\nmaybeSync@resource://services-settings/RemoteSettingsClient.sys.mjs:749:35\n","nativeSavedFrame":{}},"formattedStack":"request@resource://services-common/kinto-http-client.sys.mjs:634:33\nexecute@resource://services-common/kinto-http-client.sys.mjs:2643:36\n_fetchChangeset@resource://services-settings/RemoteSettingsClient.sys.mjs:1198:22\n_importChanges@resource://services-settings/RemoteSettingsClient.sys.mjs:1060:18\nmaybeSync@resource://services-settings/RemoteSettingsClient.sys.mjs:749:35\n","nativeSavedFrame":{}},"formattedStack":"timedFetch@resource://services-common/kinto-http-client.sys.mjs:544:12\nrequest@resource://services-common/kinto-http-client.sys.mjs:634:33\nexecute@resource://services-common/kinto-http-client.sys.mjs:2643:36\n_fetchChangeset@resource://services-settings/RemoteSettingsClient.sys.mjs:1198:22\n_importChanges@resource://services-settings/RemoteSettingsClient.sys.mjs:1060:18\nmaybeSync@resource://services-settings/RemoteSettingsClient.sys.mjs:749:35\n","nativeSavedFrame":{}},"formattedStack":"timedFetch/<@resource://services-common/kinto-http-client.sys.mjs:569:12\ntimedFetch@resource://services-common/kinto-http-client.sys.mjs:544:12\nrequest@resource://services-common/kinto-http-client.sys.mjs:634:33\nexecute@resource://services-common/kinto-http-client.sys.mjs:2643:36\n_fetchChangeset@resource://services-settings/RemoteSettingsClient.sys.mjs:1198:22\n_importChanges@resource://services-settings/RemoteSettingsClient.sys.mjs:1060:18\nmaybeSync@resource://services-settings/RemoteSettingsClient.sys.mjs:749:35\n","nativeSavedFrame":{}},"formattedStack":"fetch@resource://services-settings/Utils.sys.mjs:217:12\ntimedFetch/<@resource://services-common/kinto-http-client.sys.mjs:569:12\ntimedFetch@resource://services-common/kinto-http-client.sys.mjs:544:12\nrequest@resource://services-common/kinto-http-client.sys.mjs:634:33\nexecute@resource://services-common/kinto-http-client.sys.mjs:2643:36\n_fetchChangeset@resource://services-settings/RemoteSettingsClient.sys.mjs:1198:22\n_importChanges@resource://services-settings/RemoteSettingsClient.sys.mjs:1060:18\nmaybeSync@resource://services-settings/RemoteSettingsClient.sys.mjs:749:35\n","nativeSavedFrame":{}},"formattedStack":"fetch/<@resource://services-settings/Utils.sys.mjs:266:15\nfetch@resource://services-settings/Utils.sys.mjs:217:12\ntimedFetch/<@resource://services-common/kinto-http-client.sys.mjs:569:12\ntimedFetch@resource://services-common/kinto-http-client.sys.mjs:544:12\nrequest@resource://services-common/kinto-http-client.sys.mjs:634:33\nexecute@resource://services-common/kinto-http-client.sys.mjs:2643:36\n_fetchChangeset@resource://services-settings/RemoteSettingsClient.sys.mjs:1198:22\n_importChanges@resource://services-settings/RemoteSettingsClient.sys.mjs:1060:18\nmaybeSync@resource://services-settings/RemoteSettingsClient.sys.mjs:749:35\n","nativeSavedFrame":{}},"formattedStack":"open@resource://gre/modules/ServiceRequest.sys.mjs:133:11\nfetch/<@resource://services-settings/Utils.sys.mjs:266:15\nfetch@resource://services-settings/Utils.sys.mjs:217:12\ntimedFetch/<@resource://services-common/kinto-http-client.sys.mjs:569:12\ntimedFetch@resource://services-common/kinto-http-client.sys.mjs:544:12\nrequest@resource://services-common/kinto-http-client.sys.mjs:634:33\nexecute@resource://services-common/kinto-http-client.sys.mjs:2643:36\n_fetchChangeset@resource://services-settings/RemoteSettingsClient.sys.mjs:1198:22\n_importChanges@resource://services-settings/RemoteSettingsClient.sys.mjs:1060:18\nmaybeSync@resource://services-settings/RemoteSettingsClient.sys.mjs:749:35\n","nativeSavedFrame":{}}
    - message = 
    - name = 
    - result = 2152071198
    - stack = open@resource://gre/modules/ServiceRequest.sys.mjs:133:11|fetch/<@resource://services-settings/Utils.sys.mjs:266:15|fetch@resource://services-settings/Utils.sys.mjs:217:12|timedFetch/<@resource://services-common/kinto-http-client.sys.mjs:569:12|timedFetch@resource://services-common/kinto-http-client.sys.mjs:544:12|request@resource://services-common/kinto-http-client.sys.mjs:634:33|execute@resource://services-common/kinto-http-client.sys.mjs:2643:36|_fetchChangeset@resource://services-settings/RemoteSettingsClient.sys.mjs:1198:22|_importChanges@resource://services-settings/RemoteSettingsClient.sys.mjs:1060:18|maybeSync@resource://services-settings/RemoteSettingsClient.sys.mjs:749:35|
  - prototype Object
console.warn: services.settings: security-state/onecrl sync interrupted by shutdown
console.error: ({details:{id:"9a0cf117-f8e7-4420-cc60-9fac2c2f6ffa", last_modified:1727319422716, bucket:"security-state", collection:"intermediates", host:"firefox.settings.services.mozilla.com"}})
