1727697079555	geckodriver	INFO	Listening on 127.0.0.1:64292
1727697082585	mozrunner::runner	INFO	Running command: "C:\\Program Files\\Mozilla Firefox\\firefox.exe" "--marionette" "--remote-debugging-port" "64293" "--remote-allow-hosts" "localhost" "-no-remote" "-profile" "D:\\Users\\sasikumarj\\AppData\\Local\\Temp\\rust_mozprofile4LTAsq"
console.warn: services.settings: Ignoring preference override of remote settings server
console.warn: services.settings: Allow by setting MOZ_REMOTE_SETTINGS_DEVTOOLS=1 in the environment
Dynamically enable window occlusion 0
1727697083159	Marionette	INFO	Marionette enabled
1727697083427	Marionette	INFO	Listening on port 64300
WebDriver BiDi listening on ws://127.0.0.1:64293
Read port: 64300
1727697083673	RemoteAgent	WARN	TLS certificate errors will be ignored for this session
DevTools listening on ws://127.0.0.1:64293/devtools/browser/85b90084-9075-43b1-9d95-ea0f36e4e6a4
JavaScript error: https://cdn.cxense.com/sp1.html#ver=2.8.80&typ=pgv&rnd=m1oy8kg67pq16zpf&sid=9222325317970825875&loc=https%3A%2F%2Fwww.barrons.com%2F&new=1&arf=0&ltm=1727697087369&ref=&tzo=-330&wsz=1278x497&res=1278x622&dpr=1&col=24&bln=en-US&chs=UTF-8&cks=m1oy8l5t43vea1af&ckp=m1oy8kg6xi5czmyj&glb=&cp_userState=anon&cp_testGroup=87&cp_topDomain=barrons.com&cp_access=free&cp_section=US%20Home%20Page%20Weekday&cp_subsection=&cp_cms_name=CAPS&cp_subscriber=nonsubscriber&cp_edition=naus&cp_bucket=7&cp_ab_bucket=97&cp_pageContentSource=Barrons%20Online&cp_pageContentType=Home&cp_pageContentTypeDetai=default&cp_pageSiteProduct=BOL&cp_userTags=&cp_sessionState=none, line 1: TypeError: cX.loadScript is not a function
JavaScript warning: https://cdn.gbqofs.com/sv/b/detector-bootstrap.min.js, line 0: Successfully compiled asm.js code (total compilation time 3ms)
JavaScript warning: https://imasdk.googleapis.com/js/core/bridge3.668.1_en.html#goog_206386103, line 455: Script terminated by timeout at:
OB@https://imasdk.googleapis.com/js/core/bridge3.668.1_en.html#goog_206386103:455:310
SB/this.aa@https://imasdk.googleapis.com/js/core/bridge3.668.1_en.html#goog_206386103:453:29

JavaScript error: https://cdn.gbqofs.com/sv/b/detector-bootstrap.min.js, line 10: Error: Error while loading plugin at URL: 'https://aswpsdkeu.com/notify/v1/ua-html-prompt.min.js'
JavaScript error: https://www.barrons.com/asset/dj-watchlist/v1.11.0/p-8e3b6675.entry.js, line 11: TypeError: Error.captureStackTrace is not a function
JavaScript error: , line 0: uncaught exception: undefined
JavaScript warning: https://gum.criteo.com/syncframe?origin=criteoPrebidAdapter&topUrl=www.barrons.com&us_privacy=1---&gpp=DBAA&gpp_sid=-1#{%22cw%22:true,%22lsw%22:true,%22origin%22:%22criteoPrebidAdapter%22,%22requestId%22:%220.8188868880716748%22,%22tld%22:%22www.barrons.com%22,%22topUrl%22:%22www.barrons.com%22,%22version%22:%229_12_0%22}, line 13: Script terminated by timeout at:
r.prototype.flushEventQueue@https://gum.criteo.com/syncframe?origin=criteoPrebidAdapter&topUrl=www.barrons.com&us_privacy=1---&gpp=DBAA&gpp_sid=-1#{%22cw%22:true,%22lsw%22:true,%22origin%22:%22criteoPrebidAdapter%22,%22requestId%22:%220.8188868880716748%22,%22tld%22:%22www.barrons.com%22,%22topUrl%22:%22www.barrons.com%22,%22version%22:%229_12_0%22}:13:3185
r/<@https://gum.criteo.com/syncframe?origin=criteoPrebidAdapter&topUrl=www.barrons.com&us_privacy=1---&gpp=DBAA&gpp_sid=-1#{%22cw%22:true,%22lsw%22:true,%22origin%22:%22criteoPrebidAdapter%22,%22requestId%22:%220.8188868880716748%22,%22tld%22:%22www.barrons.com%22,%22topUrl%22:%22www.barrons.com%22,%22version%22:%229_12_0%22}:13:3642

console.error: ({})
console.error: ({})
JavaScript warning: https://cdn.gbqofs.com/sv/b/detector-bootstrap.min.js, line 0: Successfully compiled asm.js code (total compilation time 1ms)
JavaScript warning: https://pagead2.googlesyndication.com/bg/Ofjd5SEjadZox9_ebcUE7qVtcVJKxbTf46gjSEHhnaE.js line 2 > eval line 7190 > eval line 1 > eval line 1 > eval, line 1: WEBGL_debug_renderer_info is deprecated in Firefox and will be removed. Please use RENDERER.
JavaScript error: https://cdn.cxense.com/sp1.html#ver=2.8.80&typ=pgv&rnd=m1oy8vt6dh9gk5fq&sid=9222325317970825875&loc=https%3A%2F%2Fwww.s.dev.barrons.com%2Farticles%2Fbuy-under-armour-stock-pick-51650672000&new=0&arf=0&ltm=1727697102099&ref=&tzo=-330&wsz=1278x497&res=1278x622&dpr=1&col=24&bln=en-US&chs=UTF-8&cks=m1oy8vxs5imws0oq&ckp=m1oy8kg6xi5czmyj&glb=&amo=1720048200&cp_userState=anon&cp_testGroup=87&cp_topDomain=barrons.com&cp_pwTag=default&cp_pwPlacement=cx-snippetad&cp_pwCampaign=10&cp_pwType=personalized&cp_type=Retail&cp_template=preview&cp_access=paid&cp_section=Retail&cp_subsection=Sizing%20Up%20Small-Caps&cp_cms_name=Methode&cp_vix=&cp_subscriber=nonsubscriber&cp_edition=naus&cp_bucket=7&cp_ab_bucket=97&cp_pageContentSource=Barrons%20Online&cp_pageContentType=Article&cp_pageContentTypeDetai=continuous&cp_pageSiteProduct=BOL&cp_userTags=&cp_sessionState=none, line 1: TypeError: cX.loadScript is not a function
JavaScript error: , line 0: TypeError: NetworkError when attempting to fetch resource.
JavaScript warning: https://pagead2.googlesyndication.com/bg/Ofjd5SEjadZox9_ebcUE7qVtcVJKxbTf46gjSEHhnaE.js line 2 > eval line 6754 > eval line 1 > eval line 1 > eval, line 1: WEBGL_debug_renderer_info is deprecated in Firefox and will be removed. Please use RENDERER.
JavaScript warning: https://cdn.gbqofs.com/sv/b/detector-bootstrap.min.js, line 0: Successfully compiled asm.js code (total compilation time 16ms)
JavaScript error: https://cdn.gbqofs.com/sv/b/detector-bootstrap.min.js, line 10: Error: Piano SDK is loaded twice on same page. Try to fix that to prevent the message.
JavaScript error: blob:https://www.s.dev.barrons.com/344378d9-d46c-4f32-bb48-a3cb28c6a0cb, line 1: InvalidStateError: IDBDatabase.transaction: Can't start a transaction on a closed database
JavaScript error: blob:https://www.s.dev.barrons.com/6b4a28bc-13c3-4a63-a946-17ab5bef1912, line 1: InvalidStateError: IDBDatabase.transaction: Can't start a transaction on a closed database
JavaScript warning: https://cdn.parsely.com/keys/barrons.com/p.js, line 7: Script terminated by timeout at:
t._deserialize@https://cdn.parsely.com/keys/barrons.com/p.js:7:32272
t.get@https://cdn.parsely.com/keys/barrons.com/p.js:7:31173
getVisitorInfo@https://cdn.parsely.com/keys/barrons.com/p.js:7:33929
beacon@https://cdn.parsely.com/keys/barrons.com/p.js:7:64215
e.engagedTime.sendHeartbeat@https://cdn.parsely.com/keys/barrons.com/p.js:7:43415
i.sendHeartbeat@https://cdn.parsely.com/keys/barrons.com/p.js:7:41440
i._sendHeartbeats@https://cdn.parsely.com/keys/barrons.com/p.js:7:41594
i._setUnloadListeners/<@https://cdn.parsely.com/keys/barrons.com/p.js:7:41747
value/<@https://cdn.parsely.com/keys/barrons.com/p.js:7:22304
value@https://cdn.parsely.com/keys/barrons.com/p.js:7:22277
value@https://cdn.parsely.com/keys/barrons.com/p.js:7:24351
value@https://cdn.parsely.com/keys/barrons.com/p.js:7:24883

1727697784696	Marionette	INFO	Stopped listening on port 64300
JavaScript warning: https://www.s.dev.barrons.com/_next/static/chunks/main-fc8ea3f3c8e9e983.js, line 6: Script terminated by timeout at:
t@https://www.s.dev.barrons.com/_next/static/chunks/main-fc8ea3f3c8e9e983.js:6:15780

Dynamically enable window occlusion 1
!!! error running onStopped callback: TypeError: callback is not a function
JavaScript error: , line 0: TypeError: NetworkError when attempting to fetch resource.
JavaScript error: , line 0: TypeError: NetworkError when attempting to fetch resource.
JavaScript error: , line 0: TypeError: NetworkError when attempting to fetch resource.
JavaScript error: , line 0: TypeError: NetworkError when attempting to fetch resource.
