1729189771448	geckodriver	INFO	Listening on 127.0.0.1:57158
1729189774502	mozrunner::runner	INFO	Running command: "C:\\Program Files\\Mozilla Firefox\\firefox.exe" "--marionette" "--remote-debugging-port" "57159" "--remote-allow-hosts" "localhost" "-no-remote" "-profile" "D:\\Users\\sasikumarj\\AppData\\Local\\Temp\\rust_mozprofilewy2vVn"
console.warn: services.settings: Ignoring preference override of remote settings server
console.warn: services.settings: Allow by setting MOZ_REMOTE_SETTINGS_DEVTOOLS=1 in the environment
Dynamically enable window occlusion 0
1729189776169	Marionette	INFO	Marionette enabled
1729189777230	Marionette	INFO	Listening on port 57169
WebDriver BiDi listening on ws://127.0.0.1:57159
Read port: 57169
1729189777723	RemoteAgent	WARN	TLS certificate errors will be ignored for this session
DevTools listening on ws://127.0.0.1:57159/devtools/browser/7ccafdb9-144f-4c6e-8bf5-82852a9903d2
JavaScript warning: https://cdn.gbqofs.com/sv/b/detector-bootstrap.min.js, line 0: Successfully compiled asm.js code (total compilation time 2ms)
JavaScript error: , line 0: TypeError: NetworkError when attempting to fetch resource.
JavaScript error: https://www.barrons.com/ line 33 > injectedScript, line 44: Error: Can't access contentWindow of an iframe, skip placement initialization.
JavaScript warning: https://cdn.gbqofs.com/sv/b/detector-bootstrap.min.js, line 0: Successfully compiled asm.js code (total compilation time 2ms)
JavaScript warning: https://cdn.gbqofs.com/sv/b/detector-bootstrap.min.js, line 0: Successfully compiled asm.js code (total compilation time 2ms)
JavaScript error: https://js-agent.newrelic.com/nr-spa-1.268.0.min.js, line 2: TypeError: this[Z] is null
JavaScript warning: https://pagead2.googlesyndication.com/bg/icY1g6vuuJjaJEY7xrJYTSkfXHe6CkLx64UCzaLy73w.js line 2 > eval line 3803 > eval line 1 > eval line 1 > eval, line 1: WEBGL_debug_renderer_info is deprecated in Firefox and will be removed. Please use RENDERER.
JavaScript warning: https://imasdk.googleapis.com/js/core/bridge3.673.0_en.html#goog_1069428294, line 448: Script terminated by timeout at:
YB@https://imasdk.googleapis.com/js/core/bridge3.673.0_en.html#goog_1069428294:448:310
bC/this.aa@https://imasdk.googleapis.com/js/core/bridge3.673.0_en.html#goog_1069428294:446:29

console.error: ({})
console.error: ({})
JavaScript warning: https://gum.criteo.com/syncframe?origin=criteoPrebidAdapter&topUrl=www.barrons.com&us_privacy=1YNN&gpp=DBABRg~BVoAACA&gpp_sid=9#{%22cw%22:true,%22lsw%22:true,%22origin%22:%22criteoPrebidAdapter%22,%22requestId%22:%220.15814066235399682%22,%22tld%22:%22www.barrons.com%22,%22topUrl%22:%22www.barrons.com%22,%22version%22:%229_12_0%22}, line 13: Script terminated by timeout at:
r.prototype.flushEventQueue@https://gum.criteo.com/syncframe?origin=criteoPrebidAdapter&topUrl=www.barrons.com&us_privacy=1YNN&gpp=DBABRg~BVoAACA&gpp_sid=9#{%22cw%22:true,%22lsw%22:true,%22origin%22:%22criteoPrebidAdapter%22,%22requestId%22:%220.15814066235399682%22,%22tld%22:%22www.barrons.com%22,%22topUrl%22:%22www.barrons.com%22,%22version%22:%229_12_0%22}:13:3137
r/<@https://gum.criteo.com/syncframe?origin=criteoPrebidAdapter&topUrl=www.barrons.com&us_privacy=1YNN&gpp=DBABRg~BVoAACA&gpp_sid=9#{%22cw%22:true,%22lsw%22:true,%22origin%22:%22criteoPrebidAdapter%22,%22requestId%22:%220.15814066235399682%22,%22tld%22:%22www.barrons.com%22,%22topUrl%22:%22www.barrons.com%22,%22version%22:%229_12_0%22}:13:3642

JavaScript warning: https://cdn.gbqofs.com/sv/b/detector-bootstrap.min.js, line 0: Successfully compiled asm.js code (total compilation time 3ms)
JavaScript warning: https://pagead2.googlesyndication.com/bg/icY1g6vuuJjaJEY7xrJYTSkfXHe6CkLx64UCzaLy73w.js line 2 > eval line 678 > eval line 1 > eval line 1 > eval, line 1: WEBGL_debug_renderer_info is deprecated in Firefox and will be removed. Please use RENDERER.
JavaScript warning: https://pagead2.googlesyndication.com/bg/icY1g6vuuJjaJEY7xrJYTSkfXHe6CkLx64UCzaLy73w.js line 2 > eval line 7519 > eval line 1 > eval line 1 > eval, line 1: WEBGL_debug_renderer_info is deprecated in Firefox and will be removed. Please use RENDERER.
JavaScript warning: https://pagead2.googlesyndication.com/bg/icY1g6vuuJjaJEY7xrJYTSkfXHe6CkLx64UCzaLy73w.js line 2 > eval line 4910 > eval line 1 > eval line 1 > eval, line 1: WEBGL_debug_renderer_info is deprecated in Firefox and will be removed. Please use RENDERER.
JavaScript error: , line 0: TypeError: NetworkError when attempting to fetch resource.
JavaScript error: , line 0: TypeError: NetworkError when attempting to fetch resource.
JavaScript warning: https://pagead2.googlesyndication.com/bg/icY1g6vuuJjaJEY7xrJYTSkfXHe6CkLx64UCzaLy73w.js line 2 > eval line 2903 > eval line 1 > eval line 1 > eval, line 1: WEBGL_debug_renderer_info is deprecated in Firefox and will be removed. Please use RENDERER.
JavaScript error: , line 0: TypeError: NetworkError when attempting to fetch resource.
JavaScript error: , line 0: TypeError: NetworkError when attempting to fetch resource.
JavaScript warning: https://pagead2.googlesyndication.com/bg/icY1g6vuuJjaJEY7xrJYTSkfXHe6CkLx64UCzaLy73w.js line 2 > eval line 3288 > eval line 1 > eval line 1 > eval, line 1: WEBGL_debug_renderer_info is deprecated in Firefox and will be removed. Please use RENDERER.
JavaScript error: , line 0: TypeError: NetworkError when attempting to fetch resource.
JavaScript error: , line 0: TypeError: NetworkError when attempting to fetch resource.
JavaScript warning: https://pagead2.googlesyndication.com/bg/icY1g6vuuJjaJEY7xrJYTSkfXHe6CkLx64UCzaLy73w.js line 2 > eval line 6614 > eval line 1 > eval line 1 > eval, line 1: WEBGL_debug_renderer_info is deprecated in Firefox and will be removed. Please use RENDERER.
JavaScript error: , line 0: TypeError: NetworkError when attempting to fetch resource.
JavaScript error: , line 0: TypeError: NetworkError when attempting to fetch resource.
JavaScript warning: https://pagead2.googlesyndication.com/bg/icY1g6vuuJjaJEY7xrJYTSkfXHe6CkLx64UCzaLy73w.js line 2 > eval line 705 > eval line 1 > eval line 1 > eval, line 1: WEBGL_debug_renderer_info is deprecated in Firefox and will be removed. Please use RENDERER.
JavaScript error: , line 0: TypeError: NetworkError when attempting to fetch resource.
JavaScript error: , line 0: TypeError: NetworkError when attempting to fetch resource.
JavaScript warning: https://pagead2.googlesyndication.com/bg/icY1g6vuuJjaJEY7xrJYTSkfXHe6CkLx64UCzaLy73w.js line 2 > eval line 1229 > eval line 1 > eval line 1 > eval, line 1: WEBGL_debug_renderer_info is deprecated in Firefox and will be removed. Please use RENDERER.
[GFX1-]: Managed to allocate after flush.
Exiting due to channel error.
Exiting due to channel error.
Exiting due to channel error.
Exiting due to channel error.
Exiting due to channel error.
