1728454619901	geckodriver	INFO	Listening on 127.0.0.1:63048
1728454622936	mozrunner::runner	INFO	Running command: "C:\\Program Files\\Mozilla Firefox\\firefox.exe" "--marionette" "--remote-debugging-port" "63049" "--remote-allow-hosts" "localhost" "-no-remote" "-profile" "D:\\Users\\sasikumarj\\AppData\\Local\\Temp\\rust_mozprofileyHB2ie"
console.warn: services.settings: Ignoring preference override of remote settings server
console.warn: services.settings: Allow by setting MOZ_REMOTE_SETTINGS_DEVTOOLS=1 in the environment
Dynamically enable window occlusion 0
1728454623550	Marionette	INFO	Marionette enabled
1728454623791	Marionette	INFO	Listening on port 63056
WebDriver BiDi listening on ws://127.0.0.1:63049
Read port: 63056
1728454624040	RemoteAgent	WARN	TLS certificate errors will be ignored for this session
DevTools listening on ws://127.0.0.1:63049/devtools/browser/f19dc26a-a837-4d76-ad1d-7222ea45e0f8
JavaScript warning: https://www.dev.marketwatch.com/_next/static/chunks/main-7c2c5b4ee7ae4ea0.js, line 1: unreachable code after return statement
JavaScript error: https://cdn.cxense.com/sp1.html#ver=2.8.80&typ=pgv&rnd=m21h9ebp2nsesqe0&sid=1138573015853471556&loc=https%3A%2F%2Fwww.dev.marketwatch.com%2Fauthor%2FCatey-Hill&new=1&arf=0&ltm=1728454632908&ref=&tzo=-330&wsz=1278x497&res=1278x622&dpr=1&col=24&bln=en-US&chs=UTF-8&cks=m21h9ecwi8zue7w8&ckp=m21h9ebp9rfmghg8&glb=&cp_userState=anon&cp_testGroup=44&cp_env=staging&cp_topDomain=marketwatch.com&cp_template=full&cp_access=free&cp_section=Author&cp_subsection=Catey%20Hill&cp_cms_name=Peavey&cp_subscriber=nonsubscriber&cp_edition=naus&cp_bucket=1&cp_ab_bucket=1&cp_pageContentSource=MarketWatch&cp_pageContentType=Summaries&cp_pageContentTypeDetai=default&cp_pageSiteProduct=MW&cp_userTags=&cp_sessionState=none, line 1: TypeError: cX.loadScript is not a function
JavaScript error: https://d3h0wybtovte4j.cloudfront.net/ugeovhprh.js, line 1: TypeError: URL constructor: null/foo.html?o=u&r=&l=https://www.dev.marketwatch.com/author/Catey-Hill&aa=NA&ib=false&buster=rxWtPBZCZNClSfGL is not a valid URL.
JavaScript error: , line 0: uncaught exception: undefined
JavaScript warning: https://cdn.cxense.com/cx.js, line 6: Script terminated by timeout at:
t@https://cdn.cxense.com/cx.js:6:1029
set@https://cdn.cxense.com/cx.js:6:51667
ji@https://cdn.cxense.com/cx.js:6:51891
ro@https://cdn.cxense.com/cx.js:6:54606
ea@https://cdn.cxense.com/cx.js:6:70307
ra/<@https://cdn.cxense.com/cx.js:6:70614

JavaScript warning: https://gum.criteo.com/syncframe?origin=criteoPrebidAdapter&topUrl=www.dev.marketwatch.com&us_privacy=1YNN&gpp=DBABRg~BVoAACA&gpp_sid=9#{%22cw%22:true,%22lsw%22:true,%22origin%22:%22criteoPrebidAdapter%22,%22requestId%22:%220.17264995053034982%22,%22tld%22:%22www.dev.marketwatch.com%22,%22topUrl%22:%22www.dev.marketwatch.com%22,%22version%22:%229_12_0%22}, line 13: Script terminated by timeout at:
r.prototype.flushEventQueue@https://gum.criteo.com/syncframe?origin=criteoPrebidAdapter&topUrl=www.dev.marketwatch.com&us_privacy=1YNN&gpp=DBABRg~BVoAACA&gpp_sid=9#{%22cw%22:true,%22lsw%22:true,%22origin%22:%22criteoPrebidAdapter%22,%22requestId%22:%220.17264995053034982%22,%22tld%22:%22www.dev.marketwatch.com%22,%22topUrl%22:%22www.dev.marketwatch.com%22,%22version%22:%229_12_0%22}:13:3137
r/<@https://gum.criteo.com/syncframe?origin=criteoPrebidAdapter&topUrl=www.dev.marketwatch.com&us_privacy=1YNN&gpp=DBABRg~BVoAACA&gpp_sid=9#{%22cw%22:true,%22lsw%22:true,%22origin%22:%22criteoPrebidAdapter%22,%22requestId%22:%220.17264995053034982%22,%22tld%22:%22www.dev.marketwatch.com%22,%22topUrl%22:%22www.dev.marketwatch.com%22,%22version%22:%229_12_0%22}:13:3642

JavaScript error: , line 0: TypeError: NetworkError when attempting to fetch resource.
JavaScript error: , line 0: TypeError: NetworkError when attempting to fetch resource.
1728454641411	Marionette	INFO	Stopped listening on port 63056
JavaScript warning: https://tags.tiqcdn.com/utag/wsjdn/oneidentity-consumer/qa/utag.17.js?utv=ut4.46.202405071352, line 7: Script terminated by timeout at:
AppMeasurement/a.mb@https://tags.tiqcdn.com/utag/wsjdn/oneidentity-consumer/qa/utag.17.js?utv=ut4.46.202405071352:7:5214
AppMeasurement/a.isReadyToTrack@https://tags.tiqcdn.com/utag/wsjdn/oneidentity-consumer/qa/utag.17.js?utv=ut4.46.202405071352:7:5073
AppMeasurement/a.p@https://tags.tiqcdn.com/utag/wsjdn/oneidentity-consumer/qa/utag.17.js?utv=ut4.46.202405071352:7:6042

Dynamically enable window occlusion 1
