1729773593226	geckodriver	INFO	Listening on 127.0.0.1:50984
1729773596258	mozrunner::runner	INFO	Running command: "C:\\Program Files\\Mozilla Firefox\\firefox.exe" "--marionette" "--remote-debugging-port" "50985" "--remote-allow-hosts" "localhost" "-no-remote" "-profile" "D:\\Users\\sasikumarj\\AppData\\Local\\Temp\\rust_mozprofiledf7gvl"
console.warn: services.settings: Ignoring preference override of remote settings server
console.warn: services.settings: Allow by setting MOZ_REMOTE_SETTINGS_DEVTOOLS=1 in the environment
Dynamically enable window occlusion 0
1729773597108	Marionette	INFO	Marionette enabled
1729773597413	Marionette	INFO	Listening on port 51001
Read port: 51001
WebDriver BiDi listening on ws://127.0.0.1:50985
1729773597644	RemoteAgent	WARN	TLS certificate errors will be ignored for this session
DevTools listening on ws://127.0.0.1:50985/devtools/browser/7d5cb663-82f5-4bd0-965c-16ed84aec08d
JavaScript warning: https://int-replay-wsj-elections.ore.onservo.com/election/_next/static/chunks/main-c0569e4635de2e62.js, line 1: unreachable code after return statement
JavaScript warning: https://int-replay-wsj-elections.ore.onservo.com/election/_next/static/chunks/main-c0569e4635de2e62.js, line 1: unreachable code after return statement
JavaScript error: https://cdn.cxense.com/sp1.html#ver=2.8.82&typ=pgv&rnd=m2najlaxbumc46j7&sid=1134002947328204066&loc=https%3A%2F%2Fwww.dev.wsj.com%2F&new=1&arf=0&ltm=1729773607069&ref=&tzo=-330&wsz=1278x497&res=1278x622&dpr=1&col=24&bln=en-US&chs=UTF-8&cks=m2najle3dkhva3gn&ckp=m2najlaxj0puz5ib&glb=&cp_userState=anon&cp_testGroup=52&cp_env=staging&cp_topDomain=wsj.com&cp_template=full&cp_access=free&cp_section=US%20Home%20Page&cp_subsection=&cp_cms_name=CAPS&cp_subscriber=nonsubscriber&cp_edition=naus&cp_bucket=6&cp_ab_bucket=26&cp_pageContentSource=WSJ%20Online&cp_pageContentType=Home&cp_pageContentTypeDetai=desktopweb&cp_pageSiteProduct=WSJ&cp_userTags=&cp_sessionState=none, line 1: TypeError: cX.loadScript is not a function
out of memory: 0x0000000000100000 bytes requested
out of memory: 0x0000000000000080 bytes requested
out of memory: 0x0000000000001038 bytes requested
[GFX1-]: Compositor[GFX1-]: CompositorBridgeChild receives IPC close with reason=AbnormalShutdown
[GFX1-]: CompositorBridgeChild receives IPC close with reason=AbnormalShutdown
Exiting due to channel error.
