1728421913837	geckodriver	INFO	Listening on 127.0.0.1:56978
1728421916846	mozrunner::runner	INFO	Running command: "C:\\Program Files\\Mozilla Firefox\\firefox.exe" "--marionette" "--remote-debugging-port" "56979" "--remote-allow-hosts" "localhost" "-no-remote" "-profile" "D:\\Users\\sasikumarj\\AppData\\Local\\Temp\\rust_mozprofileGy9fg8"
console.warn: services.settings: Ignoring preference override of remote settings server
console.warn: services.settings: Allow by setting MOZ_REMOTE_SETTINGS_DEVTOOLS=1 in the environment
Dynamically enable window occlusion 0
1728421917569	Marionette	INFO	Marionette enabled
1728421917852	Marionette	INFO	Listening on port 56994
WebDriver BiDi listening on ws://127.0.0.1:56979
Read port: 56994
1728421918083	RemoteAgent	WARN	TLS certificate errors will be ignored for this session
DevTools listening on ws://127.0.0.1:56979/devtools/browser/df7f0232-213c-46d1-a4ab-12b92737d36a
JavaScript warning: https://sts3.wsj.net/bucket-a/maggie/static/js/chart-69a43a7fa0.min.js, line 14: Script terminated by timeout at:
PresentationManager</e</r.prototype.__manageHostWatch/this.__hostWatchId<@https://sts3.wsj.net/bucket-a/maggie/static/js/chart-69a43a7fa0.min.js:14:360169
nrWrapper@https://www.marketwatch.com/:358:17810

console.warn: LoginRecipes: "Falling back to a synchronous message for: https://sso.accounts.dowjones.com."
console.warn: LoginRecipes: "Falling back to a synchronous message for: https://sso.accounts.dowjones.com."
console.warn: LoginRecipes: "Falling back to a synchronous message for: https://sso.accounts.dowjones.com."
console.warn: LoginRecipes: "Falling back to a synchronous message for: https://sso.accounts.dowjones.com."
JavaScript error: https://cdn.cxense.com/sp1.html#ver=2.8.80&typ=pgv&rnd=m20xsyqhhamhd58x&sid=9222325317970825873&loc=https%3A%2F%2Fwww.marketwatch.com%2Ffollow&new=1&arf=0&ltm=1728421953500&ref=https%3A%2F%2Fsso.accounts.dowjones.com%2F&tzo=-330&wsz=1278x497&res=1278x622&dpr=1&col=24&bln=en-US&chs=UTF-8&cks=m20xsyt63fakjwd3&ckp=m20xsyqhc5eyibii&glb=&eid0=e4cefa22ef027cc0132f0c218da37da39cdb3228234af4df969b5c463592e123&eit0=wsj&cp_userState=anon&cp_testGroup=73&cp_topDomain=marketwatch.com&cp_template=full&cp_access=free&cp_section=Follow&cp_subsection=mw&cp_cms_name=CAPS&cp_subscriber=registered&cp_edition=naus&cp_bucket=9&cp_ab_bucket=59&cp_pageContentSource=MarketWatch&cp_pageContentType=Follow&cp_pageContentTypeDetai=follow&cp_pageSiteProduct=MW&cp_userTags=&cp_sessionState=ca, line 1: TypeError: cX.loadScript is not a function
out of memory: 0x0000000000000080 bytes requestedout of memory: 0x0000000000000018 bytes requested

out of memory: 0x0000000000006008 bytes requested
out of memory: 0x0000000000003008 bytes requested
[GFX1-]: wr_renderer_render: OutOfMemory
[GFX1-]: Handling webrender error 2
[GFX1-]: Fallback SW-WR + D3D11 to SW-WR
[GFX1-]: Failed to connect WebRenderBridgeChild. isParent=false
A content process crashed and MOZ_CRASHREPORTER_SHUTDOWN is set, shutting down
A content process crashed and MOZ_CRASHREPORTER_SHUTDOWN is set, shutting down
JavaScript error: chrome://global/content/elements/browser-custom-element.js, line 1679: Error: permitUnload is already running for this tab.
[GFX1-]: Failed to connect WebRenderBridgeChild. isParent=false
JavaScript error: resource:///modules/sessionstore/SessionStore.sys.mjs, line 2367: TypeError: subject.QueryInterface is not a function
A content process crashed and MOZ_CRASHREPORTER_SHUTDOWN is set, shutting down
1728421957271	Marionette	INFO	Stopped listening on port 56994
Dynamically enable window occlusion 1
JavaScript error: resource:///modules/ContentCrashHandlers.sys.mjs, line 165: uncaught exception: undefined
A content process crashed and MOZ_CRASHREPORTER_SHUTDOWN is set, shutting down
A content process crashed and MOZ_CRASHREPORTER_SHUTDOWN is set, shutting down
