1728058772520	geckodriver	INFO	Listening on 127.0.0.1:58192
1728058775908	mozrunner::runner	INFO	Running command: "C:\\Program Files\\Mozilla Firefox\\firefox.exe" "--marionette" "--remote-debugging-port" "58193" "--remote-allow-hosts" "localhost" "-no-remote" "-profile" "D:\\Users\\sasikumarj\\AppData\\Local\\Temp\\rust_mozprofileSYb0PA"
console.warn: services.settings: Ignoring preference override of remote settings server
console.warn: services.settings: Allow by setting MOZ_REMOTE_SETTINGS_DEVTOOLS=1 in the environment
Dynamically enable window occlusion 0
1728058776674	Marionette	INFO	Marionette enabled
1728058776990	Marionette	INFO	Listening on port 58221
WebDriver BiDi listening on ws://127.0.0.1:58193
Read port: 58221
1728058777314	RemoteAgent	WARN	TLS certificate errors will be ignored for this session
DevTools listening on ws://127.0.0.1:58193/devtools/browser/2d32dec3-cf41-44d8-91ad-57a711b16ece
JavaScript warning: https://www.marketwatch.com/, line 358: Script terminated by timeout at:
p@https://www.marketwatch.com/:358:10435
_/<@https://www.marketwatch.com/:358:34818

console.warn: LoginRecipes: "Falling back to a synchronous message for: https://sso.accounts.dowjones.com."
console.warn: LoginRecipes: "Falling back to a synchronous message for: https://sso.accounts.dowjones.com."
console.warn: LoginRecipes: "Falling back to a synchronous message for: https://sso.accounts.dowjones.com."
console.warn: LoginRecipes: "Falling back to a synchronous message for: https://sso.accounts.dowjones.com."
JavaScript warning: https://www.googletagmanager.com/gtag/js?id=G-K2H7B9JRSS, line 671: Script terminated by timeout at:
gH@https://www.googletagmanager.com/gtag/js?id=G-K2H7B9JRSS:671:234
ba.Hm@https://www.googletagmanager.com/gtag/js?id=G-K2H7B9JRSS:667:319
ba.Gm/</<@https://www.googletagmanager.com/gtag/js?id=G-K2H7B9JRSS:665:489
Ek@https://www.googletagmanager.com/gtag/js?id=G-K2H7B9JRSS:358:151
dl@https://www.googletagmanager.com/gtag/js?id=G-K2H7B9JRSS:364:70
ba.Gm/<@https://www.googletagmanager.com/gtag/js?id=G-K2H7B9JRSS:665:475
c@https://www.googletagmanager.com/gtag/js?id=G-K2H7B9JRSS:499:411
Tt@https://www.googletagmanager.com/gtag/js?id=G-K2H7B9JRSS:500:237
ba.Gm@https://www.googletagmanager.com/gtag/js?id=G-K2H7B9JRSS:665:461
c@https://www.googletagmanager.com/gtag/js?id=G-K2H7B9JRSS:679:970
vm@https://www.googletagmanager.com/gtag/js?id=G-K2H7B9JRSS:377:1
um.prototype.flush@https://www.googletagmanager.com/gtag/js?id=G-K2H7B9JRSS:379:336
um.prototype.push@https://www.googletagmanager.com/gtag/js?id=G-K2H7B9JRSS:377:403
nm@https://www.googletagmanager.com/gtag/js?id=G-K2H7B9JRSS:374:785
FH/<@https://www.googletagmanager.com/gtag/js?id=G-K2H7B9JRSS:680:187
ba.Qk/<@https://www.googletagmanager.com/gtag/js?id=G-K2H7B9JRSS:623:126
ba.Qk/c/<@https://www.googletagmanager.com/gtag/js?id=G-K2H7B9JRSS:622:420

JavaScript error: https://cdn.cxense.com/sp1.html#ver=2.8.80&typ=pgv&rnd=m1uxlg4p7vd1l1pc&sid=9222325317970825873&loc=https%3A%2F%2Fwww.marketwatch.com%2Ffollow&new=1&arf=0&ltm=1728058805741&ref=https%3A%2F%2Fsso.accounts.dowjones.com%2F&tzo=-330&wsz=1278x497&res=1278x622&dpr=1&col=24&bln=en-US&chs=UTF-8&cks=m1uxlg8c336t528l&ckp=m1uxlg4pqt9nmpgb&glb=&eid0=e4cefa22ef027cc0132f0c218da37da39cdb3228234af4df969b5c463592e123&eit0=wsj&cp_userState=anon&cp_testGroup=4&cp_topDomain=marketwatch.com&cp_template=full&cp_access=free&cp_section=Follow&cp_subsection=mw&cp_cms_name=CAPS&cp_subscriber=registered&cp_edition=naus&cp_bucket=7&cp_ab_bucket=27&cp_pageContentSource=MarketWatch&cp_pageContentType=Follow&cp_pageContentTypeDetai=follow&cp_pageSiteProduct=MW&cp_userTags=&cp_sessionState=ca, line 1: TypeError: cX.loadScript is not a function
1728058831459	Marionette	INFO	Stopped listening on port 58221
Dynamically enable window occlusion 1
!!! error running onStopped callback: TypeError: callback is not a function
