1728398736420	geckodriver	INFO	Listening on 127.0.0.1:58840
1728398739482	mozrunner::runner	INFO	Running command: "C:\\Program Files\\Mozilla Firefox\\firefox.exe" "--marionette" "--remote-debugging-port" "58841" "--remote-allow-hosts" "localhost" "-no-remote" "-profile" "D:\\Users\\sasikumarj\\AppData\\Local\\Temp\\rust_mozprofileFuLosq"
console.warn: services.settings: Ignoring preference override of remote settings server
console.warn: services.settings: Allow by setting MOZ_REMOTE_SETTINGS_DEVTOOLS=1 in the environment
Dynamically enable window occlusion 0
1728398740181	Marionette	INFO	Marionette enabled
1728398740446	Marionette	INFO	Listening on port 58850
WebDriver BiDi listening on ws://127.0.0.1:58841
Read port: 58850
1728398740718	RemoteAgent	WARN	TLS certificate errors will be ignored for this session
DevTools listening on ws://127.0.0.1:58841/devtools/browser/e8c09580-233f-482b-906c-ae92e0e8cc6b
JavaScript warning: https://int-replay-wsj-elections.ore.onservo.com/election/_next/static/chunks/main-c0569e4635de2e62.js, line 1: unreachable code after return statement
JavaScript error: https://d3h0wybtovte4j.cloudfront.net/ugeovhprh.js, line 1: TypeError: URL constructor: null/foo.html?o=u&r=&l=https://www.dev.wsj.com/&aa=NA&ib=false&buster=QBqRXtOUUDVHFkrZ is not a valid URL.
1728398757656	Marionette	WARN	Ignoring event 'DOMContentLoaded' because document has an invalid readyState of 'complete'.
JavaScript error: https://cdn.cxense.com/sp1.html#ver=2.8.80&typ=pgv&rnd=m20jzrnnmq4i071n&sid=1134002947328204066&loc=https%3A%2F%2Fwww.dev.wsj.com%2F&new=1&arf=0&ltm=1728398756310&ref=&tzo=-330&wsz=1278x497&res=1278x622&dpr=1&col=24&bln=en-US&chs=UTF-8&cks=m20jzsey4yr5hkcd&ckp=m20jzrnxz9ffh1up&glb=&cp_userState=anon&cp_testGroup=36&cp_env=staging&cp_topDomain=wsj.com&cp_template=full&cp_access=free&cp_section=US%20Home%20Page&cp_subsection=&cp_cms_name=CAPS&cp_subscriber=nonsubscriber&cp_edition=naus&cp_bucket=1&cp_ab_bucket=51&cp_pageContentSource=WSJ%20Online&cp_pageContentType=Home&cp_pageContentTypeDetai=desktopweb&cp_pageSiteProduct=WSJ&cp_userTags=&cp_sessionState=none, line 1: TypeError: cX.loadScript is not a function
JavaScript error: resource://devtools/client/jsonview/Sniffer.sys.mjs, line 53: NS_ERROR_NOT_AVAILABLE: Component returned failure code: 0x80040111 (NS_ERROR_NOT_AVAILABLE) [nsIChannel.contentType]
JavaScript warning: https://pagead2.googlesyndication.com/bg/WEoqGYGTldYSfSNCQ9Ugqu-00NFuS6e6WOK2G2Y_zzI.js line 2 > eval line 5033 > eval line 1 > eval line 1 > eval, line 1: WEBGL_debug_renderer_info is deprecated in Firefox and will be removed. Please use RENDERER.
JavaScript warning: https://sc-static.net/scevent.min.js, line 2: Script terminated by timeout at:
m@https://sc-static.net/scevent.min.js:2:2789
c@https://sc-static.net/scevent.min.js:2:6893

JavaScript warning: https://cdn.parsely.com/keys/sandbox.wsj.com/p.js, line 7: Script terminated by timeout at:
t._deserialize@https://cdn.parsely.com/keys/sandbox.wsj.com/p.js:7:32274
t.get@https://cdn.parsely.com/keys/sandbox.wsj.com/p.js:7:31173
t.extendExpiry@https://cdn.parsely.com/keys/sandbox.wsj.com/p.js:7:32079
extendVisitorExpiry@https://cdn.parsely.com/keys/sandbox.wsj.com/p.js:7:34946
beacon@https://cdn.parsely.com/keys/sandbox.wsj.com/p.js:7:55341
e.engagedTime.sendHeartbeat@https://cdn.parsely.com/keys/sandbox.wsj.com/p.js:7:50892
i.sendHeartbeat@https://cdn.parsely.com/keys/sandbox.wsj.com/p.js:7:48917
i._sendHeartbeats@https://cdn.parsely.com/keys/sandbox.wsj.com/p.js:7:49071
i._setUnloadListeners/<@https://cdn.parsely.com/keys/sandbox.wsj.com/p.js:7:49224
value/<@https://cdn.parsely.com/keys/sandbox.wsj.com/p.js:7:22304
value@https://cdn.parsely.com/keys/sandbox.wsj.com/p.js:7:22277
value@https://cdn.parsely.com/keys/sandbox.wsj.com/p.js:7:24351
value@https://cdn.parsely.com/keys/sandbox.wsj.com/p.js:7:24771

JavaScript error: , line 0: TypeError: NetworkError when attempting to fetch resource.
[GFX1-]: CompositorBridgeChild receives IP[GF[GFX1-]: CompositorBridgeChild receives IPC close wX1-[G[G]: CompositorBridgeChild receives IPC close with reason=AbnormalShutdown
FX1-]: CompositorBridgeChild receives IPC close with reason=AbnormalShutdown
ith reason=AbnormalShutdown
FX1-]: CompositorBridgeChild receives IPC close with reason=AbnormalShutdown
CExiting due to channel error.
