1728414219576	geckodriver	INFO	Listening on 127.0.0.1:53564
1728414222645	mozrunner::runner	INFO	Running command: "C:\\Program Files\\Mozilla Firefox\\firefox.exe" "--marionette" "--remote-debugging-port" "53565" "--remote-allow-hosts" "localhost" "-no-remote" "-profile" "D:\\Users\\sasikumarj\\AppData\\Local\\Temp\\rust_mozprofileK0HfWB"
console.warn: services.settings: Ignoring preference override of remote settings server
console.warn: services.settings: Allow by setting MOZ_REMOTE_SETTINGS_DEVTOOLS=1 in the environment
Dynamically enable window occlusion 0
1728414223258	Marionette	INFO	Marionette enabled
1728414223528	Marionette	INFO	Listening on port 53574
WebDriver BiDi listening on ws://127.0.0.1:53565
Read port: 53574
1728414223782	RemoteAgent	WARN	TLS certificate errors will be ignored for this session
DevTools listening on ws://127.0.0.1:53565/devtools/browser/d64ed6f4-a0bd-4383-ba6c-bc357a36ed80
JavaScript warning: https://int-replay-wsj-elections.ore.onservo.com/election/_next/static/chunks/main-c0569e4635de2e62.js, line 1: unreachable code after return statement
JavaScript warning: https://int-replay-wsj-elections.ore.onservo.com/election/_next/static/chunks/main-c0569e4635de2e62.js, line 1: unreachable code after return statement
JavaScript error: https://d3h0wybtovte4j.cloudfront.net/ugeovhprh.js, line 1: TypeError: URL constructor: null/foo.html?o=u&r=&l=https://www.dev.wsj.com/&aa=NA&ib=false&buster=nFRDIZguCQyotEKe is not a valid URL.
JavaScript error: https://cdn.cxense.com/sp1.html#ver=2.8.80&typ=pgv&rnd=m20t7h6c8wz8nzob&sid=1134002947328204066&loc=https%3A%2F%2Fwww.dev.wsj.com%2F&new=1&arf=0&ltm=1728414232517&ref=&tzo=-330&wsz=1278x497&res=1278x622&dpr=1&col=24&bln=en-US&chs=UTF-8&cks=m20t7hpwr4zm42cb&ckp=m20t7h6cb7quidi9&glb=&cp_userState=anon&cp_testGroup=53&cp_env=staging&cp_topDomain=wsj.com&cp_template=full&cp_access=free&cp_section=US%20Home%20Page&cp_subsection=&cp_cms_name=CAPS&cp_subscriber=nonsubscriber&cp_edition=naus&cp_bucket=2&cp_ab_bucket=42&cp_pageContentSource=WSJ%20Online&cp_pageContentType=Home&cp_pageContentTypeDetai=desktopweb&cp_pageSiteProduct=WSJ&cp_userTags=&cp_sessionState=none, line 1: TypeError: cX.loadScript is not a function
1728414233893	Marionette	WARN	Ignoring event 'DOMContentLoaded' because document has an invalid readyState of 'complete'.
JavaScript warning: https://sc-static.net/scevent.min.js, line 2: Script terminated by timeout at:
m@https://sc-static.net/scevent.min.js:2:2789
c@https://sc-static.net/scevent.min.js:2:6893

JavaScript warning: https://pagead2.googlesyndication.com/bg/WEoqGYGTldYSfSNCQ9Ugqu-00NFuS6e6WOK2G2Y_zzI.js line 2 > eval line 820 > eval line 1 > eval line 1 > eval, line 1: WEBGL_debug_renderer_info is deprecated in Firefox and will be removed. Please use RENDERER.
JavaScript error: , line 0: TypeError: NetworkError when attempting to fetch resource.
JavaScript warning: https://int-replay-wsj-elections.ore.onservo.com/election/_next/static/chunks/main-c0569e4635de2e62.js, line 1: Script terminated by timeout at:
8018/g/<@https://int-replay-wsj-elections.ore.onservo.com/election/_next/static/chunks/main-c0569e4635de2e62.js:1:111956
r@https://int-replay-wsj-elections.ore.onservo.com/election/_next/static/chunks/main-c0569e4635de2e62.js:1:111426

JavaScript error: https://news.google.com/swg/js/v1/swg.js, line 17: Error: XHR Failed fetching (https://news.google.com/...): (Note: a CORS error above may indicate that this publisher or domain is not configured in Publisher Center. The CORS error happens because 4xx responses do not set CORS headers.)

TypeError: NetworkError when attempting to fetch resource.
JavaScript error: , line 0: uncaught exception: Object
JavaScript error: https://news.google.com/swg/js/v1/swg.js, line 17: Error: Error: not allowed
JavaScript error: https://d3h0wybtovte4j.cloudfront.net/ugeovhprh.js, line 1: TypeError: URL constructor: null/foo.html?o=u&r=&l=https://www.dev.wsj.com/articles/twitter-elon-musk-to-argue-over-trial-timetable-to-force-44-billion-takeover-11658223001?cx_testId=3&cx_testVariant=cx_5&cx_artPos=6&mod=WTRN#cxrecs_s&aa=NA&ib=false&buster=zMqzGXZGccnhmWQo is not a valid URL.
1728414244224	Marionette	WARN	TimedPromise timed out after 500 ms: stacktrace:
TimedPromise/<@chrome://remote/content/marionette/sync.sys.mjs:219:24
TimedPromise@chrome://remote/content/marionette/sync.sys.mjs:203:10
interaction.flushEventLoop@chrome://remote/content/marionette/interaction.sys.mjs:467:10
webdriverClickElement@chrome://remote/content/marionette/interaction.sys.mjs:220:33
JavaScript error: , line 0: TypeError: NetworkError when attempting to fetch resource.
JavaScript warning: https://0cf17917-395b-4f25-91cc-db3bdd6044b0.edge.permutive.app/772abb27-aff3-4dcc-b7af-8ab66a56137a-web.js, line 1: Script terminated by timeout at:
n@https://0cf17917-395b-4f25-91cc-db3bdd6044b0.edge.permutive.app/772abb27-aff3-4dcc-b7af-8ab66a56137a-web.js:1:14505

JavaScript warning: https://imasdk.googleapis.com/js/core/bridge3.670.0_en.html#goog_928546435, line 453: Script terminated by timeout at:
PB@https://imasdk.googleapis.com/js/core/bridge3.670.0_en.html#goog_928546435:453:310
TB/this.aa@https://imasdk.googleapis.com/js/core/bridge3.670.0_en.html#goog_928546435:451:29

JavaScript warning: https://www.gstatic.com/_/mss/boq-subscribewithgoogle/_/js/k=boq-subscribewithgoogle.SubscribewithgoogleClientUi.en_US.Y7snZc84UmY.es5.O/am=YDBgBg/d=1/excm=_b,_tp,serviceiframeview/ed=1/dg=0/wt=2/ujg=1/rs=ABXTjI4o6JJW61vjfL39b99y1stb_FZTXg/m=_b,_tp, line 290: Script terminated by timeout at:
c@https://www.gstatic.com/_/mss/boq-subscribewithgoogle/_/js/k=boq-subscribewithgoogle.SubscribewithgoogleClientUi.en_US.Y7snZc84UmY.es5.O/am=YDBgBg/d=1/excm=_b,_tp,serviceiframeview/ed=1/dg=0/wt=2/ujg=1/rs=ABXTjI4o6JJW61vjfL39b99y1stb_FZTXg/m=_b,_tp:290:187
b@https://www.gstatic.com/_/mss/boq-subscribewithgoogle/_/js/k=boq-subscribewithgoogle.SubscribewithgoogleClientUi.en_US.Y7snZc84UmY.es5.O/am=YDBgBg/d=1/excm=_b,_tp,serviceiframeview/ed=1/dg=0/wt=2/ujg=1/rs=ABXTjI4o6JJW61vjfL39b99y1stb_FZTXg/m=_b,_tp:281:48

console.warn: LoginRecipes: "Falling back to a synchronous message for: https://sso.int.accounts.dowjones.com."
console.warn: LoginRecipes: "Falling back to a synchronous message for: https://sso.int.accounts.dowjones.com."
console.warn: LoginRecipes: "Falling back to a synchronous message for: https://sso.int.accounts.dowjones.com."
console.warn: LoginRecipes: "Falling back to a synchronous message for: https://sso.int.accounts.dowjones.com."
JavaScript warning: https://www.googletagmanager.com/gtag/js?id=G-GJ5S1GJYKT, line 198: Script terminated by timeout at:
z@https://www.googletagmanager.com/gtag/js?id=G-GJ5S1GJYKT:198:158
jA/<@https://www.googletagmanager.com/gtag/js?id=G-GJ5S1GJYKT:590:167
z@https://www.googletagmanager.com/gtag/js?id=G-GJ5S1GJYKT:198:203
jA@https://www.googletagmanager.com/gtag/js?id=G-GJ5S1GJYKT:590:134
kA/<@https://www.googletagmanager.com/gtag/js?id=G-GJ5S1GJYKT:590:111

1728414257317	Marionette	INFO	Stopped listening on port 53574
JavaScript warning: https://www.wsj.com/articles/twitter-elon-musk-to-argue-over-trial-timetable-to-force-44-billion-takeover-11658223001, line 246: Script terminated by timeout at:
p@https://www.wsj.com/articles/twitter-elon-musk-to-argue-over-trial-timetable-to-force-44-billion-takeover-11658223001:246:10435
_e/i<@https://www.wsj.com/articles/twitter-elon-musk-to-argue-over-trial-timetable-to-force-44-billion-takeover-11658223001:246:48445

Dynamically enable window occlusion 1
