1728062093507	geckodriver	INFO	Listening on 127.0.0.1:63786
1728062096661	mozrunner::runner	INFO	Running command: "C:\\Program Files\\Mozilla Firefox\\firefox.exe" "--marionette" "--remote-debugging-port" "63787" "--remote-allow-hosts" "localhost" "-no-remote" "-profile" "D:\\Users\\sasikumarj\\AppData\\Local\\Temp\\rust_mozprofileunk0Q7"
console.warn: services.settings: Ignoring preference override of remote settings server
console.warn: services.settings: Allow by setting MOZ_REMOTE_SETTINGS_DEVTOOLS=1 in the environment
Dynamically enable window occlusion 0
1728062097443	Marionette	INFO	Marionette enabled
1728062097780	Marionette	INFO	Listening on port 63807
WebDriver BiDi listening on ws://127.0.0.1:63787
Read port: 63807
1728062098103	RemoteAgent	WARN	TLS certificate errors will be ignored for this session
DevTools listening on ws://127.0.0.1:63787/devtools/browser/44906a4f-4c3a-4fb7-9208-0f0cd374877c
JavaScript warning: https://www.marketwatch.com/, line 358: Script terminated by timeout at:
emit@https://www.marketwatch.com/:358:9463
Ue/<@https://www.marketwatch.com/:358:53693
emit@https://www.marketwatch.com/:358:9476
i@https://www.marketwatch.com/:358:17943
nrWrapper@https://www.marketwatch.com/:358:17870

JavaScript warning: https://www.marketwatch.com/, line 358: Script terminated by timeout at:
nrWrapper@https://www.marketwatch.com/:358:17660
nrWrapper@https://www.marketwatch.com/:358:17810
@https://js.datadome.co/tags.js:2:159141
fetchURL/</<@https://www.marketwatch.com/aiq/marketwatch-prod.js:20:71842
nrWrapper@https://www.marketwatch.com/:358:17810
e@https://www.marketwatch.com/:358:52590
fetchURL/<@https://www.marketwatch.com/aiq/marketwatch-prod.js:20:71793
yt/<@https://www.marketwatch.com/aiq/marketwatch-prod.js:20:71009
nrWrapper@https://www.marketwatch.com/:358:17810
e@https://www.marketwatch.com/:358:52590
yt@https://www.marketwatch.com/aiq/marketwatch-prod.js:20:70829
fetchURL@https://www.marketwatch.com/aiq/marketwatch-prod.js:20:71761
runCrossDomainSyncs/</<@https://www.marketwatch.com/aiq/marketwatch-prod.js:20:72300
runCrossDomainSyncs/<@https://www.marketwatch.com/aiq/marketwatch-prod.js:20:72275
yt/<@https://www.marketwatch.com/aiq/marketwatch-prod.js:20:71009
nrWrapper@https://www.marketwatch.com/:358:17810
e@https://www.marketwatch.com/:358:52590
yt@https://www.marketwatch.com/aiq/marketwatch-prod.js:20:70829
runCrossDomainSyncs@https://www.marketwatch.com/aiq/marketwatch-prod.js:20:72140
execute/<@https://www.marketwatch.com/aiq/marketwatch-prod.js:20:71466
o@https://www.marketwatch.com/aiq/marketwatch-prod.js:20:70867
nrWrapper@https://www.marketwatch.com/:358:17810

console.warn: LoginRecipes: "Falling back to a synchronous message for: https://sso.accounts.dowjones.com."
console.warn: LoginRecipes: "Falling back to a synchronous message for: https://sso.accounts.dowjones.com."
console.warn: LoginRecipes: "Falling back to a synchronous message for: https://sso.accounts.dowjones.com."
console.warn: LoginRecipes: "Falling back to a synchronous message for: https://sso.accounts.dowjones.com."
JavaScript warning: https://sso.accounts.dowjones.com/one_identity_login_pages/login/0905e7365768f8c947bfb0c526fb8b9e/js/vendor.js, line 51: Script terminated by timeout at:
BE@https://sso.accounts.dowjones.com/one_identity_login_pages/login/0905e7365768f8c947bfb0c526fb8b9e/js/vendor.js:51:4468
b@https://sso.accounts.dowjones.com/one_identity_login_pages/login/0905e7365768f8c947bfb0c526fb8b9e/js/vendor.js:49:13761

1728062139297	Marionette	INFO	Stopped listening on port 63807
JavaScript warning: https://js-agent.newrelic.com/nr-spa-1.267.0.min.js, line 2: Script terminated by timeout at:
ce@https://js-agent.newrelic.com/nr-spa-1.267.0.min.js:2:81583
5592/b.finish@https://js-agent.newrelic.com/nr-spa-1.267.0.min.js:2:76545
5592/b.checkFinish/e.finishTimer</e.finishTimer<@https://js-agent.newrelic.com/nr-spa-1.267.0.min.js:2:76118

Dynamically enable window occlusion 1
