1728453711879	geckodriver	INFO	Listening on 127.0.0.1:56493
1728453714928	mozrunner::runner	INFO	Running command: "C:\\Program Files\\Mozilla Firefox\\firefox.exe" "--marionette" "--remote-debugging-port" "56494" "--remote-allow-hosts" "localhost" "-no-remote" "-profile" "D:\\Users\\sasikumarj\\AppData\\Local\\Temp\\rust_mozprofilehhGr5X"
console.warn: services.settings: Ignoring preference override of remote settings server
console.warn: services.settings: Allow by setting MOZ_REMOTE_SETTINGS_DEVTOOLS=1 in the environment
Dynamically enable window occlusion 0
1728453715552	Marionette	INFO	Marionette enabled
1728453715802	Marionette	INFO	Listening on port 56501
WebDriver BiDi listening on ws://127.0.0.1:56494
Read port: 56501
1728453716054	RemoteAgent	WARN	TLS certificate errors will be ignored for this session
DevTools listening on ws://127.0.0.1:56494/devtools/browser/515f1d40-487a-4147-8002-505e69f50cb0
JavaScript warning: https://www.marketwatch.com/_next/static/chunks/main-7c2c5b4ee7ae4ea0.js, line 1: unreachable code after return statement
JavaScript error: https://www.myfinance.com/static/widget/myFinance.js, line 1: DataCloneError: Function object could not be cloned.
JavaScript warning: https://pbc.marketwatch.com/p/dj/marketwatch/pb.js, line 17: Script terminated by timeout at:
2349/o/<@https://pbc.marketwatch.com/p/dj/marketwatch/pb.js:17:1724
o@https://pbc.marketwatch.com/p/dj/marketwatch/pb.js:17:1656
791/P/<@https://pbc.marketwatch.com/p/dj/marketwatch/pb.js:36:11437
P@https://pbc.marketwatch.com/p/dj/marketwatch/pb.js:36:11410
buildRequests@https://pbc.marketwatch.com/p/dj/marketwatch/pb.js:36:1943
7377/B</p<@https://pbc.marketwatch.com/p/dj/marketwatch/pb.js:14:25660
6894/d/<@https://pbc.marketwatch.com/p/dj/marketwatch/pb.js:14:133600
measureTime@https://pbc.marketwatch.com/p/dj/marketwatch/pb.js:14:132555
7377/B<@https://pbc.marketwatch.com/p/dj/marketwatch/pb.js:14:25625
callBids@https://pbc.marketwatch.com/p/dj/marketwatch/pb.js:14:23804
I@https://pbc.marketwatch.com/p/dj/marketwatch/pb.js:14:56030
1445/R.callBids/<@https://pbc.marketwatch.com/p/dj/marketwatch/pb.js:14:18002
1445/R.callBids@https://pbc.marketwatch.com/p/dj/marketwatch/pb.js:14:17741
run@https://pbc.marketwatch.com/p/dj/marketwatch/pb.js:14:40753
a@https://pbc.marketwatch.com/p/dj/marketwatch/pb.js:14:41218
ce@https://pbc.marketwatch.com/p/dj/marketwatch/pb.js:14:41271
6881/V<@https://pbc.marketwatch.com/p/dj/marketwatch/pb.js:14:42775
callBids@https://pbc.marketwatch.com/p/dj/marketwatch/pb.js:14:41884
9671/te<@https://pbc.marketwatch.com/p/dj/marketwatch/pb.js:14:97098
8128/u/h/</y/o[n]@https://pbc.marketwatch.com/p/dj/marketwatch/pb.js:13:3129
p@https://pbc.marketwatch.com/p/dj/marketwatch/pb.js:13:2982
6894/d/<@https://pbc.marketwatch.com/p/dj/marketwatch/pb.js:14:133600
8178/i</<@https://pbc.marketwatch.com/p/dj/marketwatch/pb.js:42:695
s@https://pbc.marketwatch.com/p/dj/marketwatch/pb.js:14:135602
5555/then/<@https://pbc.marketwatch.com/p/dj/marketwatch/pb.js:14:135652
o@https://pbc.marketwatch.com/p/dj/marketwatch/pb.js:14:135417
then@https://pbc.marketwatch.com/p/dj/marketwatch/pb.js:14:135490
8178/i<@https://pbc.marketwatch.com/p/dj/marketwatch/pb.js:42:649
6894/h/</</<@https://pbc.marketwatch.com/p/dj/marketwatch/pb.js:14:134874
measureHookTime@https://pbc.marketwatch.com/p/dj/marketwatch/pb.js:14:132611
6894/h/</<@https://pbc.marketwatch.com/p/dj/marketwatch/pb.js:14:134830
p@https://pbc.marketwatch.com/p/dj/marketwatch/pb.js:13:2982
6894/d/<@https://pbc.marketwatch.com/p/dj/marketwatch/pb.js:14:133600
f@https://pbc.marketwatch.com/p/dj/marketwatch/pb.js:70:1528
nrWrapper@https://www.marketwatch.com/story/is-the-u-s-stock-market-closed-on-juneteenth-what-investors-need-to-know-11655230158:104:17810

JavaScript warning: https://www.datadoghq-browser-agent.com/datadog-logs-v4.js, line 1: Script terminated by timeout at:
d@https://www.datadoghq-browser-agent.com/datadog-logs-v4.js:1:884
l/<@https://www.datadoghq-browser-agent.com/datadog-logs-v4.js:1:853

JavaScript warning: https://www.gstatic.com/_/mss/boq-subscribewithgoogle/_/js/k=boq-subscribewithgoogle.SubscribewithgoogleClientUi.en_US.Y7snZc84UmY.es5.O/am=YDBgBg/d=1/excm=_b,_tp,serviceiframeview/ed=1/dg=0/wt=2/ujg=1/rs=ABXTjI4o6JJW61vjfL39b99y1stb_FZTXg/m=_b,_tp, line 290: Script terminated by timeout at:
c@https://www.gstatic.com/_/mss/boq-subscribewithgoogle/_/js/k=boq-subscribewithgoogle.SubscribewithgoogleClientUi.en_US.Y7snZc84UmY.es5.O/am=YDBgBg/d=1/excm=_b,_tp,serviceiframeview/ed=1/dg=0/wt=2/ujg=1/rs=ABXTjI4o6JJW61vjfL39b99y1stb_FZTXg/m=_b,_tp:290:187
b@https://www.gstatic.com/_/mss/boq-subscribewithgoogle/_/js/k=boq-subscribewithgoogle.SubscribewithgoogleClientUi.en_US.Y7snZc84UmY.es5.O/am=YDBgBg/d=1/excm=_b,_tp,serviceiframeview/ed=1/dg=0/wt=2/ujg=1/rs=ABXTjI4o6JJW61vjfL39b99y1stb_FZTXg/m=_b,_tp:281:48

console.warn: LoginRecipes: "Falling back to a synchronous message for: https://sso.accounts.dowjones.com."
console.warn: LoginRecipes: "Falling back to a synchronous message for: https://sso.accounts.dowjones.com."
console.warn: LoginRecipes: "Falling back to a synchronous message for: https://sso.accounts.dowjones.com."
console.warn: LoginRecipes: "Falling back to a synchronous message for: https://sso.accounts.dowjones.com."
JavaScript warning: https://sso.accounts.dowjones.com/one_identity_login_pages/login/0905e7365768f8c947bfb0c526fb8b9e/js/vendor.js, line 51: Script terminated by timeout at:
BE@https://sso.accounts.dowjones.com/one_identity_login_pages/login/0905e7365768f8c947bfb0c526fb8b9e/js/vendor.js:51:4468
b@https://sso.accounts.dowjones.com/one_identity_login_pages/login/0905e7365768f8c947bfb0c526fb8b9e/js/vendor.js:49:13761

JavaScript warning: https://www.marketwatch.com/follow, line 276: Script terminated by timeout at:
p@https://www.marketwatch.com/follow:276:10435
_/<@https://www.marketwatch.com/follow:276:34818

JavaScript warning: https://sso.int.accounts.dowjones.com/one_identity_login_pages/login/30480cbd6ffffea7743d4c1d4226bb50/js/vendor.js, line 51: Script terminated by timeout at:
BE@https://sso.int.accounts.dowjones.com/one_identity_login_pages/login/30480cbd6ffffea7743d4c1d4226bb50/js/vendor.js:51:4767
b@https://sso.int.accounts.dowjones.com/one_identity_login_pages/login/30480cbd6ffffea7743d4c1d4226bb50/js/vendor.js:49:13806

JavaScript warning: https://static.xx.fbcdn.net/rsrc.php/v3ihVQ4/y-/l/en_US/uNMRFN53h52.js, line 39: WEBGL_debug_renderer_info is deprecated in Firefox and will be removed. Please use RENDERER.
Marionette threw an error: TypeError: browsingContext.currentWindowGlobal is null
getMarionetteCommandsActorProxy/get/<@chrome://remote/content/marionette/actors/MarionetteCommandsParent.sys.mjs:357:17
observe@resource://gre/modules/AsyncShutdown.sys.mjs:569:17

console.error: "Marionette threw an error: TypeError: browsingContext.currentWindowGlobal is null\ngetMarionetteCommandsActorProxy/get/<@chrome://remote/content/marionette/actors/MarionetteCommandsParent.sys.mjs:357:17\nobserve@resource://gre/modules/AsyncShutdown.sys.mjs:569:17\n"
1728453760650	Marionette	INFO	Stopped listening on port 56501
Dynamically enable window occlusion 1
JavaScript error: chrome://remote/content/marionette/cert.sys.mjs, line 47: NS_ERROR_NOT_AVAILABLE: Component returned failure code: 0x80040111 (NS_ERROR_NOT_AVAILABLE) [nsICertOverrideService.setDisableAllSecurityChecksAndLetAttackersInterceptMyData]
!!! error running onStopped callback: TypeError: callback is not a function
[GFX1-]: CompositorBridgeChild receives IPC close with reason=AbnormalShutdown
