1728544639693	geckodriver	INFO	Listening on 127.0.0.1:50601
1728544642792	mozrunner::runner	INFO	Running command: "C:\\Program Files\\Mozilla Firefox\\firefox.exe" "--marionette" "--remote-debugging-port" "50602" "--remote-allow-hosts" "localhost" "-no-remote" "-profile" "D:\\Users\\sasikumarj\\AppData\\Local\\Temp\\rust_mozprofilePY5LEm"
console.warn: services.settings: Ignoring preference override of remote settings server
console.warn: services.settings: Allow by setting MOZ_REMOTE_SETTINGS_DEVTOOLS=1 in the environment
Dynamically enable window occlusion 0
1728544643454	Marionette	INFO	Marionette enabled
1728544643697	Marionette	INFO	Listening on port 50609
WebDriver BiDi listening on ws://127.0.0.1:50602
Read port: 50609
1728544643908	RemoteAgent	WARN	TLS certificate errors will be ignored for this session
DevTools listening on ws://127.0.0.1:50602/devtools/browser/e1f6cc37-5a72-4450-aff5-d0e1c09a264f
JavaScript warning: https://int-replay-wsj-elections.ore.onservo.com/election/_next/static/chunks/main-c0569e4635de2e62.js, line 1: unreachable code after return statement
JavaScript warning: https://int-replay-wsj-elections.ore.onservo.com/election/_next/static/chunks/main-c0569e4635de2e62.js, line 1: unreachable code after return statement
JavaScript error: https://d3h0wybtovte4j.cloudfront.net/ugeovhprhsxhowudv.js, line 1: TypeError: URL constructor: null/foo.html?o=u&r=&l=https://www.dev.wsj.com/&aa=NA&ib=false&buster=MAHHEOGOcCDQmkqC is not a valid URL.
JavaScript error: https://cdn.cxense.com/sp1.html#ver=2.8.80&typ=pgv&rnd=m22yutmlmcmsgtr3&sid=1134002947328204066&loc=https%3A%2F%2Fwww.dev.wsj.com%2F&new=1&arf=0&ltm=1728544652162&ref=&tzo=-330&wsz=1280x595&res=1280x720&dpr=1&col=24&bln=en-US&chs=UTF-8&cks=m22yutuqpcde6bc5&ckp=m22yutmlz4l1z7rb&glb=&cp_userState=anon&cp_testGroup=78&cp_env=staging&cp_topDomain=wsj.com&cp_template=full&cp_access=free&cp_section=US%20Home%20Page&cp_subsection=&cp_cms_name=CAPS&cp_subscriber=nonsubscriber&cp_edition=naus&cp_bucket=1&cp_ab_bucket=41&cp_pageContentSource=WSJ%20Online&cp_pageContentType=Home&cp_pageContentTypeDetai=desktopweb&cp_pageSiteProduct=WSJ&cp_userTags=&cp_sessionState=none, line 1: TypeError: cX.loadScript is not a function
1728544653430	Marionette	WARN	Ignoring event 'DOMContentLoaded' because document has an invalid readyState of 'complete'.
JavaScript warning: https://pagead2.googlesyndication.com/bg/OPjMWwJBtReHhWwOPXWsCqm1x5VpbT9SkyMWV37nL8g.js line 2 > eval line 3436 > eval line 1 > eval line 1 > eval, line 1: WEBGL_debug_renderer_info is deprecated in Firefox and will be removed. Please use RENDERER.
JavaScript warning: https://pagead2.googlesyndication.com/bg/OPjMWwJBtReHhWwOPXWsCqm1x5VpbT9SkyMWV37nL8g.js line 2 > eval line 2452 > eval line 1 > eval line 1 > eval, line 1: WEBGL_debug_renderer_info is deprecated in Firefox and will be removed. Please use RENDERER.
JavaScript warning: https://cdn.doubleverify.com/dv-measurements6793.js, line 2: Script terminated by timeout at:
getCurrentTime@https://cdn.doubleverify.com/dv-measurements6793.js:2:233965
getTimeDiff@https://cdn.doubleverify.com/dv-measurements6793.js:2:234182
@https://cdn.doubleverify.com/dv-measurements6793.js:2:329719
3384/handlePersistedEvent/<@https://cdn.doubleverify.com/dv-measurements6793.js:2:294236
131/e.wrapFunction/<@https://cdn.doubleverify.com/dv-measurements6793.js:2:342805

JavaScript warning: https://int-replay-wsj-elections.ore.onservo.com/election/_next/static/chunks/main-c0569e4635de2e62.js, line 1: Script terminated by timeout at:
8018/g/<@https://int-replay-wsj-elections.ore.onservo.com/election/_next/static/chunks/main-c0569e4635de2e62.js:1:111956
r@https://int-replay-wsj-elections.ore.onservo.com/election/_next/static/chunks/main-c0569e4635de2e62.js:1:111426

JavaScript error: , line 0: TypeError: NetworkError when attempting to fetch resource.
JavaScript error: , line 0: TypeError: NetworkError when attempting to fetch resource.
JavaScript error: https://news.google.com/swg/js/v1/swg.js, line 17: Error: XHR Failed fetching (https://news.google.com/...): (Note: a CORS error above may indicate that this publisher or domain is not configured in Publisher Center. The CORS error happens because 4xx responses do not set CORS headers.)

TypeError: NetworkError when attempting to fetch resource.
JavaScript error: , line 0: uncaught exception: Object
JavaScript error: https://news.google.com/swg/js/v1/swg.js, line 17: Error: Error: not allowed
JavaScript warning: https://www.dev.wsj.com/_next/static/chunks/main-cd92e5a27ba2f238.js, line 1: Script terminated by timeout at:
78018/y/<@https://www.dev.wsj.com/_next/static/chunks/main-cd92e5a27ba2f238.js:1:118364
r@https://www.dev.wsj.com/_next/static/chunks/main-cd92e5a27ba2f238.js:1:117860

JavaScript warning: https://www.gstatic.com/_/mss/boq-subscribewithgoogle/_/js/k=boq-subscribewithgoogle.SubscribewithgoogleClientUi.en_US.SplArP-rjcA.es5.O/am=MBgwAw/d=1/excm=_b,_tp,serviceiframeview/ed=1/dg=0/wt=2/ujg=1/rs=ABXTjI58lWJaA1O4F6MTgQYBsFgWIvXmAQ/m=_b,_tp, line 233: Script terminated by timeout at:
_.Jl@https://www.gstatic.com/_/mss/boq-subscribewithgoogle/_/js/k=boq-subscribewithgoogle.SubscribewithgoogleClientUi.en_US.SplArP-rjcA.es5.O/am=MBgwAw/d=1/excm=_b,_tp,serviceiframeview/ed=1/dg=0/wt=2/ujg=1/rs=ABXTjI58lWJaA1O4F6MTgQYBsFgWIvXmAQ/m=_b,_tp:233:24
NI@https://www.gstatic.com/_/mss/boq-subscribewithgoogle/_/js/k=boq-subscribewithgoogle.SubscribewithgoogleClientUi.en_US.SplArP-rjcA.es5.O/ck=boq-subscribewithgoogle.SubscribewithgoogleClientUi.UO8WMvWLyLU.L.F4.O/am=MBgwAw/d=1/exm=_b,_tp/excm=_b,_tp,serviceiframeview/ed=1/wt=2/ujg=1/rs=ABXTjI60rZdKU21Zqtj5ahFFs2ivQcfU5w/ee=EVNhjf:pw70Gc;EmZ2Bf:zr1jrb;JsbNhc:Xd8iUd;K5nYTd:ZDZcre;LBgRLc:SdcwHb;Me32dd:MEeYgc;NPKaK:SdcwHb;NSEoX:lazG7b;Pjplud:EEDORb;QGR0gd:Mlhmy;SNUn3:ZwDk9d;ScI3Yc:e7Hzgb;Uvc8o:VDovNc;YIZmRd:A1yn5d;a56pNe:JEfCwb;cEt90b:ws9Tlc;dIoSBb:SpsfSb;dowIGb:ebZ3mb;eBAeSb:zbML3c;iFQyKf:QIhFr;lOO0Vd:OTA3Ae;nAFL3:s39S4;oGtAuc:sOXFj;pXdRYb:MdUzUe;qafBPd:yDVVkb;qddgKe:xQtZb;wR5FRb:O1Gjze;xqZiqf:wmnU7d;yxTchf:KUM7Z;zxnPse:GkRiKb/m=W93Wdc:38:299
QI@https://www.gstatic.com/_/mss/boq-subscribewithgoogle/_/js/k=boq-subscribewithgoogle.SubscribewithgoogleClientUi.en_US.SplArP-rjcA.es5.O/ck=boq-subscribewithgoogle.SubscribewithgoogleClientUi.UO8WMvWLyLU.L.F4.O/am=MBgwAw/d=1/exm=_b,_tp/excm=_b,_tp,serviceiframeview/ed=1/wt=2/ujg=1/rs=ABXTjI60rZdKU21Zqtj5ahFFs2ivQcfU5w/ee=EVNhjf:pw70Gc;EmZ2Bf:zr1jrb;JsbNhc:Xd8iUd;K5nYTd:ZDZcre;LBgRLc:SdcwHb;Me32dd:MEeYgc;NPKaK:SdcwHb;NSEoX:lazG7b;Pjplud:EEDORb;QGR0gd:Mlhmy;SNUn3:ZwDk9d;ScI3Yc:e7Hzgb;Uvc8o:VDovNc;YIZmRd:A1yn5d;a56pNe:JEfCwb;cEt90b:ws9Tlc;dIoSBb:SpsfSb;dowIGb:ebZ3mb;eBAeSb:zbML3c;iFQyKf:QIhFr;lOO0Vd:OTA3Ae;nAFL3:s39S4;oGtAuc:sOXFj;pXdRYb:MdUzUe;qafBPd:yDVVkb;qddgKe:xQtZb;wR5FRb:O1Gjze;xqZiqf:wmnU7d;yxTchf:KUM7Z;zxnPse:GkRiKb/m=W93Wdc:38:238
TI.prototype.oa@https://www.gstatic.com/_/mss/boq-subscribewithgoogle/_/js/k=boq-subscribewithgoogle.SubscribewithgoogleClientUi.en_US.SplArP-rjcA.es5.O/ck=boq-subscribewithgoogle.SubscribewithgoogleClientUi.UO8WMvWLyLU.L.F4.O/am=MBgwAw/d=1/exm=_b,_tp/excm=_b,_tp,serviceiframeview/ed=1/wt=2/ujg=1/rs=ABXTjI60rZdKU21Zqtj5ahFFs2ivQcfU5w/ee=EVNhjf:pw70Gc;EmZ2Bf:zr1jrb;JsbNhc:Xd8iUd;K5nYTd:ZDZcre;LBgRLc:SdcwHb;Me32dd:MEeYgc;NPKaK:SdcwHb;NSEoX:lazG7b;Pjplud:EEDORb;QGR0gd:Mlhmy;SNUn3:ZwDk9d;ScI3Yc:e7Hzgb;Uvc8o:VDovNc;YIZmRd:A1yn5d;a56pNe:JEfCwb;cEt90b:ws9Tlc;dIoSBb:SpsfSb;dowIGb:ebZ3mb;eBAeSb:zbML3c;iFQyKf:QIhFr;lOO0Vd:OTA3Ae;nAFL3:s39S4;oGtAuc:sOXFj;pXdRYb:MdUzUe;qafBPd:yDVVkb;qddgKe:xQtZb;wR5FRb:O1Gjze;xqZiqf:wmnU7d;yxTchf:KUM7Z;zxnPse:GkRiKb/m=W93Wdc:48:37
TI/<@https://www.gstatic.com/_/mss/boq-subscribewithgoogle/_/js/k=boq-subscribewithgoogle.SubscribewithgoogleClientUi.en_US.SplArP-rjcA.es5.O/ck=boq-subscribewithgoogle.SubscribewithgoogleClientUi.UO8WMvWLyLU.L.F4.O/am=MBgwAw/d=1/exm=_b,_tp/excm=_b,_tp,serviceiframeview/ed=1/wt=2/ujg=1/rs=ABXTjI60rZdKU21Zqtj5ahFFs2ivQcfU5w/ee=EVNhjf:pw70Gc;EmZ2Bf:zr1jrb;JsbNhc:Xd8iUd;K5nYTd:ZDZcre;LBgRLc:SdcwHb;Me32dd:MEeYgc;NPKaK:SdcwHb;NSEoX:lazG7b;Pjplud:EEDORb;QGR0gd:Mlhmy;SNUn3:ZwDk9d;ScI3Yc:e7Hzgb;Uvc8o:VDovNc;YIZmRd:A1yn5d;a56pNe:JEfCwb;cEt90b:ws9Tlc;dIoSBb:SpsfSb;dowIGb:ebZ3mb;eBAeSb:zbML3c;iFQyKf:QIhFr;lOO0Vd:OTA3Ae;nAFL3:s39S4;oGtAuc:sOXFj;pXdRYb:MdUzUe;qafBPd:yDVVkb;qddgKe:xQtZb;wR5FRb:O1Gjze;xqZiqf:wmnU7d;yxTchf:KUM7Z;zxnPse:GkRiKb/m=W93Wdc:42:334

JavaScript warning: https://fpt.live.com/?session_id=3013ebcd9cef4b3180ee552764133ef9&CustomerId=33e01921-4d64-4f8c-a055-5bdaffd5e33d&PageId=SI, line 5: WEBGL_debug_renderer_info is deprecated in Firefox and will be removed. Please use RENDERER.
console.warn: LoginRecipes: "Falling back to a synchronous message for: https://login.live.com."
console.warn: LoginRecipes: "Falling back to a synchronous message for: https://login.live.com."
console.warn: LoginRecipes: "Falling back to a synchronous message for: https://login.live.com."
console.warn: LoginRecipes: "Falling back to a synchronous message for: https://login.live.com."
console.warn: LoginRecipes: "Falling back to a synchronous message for: https://login.live.com."
console.warn: LoginRecipes: "Falling back to a synchronous message for: https://login.live.com."
console.warn: LoginRecipes: "Falling back to a synchronous message for: https://login.live.com."
console.warn: LoginRecipes: "Falling back to a synchronous message for: https://login.live.com."
console.warn: LoginRecipes: "Falling back to a synchronous message for: https://login.live.com."
console.warn: LoginRecipes: "Falling back to a synchronous message for: https://login.live.com."
1728544680123	Marionette	WARN	Ignoring event 'DOMContentLoaded' because document has an invalid readyState of 'complete'.
JavaScript warning: https://res-1.cdn.office.net/midgard/versionless/livepersonacard_without-react_4e09eb534f633f2b7d57.js, line 2: unreachable code after return statement
JavaScript warning: https://cdn.adnxs.com/v/s/246/trk.js, line 334: Script terminated by timeout at:
cf@https://cdn.adnxs.com/v/s/246/trk.js:334:84
_e@https://cdn.adnxs.com/v/s/246/trk.js:513:127
mi@https://cdn.adnxs.com/v/s/246/trk.js:557:831
gi@https://cdn.adnxs.com/v/s/246/trk.js:139:30
Kh@https://cdn.adnxs.com/v/s/246/trk.js:521:194
Uh@https://cdn.adnxs.com/v/s/246/trk.js:365:60
Cc@https://cdn.adnxs.com/v/s/246/trk.js:449:76
_.B@https://cdn.adnxs.com/v/s/246/trk.js:560:3327
_.C@https://cdn.adnxs.com/v/s/246/trk.js:560:1400
md/<@https://cdn.adnxs.com/v/s/246/trk.js:560:5653

JavaScript warning: https://pagead2.googlesyndication.com/pagead/managed/js/activeview/current/ufs_web_display.js, line 14: Script terminated by timeout at:
E@https://pagead2.googlesyndication.com/pagead/managed/js/activeview/current/ufs_web_display.js:14:325
h@https://pagead2.googlesyndication.com/pagead/managed/js/activeview/current/ufs_web_display.js:94:449

JavaScript warning: https://cdn.adnxs.com/v/s/246/trk.js, line 279: Script terminated by timeout at:
dd@https://cdn.adnxs.com/v/s/246/trk.js:279:16
ld@https://cdn.adnxs.com/v/s/246/trk.js:486:55
_.lb@https://cdn.adnxs.com/v/s/246/trk.js:560:16821
nh@https://cdn.adnxs.com/v/s/246/trk.js:404:85
Th@https://cdn.adnxs.com/v/s/246/trk.js:452:65
uc@https://cdn.adnxs.com/v/s/246/trk.js:248:34
oc@https://cdn.adnxs.com/v/s/246/trk.js:539:181
_.L@https://cdn.adnxs.com/v/s/246/trk.js:560:3783
Cc@https://cdn.adnxs.com/v/s/246/trk.js:449:27
_.B@https://cdn.adnxs.com/v/s/246/trk.js:560:3327
_.C@https://cdn.adnxs.com/v/s/246/trk.js:560:1400
md/<@https://cdn.adnxs.com/v/s/246/trk.js:560:5653

1728544734210	Marionette	INFO	Stopped listening on port 50609
JavaScript warning: https://acdn.adnxs.com/ast/static/0.60.1/ast.js, line 1: Script terminated by timeout at:
Er/o<@https://acdn.adnxs.com/ast/static/0.60.1/ast.js:1:93739
Er/<@https://acdn.adnxs.com/ast/static/0.60.1/ast.js:1:93740
Er@https://acdn.adnxs.com/ast/static/0.60.1/ast.js:1:97516
Ar@https://acdn.adnxs.com/ast/static/0.60.1/ast.js:1:101142
Or@https://acdn.adnxs.com/ast/static/0.60.1/ast.js:1:102622
jr.refresh@https://acdn.adnxs.com/ast/static/0.60.1/ast.js:1:110849
62167/refresh/<@https://res.public.onecdn.static.microsoft/owamail/hashed-v1/scripts/owa.62167.m.98a00357.js:1:6482
jr.anq.push@https://acdn.adnxs.com/ast/static/0.60.1/ast.js:1:107630
refresh@https://res.public.onecdn.static.microsoft/owamail/hashed-v1/scripts/owa.62167.m.98a00357.js:1:6272
62167/et/ee</<@https://res.public.onecdn.static.microsoft/owamail/hashed-v1/scripts/owa.62167.m.98a00357.js:1:8294
62167/et/ee<@https://res.public.onecdn.static.microsoft/owamail/hashed-v1/scripts/owa.62167.m.98a00357.js:1:8334

Dynamically enable window occlusion 1
JavaScript error: , line 0: TypeError: NetworkError when attempting to fetch resource.
JavaScript error: , line 0: NetworkError: AutoCancel
