1729517733579	geckodriver	INFO	Listening on 127.0.0.1:50931
1729517736604	mozrunner::runner	INFO	Running command: "C:\\Program Files\\Mozilla Firefox\\firefox.exe" "--marionette" "--remote-debugging-port" "50932" "--remote-allow-hosts" "localhost" "-no-remote" "-profile" "D:\\Users\\sasikumarj\\AppData\\Local\\Temp\\rust_mozprofilelAGzeY"
console.warn: services.settings: Ignoring preference override of remote settings server
console.warn: services.settings: Allow by setting MOZ_REMOTE_SETTINGS_DEVTOOLS=1 in the environment
Dynamically enable window occlusion 0
1729517737336	Marionette	INFO	Marionette enabled
1729517737623	Marionette	INFO	Listening on port 50942
WebDriver BiDi listening on ws://127.0.0.1:50932
Read port: 50942
1729517737907	RemoteAgent	WARN	TLS certificate errors will be ignored for this session
Out of memory
out of memory: 0x0000000000000018 bytes requested
out of memory: 0x0000000000000018 bytes requested
DevTools listening on ws://127.0.0.1:50932/devtools/browser/529d29d7-5a12-4152-b77f-61615ba0793f
1729517747791	Marionette	INFO	Stopped listening on port 50942
Dynamically enable window occlusion 1
console.error: "Failed to fetch https://spocs.getpocket.com/user:" "NetworkError when attempting to fetch resource."
console.warn: TopSitesFeed: Failed to fetch data from Contile server: NetworkError when attempting to fetch resource.
console.error: ({})
console.error: ({})
