1729516510017	geckodriver	INFO	Listening on 127.0.0.1:51857
1729516513257	mozrunner::runner	INFO	Running command: "C:\\Program Files\\Mozilla Firefox\\firefox.exe" "--marionette" "--remote-debugging-port" "51858" "--remote-allow-hosts" "localhost" "-no-remote" "-profile" "D:\\Users\\sasikumarj\\AppData\\Local\\Temp\\rust_mozprofileLr2Dax"
console.warn: services.settings: Ignoring preference override of remote settings server
console.warn: services.settings: Allow by setting MOZ_REMOTE_SETTINGS_DEVTOOLS=1 in the environment
Dynamically enable window occlusion 0
1729516514085	Marionette	INFO	Marionette enabled
1729516514389	Marionette	INFO	Listening on port 51966
WebDriver BiDi listening on ws://127.0.0.1:51858
Read port: 51966
1729516514732	RemoteAgent	WARN	TLS certificate errors will be ignored for this session
DevTools listening on ws://127.0.0.1:51858/devtools/browser/b0bb034f-0eb9-43ad-9e4a-f1ab7ec2ad53
JavaScript warning: https://int-replay-wsj-elections.ore.onservo.com/election/_next/static/chunks/main-c0569e4635de2e62.js, line 1: unreachable code after return statement
JavaScript warning: https://int-replay-wsj-elections.ore.onservo.com/election/_next/static/chunks/main-c0569e4635de2e62.js, line 1: Script terminated by timeout at:
8018/g/<@https://int-replay-wsj-elections.ore.onservo.com/election/_next/static/chunks/main-c0569e4635de2e62.js:1:111956
r@https://int-replay-wsj-elections.ore.onservo.com/election/_next/static/chunks/main-c0569e4635de2e62.js:1:111426

JavaScript error: https://news.google.com/swg/js/v1/swg.js, line 17: Error: XHR Failed fetching (https://news.google.com/...): (Note: a CORS error above may indicate that this publisher or domain is not configured in Publisher Center. The CORS error happens because 4xx responses do not set CORS headers.)

TypeError: NetworkError when attempting to fetch resource.
JavaScript error: , line 0: uncaught exception: Object
JavaScript error: https://news.google.com/swg/js/v1/swg.js, line 17: Error: Error: not allowed
JavaScript warning: https://www.dev.wsj.com/_next/static/chunks/main-cd92e5a27ba2f238.js, line 1: Script terminated by timeout at:
78018/y/<@https://www.dev.wsj.com/_next/static/chunks/main-cd92e5a27ba2f238.js:1:118364
r@https://www.dev.wsj.com/_next/static/chunks/main-cd92e5a27ba2f238.js:1:117860

JavaScript warning: https://imasdk.googleapis.com/js/core/bridge3.673.0_en.html#goog_1477123342, line 448: Script terminated by timeout at:
YB@https://imasdk.googleapis.com/js/core/bridge3.673.0_en.html#goog_1477123342:448:310
bC/this.aa@https://imasdk.googleapis.com/js/core/bridge3.673.0_en.html#goog_1477123342:446:29

JavaScript warning: https://www.gstatic.com/_/mss/boq-subscribewithgoogle/_/js/k=boq-subscribewithgoogle.SubscribewithgoogleClientUi.en_US.JAdv_-4V5X4.es5.O/am=MBgwAw/d=1/excm=_b,_tp,serviceiframeview/ed=1/dg=0/wt=2/ujg=1/rs=ABXTjI4s_diCboKz0Egrs315l494KZ7fUA/m=_b,_tp, line 297: Script terminated by timeout at:
c@https://www.gstatic.com/_/mss/boq-subscribewithgoogle/_/js/k=boq-subscribewithgoogle.SubscribewithgoogleClientUi.en_US.JAdv_-4V5X4.es5.O/am=MBgwAw/d=1/excm=_b,_tp,serviceiframeview/ed=1/dg=0/wt=2/ujg=1/rs=ABXTjI4s_diCboKz0Egrs315l494KZ7fUA/m=_b,_tp:297:187
b@https://www.gstatic.com/_/mss/boq-subscribewithgoogle/_/js/k=boq-subscribewithgoogle.SubscribewithgoogleClientUi.en_US.JAdv_-4V5X4.es5.O/am=MBgwAw/d=1/excm=_b,_tp,serviceiframeview/ed=1/dg=0/wt=2/ujg=1/rs=ABXTjI4s_diCboKz0Egrs315l494KZ7fUA/m=_b,_tp:288:48

console.warn: LoginRecipes: "Falling back to a synchronous message for: https://sso.int.accounts.dowjones.com."
console.warn: LoginRecipes: "Falling back to a synchronous message for: https://sso.int.accounts.dowjones.com."
console.warn: LoginRecipes: "Falling back to a synchronous message for: https://sso.int.accounts.dowjones.com."
console.warn: LoginRecipes: "Falling back to a synchronous message for: https://sso.int.accounts.dowjones.com."
JavaScript warning: https://www.googletagmanager.com/gtag/js?id=G-GJ5S1GJYKT, line 200: Script terminated by timeout at:
z@https://www.googletagmanager.com/gtag/js?id=G-GJ5S1GJYKT:200:158
KA@https://www.googletagmanager.com/gtag/js?id=G-GJ5S1GJYKT:591:134
LA/<@https://www.googletagmanager.com/gtag/js?id=G-GJ5S1GJYKT:591:111

1729516545108	Marionette	INFO	Stopped listening on port 51966
JavaScript warning: https://www.wsj.com/articles/twitter-elon-musk-to-argue-over-trial-timetable-to-force-44-billion-takeover-11658223001, line 246: Script terminated by timeout at:
emit@https://www.wsj.com/articles/twitter-elon-musk-to-argue-over-trial-timetable-to-force-44-billion-takeover-11658223001:246:9489
emit@https://www.wsj.com/articles/twitter-elon-musk-to-argue-over-trial-timetable-to-force-44-billion-takeover-11658223001:246:9440
i@https://www.wsj.com/articles/twitter-elon-musk-to-argue-over-trial-timetable-to-force-44-billion-takeover-11658223001:246:17773
nrWrapper@https://www.wsj.com/articles/twitter-elon-musk-to-argue-over-trial-timetable-to-force-44-billion-takeover-11658223001:246:17601
48711/W/<@https://www.wsj.com/_next/static/chunks/pages/_app-2445e54d7228dd90.js:1:7106
W@https://www.wsj.com/_next/static/chunks/pages/_app-2445e54d7228dd90.js:1:7022
9570@https://www.wsj.com/_next/static/chunks/pages/_app-2445e54d7228dd90.js:1:10158
r@https://www.wsj.com/_next/static/chunks/webpack-6d281d6da37a833a.js:1:167
70917@https://www.wsj.com/_next/static/chunks/pages/_app-2445e54d7228dd90.js:1:10980
r@https://www.wsj.com/_next/static/chunks/webpack-6d281d6da37a833a.js:1:167
92651@https://www.wsj.com/_next/static/chunks/pages/_app-2445e54d7228dd90.js:1:15727
r@https://www.wsj.com/_next/static/chunks/webpack-6d281d6da37a833a.js:1:167
8184@https://www.wsj.com/_next/static/chunks/pages/_app-2445e54d7228dd90.js:1:34901
r@https://www.wsj.com/_next/static/chunks/webpack-6d281d6da37a833a.js:1:167
91118/<@https://www.wsj.com/_next/static/chunks/pages/_app-2445e54d7228dd90.js:1:36004
19311/m/onEntrypoint/<@https://www.wsj.com/_next/static/chunks/main-cd92e5a27ba2f238.js:1:28568
nrWrapper@https://www.wsj.com/articles/twitter-elon-musk-to-argue-over-trial-timetable-to-force-44-billion-takeover-11658223001:246:17640

Dynamically enable window occlusion 1
console.error: services.settings: 
  Message: NetworkError: Network error: TypeError: NetworkError: Network request failed
  Stack:
    APIError@resource://services-settings/RemoteSettingsClient.sys.mjs:107:1
NetworkError@resource://services-settings/RemoteSettingsClient.sys.mjs:111:5
_adjustedError@resource://services-settings/RemoteSettingsClient.sys.mjs:916:14
maybeSync@resource://services-settings/RemoteSettingsClient.sys.mjs:821:38

console.warn: services.settings: main/cookie-banner-rules-list sync interrupted by shutdown
console.warn: services.settings: main/search-config-icons sync interrupted by shutdown
console.warn: services.settings: main/urlbar-persisted-search-terms sync interrupted by shutdown
console.warn: services.settings: main/url-classifier-skip-urls sync interrupted by shutdown
console.warn: services.settings: main/tracking-protection-lists sync interrupted by shutdown
console.warn: services.settings: main/sites-classification sync interrupted by shutdown
console.warn: services.settings: main/anti-tracking-url-decoration sync interrupted by shutdown
console.warn: services.settings: main/public-suffix-list sync interrupted by shutdown
console.error: (new AbortError("IndexedDB: main/regions getLastModified() IndexedDB:  execute() A request was aborted, for example through a call to IDBTransaction.abort.", "resource://services-settings/IDBHelpers.sys.mjs", 16))
