1728382487744	geckodriver	INFO	Listening on 127.0.0.1:57372
1728382490810	mozrunner::runner	INFO	Running command: "C:\\Program Files\\Mozilla Firefox\\firefox.exe" "--marionette" "--remote-debugging-port" "57373" "--remote-allow-hosts" "localhost" "-no-remote" "-profile" "D:\\Users\\sasikumarj\\AppData\\Local\\Temp\\rust_mozprofile3G6yVd"
console.warn: services.settings: Ignoring preference override of remote settings server
console.warn: services.settings: Allow by setting MOZ_REMOTE_SETTINGS_DEVTOOLS=1 in the environment
Dynamically enable window occlusion 0
1728382491668	Marionette	INFO	Marionette enabled
1728382491949	Marionette	INFO	Listening on port 57382
Read port: 57382
WebDriver BiDi listening on ws://127.0.0.1:57373
1728382492090	RemoteAgent	WARN	TLS certificate errors will be ignored for this session
DevTools listening on ws://127.0.0.1:57373/devtools/browser/839398f5-aa38-4a34-a2b8-cf98c79207f3
JavaScript warning: https://int-replay-wsj-elections.ore.onservo.com/election/_next/static/chunks/main-c0569e4635de2e62.js, line 1: unreachable code after return statement
JavaScript error: , line 0: TypeError: NetworkError when attempting to fetch resource.
JavaScript error: , line 0: TypeError: NetworkError when attempting to fetch resource.
JavaScript error: , line 0: TypeError: NetworkError when attempting to fetch resource.
JavaScript error: , line 0: TypeError: NetworkError when attempting to fetch resource.
JavaScript error: , line 0: TypeError: NetworkError when attempting to fetch resource.
JavaScript error: , line 0: TypeError: NetworkError when attempting to fetch resource.
JavaScript error: , line 0: TypeError: NetworkError when attempting to fetch resource.
JavaScript warning: https://securepubads.g.doubleclick.net/pagead/managed/js/gpt/m202410030101/pubads_impl.js, line 33: Script terminated by timeout at:
ti@https://securepubads.g.doubleclick.net/pagead/managed/js/gpt/m202410030101/pubads_impl.js:33:46351
Mx<@https://securepubads.g.doubleclick.net/pagead/managed/js/gpt/m202410030101/pubads_impl.js:33:455299
Ox/<@https://securepubads.g.doubleclick.net/pagead/managed/js/gpt/m202410030101/pubads_impl.js:33:131319
sm/<@https://securepubads.g.doubleclick.net/pagead/managed/js/gpt/m202410030101/pubads_impl.js:33:68759
Fm@https://securepubads.g.doubleclick.net/pagead/managed/js/gpt/m202410030101/pubads_impl.js:33:68974
Ox@https://securepubads.g.doubleclick.net/pagead/managed/js/gpt/m202410030101/pubads_impl.js:33:131009
NT.prototype.g@https://securepubads.g.doubleclick.net/pagead/managed/js/gpt/m202410030101/pubads_impl.js:33:467456
bL.prototype.start/<@https://securepubads.g.doubleclick.net/pagead/managed/js/gpt/m202410030101/pubads_impl.js:33:256766
Py@https://securepubads.g.doubleclick.net/pagead/managed/js/gpt/m202410030101/pubads_impl.js:33:139001
Ry/this.next@https://securepubads.g.doubleclick.net/pagead/managed/js/gpt/m202410030101/pubads_impl.js:33:139300
b@https://securepubads.g.doubleclick.net/pagead/managed/js/gpt/m202410030101/pubads_impl.js:33:139551

JavaScript warning: https://int-replay-wsj-elections.ore.onservo.com/election/_next/static/chunks/main-c0569e4635de2e62.js, line 1: Script terminated by timeout at:
8018/g/<@https://int-replay-wsj-elections.ore.onservo.com/election/_next/static/chunks/main-c0569e4635de2e62.js:1:111956
r@https://int-replay-wsj-elections.ore.onservo.com/election/_next/static/chunks/main-c0569e4635de2e62.js:1:111426

JavaScript warning: https://newscorp.okta.com/assets/js/sdk/okta-signin-widget/7.23.1/js/okta-sign-in.min.js, line 99: Script terminated by timeout at:
trigger@https://newscorp.okta.com/assets/js/sdk/okta-signin-widget/7.23.1/js/okta-sign-in.min.js:99:68097
simulate@https://newscorp.okta.com/assets/js/sdk/okta-signin-widget/7.23.1/js/okta-sign-in.min.js:99:68744
n@https://newscorp.okta.com/assets/js/sdk/okta-signin-widget/7.23.1/js/okta-sign-in.min.js:99:69036

1728382830473	Marionette	INFO	Stopped listening on port 57382
Dynamically enable window occlusion 1
