1728454543039	geckodriver	INFO	Listening on 127.0.0.1:62809
1728454546083	mozrunner::runner	INFO	Running command: "C:\\Program Files\\Mozilla Firefox\\firefox.exe" "--marionette" "--remote-debugging-port" "62810" "--remote-allow-hosts" "localhost" "-no-remote" "-profile" "D:\\Users\\sasikumarj\\AppData\\Local\\Temp\\rust_mozprofileRGDJZs"
console.warn: services.settings: Ignoring preference override of remote settings server
console.warn: services.settings: Allow by setting MOZ_REMOTE_SETTINGS_DEVTOOLS=1 in the environment
Dynamically enable window occlusion 0
1728454546653	Marionette	INFO	Marionette enabled
1728454546871	Marionette	INFO	Listening on port 62817
WebDriver BiDi listening on ws://127.0.0.1:62810
Read port: 62817
1728454547068	RemoteAgent	WARN	TLS certificate errors will be ignored for this session
DevTools listening on ws://127.0.0.1:62810/devtools/browser/b8c5825c-c3dd-460f-9324-e6e14c757775
JavaScript warning: https://www.dev.marketwatch.com/_next/static/chunks/main-7c2c5b4ee7ae4ea0.js, line 1: unreachable code after return statement
JavaScript error: https://d3h0wybtovte4j.cloudfront.net/ugeovhprh.js, line 1: TypeError: URL constructor: null/foo.html?o=u&r=&l=https://www.dev.marketwatch.com/&aa=NA&ib=false&buster=sPpMdrDIECeFugxX is not a valid URL.
JavaScript error: https://cdn.cxense.com/sp1.html#ver=2.8.80&typ=pgv&rnd=m21h7x4del40klf0&sid=1138573015853471556&loc=https%3A%2F%2Fwww.dev.marketwatch.com%2Fauthor%2FCatey-Hill&new=1&arf=0&ltm=1728454563956&ref=&tzo=-330&wsz=1278x497&res=1278x622&dpr=1&col=24&bln=en-US&chs=UTF-8&cks=m21h7x77smfqo8ro&ckp=m21h7x4duhu9y8xw&glb=&cp_userState=anon&cp_testGroup=30&cp_env=staging&cp_topDomain=marketwatch.com&cp_template=full&cp_access=free&cp_section=Author&cp_subsection=Catey%20Hill&cp_cms_name=Peavey&cp_subscriber=nonsubscriber&cp_edition=naus&cp_bucket=1&cp_ab_bucket=91&cp_pageContentSource=MarketWatch&cp_pageContentType=Summaries&cp_pageContentTypeDetai=default&cp_pageSiteProduct=MW&cp_userTags=&cp_sessionState=none, line 1: TypeError: cX.loadScript is not a function
JavaScript error: https://d3h0wybtovte4j.cloudfront.net/ugeovhprh.js, line 1: TypeError: URL constructor: null/foo.html?o=u&r=&l=https://www.dev.marketwatch.com/author/Catey-Hill&aa=NA&ib=false&buster=jLvcSpwRydPZDyBp is not a valid URL.
JavaScript error: , line 0: uncaught exception: undefined
JavaScript warning: https://cdn.cxense.com/cx.js, line 6: Script terminated by timeout at:
Yi@https://cdn.cxense.com/cx.js:6:52815
ea@https://cdn.cxense.com/cx.js:6:70153
ra/<@https://cdn.cxense.com/cx.js:6:70614

JavaScript error: , line 0: TypeError: NetworkError when attempting to fetch resource.
JavaScript error: , line 0: TypeError: NetworkError when attempting to fetch resource.
1728454570881	Marionette	INFO	Stopped listening on port 62817
Dynamically enable window occlusion 1
