1729773436953	geckodriver	INFO	Listening on 127.0.0.1:60023
1729773440002	mozrunner::runner	INFO	Running command: "C:\\Program Files\\Mozilla Firefox\\firefox.exe" "--marionette" "--remote-debugging-port" "60024" "--remote-allow-hosts" "localhost" "-no-remote" "-profile" "D:\\Users\\sasikumarj\\AppData\\Local\\Temp\\rust_mozprofileJeEUCD"
console.warn: services.settings: Ignoring preference override of remote settings server
console.warn: services.settings: Allow by setting MOZ_REMOTE_SETTINGS_DEVTOOLS=1 in the environment
Dynamically enable window occlusion 0
1729773440918	Marionette	INFO	Marionette enabled
1729773441274	Marionette	INFO	Listening on port 60031
WebDriver BiDi listening on ws://127.0.0.1:60024
Read port: 60031
1729773441661	RemoteAgent	WARN	TLS certificate errors will be ignored for this session
DevTools listening on ws://127.0.0.1:60024/devtools/browser/285a9a4b-e4ea-49ad-9590-d56d18d2edd1
JavaScript warning: https://int-replay-wsj-elections.ore.onservo.com/election/_next/static/chunks/main-c0569e4635de2e62.js, line 1: unreachable code after return statement
JavaScript warning: https://int-replay-wsj-elections.ore.onservo.com/election/_next/static/chunks/main-c0569e4635de2e62.js, line 1: unreachable code after return statement
A content process crashed and MOZ_CRASHREPORTER_SHUTDOWN is set, shutting down
A content process crashed and MOZ_CRASHREPORTER_SHUTDOWN is set, shutting down
JavaScript error: chrome://global/content/elements/browser-custom-element.js, line 1679: Error: permitUnload is already running for this tab.
JavaScript warning: https://www.dev.wsj.com/_next/static/chunks/framework-85b6536238798673.js, line 1: Script terminated by timeout at:
eE@https://www.dev.wsj.com/_next/static/chunks/framework-85b6536238798673.js:1:13930
n$@https://www.dev.wsj.com/_next/static/chunks/framework-85b6536238798673.js:1:21792
nU@https://www.dev.wsj.com/_next/static/chunks/framework-85b6536238798673.js:1:21105
nI@https://www.dev.wsj.com/_next/static/chunks/framework-85b6536238798673.js:1:21027

out of memory: 0x0000000000000018 bytes requested
JavaScript error: resource:///modules/sessionstore/SessionStore.sys.mjs, line 2367: TypeError: subject.QueryInterface is not a function
A content process crashed and MOZ_CRASHREPORTER_SHUTDOWN is set, shutting down
1729773452342	Marionette	INFO	Stopped listening on port 60031
Dynamically enable window occlusion 1
A content process crashed and MOZ_CRASHREPORTER_SHUTDOWN is set, shutting down
