1728415039696	geckodriver	INFO	Listening on 127.0.0.1:62183
1728415042738	mozrunner::runner	INFO	Running command: "C:\\Program Files\\Mozilla Firefox\\firefox.exe" "--marionette" "--remote-debugging-port" "62184" "--remote-allow-hosts" "localhost" "-no-remote" "-profile" "D:\\Users\\sasikumarj\\AppData\\Local\\Temp\\rust_mozprofilenWz2vV"
console.warn: services.settings: Ignoring preference override of remote settings server
console.warn: services.settings: Allow by setting MOZ_REMOTE_SETTINGS_DEVTOOLS=1 in the environment
Dynamically enable window occlusion 0
1728415043351	Marionette	INFO	Marionette enabled
1728415043596	Marionette	INFO	Listening on port 62195
WebDriver BiDi listening on ws://127.0.0.1:62184
Read port: 62195
1728415043840	RemoteAgent	WARN	TLS certificate errors will be ignored for this session
DevTools listening on ws://127.0.0.1:62184/devtools/browser/49d85994-c801-4b0e-8dc7-25a3046a352d
JavaScript error: https://cdn.cxense.com/sp1.html#ver=2.8.80&typ=pgv&rnd=m20tp117wbsyh0fc&sid=1144071410389139719&loc=https%3A%2F%2Fwww.s.dev.mansionglobal.com%2F&new=1&arf=0&ltm=1728415051399&ref=&tzo=-330&wsz=1278x497&res=1278x622&dpr=1&col=24&bln=en-US&chs=UTF-8&cks=m20tp12qtft6ad6m&ckp=m20tp117rzmfst3f&glb=&cp_userState=anon&cp_testGroup=47&cp_env=staging&cp_topDomain=mansionglobal.com&cp_template=full&cp_access=free&cp_section=Home&cp_subsection=&cp_cms_name=CMS%20Wordpress&cp_subscriber=nonsubscriber&cp_edition=naus&cp_bucket=1&cp_ab_bucket=81&cp_pageContentSource=Mansion%20Global&cp_pageContentType=Home&cp_pageContentTypeDetai=default&cp_pageSiteProduct=MG&cp_userTags=&cp_sessionState=none, line 1: TypeError: cX.loadScript is not a function
JavaScript error: , line 0: TypeError: NetworkError when attempting to fetch resource.
JavaScript warning: https://pagead2.googlesyndication.com/bg/WEoqGYGTldYSfSNCQ9Ugqu-00NFuS6e6WOK2G2Y_zzI.js line 2 > eval line 1916 > eval line 1 > eval line 1 > eval, line 1: WEBGL_debug_renderer_info is deprecated in Firefox and will be removed. Please use RENDERER.
JavaScript warning: https://cdn.parsely.com/keys/mansionglobal.com/p.js, line 7: Script terminated by timeout at:
value/n<@https://cdn.parsely.com/keys/mansionglobal.com/p.js:7:24273
value@https://cdn.parsely.com/keys/mansionglobal.com/p.js:7:24274
value@https://cdn.parsely.com/keys/mansionglobal.com/p.js:7:24771

JavaScript warning: https://imasdk.googleapis.com/js/core/bridge3.670.0_en.html#goog_342836829, line 453: Script terminated by timeout at:
PB@https://imasdk.googleapis.com/js/core/bridge3.670.0_en.html#goog_342836829:453:310
TB/this.aa@https://imasdk.googleapis.com/js/core/bridge3.670.0_en.html#goog_342836829:451:29

1728415065872	Marionette	INFO	Stopped listening on port 62195
Dynamically enable window occlusion 1
