1729518250023	geckodriver	INFO	Listening on 127.0.0.1:51583
1729518253067	mozrunner::runner	INFO	Running command: "C:\\Program Files\\Mozilla Firefox\\firefox.exe" "--marionette" "--remote-debugging-port" "51584" "--remote-allow-hosts" "localhost" "-no-remote" "-profile" "D:\\Users\\sasikumarj\\AppData\\Local\\Temp\\rust_mozprofileIreMOD"
console.warn: services.settings: Ignoring preference override of remote settings server
console.warn: services.settings: Allow by setting MOZ_REMOTE_SETTINGS_DEVTOOLS=1 in the environment
Dynamically enable window occlusion 0
1729518253768	Marionette	INFO	Marionette enabled
1729518254040	Marionette	INFO	Listening on port 51599
WebDriver BiDi listening on ws://127.0.0.1:51584
Read port: 51599
1729518254271	RemoteAgent	WARN	TLS certificate errors will be ignored for this session
DevTools listening on ws://127.0.0.1:51584/devtools/browser/41942517-25fc-4ee1-a54a-691a5fb9b356
JavaScript warning: https://int-replay-wsj-elections.ore.onservo.com/election/_next/static/chunks/main-c0569e4635de2e62.js, line 1: unreachable code after return statement
JavaScript error: https://cdn.cxense.com/sp1.html#ver=2.8.81&typ=pgv&rnd=m2j2itgwzg82shyi&sid=1134002947328204066&loc=https%3A%2F%2Fwww.dev.wsj.com%2F&new=1&arf=0&ltm=1729518269365&ref=&tzo=-330&wsz=1278x497&res=1278x622&dpr=1&col=24&bln=en-US&chs=UTF-8&cks=m2j2itmitpv9dgo5&ckp=m2j2itgwtx656qnt&glb=&cp_userState=anon&cp_testGroup=80&cp_env=staging&cp_topDomain=wsj.com&cp_template=full&cp_access=free&cp_section=US%20Home%20Page&cp_subsection=&cp_cms_name=CAPS&cp_subscriber=nonsubscriber&cp_edition=naus&cp_bucket=9&cp_ab_bucket=59&cp_pageContentSource=WSJ%20Online&cp_pageContentType=Home&cp_pageContentTypeDetai=desktopweb&cp_pageSiteProduct=WSJ&cp_userTags=&cp_sessionState=none, line 1: TypeError: cX.loadScript is not a function
1729518271773	Marionette	WARN	Ignoring event 'DOMContentLoaded' because document has an invalid readyState of 'complete'.
JavaScript warning: https://sc-static.net/scevent.min.js, line 2: Script terminated by timeout at:
m@https://sc-static.net/scevent.min.js:2:2789
c@https://sc-static.net/scevent.min.js:2:6893

JavaScript warning: https://pagead2.googlesyndication.com/bg/-DbLkJJK3YZOSOasYi6rcjkBM_N5vpNI48728xD2bD8.js line 2 > eval line 1327 > eval line 1 > eval line 1 > eval, line 1: WEBGL_debug_renderer_info is deprecated in Firefox and will be removed. Please use RENDERER.
JavaScript error: , line 0: TypeError: NetworkError when attempting to fetch resource.
JavaScript error: https://news.google.com/swg/js/v1/swg.js, line 17: Error: XHR Failed fetching (https://news.google.com/...): (Note: a CORS error above may indicate that this publisher or domain is not configured in Publisher Center. The CORS error happens because 4xx responses do not set CORS headers.)

TypeError: NetworkError when attempting to fetch resource.
JavaScript error: , line 0: uncaught exception: Object
JavaScript error: https://news.google.com/swg/js/v1/swg.js, line 17: Error: Error: not allowed
JavaScript warning: https://www.googletagmanager.com/gtag/js?id=G-GJ5S1GJYKT, line 199: Script terminated by timeout at:
l@https://www.googletagmanager.com/gtag/js?id=G-GJ5S1GJYKT:199:957
Jl@https://www.googletagmanager.com/gtag/js?id=G-GJ5S1GJYKT:380:558
Mm@https://www.googletagmanager.com/gtag/js?id=G-GJ5S1GJYKT:390:720
pI/<@https://www.googletagmanager.com/gtag/js?id=G-GJ5S1GJYKT:721:187
ca.Yk/<@https://www.googletagmanager.com/gtag/js?id=G-GJ5S1GJYKT:663:126
ca.Yk/c/<@https://www.googletagmanager.com/gtag/js?id=G-GJ5S1GJYKT:662:420

1729518805090	Marionette	INFO	Stopped listening on port 51599
Dynamically enable window occlusion 1
!!! error running onStopped callback: TypeError: callback is not a function
