1729066263723	geckodriver	INFO	Listening on 127.0.0.1:61418
1729066267094	mozrunner::runner	INFO	Running command: "C:\\Program Files\\Mozilla Firefox\\firefox.exe" "--marionette" "--remote-debugging-port" "61419" "--remote-allow-hosts" "localhost" "-no-remote" "-profile" "D:\\Users\\sasikumarj\\AppData\\Local\\Temp\\rust_mozprofileCz5ERx"
console.warn: services.settings: Ignoring preference override of remote settings server
console.warn: services.settings: Allow by setting MOZ_REMOTE_SETTINGS_DEVTOOLS=1 in the environment
Dynamically enable window occlusion 0
1729066268976	Marionette	INFO	Marionette enabled
1729066269603	Marionette	INFO	Listening on port 61562
WebDriver BiDi listening on ws://127.0.0.1:61419
Read port: 61562
1729066270258	RemoteAgent	WARN	TLS certificate errors will be ignored for this session
DevTools listening on ws://127.0.0.1:61419/devtools/browser/6b6be447-2fdb-479b-a18a-7fde88dba4c8
JavaScript warning: https://www.wsj.com/_next/static/chunks/pages/_app-2445e54d7228dd90.js, line 1: Script terminated by timeout at:
85662/m/<.name<@https://www.wsj.com/_next/static/chunks/pages/_app-2445e54d7228dd90.js:1:14618
m@https://www.wsj.com/_next/static/chunks/pages/_app-2445e54d7228dd90.js:1:15127
55319/e/</_<@https://www.wsj.com/_next/static/chunks/8896-d7e15300176f1bc5.js:1:5616
9570/l/<@https://www.wsj.com/_next/static/chunks/pages/_app-2445e54d7228dd90.js:1:10251
ad@https://www.wsj.com/_next/static/chunks/framework-85b6536238798673.js:1:58687
uo@https://www.wsj.com/_next/static/chunks/framework-85b6536238798673.js:1:71442
i@https://www.wsj.com/_next/static/chunks/framework-85b6536238798673.js:1:121737
oF@https://www.wsj.com/_next/static/chunks/framework-85b6536238798673.js:1:99306
64448/oO/<@https://www.wsj.com/_next/static/chunks/framework-85b6536238798673.js:1:99174
oO@https://www.wsj.com/_next/static/chunks/framework-85b6536238798673.js:1:99179
oS@https://www.wsj.com/_next/static/chunks/framework-85b6536238798673.js:1:94218
x@https://www.wsj.com/_next/static/chunks/framework-85b6536238798673.js:1:137808
T@https://www.wsj.com/_next/static/chunks/framework-85b6536238798673.js:1:138337

console.error: (new InvalidStateError("JSWindowActorChild.sendAsyncMessage: JSWindowActorChild cannot send at the moment", (void 0), 566))
JavaScript error: resource:///modules/FaviconLoader.sys.mjs, line 582: InvalidStateError: JSWindowActorChild.sendAsyncMessage: JSWindowActorChild cannot send at the moment
console.error: (new InvalidStateError("JSWindowActorChild.sendAsyncMessage: JSWindowActorChild cannot send at the moment", (void 0), 566))
JavaScript error: resource:///modules/FaviconLoader.sys.mjs, line 582: InvalidStateError: JSWindowActorChild.sendAsyncMessage: JSWindowActorChild cannot send at the moment
1729066281788	Marionette	INFO	Stopped listening on port 61562
Dynamically enable window occlusion 1
!!! error running onStopped callback: TypeError: callback is not a function
JavaScript error: chrome://remote/content/marionette/cert.sys.mjs, line 47: NS_ERROR_NOT_AVAILABLE: Component returned failure code: 0x80040111 (NS_ERROR_NOT_AVAILABLE) [nsICertOverrideService.setDisableAllSecurityChecksAndLetAttackersInterceptMyData]
1729066281928	WebDriver BiDi	ERROR	Failed to stop protocol: [Exception... "Component returned failure code: 0x80040111 (NS_ERROR_NOT_AVAILABLE) [nsICertOverrideService.setDisableAllSecurityChecksAndLetAttackersInterceptMyData]"  nsresult: "0x80040111 (NS_ERROR_NOT_AVAILABLE)"  location: "JS frame :: chrome://remote/content/marionette/cert.sys.mjs :: allowAllCerts.disable :: line 47"  data: no] Stack trace: allowAllCerts.disable()@cert.sys.mjs:47
destroy()@Session.sys.mjs:280
deleteSession()@WebDriverBiDi.sys.mjs:174
stop()@WebDriverBiDi.sys.mjs:264
observe()@resource://gre/modules/AsyncShutdown.sys.mjs:569
