1728454698813	geckodriver	INFO	Listening on 127.0.0.1:55679
1728454701860	mozrunner::runner	INFO	Running command: "C:\\Program Files\\Mozilla Firefox\\firefox.exe" "--marionette" "--remote-debugging-port" "55680" "--remote-allow-hosts" "localhost" "-no-remote" "-profile" "D:\\Users\\sasikumarj\\AppData\\Local\\Temp\\rust_mozprofilerji23v"
console.warn: services.settings: Ignoring preference override of remote settings server
console.warn: services.settings: Allow by setting MOZ_REMOTE_SETTINGS_DEVTOOLS=1 in the environment
Dynamically enable window occlusion 0
1728454702474	Marionette	INFO	Marionette enabled
1728454702723	Marionette	INFO	Listening on port 55688
WebDriver BiDi listening on ws://127.0.0.1:55680
Read port: 55688
1728454702980	RemoteAgent	WARN	TLS certificate errors will be ignored for this session
DevTools listening on ws://127.0.0.1:55680/devtools/browser/32e082e4-1596-4a9b-9f1d-c2d087651bd0
JavaScript warning: https://www.marketwatch.com/_next/static/chunks/main-7c2c5b4ee7ae4ea0.js, line 1: unreachable code after return statement
JavaScript error: https://cdn.cxense.com/sp1.html#ver=2.8.80&typ=pgv&rnd=m21hb294ohtqp03d&sid=9222325317970825873&loc=https%3A%2F%2Fwww.marketwatch.com%2Fstory%2Fis-the-u-s-stock-market-closed-on-juneteenth-what-investors-need-to-know-11655230158&new=1&arf=0&ltm=1728454710573&ref=&tzo=-330&wsz=1278x497&res=1278x622&dpr=1&col=24&bln=en-US&chs=UTF-8&cks=m21hb2az12h8qp1i&ckp=m21hb295tljethxu&glb=&amo=1655731440&cp_userState=anon&cp_testGroup=60&cp_topDomain=marketwatch.com&cp_pwTag=default&cp_pwPlacement=cx-articlecover&cp_pwCampaign=226&cp_pwType=free&cp_type=Market%20Extra&cp_template=preview&cp_access=paid&cp_section=Markets&cp_subsection=Markets&cp_cms_name=MarketWatch%20CMS%20(PROD)&cp_vix=&cp_subscriber=nonsubscriber&cp_edition=naus&cp_bucket=8&cp_ab_bucket=88&cp_pageContentSource=MarketWatch&cp_pageContentType=Article&cp_pageContentTypeDetai=standard&cp_pageSiteProduct=MW&cp_userTags=&cp_sessionState=none, line 1: TypeError: cX.loadScript is not a function
JavaScript error: , line 0: uncaught exception: undefined
JavaScript warning: https://www.googletagmanager.com/gtag/js?id=G-K2H7B9JRSS, line 176: Script terminated by timeout at:
Qa@https://www.googletagmanager.com/gtag/js?id=G-K2H7B9JRSS:176:303
f@https://www.googletagmanager.com/gtag/js?id=G-K2H7B9JRSS:207:267
e@https://www.googletagmanager.com/gtag/js?id=G-K2H7B9JRSS:207:91
f@https://www.googletagmanager.com/gtag/js?id=G-K2H7B9JRSS:207:297
cd@https://www.googletagmanager.com/gtag/js?id=G-K2H7B9JRSS:209:79
AI/<@https://www.googletagmanager.com/gtag/js?id=G-K2H7B9JRSS:703:697
ns@https://www.googletagmanager.com/gtag/js?id=G-K2H7B9JRSS:487:242
aa.Qm@https://www.googletagmanager.com/gtag/js?id=G-K2H7B9JRSS:675:159
aa.Pm/</<@https://www.googletagmanager.com/gtag/js?id=G-K2H7B9JRSS:672:489
Tk@https://www.googletagmanager.com/gtag/js?id=G-K2H7B9JRSS:366:151
sl@https://www.googletagmanager.com/gtag/js?id=G-K2H7B9JRSS:372:70
aa.Pm/<@https://www.googletagmanager.com/gtag/js?id=G-K2H7B9JRSS:672:475
c@https://www.googletagmanager.com/gtag/js?id=G-K2H7B9JRSS:506:411
gu@https://www.googletagmanager.com/gtag/js?id=G-K2H7B9JRSS:507:237
aa.Pm@https://www.googletagmanager.com/gtag/js?id=G-K2H7B9JRSS:672:461
c@https://www.googletagmanager.com/gtag/js?id=G-K2H7B9JRSS:686:970
Km@https://www.googletagmanager.com/gtag/js?id=G-K2H7B9JRSS:385:1
Jm.prototype.flush@https://www.googletagmanager.com/gtag/js?id=G-K2H7B9JRSS:387:336
Jm.prototype.push@https://www.googletagmanager.com/gtag/js?id=G-K2H7B9JRSS:385:403
Cm@https://www.googletagmanager.com/gtag/js?id=G-K2H7B9JRSS:382:785
QH/<@https://www.googletagmanager.com/gtag/js?id=G-K2H7B9JRSS:687:187
aa.Yk/<@https://www.googletagmanager.com/gtag/js?id=G-K2H7B9JRSS:630:126
aa.Yk/c/<@https://www.googletagmanager.com/gtag/js?id=G-K2H7B9JRSS:629:420
nrWrapper@https://www.marketwatch.com/story/is-the-u-s-stock-market-closed-on-juneteenth-what-investors-need-to-know-11655230158:104:17810

JavaScript error: , line 0: TypeError: NetworkError when attempting to fetch resource.
1728454722719	Marionette	INFO	Stopped listening on port 55688
JavaScript warning: https://www.gstatic.com/_/mss/boq-subscribewithgoogle/_/js/k=boq-subscribewithgoogle.SubscribewithgoogleClientUi.en_US.Y7snZc84UmY.es5.O/am=YDBgBg/d=1/excm=_b,_tp,serviceiframeview/ed=1/dg=0/wt=2/ujg=1/rs=ABXTjI4o6JJW61vjfL39b99y1stb_FZTXg/m=_b,_tp, line 290: Script terminated by timeout at:
c@https://www.gstatic.com/_/mss/boq-subscribewithgoogle/_/js/k=boq-subscribewithgoogle.SubscribewithgoogleClientUi.en_US.Y7snZc84UmY.es5.O/am=YDBgBg/d=1/excm=_b,_tp,serviceiframeview/ed=1/dg=0/wt=2/ujg=1/rs=ABXTjI4o6JJW61vjfL39b99y1stb_FZTXg/m=_b,_tp:290:187
b@https://www.gstatic.com/_/mss/boq-subscribewithgoogle/_/js/k=boq-subscribewithgoogle.SubscribewithgoogleClientUi.en_US.Y7snZc84UmY.es5.O/am=YDBgBg/d=1/excm=_b,_tp,serviceiframeview/ed=1/dg=0/wt=2/ujg=1/rs=ABXTjI4o6JJW61vjfL39b99y1stb_FZTXg/m=_b,_tp:281:48

Dynamically enable window occlusion 1
JavaScript error: , line 0: TypeError: NetworkError when attempting to fetch resource.
