1728284675030	geckodriver	INFO	Listening on 127.0.0.1:57086
1728284678180	mozrunner::runner	INFO	Running command: "C:\\Program Files\\Mozilla Firefox\\firefox.exe" "--marionette" "--remote-debugging-port" "57087" "--remote-allow-hosts" "localhost" "-no-remote" "-profile" "D:\\Users\\sasikumarj\\AppData\\Local\\Temp\\rust_mozprofileWw73lJ"
console.warn: services.settings: Ignoring preference override of remote settings server
console.warn: services.settings: Allow by setting MOZ_REMOTE_SETTINGS_DEVTOOLS=1 in the environment
Dynamically enable window occlusion 0
1728284678892	Marionette	INFO	Marionette enabled
1728284679160	Marionette	INFO	Listening on port 57112
WebDriver BiDi listening on ws://127.0.0.1:57087
Read port: 57112
1728284679471	RemoteAgent	WARN	TLS certificate errors will be ignored for this session
DevTools listening on ws://127.0.0.1:57087/devtools/browser/c932d99e-1f04-4c8f-be40-3731d75acd6c
JavaScript warning: https://js-agent.newrelic.com/nr-spa-1.267.0.min.js, line 2: Script terminated by timeout at:
a@https://js-agent.newrelic.com/nr-spa-1.267.0.min.js:2:9047
_send@https://js-agent.newrelic.com/nr-spa-1.267.0.min.js:2:3968
send@https://js-agent.newrelic.com/nr-spa-1.267.0.min.js:2:2901
1140/runHarvest/a<@https://js-agent.newrelic.com/nr-spa-1.267.0.min.js:2:1744
1140/runHarvest/<@https://js-agent.newrelic.com/nr-spa-1.267.0.min.js:2:1783
runHarvest@https://js-agent.newrelic.com/nr-spa-1.267.0.min.js:2:1769
unload@https://js-agent.newrelic.com/nr-spa-1.267.0.min.js:2:838
nrWrapper@https://www.marketwatch.com/:358:17810

console.warn: LoginRecipes: "Falling back to a synchronous message for: https://sso.accounts.dowjones.com."
console.warn: LoginRecipes: "Falling back to a synchronous message for: https://sso.accounts.dowjones.com."
console.warn: LoginRecipes: "Falling back to a synchronous message for: https://sso.accounts.dowjones.com."
console.warn: LoginRecipes: "Falling back to a synchronous message for: https://sso.accounts.dowjones.com."
JavaScript warning: https://www.googletagmanager.com/gtag/js?id=G-K2H7B9JRSS, line 200: Script terminated by timeout at:
Kc@https://www.googletagmanager.com/gtag/js?id=G-K2H7B9JRSS:200:321
nG@https://www.googletagmanager.com/gtag/js?id=G-K2H7B9JRSS:648:262
pG.prototype.flush@https://www.googletagmanager.com/gtag/js?id=G-K2H7B9JRSS:652:300
ba.flush@https://www.googletagmanager.com/gtag/js?id=G-K2H7B9JRSS:669:132
FH/<@https://www.googletagmanager.com/gtag/js?id=G-K2H7B9JRSS:680:210
ba.Qk/<@https://www.googletagmanager.com/gtag/js?id=G-K2H7B9JRSS:623:126
ba.Qk/c/<@https://www.googletagmanager.com/gtag/js?id=G-K2H7B9JRSS:622:420

JavaScript error: , line 0: TypeError: NetworkError when attempting to fetch resource.
JavaScript error: https://cdn.cxense.com/sp1.html#ver=2.8.80&typ=pgv&rnd=m1yo3c065e1vn3x6&sid=9222325317970825873&loc=https%3A%2F%2Fwww.marketwatch.com%2Fnewsletters%3Fmod%3DfollowUI&new=1&arf=0&ltm=1728284708748&ref=&tzo=-330&wsz=1278x497&res=1278x622&dpr=1&col=24&bln=en-US&chs=UTF-8&cks=m1yo3c5erqpop7r6&ckp=m1yo3c067lmzntcf&glb=&eid0=e4cefa22ef027cc0132f0c218da37da39cdb3228234af4df969b5c463592e123&eit0=wsj&cp_userState=anon&cp_testGroup=65&cp_topDomain=marketwatch.com&cp_navSource=followUI&cp_template=full&cp_access=free&cp_section=Newsletters&cp_subsection=&cp_cms_name=&cp_subscriber=registered&cp_edition=naus&cp_bucket=1&cp_ab_bucket=61&cp_pageContentSource=MarketWatch&cp_pageContentType=Summaries&cp_pageContentTypeDetai=newsletters&cp_pageSiteProduct=MW&cp_userTags=&cp_sessionState=ca, line 1: TypeError: cX.loadScript is not a function
1728284714640	Marionette	INFO	Stopped listening on port 57112
Dynamically enable window occlusion 1
