1728284825595	geckodriver	INFO	Listening on 127.0.0.1:58231
1728284828734	mozrunner::runner	INFO	Running command: "C:\\Program Files\\Mozilla Firefox\\firefox.exe" "--marionette" "--remote-debugging-port" "58232" "--remote-allow-hosts" "localhost" "-no-remote" "-profile" "D:\\Users\\sasikumarj\\AppData\\Local\\Temp\\rust_mozprofileStUygh"
console.warn: services.settings: Ignoring preference override of remote settings server
console.warn: services.settings: Allow by setting MOZ_REMOTE_SETTINGS_DEVTOOLS=1 in the environment
Dynamically enable window occlusion 0
1728284829444	Marionette	INFO	Marionette enabled
1728284829737	Marionette	INFO	Listening on port 58253
WebDriver BiDi listening on ws://127.0.0.1:58232
Read port: 58253
1728284830018	RemoteAgent	WARN	TLS certificate errors will be ignored for this session
DevTools listening on ws://127.0.0.1:58232/devtools/browser/bd23edb1-d2fc-4136-8e0f-6e972a83e2c8
JavaScript warning: https://www.marketwatch.com/, line 358: Script terminated by timeout at:
emit@https://www.marketwatch.com/:358:9463
Ue/<@https://www.marketwatch.com/:358:53693
emit@https://www.marketwatch.com/:358:9476
i@https://www.marketwatch.com/:358:17943
nrWrapper@https://www.marketwatch.com/:358:17870

console.warn: LoginRecipes: "Falling back to a synchronous message for: https://sso.accounts.dowjones.com."
console.warn: LoginRecipes: "Falling back to a synchronous message for: https://sso.accounts.dowjones.com."
console.warn: LoginRecipes: "Falling back to a synchronous message for: https://sso.accounts.dowjones.com."
console.warn: LoginRecipes: "Falling back to a synchronous message for: https://sso.accounts.dowjones.com."
JavaScript error: https://cdn.cxense.com/sp1.html#ver=2.8.80&typ=pgv&rnd=m1yo6gbagb9cdd5i&sid=9222325317970825873&loc=https%3A%2F%2Fwww.marketwatch.com%2Ffollow&new=1&arf=0&ltm=1728284854298&ref=https%3A%2F%2Fsso.accounts.dowjones.com%2F&tzo=-330&wsz=1278x497&res=1278x622&dpr=1&col=24&bln=en-US&chs=UTF-8&cks=m1yo6gegl3k0q5z1&ckp=m1yo6gbak3wcxw76&glb=&eid0=e4cefa22ef027cc0132f0c218da37da39cdb3228234af4df969b5c463592e123&eit0=wsj&cp_userState=anon&cp_testGroup=56&cp_topDomain=marketwatch.com&cp_template=full&cp_access=free&cp_section=Follow&cp_subsection=mw&cp_cms_name=CAPS&cp_subscriber=registered&cp_edition=naus&cp_bucket=3&cp_ab_bucket=13&cp_pageContentSource=MarketWatch&cp_pageContentType=Follow&cp_pageContentTypeDetai=follow&cp_pageSiteProduct=MW&cp_userTags=&cp_sessionState=ca, line 1: TypeError: cX.loadScript is not a function
1728284865153	Marionette	INFO	Stopped listening on port 58253
Dynamically enable window occlusion 1
