1729057552472	geckodriver	INFO	Listening on 127.0.0.1:57302
1729057555373	mozrunner::runner	INFO	Running command: "C:\\Program Files\\Mozilla Firefox\\firefox.exe" "--marionette" "--remote-debugging-port" "57303" "--remote-allow-hosts" "localhost" "-no-remote" "-profile" "D:\\Users\\sasikumarj\\AppData\\Local\\Temp\\rust_mozprofileTPXnkX"
console.warn: services.settings: Ignoring preference override of remote settings server
console.warn: services.settings: Allow by setting MOZ_REMOTE_SETTINGS_DEVTOOLS=1 in the environment
Dynamically enable window occlusion 0
1729057556271	Marionette	INFO	Marionette enabled
1729057556594	Marionette	INFO	Listening on port 57450
WebDriver BiDi listening on ws://127.0.0.1:57303
Read port: 57450
1729057556973	RemoteAgent	WARN	TLS certificate errors will be ignored for this session
DevTools listening on ws://127.0.0.1:57303/devtools/browser/acc96ad0-932b-4b01-a6df-50ec818b8a0b
JavaScript error: https://cdn.cxense.com/sp1.html#ver=2.8.81&typ=pgv&rnd=m2bg8caw3g7ilffl&sid=9222318613852486900&loc=https%3A%2F%2Fwww.wsj.com%2F&new=1&arf=0&ltm=1729057565794&ref=&tzo=-330&wsz=1278x497&res=1278x622&dpr=1&col=24&bln=en-US&chs=UTF-8&cks=m2bg8ceeb9yslfi9&ckp=m2bg8cawg79374r1&glb=&cp_userState=anon&cp_testGroup=5&cp_topDomain=wsj.com&cp_template=full&cp_access=free&cp_section=US%20Home%20Page&cp_subsection=&cp_cms_name=CAPS&cp_subscriber=nonsubscriber&cp_edition=naus&cp_bucket=0&cp_ab_bucket=80&cp_pageContentSource=WSJ%20Online&cp_pageContentType=Home&cp_pageContentTypeDetai=desktopweb&cp_pageSiteProduct=WSJ&cp_userTags=&cp_sessionState=none, line 1: TypeError: cX.loadScript is not a function
1729057572846	Marionette	WARN	Ignoring event 'DOMContentLoaded' because document has an invalid readyState of 'complete'.
JavaScript error: , line 0: TypeError: NetworkError when attempting to fetch resource.
JavaScript warning: https://pagead2.googlesyndication.com/bg/-DbLkJJK3YZOSOasYi6rcjkBM_N5vpNI48728xD2bD8.js line 2 > eval line 2143 > eval line 1 > eval line 1 > eval, line 1: WEBGL_debug_renderer_info is deprecated in Firefox and will be removed. Please use RENDERER.
JavaScript warning: https://pagead2.googlesyndication.com/bg/-DbLkJJK3YZOSOasYi6rcjkBM_N5vpNI48728xD2bD8.js line 2 > eval line 7499 > eval line 1 > eval line 1 > eval, line 1: WEBGL_debug_renderer_info is deprecated in Firefox and will be removed. Please use RENDERER.
JavaScript warning: https://pagead2.googlesyndication.com/bg/-DbLkJJK3YZOSOasYi6rcjkBM_N5vpNI48728xD2bD8.js line 2 > eval, line 3677: Script terminated by timeout at:
V@https://pagead2.googlesyndication.com/bg/-DbLkJJK3YZOSOasYi6rcjkBM_N5vpNI48728xD2bD8.js line 2 > eval:3677:10653
Gu@https://pagead2.googlesyndication.com/bg/-DbLkJJK3YZOSOasYi6rcjkBM_N5vpNI48728xD2bD8.js line 2 > eval line 3677 > eval line 1 > eval line 1 > eval:1:181
IY@https://pagead2.googlesyndication.com/bg/-DbLkJJK3YZOSOasYi6rcjkBM_N5vpNI48728xD2bD8.js line 2 > eval line 3677 > eval line 1 > eval line 1 > eval:1:41
q.D</<@https://pagead2.googlesyndication.com/bg/-DbLkJJK3YZOSOasYi6rcjkBM_N5vpNI48728xD2bD8.js line 2 > eval:3677:51205
Fi@https://pagead2.googlesyndication.com/bg/-DbLkJJK3YZOSOasYi6rcjkBM_N5vpNI48728xD2bD8.js line 2 > eval:3677:24893
V@https://pagead2.googlesyndication.com/bg/-DbLkJJK3YZOSOasYi6rcjkBM_N5vpNI48728xD2bD8.js line 2 > eval:3677:10778
v@https://pagead2.googlesyndication.com/bg/-DbLkJJK3YZOSOasYi6rcjkBM_N5vpNI48728xD2bD8.js line 2 > eval:3677:8758
V/<@https://pagead2.googlesyndication.com/bg/-DbLkJJK3YZOSOasYi6rcjkBM_N5vpNI48728xD2bD8.js line 2 > eval:3677:11926
AH</<@https://pagead2.googlesyndication.com/bg/-DbLkJJK3YZOSOasYi6rcjkBM_N5vpNI48728xD2bD8.js line 2 > eval:3677:48278

1729057579357	Marionette	WARN	TimedPromise timed out after 500 ms: stacktrace:
TimedPromise/<@chrome://remote/content/marionette/sync.sys.mjs:219:24
TimedPromise@chrome://remote/content/marionette/sync.sys.mjs:203:10
interaction.flushEventLoop@chrome://remote/content/marionette/interaction.sys.mjs:467:10
webdriverClickElement@chrome://remote/content/marionette/interaction.sys.mjs:220:33
JavaScript error: , line 0: TypeError: NetworkError when attempting to fetch resource.
JavaScript warning: https://www.wsj.com/, line 194: Script terminated by timeout at:
nrWrapper@https://www.wsj.com/:194:17490

JavaScript error: , line 0: TypeError: NetworkError when attempting to fetch resource.
console.warn: LoginRecipes: "Falling back to a synchronous message for: https://sso.accounts.dowjones.com."
console.warn: LoginRecipes: "Falling back to a synchronous message for: https://sso.accounts.dowjones.com."
console.warn: LoginRecipes: "Falling back to a synchronous message for: https://sso.accounts.dowjones.com."
console.warn: LoginRecipes: "Falling back to a synchronous message for: https://sso.accounts.dowjones.com."
JavaScript warning: https://sso.accounts.dowjones.com/one_identity_login_pages/login/b7359049d4e1392dd34868849d74326b/js/vendor.js, line 51: Script terminated by timeout at:
WE@https://sso.accounts.dowjones.com/one_identity_login_pages/login/b7359049d4e1392dd34868849d74326b/js/vendor.js:51:4767
k@https://sso.accounts.dowjones.com/one_identity_login_pages/login/b7359049d4e1392dd34868849d74326b/js/vendor.js:49:13806

JavaScript warning: https://pagead2.googlesyndication.com/bg/-DbLkJJK3YZOSOasYi6rcjkBM_N5vpNI48728xD2bD8.js line 2 > eval line 904 > eval line 1 > eval line 1 > eval, line 1: WEBGL_debug_renderer_info is deprecated in Firefox and will be removed. Please use RENDERER.
JavaScript warning: https://pagead2.googlesyndication.com/bg/-DbLkJJK3YZOSOasYi6rcjkBM_N5vpNI48728xD2bD8.js line 2 > eval line 6899 > eval line 1 > eval line 1 > eval, line 1: WEBGL_debug_renderer_info is deprecated in Firefox and will be removed. Please use RENDERER.
1729057599929	Marionette	INFO	Stopped listening on port 57450
JavaScript warning: https://cdn.doubleverify.com/dv-measurements6813.js, line 2: Script terminated by timeout at:
workingWindow@https://cdn.doubleverify.com/dv-measurements6813.js:2:250029
logDvSignal@https://cdn.doubleverify.com/dv-measurements6813.js:2:238804
sendBeacon@https://cdn.doubleverify.com/dv-measurements6813.js:2:159930
sendDataToServer@https://cdn.doubleverify.com/dv-measurements6813.js:2:204443
registerEventCall@https://cdn.doubleverify.com/dv-measurements6813.js:2:202138
sendWaitingMessages@https://cdn.doubleverify.com/dv-measurements6813.js:2:202517
sendMessage@https://cdn.doubleverify.com/dv-measurements6813.js:2:200491
handleImpressionServed@https://cdn.doubleverify.com/dv-measurements6813.js:2:229156
7360/mapToWrapperFunction/</t[e]@https://cdn.doubleverify.com/dv-measurements6813.js:2:196720
runSafely@https://cdn.doubleverify.com/dv-measurements6813.js:2:197487
7360/publishEvents/<@https://cdn.doubleverify.com/dv-measurements6813.js:2:196577
publishEvents@https://cdn.doubleverify.com/dv-measurements6813.js:2:196559
dispatchEvent@https://cdn.doubleverify.com/dv-measurements6813.js:2:195141
i@https://cdn.doubleverify.com/dv-measurements6813.js:2:334185
runSafely@https://cdn.doubleverify.com/dvbm.js:2:214829
7360/publishEvents/<@https://cdn.doubleverify.com/dvbm.js:2:213919
publishEvents@https://cdn.doubleverify.com/dvbm.js:2:213901
publish@https://cdn.doubleverify.com/dvbm.js:2:213172
@https://tps.doubleverify.com/visit.js?gdpr_consent=&flvr=0&ttmms=751&ttfrms=14&brid=97&bridua=2&bds=1&tstype=2&eparams=DC4FC%3Dl9EEADTbpTauTauHHH%5DHD%3B%5D4%40%3ETauU42%3FFC%3Dl9EEADTbpTauTauHHH%5DHD%3B%5D4%40%3ETau&srcurlD=0&aUrlD=0&ssl=https:&dfs=839&ddur=207&uid=1729057599400328&jsCallback=dvCallback_1729057599400609&dvtagver=6.1.src&navUa=Mozilla%2F5.0%20(Windows%20NT%2010.0%3B%20Win64%3B%20x64%3B%20rv%3A131.0)%20Gecko%2F20100101%20Firefox%2F131.0&htmlmsging=1&chro=0&hist=4&winh=497&winw=1278&wouh=598&wouw=1294&scah=582&scaw=1278&jsver=6813&tgjsver=6813&lvvn=28&m1=0&refD=1&fwc=6&fcl=4325&flt=0&fec=4399&fcifrms=11&brh=4&dvp_epl=97&noc=4&nav_pltfrm=Win32&ctx=21055239&cmp=DV1327368&btreg=6776175745138492802461&btadsrv=6776175745138492802461&adsrv=104&unit=970x250&seltag=1&sadv=5652582369&ord=3582774201&litm=6776175745&scrt=138492802461&splc=/2/interactive.wsj.com/front&adu=58001066&c1=TOPBANNER&gdpr=0&errorURL=https://tps.doubleverify.com/visit.jpg&mib=0&t2te=0&dvp_pubaap=0&dvp_uptbcid=1.1.0&dvp_rcp=2&dvp_htec=1&dvp_seem=2&dvp_tuk=1&dvp_tcnt=2&dvp_sukv=52838067436.38055&ee_dp_sukv=52838067436.38055&dvp_tukv=428554100525.6687&ee_dp_tukv=428554100525.6687&dvp_tuid=89182610015&jurtd=1099061708:1:532

Dynamically enable window occlusion 1
JavaScript error: , line 0: TypeError: NetworkError when attempting to fetch resource.
JavaScript error: , line 0: TypeError: NetworkError when attempting to fetch resource.
