1728468282831	geckodriver	INFO	Listening on 127.0.0.1:64759
1728468285882	mozrunner::runner	INFO	Running command: "C:\\Program Files\\Mozilla Firefox\\firefox.exe" "--marionette" "--remote-debugging-port" "64760" "--remote-allow-hosts" "localhost" "-no-remote" "-profile" "D:\\Users\\sasikumarj\\AppData\\Local\\Temp\\rust_mozprofilewrz6Q3"
console.warn: services.settings: Ignoring preference override of remote settings server
console.warn: services.settings: Allow by setting MOZ_REMOTE_SETTINGS_DEVTOOLS=1 in the environment
Dynamically enable window occlusion 0
1728468286485	Marionette	INFO	Marionette enabled
1728468286725	Marionette	INFO	Listening on port 64767
WebDriver BiDi listening on ws://127.0.0.1:64760
Read port: 64767
1728468286978	RemoteAgent	WARN	TLS certificate errors will be ignored for this session
DevTools listening on ws://127.0.0.1:64760/devtools/browser/787bbf62-e95d-4ffc-9952-e265ded7cec0
JavaScript warning: https://www.dev.marketwatch.com/_next/static/chunks/main-7c2c5b4ee7ae4ea0.js, line 1: unreachable code after return statement
JavaScript error: https://cdn.cxense.com/sp1.html#ver=2.8.80&typ=pgv&rnd=m21pebscy2ac1tnt&sid=1138573015853471556&loc=https%3A%2F%2Fwww.dev.marketwatch.com%2Fauthor%2FCatey-Hill&new=1&arf=0&ltm=1728468299829&ref=&tzo=-330&wsz=1278x497&res=1278x622&dpr=1&col=24&bln=en-US&chs=UTF-8&cks=m21pebu9tzyf8yk1&ckp=m21pebsc7kek5qca&glb=&cp_userState=anon&cp_testGroup=49&cp_env=staging&cp_topDomain=marketwatch.com&cp_template=full&cp_access=free&cp_section=Author&cp_subsection=Catey%20Hill&cp_cms_name=Peavey&cp_subscriber=nonsubscriber&cp_edition=naus&cp_bucket=6&cp_ab_bucket=46&cp_pageContentSource=MarketWatch&cp_pageContentType=Summaries&cp_pageContentTypeDetai=default&cp_pageSiteProduct=MW&cp_userTags=&cp_sessionState=none, line 1: TypeError: cX.loadScript is not a function
JavaScript error: https://d3h0wybtovte4j.cloudfront.net/ugeovhprh.js, line 1: TypeError: URL constructor: null/foo.html?o=u&r=&l=https://www.dev.marketwatch.com/author/Catey-Hill&aa=NA&ib=false&buster=OlMDMNlgHtBbVpsP is not a valid URL.
JavaScript error: , line 0: uncaught exception: undefined
JavaScript warning: https://gum.criteo.com/syncframe?origin=criteoPrebidAdapter&topUrl=www.dev.marketwatch.com&us_privacy=1YNN&gpp=DBABRg~BVoAACA&gpp_sid=9#{%22cw%22:true,%22lsw%22:true,%22origin%22:%22criteoPrebidAdapter%22,%22requestId%22:%220.09506679028360943%22,%22tld%22:%22www.dev.marketwatch.com%22,%22topUrl%22:%22www.dev.marketwatch.com%22,%22version%22:%229_12_0%22}, line 13: Script terminated by timeout at:
r.prototype.flushEventQueue@https://gum.criteo.com/syncframe?origin=criteoPrebidAdapter&topUrl=www.dev.marketwatch.com&us_privacy=1YNN&gpp=DBABRg~BVoAACA&gpp_sid=9#{%22cw%22:true,%22lsw%22:true,%22origin%22:%22criteoPrebidAdapter%22,%22requestId%22:%220.09506679028360943%22,%22tld%22:%22www.dev.marketwatch.com%22,%22topUrl%22:%22www.dev.marketwatch.com%22,%22version%22:%229_12_0%22}:13:3137
r/<@https://gum.criteo.com/syncframe?origin=criteoPrebidAdapter&topUrl=www.dev.marketwatch.com&us_privacy=1YNN&gpp=DBABRg~BVoAACA&gpp_sid=9#{%22cw%22:true,%22lsw%22:true,%22origin%22:%22criteoPrebidAdapter%22,%22requestId%22:%220.09506679028360943%22,%22tld%22:%22www.dev.marketwatch.com%22,%22topUrl%22:%22www.dev.marketwatch.com%22,%22version%22:%229_12_0%22}:13:3642

JavaScript error: https://d3h0wybtovte4j.cloudfront.net/ugeovhprh.js, line 1: TypeError: URL constructor: null/foo.html?o=u&r=&l=https://www.stg.marketwatch.com/welcome-watchlist&aa=NA&ib=false&buster=dARHEEhNAuOrQYdL is not a valid URL.
1728468312078	Marionette	INFO	Stopped listening on port 64767
Dynamically enable window occlusion 1
