1729770562283	geckodriver	INFO	Listening on 127.0.0.1:53267
1729770565323	mozrunner::runner	INFO	Running command: "C:\\Program Files\\Mozilla Firefox\\firefox.exe" "--marionette" "--remote-debugging-port" "53268" "--remote-allow-hosts" "localhost" "-no-remote" "-profile" "D:\\Users\\sasikumarj\\AppData\\Local\\Temp\\rust_mozprofilePUF1P0"
console.warn: services.settings: Ignoring preference override of remote settings server
console.warn: services.settings: Allow by setting MOZ_REMOTE_SETTINGS_DEVTOOLS=1 in the environment
Dynamically enable window occlusion 0
1729770566093	Marionette	INFO	Marionette enabled
1729770566358	Marionette	INFO	Listening on port 53275
WebDriver BiDi listening on ws://127.0.0.1:53268
Read port: 53275
1729770566634	RemoteAgent	WARN	TLS certificate errors will be ignored for this session
DevTools listening on ws://127.0.0.1:53268/devtools/browser/e730f2df-16eb-4da9-bb33-ef4420cc23fa
JavaScript error: https://cdn.cxense.com/sp1.html#ver=2.8.82&typ=pgv&rnd=m2n8qirynwsbho1o&sid=9222325317970825875&loc=https%3A%2F%2Fwww.barrons.com%2F&new=1&arf=0&ltm=1729770571153&ref=&tzo=-330&wsz=1278x497&res=1278x622&dpr=1&col=24&bln=en-US&chs=UTF-8&cks=m2n8qk2dnez54n48&ckp=m2n8qiryjskzkb3u&glb=&cp_userState=anon&cp_testGroup=33&cp_topDomain=barrons.com&cp_access=free&cp_section=US%20Home%20Page%20Weekday&cp_subsection=&cp_cms_name=CAPS&cp_subscriber=nonsubscriber&cp_edition=naus&cp_bucket=8&cp_ab_bucket=58&cp_pageContentSource=Barrons%20Online&cp_pageContentType=Home&cp_pageContentTypeDetai=default&cp_pageSiteProduct=BOL&cp_userTags=&cp_sessionState=none, line 1: TypeError: cX.loadScript is not a function
JavaScript error: https://asset.barrons.com/fp/assets/webpack4/runtime.854e2b45bc2e8d.js, line 1: ChunkLoadError: Loading chunk 877 failed.
(error: https://asset.barrons.com/fp/assets/webpack4/877.4e5d331222ef02.js)
JavaScript error: https://asset.barrons.com/fp/assets/webpack4/runtime.854e2b45bc2e8d.js, line 1: ChunkLoadError: Loading chunk 877 failed.
(error: https://asset.barrons.com/fp/assets/webpack4/877.4e5d331222ef02.js)
JavaScript error: https://asset.barrons.com/fp/assets/webpack4/runtime.854e2b45bc2e8d.js, line 1: ChunkLoadError: Loading chunk 877 failed.
(error: https://asset.barrons.com/fp/assets/webpack4/877.4e5d331222ef02.js)
JavaScript error: https://asset.barrons.com/fp/assets/webpack4/runtime.854e2b45bc2e8d.js, line 1: ChunkLoadError: Loading chunk 877 failed.
(error: https://asset.barrons.com/fp/assets/webpack4/877.4e5d331222ef02.js)
JavaScript error: , line 0: TypeError: NetworkError when attempting to fetch resource.
JavaScript error: , line 0: TypeError: NetworkError when attempting to fetch resource.
JavaScript error: , line 0: TypeError: NetworkError when attempting to fetch resource.
JavaScript error: , line 0: TypeError: NetworkError when attempting to fetch resource.
JavaScript error: , line 0: TypeError: NetworkError when attempting to fetch resource.
JavaScript error: , line 0: TypeError: NetworkError when attempting to fetch resource.
JavaScript error: , line 0: TypeError: NetworkError when attempting to fetch resource.
JavaScript error: , line 0: TypeError: NetworkError when attempting to fetch resource.
JavaScript error: , line 0: TypeError: NetworkError when attempting to fetch resource.
JavaScript error: , line 0: TypeError: NetworkError when attempting to fetch resource.
JavaScript error: , line 0: TypeError: NetworkError when attempting to fetch resource.
JavaScript error: , line 0: TypeError: NetworkError when attempting to fetch resource.
JavaScript error: , line 0: TypeError: NetworkError when attempting to fetch resource.
JavaScript error: , line 0: TypeError: NetworkError when attempting to fetch resource.
JavaScript error: , line 0: TypeError: NetworkError when attempting to fetch resource.
JavaScript error: , line 0: TypeError: NetworkError when attempting to fetch resource.
JavaScript error: , line 0: TypeError: NetworkError when attempting to fetch resource.
JavaScript error: , line 0: TypeError: NetworkError when attempting to fetch resource.
JavaScript error: , line 0: TypeError: NetworkError when attempting to fetch resource.
JavaScript error: , line 0: TypeError: NetworkError when attempting to fetch resource.
JavaScript error: https://www.barrons.com/asset/dj-watchlist/v1.11.0/p-8e3b6675.entry.js, line 11: TypeError: Error.captureStackTrace is not a function
console.error: ({})
console.error: ({})
JavaScript warning: https://cdn.gbqofs.com/sv/b/detector-bootstrap.min.js, line 0: Successfully compiled asm.js code (total compilation time 3ms)
JavaScript error: , line 0: uncaught exception: undefined
JavaScript warning: https://www.s.dev.barrons.com/_next/static/chunks/main-fc8ea3f3c8e9e983.js, line 6: Script terminated by timeout at:
78018/w/<@https://www.s.dev.barrons.com/_next/static/chunks/main-fc8ea3f3c8e9e983.js:6:16343
t@https://www.s.dev.barrons.com/_next/static/chunks/main-fc8ea3f3c8e9e983.js:6:15839

console.warn: LoginRecipes: "Falling back to a synchronous message for: https://sso.int.accounts.dowjones.com."
console.warn: LoginRecipes: "Falling back to a synchronous message for: https://sso.int.accounts.dowjones.com."
console.warn: LoginRecipes: "Falling back to a synchronous message for: https://sso.int.accounts.dowjones.com."
console.warn: LoginRecipes: "Falling back to a synchronous message for: https://sso.int.accounts.dowjones.com."
JavaScript warning: https://sso.int.accounts.dowjones.com/one_identity_login_pages/login/81d56fb5b0694b7770ec579357b07432/js/vendor.js, line 51: Script terminated by timeout at:
WE@https://sso.int.accounts.dowjones.com/one_identity_login_pages/login/81d56fb5b0694b7770ec579357b07432/js/vendor.js:51:4767
k@https://sso.int.accounts.dowjones.com/one_identity_login_pages/login/81d56fb5b0694b7770ec579357b07432/js/vendor.js:49:13806

JavaScript warning: https://cdn.gbqofs.com/sv/b/detector-bootstrap.min.js, line 0: Successfully compiled asm.js code (total compilation time 6ms)
1729770689099	Marionette	INFO	Stopped listening on port 53275
JavaScript warning: https://cdn.gbqofs.com/mt/dowjones/barrons/p/detector-dom.min.js, line 13: Script terminated by timeout at:
@https://cdn.gbqofs.com/mt/dowjones/barrons/p/detector-dom.min.js:13:29

Dynamically enable window occlusion 1
