1729190893061	geckodriver	INFO	Listening on 127.0.0.1:60639
1729190896312	mozrunner::runner	INFO	Running command: "C:\\Program Files\\Mozilla Firefox\\firefox.exe" "--marionette" "--remote-debugging-port" "60640" "--remote-allow-hosts" "localhost" "-no-remote" "-profile" "D:\\Users\\sasikumarj\\AppData\\Local\\Temp\\rust_mozprofileGFum2I"
console.warn: services.settings: Ignoring preference override of remote settings server
console.warn: services.settings: Allow by setting MOZ_REMOTE_SETTINGS_DEVTOOLS=1 in the environment
Dynamically enable window occlusion 0
1729190898554	Marionette	INFO	Marionette enabled
1729190899573	Marionette	INFO	Listening on port 60649
WebDriver BiDi listening on ws://127.0.0.1:60640
Read port: 60649
1729190900439	RemoteAgent	WARN	TLS certificate errors will be ignored for this session
DevTools listening on ws://127.0.0.1:60640/devtools/browser/5a5d9677-5eb9-4ed6-bbf6-033f3bbaa1a1
JavaScript error: , line 0: TypeError: NetworkError when attempting to fetch resource.
JavaScript error: , line 0: TypeError: NetworkError when attempting to fetch resource.
JavaScript error: , line 0: TypeError: NetworkError when attempting to fetch resource.
JavaScript error: , line 0: TypeError: NetworkError when attempting to fetch resource.
JavaScript warning: https://cdn.gbqofs.com/sv/b/detector-bootstrap.min.js, line 0: Successfully compiled asm.js code (total compilation time 3ms)
JavaScript warning: https://cdn.gbqofs.com/sv/b/detector-bootstrap.min.js, line 0: Successfully compiled asm.js code (total compilation time 1ms)
JavaScript error: https://js-agent.newrelic.com/nr-spa-1.268.0.min.js, line 2: TypeError: this[Z] is null
JavaScript warning: https://pagead2.googlesyndication.com/bg/icY1g6vuuJjaJEY7xrJYTSkfXHe6CkLx64UCzaLy73w.js line 2 > eval line 240 > eval line 1 > eval line 1 > eval, line 1: WEBGL_debug_renderer_info is deprecated in Firefox and will be removed. Please use RENDERER.
JavaScript error: , line 0: TypeError: NetworkError when attempting to fetch resource.
JavaScript warning: https://cdn.gbqofs.com/sv/b/detector-bootstrap.min.js, line 0: Successfully compiled asm.js code (total compilation time 1ms)
JavaScript warning: https://cdn.gbqofs.com/sv/b/detector-bootstrap.min.js, line 0: Successfully compiled asm.js code (total compilation time 3ms)
JavaScript warning: https://cdn.gbqofs.com/sv/b/detector-bootstrap.min.js, line 0: Successfully compiled asm.js code (total compilation time 3ms)
console.error: ({})
console.error: ({})
JavaScript warning: https://cdn.gbqofs.com/sv/b/detector-bootstrap.min.js, line 0: Successfully compiled asm.js code (total compilation time 2ms)
JavaScript warning: https://pagead2.googlesyndication.com/bg/icY1g6vuuJjaJEY7xrJYTSkfXHe6CkLx64UCzaLy73w.js line 2 > eval line 678 > eval line 1 > eval line 1 > eval, line 1: WEBGL_debug_renderer_info is deprecated in Firefox and will be removed. Please use RENDERER.
JavaScript warning: https://pagead2.googlesyndication.com/bg/icY1g6vuuJjaJEY7xrJYTSkfXHe6CkLx64UCzaLy73w.js line 2 > eval line 4946 > eval line 1 > eval line 1 > eval, line 1: WEBGL_debug_renderer_info is deprecated in Firefox and will be removed. Please use RENDERER.
JavaScript warning: https://pagead2.googlesyndication.com/bg/icY1g6vuuJjaJEY7xrJYTSkfXHe6CkLx64UCzaLy73w.js line 2 > eval line 5302 > eval line 1 > eval line 1 > eval, line 1: WEBGL_debug_renderer_info is deprecated in Firefox and will be removed. Please use RENDERER.
A content process crashed and MOZ_CRASHREPORTER_SHUTDOWN is set, shutting down
A content process crashed and MOZ_CRASHREPORTER_SHUTDOWN is set, shutting down
A content process crashed and MOZ_CRASHREPORTER_SHUTDOWN is set, shutting down
A content process crashed and MOZ_CRASHREPORTER_SHUTDOWN is set, shutting down
JavaScript error: chrome://global/content/elements/browser-custom-element.js, line 1679: Error: permitUnload is already running for this tab.
JavaScript warning: https://www.barrons.com/articles/wendys-wen-stock-earnings-51652268634, line 129: Script terminated by timeout at:
nrWrapper@https://www.barrons.com/articles/wendys-wen-stock-earnings-51652268634:129:17490

1729191027068	Marionette	INFO	Stopped listening on port 60649
Dynamically enable window occlusion 1
JavaScript error: chrome://global/content/elements/browser-custom-element.js, line 1679: Error: permitUnload is already running for this tab.
JavaScript error: chrome://global/content/elements/browser-custom-element.js, line 1679: Error: permitUnload is already running for this tab.
JavaScript error: chrome://remote/content/marionette/cert.sys.mjs, line 47: NS_ERROR_NOT_AVAILABLE: Component returned failure code: 0x80040111 (NS_ERROR_NOT_AVAILABLE) [nsICertOverrideService.setDisableAllSecurityChecksAndLetAttackersInterceptMyData]
!!! error running onStopped callback: TypeError: callback is not a function
1729191027666	WebDriver BiDi	ERROR	Failed to stop protocol: [Exception... "Component returned failure code: 0x80040111 (NS_ERROR_NOT_AVAILABLE) [nsICertOverrideService.setDisableAllSecurityChecksAndLetAttackersInterceptMyData]"  nsresult: "0x80040111 (NS_ERROR_NOT_AVAILABLE)"  location: "JS frame :: chrome://remote/content/marionette/cert.sys.mjs :: allowAllCerts.disable :: line 47"  data: no] Stack trace: allowAllCerts.disable()@cert.sys.mjs:47
destroy()@Session.sys.mjs:280
deleteSession()@WebDriverBiDi.sys.mjs:174
stop()@WebDriverBiDi.sys.mjs:264
observe()@resource://gre/modules/AsyncShutdown.sys.mjs:569
