1728420165235	geckodriver	INFO	Listening on 127.0.0.1:52083
1728420168293	mozrunner::runner	INFO	Running command: "C:\\Program Files\\Mozilla Firefox\\firefox.exe" "--marionette" "--remote-debugging-port" "52084" "--remote-allow-hosts" "localhost" "-no-remote" "-profile" "D:\\Users\\sasikumarj\\AppData\\Local\\Temp\\rust_mozprofilecBaiKA"
console.warn: services.settings: Ignoring preference override of remote settings server
console.warn: services.settings: Allow by setting MOZ_REMOTE_SETTINGS_DEVTOOLS=1 in the environment
Dynamically enable window occlusion 0
1728420169170	Marionette	INFO	Marionette enabled
1728420169407	Marionette	INFO	Listening on port 52093
WebDriver BiDi listening on ws://127.0.0.1:52084
Read port: 52093
1728420169625	RemoteAgent	WARN	TLS certificate errors will be ignored for this session
DevTools listening on ws://127.0.0.1:52084/devtools/browser/958e8105-7bbd-4ae0-8400-90052316cbf8
JavaScript error: https://cdn.cxense.com/sp1.html#ver=2.8.80&typ=pgv&rnd=m20wqwngt4yiyhza&sid=1144071410389139719&loc=https%3A%2F%2Fwww.mansionglobal.com%2F&new=1&arf=0&ltm=1728420177878&ref=&tzo=-330&wsz=1278x497&res=1278x622&dpr=1&col=24&bln=en-US&chs=UTF-8&cks=m20wqwvsn6zc7jl6&ckp=m20wqwngorysc0y2&glb=&cp_userState=anon&cp_testGroup=14&cp_topDomain=mansionglobal.com&cp_template=full&cp_access=free&cp_section=Home&cp_subsection=&cp_cms_name=CMS%20Wordpress&cp_subscriber=nonsubscriber&cp_edition=naus&cp_bucket=7&cp_ab_bucket=7&cp_pageContentSource=Mansion%20Global&cp_pageContentType=Home&cp_pageContentTypeDetai=default&cp_pageSiteProduct=MG&cp_userTags=&cp_sessionState=none, line 1: TypeError: cX.loadScript is not a function
JavaScript warning: https://pagead2.googlesyndication.com/bg/WEoqGYGTldYSfSNCQ9Ugqu-00NFuS6e6WOK2G2Y_zzI.js line 2 > eval line 4276 > eval line 1 > eval line 1 > eval, line 1: WEBGL_debug_renderer_info is deprecated in Firefox and will be removed. Please use RENDERER.
JavaScript error: , line 0: TypeError: NetworkError when attempting to fetch resource.
JavaScript error: , line 0: TypeError: NetworkError when attempting to fetch resource.
JavaScript error: , line 0: TypeError: NetworkError when attempting to fetch resource.
1728420255041	Marionette	INFO	Stopped listening on port 52093
Dynamically enable window occlusion 1
JavaScript warning: https://www.google.com/js/th/Kwl4UTqRlZdwo60dxzGVsyg_CEkasAzkebPPx38d0Do.js line 2 > eval line 3034 > eval line 1 > eval line 1 > eval, line 1: Failed to create WebGL context: !CanvasManagerChild::Get()
JavaScript error: , line 0: TypeError: NetworkError when attempting to fetch resource.
