1728058452674	geckodriver	INFO	Listening on 127.0.0.1:61539
1728058456026	mozrunner::runner	INFO	Running command: "C:\\Program Files\\Mozilla Firefox\\firefox.exe" "--marionette" "--remote-debugging-port" "61541" "--remote-allow-hosts" "localhost" "-no-remote" "-profile" "D:\\Users\\sasikumarj\\AppData\\Local\\Temp\\rust_mozprofile7wLKZe"
console.warn: services.settings: Ignoring preference override of remote settings server
console.warn: services.settings: Allow by setting MOZ_REMOTE_SETTINGS_DEVTOOLS=1 in the environment
Dynamically enable window occlusion 0
1728058458418	Marionette	INFO	Marionette enabled
1728058459041	Marionette	INFO	Listening on port 61571
WebDriver BiDi listening on ws://127.0.0.1:61541
Read port: 61571
1728058459515	RemoteAgent	WARN	TLS certificate errors will be ignored for this session
DevTools listening on ws://127.0.0.1:61541/devtools/browser/253dab0a-9bab-4ff2-8911-8a9ce25095de
JavaScript error: https://cdn.cxense.com/sp1.html#ver=2.8.80&typ=pgv&rnd=m1uxe9lsa7txzavr&sid=9222325317970825873&loc=https%3A%2F%2Fwww.marketwatch.com%2F&new=1&arf=0&ltm=1728058470736&ref=&tzo=-330&wsz=1278x497&res=1278x622&dpr=1&col=24&bln=en-US&chs=UTF-8&cks=m1uxe9qlnwcdivfk&ckp=m1uxe9lsdw13byvi&glb=&cp_userState=anon&cp_testGroup=79&cp_topDomain=marketwatch.com&cp_template=full&cp_access=free&cp_section=Home%20Page&cp_cms_name=Peavey&cp_subscriber=nonsubscriber&cp_edition=naus&cp_bucket=5&cp_ab_bucket=15&cp_pageContentSource=MarketWatch&cp_pageContentType=Home&cp_pageContentTypeDetai=default&cp_pageSiteProduct=MW&cp_userTags=&cp_sessionState=none, line 1: TypeError: cX.loadScript is not a function
JavaScript warning: https://pagead2.googlesyndication.com/bg/WEoqGYGTldYSfSNCQ9Ugqu-00NFuS6e6WOK2G2Y_zzI.js line 2 > eval line 474 > eval line 1 > eval line 1 > eval, line 1: WEBGL_debug_renderer_info is deprecated in Firefox and will be removed. Please use RENDERER.
JavaScript warning: https://pagead2.googlesyndication.com/bg/WEoqGYGTldYSfSNCQ9Ugqu-00NFuS6e6WOK2G2Y_zzI.js line 2 > eval line 3155 > eval line 1 > eval line 1 > eval, line 1: WEBGL_debug_renderer_info is deprecated in Firefox and will be removed. Please use RENDERER.
JavaScript warning: https://cdn.cxense.com/cx.js, line 6: Script terminated by timeout at:
set@https://cdn.cxense.com/cx.js:6:51667
ji@https://cdn.cxense.com/cx.js:6:51891
ro@https://cdn.cxense.com/cx.js:6:54606
ea@https://cdn.cxense.com/cx.js:6:70307
ra/<@https://cdn.cxense.com/cx.js:6:70614
nrWrapper@https://www.marketwatch.com/:358:17810

console.warn: LoginRecipes: "Falling back to a synchronous message for: https://sso.accounts.dowjones.com."
console.warn: LoginRecipes: "Falling back to a synchronous message for: https://sso.accounts.dowjones.com."
JavaScript warning: https://gum.criteo.com/syncframe?origin=criteoPrebidAdapter&topUrl=www.marketwatch.com&us_privacy=1YNN&gpp=DBABLA~BVQqAAAAAgA.QA&gpp_sid=9#{%22cw%22:true,%22lsw%22:true,%22origin%22:%22criteoPrebidAdapter%22,%22requestId%22:%220.3366816438048117%22,%22tld%22:%22www.marketwatch.com%22,%22topUrl%22:%22www.marketwatch.com%22,%22version%22:%229_12_0%22}, line 13: Script terminated by timeout at:
r.prototype.flushEventQueue@https://gum.criteo.com/syncframe?origin=criteoPrebidAdapter&topUrl=www.marketwatch.com&us_privacy=1YNN&gpp=DBABLA~BVQqAAAAAgA.QA&gpp_sid=9#{%22cw%22:true,%22lsw%22:true,%22origin%22:%22criteoPrebidAdapter%22,%22requestId%22:%220.3366816438048117%22,%22tld%22:%22www.marketwatch.com%22,%22topUrl%22:%22www.marketwatch.com%22,%22version%22:%229_12_0%22}:13:3137
r/<@https://gum.criteo.com/syncframe?origin=criteoPrebidAdapter&topUrl=www.marketwatch.com&us_privacy=1YNN&gpp=DBABLA~BVQqAAAAAgA.QA&gpp_sid=9#{%22cw%22:true,%22lsw%22:true,%22origin%22:%22criteoPrebidAdapter%22,%22requestId%22:%220.3366816438048117%22,%22tld%22:%22www.marketwatch.com%22,%22topUrl%22:%22www.marketwatch.com%22,%22version%22:%229_12_0%22}:13:3642

JavaScript warning: https://pagead2.googlesyndication.com/pagead/managed/js/activeview/current/ufs_web_display.js, line 14: Script terminated by timeout at:
E@https://pagead2.googlesyndication.com/pagead/managed/js/activeview/current/ufs_web_display.js:14:325
h@https://pagead2.googlesyndication.com/pagead/managed/js/activeview/current/ufs_web_display.js:94:449

console.warn: LoginRecipes: "Falling back to a synchronous message for: https://sso.accounts.dowjones.com."
console.warn: LoginRecipes: "Falling back to a synchronous message for: https://sso.accounts.dowjones.com."
JavaScript warning: https://www.googletagmanager.com/gtag/js?id=G-K2H7B9JRSS, line 412: Script terminated by timeout at:
lo/<@https://www.googletagmanager.com/gtag/js?id=G-K2H7B9JRSS:412:146
lo@https://www.googletagmanager.com/gtag/js?id=G-K2H7B9JRSS:412:121
no@https://www.googletagmanager.com/gtag/js?id=G-K2H7B9JRSS:406:29
Do@https://www.googletagmanager.com/gtag/js?id=G-K2H7B9JRSS:412:669
sF@https://www.googletagmanager.com/gtag/js?id=G-K2H7B9JRSS:625:399
MG@https://www.googletagmanager.com/gtag/js?id=G-K2H7B9JRSS:658:305
ba.Hm@https://www.googletagmanager.com/gtag/js?id=G-K2H7B9JRSS:667:443
ba.Gm/</<@https://www.googletagmanager.com/gtag/js?id=G-K2H7B9JRSS:665:489
Ek@https://www.googletagmanager.com/gtag/js?id=G-K2H7B9JRSS:358:151
dl@https://www.googletagmanager.com/gtag/js?id=G-K2H7B9JRSS:364:70
ba.Gm/<@https://www.googletagmanager.com/gtag/js?id=G-K2H7B9JRSS:665:475
c@https://www.googletagmanager.com/gtag/js?id=G-K2H7B9JRSS:499:411
Tt@https://www.googletagmanager.com/gtag/js?id=G-K2H7B9JRSS:500:237
ba.Gm@https://www.googletagmanager.com/gtag/js?id=G-K2H7B9JRSS:665:461
c@https://www.googletagmanager.com/gtag/js?id=G-K2H7B9JRSS:679:970
vm@https://www.googletagmanager.com/gtag/js?id=G-K2H7B9JRSS:377:1
um.prototype.flush@https://www.googletagmanager.com/gtag/js?id=G-K2H7B9JRSS:379:336
um.prototype.push@https://www.googletagmanager.com/gtag/js?id=G-K2H7B9JRSS:377:403
nm@https://www.googletagmanager.com/gtag/js?id=G-K2H7B9JRSS:374:785
FH/<@https://www.googletagmanager.com/gtag/js?id=G-K2H7B9JRSS:680:187
ba.Qk/<@https://www.googletagmanager.com/gtag/js?id=G-K2H7B9JRSS:623:126
ba.Qk/c/<@https://www.googletagmanager.com/gtag/js?id=G-K2H7B9JRSS:622:420

1728058539601	Marionette	INFO	Stopped listening on port 61571
Dynamically enable window occlusion 1
