1728381740438	geckodriver	INFO	Listening on 127.0.0.1:65456
1728381743497	mozrunner::runner	INFO	Running command: "C:\\Program Files\\Mozilla Firefox\\firefox.exe" "--marionette" "--remote-debugging-port" "65457" "--remote-allow-hosts" "localhost" "-no-remote" "-profile" "D:\\Users\\sasikumarj\\AppData\\Local\\Temp\\rust_mozprofilebcQNEk"
console.warn: services.settings: Ignoring preference override of remote settings server
console.warn: services.settings: Allow by setting MOZ_REMOTE_SETTINGS_DEVTOOLS=1 in the environment
Dynamically enable window occlusion 0
1728381744087	Marionette	INFO	Marionette enabled
1728381744323	Marionette	INFO	Listening on port 65464
Read port: 65464
WebDriver BiDi listening on ws://127.0.0.1:65457
1728381744448	RemoteAgent	WARN	TLS certificate errors will be ignored for this session
DevTools listening on ws://127.0.0.1:65457/devtools/browser/525cf0d7-288a-4061-a7d5-d6564f58fa68
JavaScript warning: https://int-replay-wsj-elections.ore.onservo.com/election/_next/static/chunks/main-c0569e4635de2e62.js, line 1: unreachable code after return statement
JavaScript error: , line 0: TypeError: NetworkError when attempting to fetch resource.
JavaScript warning: https://cdn.privacy-mgmt.com/unified/wrapperMessagingWithoutDetection.js, line 1: Script terminated by timeout at:
get@https://cdn.privacy-mgmt.com/unified/wrapperMessagingWithoutDetection.js:1:36964
d@https://cdn.privacy-mgmt.com/unified/wrapperMessagingWithoutDetection.js:1:122955
destroyMessages@https://cdn.privacy-mgmt.com/unified/wrapperMessagingWithoutDetection.js:1:118933
@https://cdn.privacy-mgmt.com/unified/wrapperMessagingWithoutDetection.js:1:123739

JavaScript warning: https://int-replay-wsj-elections.ore.onservo.com/election/_next/static/chunks/main-c0569e4635de2e62.js, line 1: Script terminated by timeout at:
8018/g/<@https://int-replay-wsj-elections.ore.onservo.com/election/_next/static/chunks/main-c0569e4635de2e62.js:1:111956
r@https://int-replay-wsj-elections.ore.onservo.com/election/_next/static/chunks/main-c0569e4635de2e62.js:1:111426

[GFX1-]: CompositorBridgeChild receives IPC close with reason=AbnormalShutdown
[GFX1-]: CompositorBridgeChild receives IP[GFX1-]: CompositorBridgeChilC close d with reason=AbnormalShutdown
receives IPC close with reason=AbnormalShutdown
[GFX1-]: CompositorBridgeChild receives IPC close with reason=AbnormalShutdown
Exiting due to channel error.
Exiting due to channel error.
