1729178737184	geckodriver	INFO	Listening on 127.0.0.1:51729
1729178740575	mozrunner::runner	INFO	Running command: "C:\\Program Files\\Mozilla Firefox\\firefox.exe" "--marionette" "--remote-debugging-port" "51730" "--remote-allow-hosts" "localhost" "-no-remote" "-profile" "D:\\Users\\sasikumarj\\AppData\\Local\\Temp\\rust_mozprofileJwc7af"
console.warn: services.settings: Ignoring preference override of remote settings server
console.warn: services.settings: Allow by setting MOZ_REMOTE_SETTINGS_DEVTOOLS=1 in the environment
Dynamically enable window occlusion 0
1729178742295	Marionette	INFO	Marionette enabled
1729178743328	Marionette	INFO	Listening on port 51738
WebDriver BiDi listening on ws://127.0.0.1:51730
Read port: 51738
1729178743866	RemoteAgent	WARN	TLS certificate errors will be ignored for this session
DevTools listening on ws://127.0.0.1:51730/devtools/browser/eefda6d5-428b-4eff-8ccf-943fe808e342
JavaScript error: , line 0: TypeError: NetworkError when attempting to fetch resource.
JavaScript warning: https://cdn.gbqofs.com/sv/b/detector-bootstrap.min.js, line 0: Successfully compiled asm.js code (total compilation time 4ms)
JavaScript warning: https://cdn.gbqofs.com/sv/b/detector-bootstrap.min.js, line 0: Successfully compiled asm.js code (total compilation time 3ms)
JavaScript error: https://js-agent.newrelic.com/nr-spa-1.268.0.min.js, line 2: TypeError: this[Z] is null
JavaScript warning: https://pagead2.googlesyndication.com/bg/icY1g6vuuJjaJEY7xrJYTSkfXHe6CkLx64UCzaLy73w.js line 2 > eval line 2890 > eval line 1 > eval line 1 > eval, line 1: WEBGL_debug_renderer_info is deprecated in Firefox and will be removed. Please use RENDERER.
JavaScript error: , line 0: TypeError: NetworkError when attempting to fetch resource.
JavaScript warning: https://cdn.gbqofs.com/sv/b/detector-bootstrap.min.js, line 0: Successfully compiled asm.js code (total compilation time 5ms)
JavaScript warning: https://cdn.gbqofs.com/sv/b/detector-bootstrap.min.js, line 0: Successfully compiled asm.js code (total compilation time 1ms)
JavaScript warning: https://cdn.gbqofs.com/sv/b/detector-bootstrap.min.js, line 0: Successfully compiled asm.js code (total compilation time 2ms)
JavaScript error: https://cdn.gbqofs.com/sv/b/detector-bootstrap.min.js, line 4: NS_ERROR_FAILURE
console.error: ({})
console.error: ({})
JavaScript warning: https://cdn.gbqofs.com/sv/b/detector-bootstrap.min.js, line 0: Successfully compiled asm.js code (total compilation time 3ms)
A content process crashed and MOZ_CRASHREPORTER_SHUTDOWN is set, shutting down
JavaScript warning: https://pagead2.googlesyndication.com/bg/icY1g6vuuJjaJEY7xrJYTSkfXHe6CkLx64UCzaLy73w.js line 2 > eval line 7068 > eval line 1 > eval line 1 > eval, line 1: Script terminated by timeout at:
a@https://pagead2.googlesyndication.com/bg/icY1g6vuuJjaJEY7xrJYTSkfXHe6CkLx64UCzaLy73w.js line 2 > eval line 7068 > eval line 1 > eval line 1 > eval:1:24
@https://pagead2.googlesyndication.com/bg/icY1g6vuuJjaJEY7xrJYTSkfXHe6CkLx64UCzaLy73w.js line 2 > eval line 7068 > eval line 1 > eval line 1 > eval:1:167
Q1@https://pagead2.googlesyndication.com/bg/icY1g6vuuJjaJEY7xrJYTSkfXHe6CkLx64UCzaLy73w.js line 2 > eval line 7068 > eval line 1 > eval line 1 > eval:1:235
B8@https://pagead2.googlesyndication.com/bg/icY1g6vuuJjaJEY7xrJYTSkfXHe6CkLx64UCzaLy73w.js line 2 > eval line 7068 > eval line 1 > eval line 1 > eval:1:47
@https://pagead2.googlesyndication.com/bg/icY1g6vuuJjaJEY7xrJYTSkfXHe6CkLx64UCzaLy73w.js line 2 > eval:7068:50476
Hc@https://pagead2.googlesyndication.com/bg/icY1g6vuuJjaJEY7xrJYTSkfXHe6CkLx64UCzaLy73w.js line 2 > eval:7068:31842
o1@https://pagead2.googlesyndication.com/bg/icY1g6vuuJjaJEY7xrJYTSkfXHe6CkLx64UCzaLy73w.js line 2 > eval:7068:18162
L@https://pagead2.googlesyndication.com/bg/icY1g6vuuJjaJEY7xrJYTSkfXHe6CkLx64UCzaLy73w.js line 2 > eval:7068:15123
o1/<@https://pagead2.googlesyndication.com/bg/icY1g6vuuJjaJEY7xrJYTSkfXHe6CkLx64UCzaLy73w.js line 2 > eval:7068:18117
OF</<@https://pagead2.googlesyndication.com/bg/icY1g6vuuJjaJEY7xrJYTSkfXHe6CkLx64UCzaLy73w.js line 2 > eval:7068:48205

1729178829689	Marionette	INFO	Stopped listening on port 51738
JavaScript warning: https://pagead2.googlesyndication.com/bg/icY1g6vuuJjaJEY7xrJYTSkfXHe6CkLx64UCzaLy73w.js line 2 > eval line 3632 > eval line 1 > eval line 1 > eval, line 1: WEBGL_debug_renderer_info is deprecated in Firefox and will be removed. Please use RENDERER.
Dynamically enable window occlusion 1
A content process crashed and MOZ_CRASHREPORTER_SHUTDOWN is set, shutting down
A content process crashed and MOZ_CRASHREPORTER_SHUTDOWN is set, shutting down
JavaScript error: , line 0: TypeError: NetworkError when attempting to fetch resource.
JavaScript error: , line 0: TypeError: NetworkError when attempting to fetch resource.
JavaScript error: , line 0: TypeError: NetworkError when attempting to fetch resource.
JavaScript error: , line 0: TypeError: NetworkError when attempting to fetch resource.
