1728422455032	geckodriver	INFO	Listening on 127.0.0.1:52090
1728422458066	mozrunner::runner	INFO	Running command: "C:\\Program Files\\Mozilla Firefox\\firefox.exe" "--marionette" "--remote-debugging-port" "52091" "--remote-allow-hosts" "localhost" "-no-remote" "-profile" "D:\\Users\\sasikumarj\\AppData\\Local\\Temp\\rust_mozprofilelzFEkt"
console.warn: services.settings: Ignoring preference override of remote settings server
console.warn: services.settings: Allow by setting MOZ_REMOTE_SETTINGS_DEVTOOLS=1 in the environment
Dynamically enable window occlusion 0
1728422458741	Marionette	INFO	Marionette enabled
1728422459044	Marionette	INFO	Listening on port 52099
WebDriver BiDi listening on ws://127.0.0.1:52091
Read port: 52099
1728422459293	RemoteAgent	WARN	TLS certificate errors will be ignored for this session
DevTools listening on ws://127.0.0.1:52091/devtools/browser/e72803f9-4a25-49d3-91d8-c166ecb2cb21
A content process crashed and MOZ_CRASHREPORTER_SHUTDOWN is set, shutting down
JavaScript warning: https://cdn.privacy-mgmt.com/unified/wrapperMessagingWithoutDetection.js, line 1: Script terminated by timeout at:
a.normalize@https://cdn.privacy-mgmt.com/unified/wrapperMessagingWithoutDetection.js:1:77676
a@https://cdn.privacy-mgmt.com/unified/wrapperMessagingWithoutDetection.js:1:77575
e.exports@https://cdn.privacy-mgmt.com/unified/wrapperMessagingWithoutDetection.js:1:50556
@https://cdn.privacy-mgmt.com/unified/wrapperMessagingWithoutDetection.js:1:83401
o@https://cdn.privacy-mgmt.com/unified/wrapperMessagingWithoutDetection.js:1:495
@https://cdn.privacy-mgmt.com/unified/wrapperMessagingWithoutDetection.js:1:116078
o@https://cdn.privacy-mgmt.com/unified/wrapperMessagingWithoutDetection.js:1:495
@https://cdn.privacy-mgmt.com/unified/wrapperMessagingWithoutDetection.js:1:2489
@https://cdn.privacy-mgmt.com/unified/wrapperMessagingWithoutDetection.js:1:2499

JavaScript error: , line 0: uncaught exception: out of memory
JavaScript error: , line 0: uncaught exception: out of memory
1728422463343	Marionette	INFO	Stopped listening on port 52099
Dynamically enable window occlusion 1
