1728566009798	geckodriver	INFO	Listening on 127.0.0.1:64235
1728566012842	mozrunner::runner	INFO	Running command: "C:\\Program Files\\Mozilla Firefox\\firefox.exe" "--marionette" "--remote-debugging-port" "64236" "--remote-allow-hosts" "localhost" "-no-remote" "-profile" "D:\\Users\\sasikumarj\\AppData\\Local\\Temp\\rust_mozprofile4uvA4e"
console.warn: services.settings: Ignoring preference override of remote settings server
console.warn: services.settings: Allow by setting MOZ_REMOTE_SETTINGS_DEVTOOLS=1 in the environment
Dynamically enable window occlusion 0
1728566013627	Marionette	INFO	Marionette enabled
1728566013943	Marionette	INFO	Listening on port 64244
WebDriver BiDi listening on ws://127.0.0.1:64236
Read port: 64244
1728566014254	RemoteAgent	WARN	TLS certificate errors will be ignored for this session
DevTools listening on ws://127.0.0.1:64236/devtools/browser/8a147146-7c1d-45a8-8af8-87562a5c5dc1
JavaScript error: https://asset.barrons.com/article/public/fn_full_article.dfb75bf78e25.js, line 62: TypeError: e(...).offset() is undefined
JavaScript error: https://asset.barrons.com/article/public/fn_full_article.dfb75bf78e25.js, line 26: TypeError: e(...).offset() is undefined
JavaScript warning: https://pagead2.googlesyndication.com/bg/OPjMWwJBtReHhWwOPXWsCqm1x5VpbT9SkyMWV37nL8g.js line 2 > eval line 1256 > eval line 1 > eval line 1 > eval, line 1: WEBGL_debug_renderer_info is deprecated in Firefox and will be removed. Please use RENDERER.
JavaScript error: https://cdn.cxense.com/sp1.html#ver=2.8.81&typ=pgv&rnd=m23bkunmj8qfof6u&sid=1139592114930554183&loc=https%3A%2F%2Fwww.s.dev.fnlondon.com%2Farticles%2Ftesting-article-timestamp-20231102&new=1&arf=0&ltm=1728566027010&ref=&tzo=-330&wsz=1278x497&res=1278x622&dpr=1&col=24&bln=en-US&chs=UTF-8&cks=m23bkyowrn2q5qiv&ckp=m23bkykbdbvrb89v&glb=&amo=1698923400&cp_userState=anon&cp_testGroup=10&cp_env=staging&cp_topDomain=fnlondon.com&cp_pwTag=default&cp_pwPlacement=cx-snippet&cp_pwCampaign=1&cp_type=Accountancy&cp_template=full&cp_access=free&cp_section=Asset%20Management&cp_subsection=Asset%20Management&cp_cms_name=Wordpress&cp_subscriber=nonsubscriber&cp_edition=europegb&cp_bucket=2&cp_ab_bucket=82&cp_pageContentSource=FN%20London&cp_pageContentType=Article&cp_pageContentTypeDetai=article&cp_pageSiteProduct=FN&cp_userTags=&cp_sessionState=none, line 1: TypeError: cX.loadScript is not a function
JavaScript error: https://launcher.spot.im/spot/sp_wkpPVtk9, line 3: ChunkLoadError: Loading chunk 720 failed.
(error: https://static-cdn.spot.im/production/launcher/tags/v3.27.0/launcher/720-bundle.js)
JavaScript warning: https://cdn.parsely.com/keys/fnlondon.com/p.js, line 7: Script terminated by timeout at:
t.set@https://cdn.parsely.com/keys/fnlondon.com/p.js:7:31973
t.extendExpiry@https://cdn.parsely.com/keys/fnlondon.com/p.js:7:32111
extendSessionExpiry@https://cdn.parsely.com/keys/fnlondon.com/p.js:7:36249
getSession@https://cdn.parsely.com/keys/fnlondon.com/p.js:7:36182
beacon@https://cdn.parsely.com/keys/fnlondon.com/p.js:7:62284
e.engagedTime.sendHeartbeat@https://cdn.parsely.com/keys/fnlondon.com/p.js:7:40449
i.sendHeartbeat@https://cdn.parsely.com/keys/fnlondon.com/p.js:7:38474
i._sendHeartbeats@https://cdn.parsely.com/keys/fnlondon.com/p.js:7:38628
i._setUnloadListeners/<@https://cdn.parsely.com/keys/fnlondon.com/p.js:7:38781
value/<@https://cdn.parsely.com/keys/fnlondon.com/p.js:7:22304
value@https://cdn.parsely.com/keys/fnlondon.com/p.js:7:22277
value@https://cdn.parsely.com/keys/fnlondon.com/p.js:7:24351
value@https://cdn.parsely.com/keys/fnlondon.com/p.js:7:24771

JavaScript warning: https://imasdk.googleapis.com/js/core/bridge3.672.0_en.html#goog_917672056, line 451: Script terminated by timeout at:
bC@https://imasdk.googleapis.com/js/core/bridge3.672.0_en.html#goog_917672056:451:310
fC/this.aa@https://imasdk.googleapis.com/js/core/bridge3.672.0_en.html#goog_917672056:449:29

JavaScript error: , line 0: TypeError: NetworkError when attempting to fetch resource.
JavaScript warning: https://fpt.live.com/?session_id=62ad3387b374487d87594cbc525bb78c&CustomerId=33e01921-4d64-4f8c-a055-5bdaffd5e33d&PageId=SI, line 5: WEBGL_debug_renderer_info is deprecated in Firefox and will be removed. Please use RENDERER.
console.warn: LoginRecipes: "Falling back to a synchronous message for: https://login.live.com."
console.warn: LoginRecipes: "Falling back to a synchronous message for: https://login.live.com."
console.warn: LoginRecipes: "Falling back to a synchronous message for: https://login.live.com."
console.warn: LoginRecipes: "Falling back to a synchronous message for: https://login.live.com."
console.warn: LoginRecipes: "Falling back to a synchronous message for: https://login.live.com."
console.warn: LoginRecipes: "Falling back to a synchronous message for: https://login.live.com."
console.warn: LoginRecipes: "Falling back to a synchronous message for: https://login.live.com."
console.warn: LoginRecipes: "Falling back to a synchronous message for: https://login.live.com."
console.warn: LoginRecipes: "Falling back to a synchronous message for: https://login.live.com."
console.warn: LoginRecipes: "Falling back to a synchronous message for: https://login.live.com."
1728566048652	Marionette	WARN	Ignoring event 'DOMContentLoaded' because document has an invalid readyState of 'complete'.
JavaScript warning: https://res-1.cdn.office.net/midgard/versionless/livepersonacard_without-react_4e09eb534f633f2b7d57.js, line 2: unreachable code after return statement
JavaScript warning: https://cdn.adnxs.com/v/s/246/trk.js, line 8: Script terminated by timeout at:
zn@https://cdn.adnxs.com/v/s/246/trk.js:8:15
_.B@https://cdn.adnxs.com/v/s/246/trk.js:560:3307
_.C@https://cdn.adnxs.com/v/s/246/trk.js:560:1400
md/<@https://cdn.adnxs.com/v/s/246/trk.js:560:5653

JavaScript warning: https://pagead2.googlesyndication.com/pagead/managed/js/activeview/current/ufs_web_display.js, line 91: Script terminated by timeout at:
M/this.rd@https://pagead2.googlesyndication.com/pagead/managed/js/activeview/current/ufs_web_display.js:91:879
n.next@https://pagead2.googlesyndication.com/pagead/managed/js/activeview/current/ufs_web_display.js:80:523
ph/c/</</<@https://pagead2.googlesyndication.com/pagead/managed/js/activeview/current/ufs_web_display.js:139:320
Ua@https://pagead2.googlesyndication.com/pagead/managed/js/activeview/current/ufs_web_display.js:49:339
Ra.prototype.flush@https://pagead2.googlesyndication.com/pagead/managed/js/activeview/current/ufs_web_display.js:49:127
Ta@https://pagead2.googlesyndication.com/pagead/managed/js/activeview/current/ufs_web_display.js:48:483
ph/c/</<@https://pagead2.googlesyndication.com/pagead/managed/js/activeview/current/ufs_web_display.js:139:292
sc.prototype.next@https://pagead2.googlesyndication.com/pagead/managed/js/activeview/current/ufs_web_display.js:81:218
n.rd@https://pagead2.googlesyndication.com/pagead/managed/js/activeview/current/ufs_web_display.js:80:756
n.next@https://pagead2.googlesyndication.com/pagead/managed/js/activeview/current/ufs_web_display.js:80:523
lg/</</</<@https://pagead2.googlesyndication.com/pagead/managed/js/activeview/current/ufs_web_display.js:122:516
Qa.prototype.Nb/<@https://pagead2.googlesyndication.com/pagead/managed/js/activeview/current/ufs_web_display.js:48:315
lg/</</<@https://pagead2.googlesyndication.com/pagead/managed/js/activeview/current/ufs_web_display.js:122:525
sc.prototype.next@https://pagead2.googlesyndication.com/pagead/managed/js/activeview/current/ufs_web_display.js:81:218
n.rd@https://pagead2.googlesyndication.com/pagead/managed/js/activeview/current/ufs_web_display.js:80:756
n.next@https://pagead2.googlesyndication.com/pagead/managed/js/activeview/current/ufs_web_display.js:80:523
lg/</</</<@https://pagead2.googlesyndication.com/pagead/managed/js/activeview/current/ufs_web_display.js:122:516
Qa.prototype.Nb/<@https://pagead2.googlesyndication.com/pagead/managed/js/activeview/current/ufs_web_display.js:48:315
lg/</</<@https://pagead2.googlesyndication.com/pagead/managed/js/activeview/current/ufs_web_display.js:122:525
sc.prototype.next@https://pagead2.googlesyndication.com/pagead/managed/js/activeview/current/ufs_web_display.js:81:218
n.rd@https://pagead2.googlesyndication.com/pagead/managed/js/activeview/current/ufs_web_display.js:80:756
n.next@https://pagead2.googlesyndication.com/pagead/managed/js/activeview/current/ufs_web_display.js:80:523
h@https://pagead2.googlesyndication.com/pagead/managed/js/activeview/current/ufs_web_display.js:94:477

1728566066438	Marionette	INFO	Stopped listening on port 64244
JavaScript warning: https://cdn.js7k.com/rq/iv/inside.js, line 1: WEBGL_debug_renderer_info is deprecated in Firefox and will be removed. Please use RENDERER.
Dynamically enable window occlusion 1
