1729190245945	geckodriver	INFO	Listening on 127.0.0.1:58364
1729190249258	mozrunner::runner	INFO	Running command: "C:\\Program Files\\Mozilla Firefox\\firefox.exe" "--marionette" "--remote-debugging-port" "58365" "--remote-allow-hosts" "localhost" "-no-remote" "-profile" "D:\\Users\\sasikumarj\\AppData\\Local\\Temp\\rust_mozprofileuUf2A3"
console.warn: services.settings: Ignoring preference override of remote settings server
console.warn: services.settings: Allow by setting MOZ_REMOTE_SETTINGS_DEVTOOLS=1 in the environment
Dynamically enable window occlusion 0
1729190251493	Marionette	INFO	Marionette enabled
1729190252322	Marionette	INFO	Listening on port 58373
WebDriver BiDi listening on ws://127.0.0.1:58365
Read port: 58373
1729190252959	RemoteAgent	WARN	TLS certificate errors will be ignored for this session
DevTools listening on ws://127.0.0.1:58365/devtools/browser/3a8d5c51-d9a5-41d9-8571-68fe6ce0c5b5
JavaScript warning: https://cdn.gbqofs.com/sv/b/detector-bootstrap.min.js, line 0: Successfully compiled asm.js code (total compilation time 7ms)
JavaScript warning: https://s0.2mdn.net/879366/dfa7banner_html_inpage_rendering_lib_200_268.js, line 39: Script terminated by timeout at:
K@https://s0.2mdn.net/879366/dfa7banner_html_inpage_rendering_lib_200_268.js:39:2518
Rd@https://s0.2mdn.net/879366/dfa7banner_html_inpage_rendering_lib_200_268.js:39:2629
ie@https://s0.2mdn.net/879366/dfa7banner_html_inpage_rendering_lib_200_268.js:45:470
ge/b<@https://s0.2mdn.net/879366/dfa7banner_html_inpage_rendering_lib_200_268.js:42:292

JavaScript error: https://js-agent.newrelic.com/nr-spa-1.268.0.min.js, line 2: TypeError: this[Z] is null
JavaScript error: , line 0: TypeError: NetworkError when attempting to fetch resource.
JavaScript warning: https://pagead2.googlesyndication.com/bg/icY1g6vuuJjaJEY7xrJYTSkfXHe6CkLx64UCzaLy73w.js line 2 > eval line 6707 > eval line 1 > eval line 1 > eval, line 1: WEBGL_debug_renderer_info is deprecated in Firefox and will be removed. Please use RENDERER.
JavaScript error: , line 0: TypeError: NetworkError when attempting to fetch resource.
console.error: ({})
console.error: ({})
JavaScript warning: https://s0.2mdn.net/879366/dfa7banner_html_inpage_rendering_lib_200_268.js, line 39: Script terminated by timeout at:
K@https://s0.2mdn.net/879366/dfa7banner_html_inpage_rendering_lib_200_268.js:39:2567
Rd@https://s0.2mdn.net/879366/dfa7banner_html_inpage_rendering_lib_200_268.js:39:2629
ie@https://s0.2mdn.net/879366/dfa7banner_html_inpage_rendering_lib_200_268.js:45:470
ge/b<@https://s0.2mdn.net/879366/dfa7banner_html_inpage_rendering_lib_200_268.js:42:292

JavaScript warning: https://cdn.gbqofs.com/sv/b/detector-bootstrap.min.js, line 0: Successfully compiled asm.js code (total compilation time 3ms)
JavaScript warning: https://pagead2.googlesyndication.com/bg/icY1g6vuuJjaJEY7xrJYTSkfXHe6CkLx64UCzaLy73w.js line 2 > eval line 5280 > eval line 1 > eval line 1 > eval, line 1: WEBGL_debug_renderer_info is deprecated in Firefox and will be removed. Please use RENDERER.
JavaScript error: , line 0: TypeError: NetworkError when attempting to fetch resource.
JavaScript warning: https://pagead2.googlesyndication.com/bg/icY1g6vuuJjaJEY7xrJYTSkfXHe6CkLx64UCzaLy73w.js line 2 > eval line 6449 > eval line 1 > eval line 1 > eval, line 1: WEBGL_debug_renderer_info is deprecated in Firefox and will be removed. Please use RENDERER.
JavaScript warning: https://pagead2.googlesyndication.com/bg/icY1g6vuuJjaJEY7xrJYTSkfXHe6CkLx64UCzaLy73w.js line 2 > eval line 6229 > eval line 1 > eval line 1 > eval, line 1: WEBGL_debug_renderer_info is deprecated in Firefox and will be removed. Please use RENDERER.
JavaScript error: , line 0: TypeError: NetworkError when attempting to fetch resource.
JavaScript error: , line 0: TypeError: NetworkError when attempting to fetch resource.
JavaScript warning: https://cdn.gbqofs.com/sv/b/detector-bootstrap.min.js, line 0: Successfully compiled asm.js code (total compilation time 2ms)
JavaScript warning: https://cdn.gbqofs.com/sv/b/detector-bootstrap.min.js, line 0: Successfully compiled asm.js code (total compilation time 2ms)
JavaScript warning: https://cdn.gbqofs.com/sv/b/detector-bootstrap.min.js, line 0: Successfully compiled asm.js code (total compilation time 3ms)
JavaScript warning: https://cdn.gbqofs.com/sv/b/detector-bootstrap.min.js, line 0: Successfully compiled asm.js code (total compilation time 11ms)
JavaScript warning: https://cdn.gbqofs.com/sv/b/detector-bootstrap.min.js, line 0: Successfully compiled asm.js code (total compilation time 2ms)
JavaScript warning: https://cdn.gbqofs.com/sv/b/detector-bootstrap.min.js, line 0: Successfully compiled asm.js code (total compilation time 10ms)
JavaScript warning: https://cdn.gbqofs.com/sv/b/detector-bootstrap.min.js, line 0: Successfully compiled asm.js code (total compilation time 7ms)
JavaScript warning: https://cdn.gbqofs.com/sv/b/detector-bootstrap.min.js, line 0: Successfully compiled asm.js code (total compilation time 5ms)
JavaScript error: , line 0: TypeError: NetworkError when attempting to fetch resource.
JavaScript error: , line 0: TypeError: NetworkError when attempting to fetch resource.
JavaScript warning: https://cdn.gbqofs.com/sv/b/detector-bootstrap.min.js, line 0: Successfully compiled asm.js code (total compilation time 5ms)
JavaScript warning: https://cdn.gbqofs.com/sv/b/detector-bootstrap.min.js, line 0: Successfully compiled asm.js code (total compilation time 3ms)
JavaScript warning: https://cdn.gbqofs.com/sv/b/detector-bootstrap.min.js, line 0: Successfully compiled asm.js code (total compilation time 72ms)
JavaScript warning: https://cdn.gbqofs.com/sv/b/detector-bootstrap.min.js, line 0: Successfully compiled asm.js code (total compilation time 8ms)
Exiting due to channel error.
Exiting due to channel error.
[GFX1-]: CompositorBridgeChild receives IPC close with reason=AbnormalShutdown
[GFX1-]: C[o[GFX1-]: CompositorBridgeChild receives IPC close[GFX1-]: CompositorBridgeChild [w[GFX1-]: CompositorBridgeChild [GFX1-]: CompositorBridgeChild receives IPC close with reason=AbnormalShutdown
[GFX1-]: CompositorBridgeChild receives IPC close with reaso[n[GFX1-]: Com[=positorBrAbnidgeChild receives IPC close with reason=AbnormalShutdown
ormalShutdown
GFX1-]: CompositorBridgeChild receives IPC close with reason=AbnormalShutdown
receives IPC close with reason=AbnormalShutdown
GFX1-]: CompositorBridgeChild receives IPC close with reason=AbnormalShutdown
[GFX1-]: CompositorBridgeChild receivGFX1-]: CompositorBridgeChild receives IPC close with reason=AbnormalShutdown
mpositorBridgeChild receives IPC close with reason=AbnormalShutdown
[GFX1-]: CompositorBridgeChild receives IPC close with reason=AbnormalShutdown
 receives IPC close with reason=AbnormalShutdown
GFX1-]: CompositorBridgeChild receives IPC close with reason=AbnormalShutdown
ith reason=AbnormalShutdown
es IPC close with reason=AbnormalShutdown
Exiting due to channel error.
Exiting due to channel error.
Exiting due to channel error.
