1728381478284	geckodriver	INFO	Listening on 127.0.0.1:64448
1728381481338	mozrunner::runner	INFO	Running command: "C:\\Program Files\\Mozilla Firefox\\firefox.exe" "--marionette" "--remote-debugging-port" "64449" "--remote-allow-hosts" "localhost" "-no-remote" "-profile" "D:\\Users\\sasikumarj\\AppData\\Local\\Temp\\rust_mozprofileM5Z7kJ"
console.warn: services.settings: Ignoring preference override of remote settings server
console.warn: services.settings: Allow by setting MOZ_REMOTE_SETTINGS_DEVTOOLS=1 in the environment
Dynamically enable window occlusion 0
1728381481942	Marionette	INFO	Marionette enabled
1728381482185	Marionette	INFO	Listening on port 64457
WebDriver BiDi listening on ws://127.0.0.1:64449
Read port: 64457
1728381482429	RemoteAgent	WARN	TLS certificate errors will be ignored for this session
DevTools listening on ws://127.0.0.1:64449/devtools/browser/fcc1ac8e-1cdc-449d-847c-8eaf1f85ad5c
JavaScript warning: https://int-replay-wsj-elections.ore.onservo.com/election/_next/static/chunks/main-c0569e4635de2e62.js, line 1: unreachable code after return statement
1728381491599	Marionette	WARN	Ignoring event 'DOMContentLoaded' because document has an invalid readyState of 'complete'.
JavaScript error: https://cdn.cxense.com/sp1.html#ver=2.8.80&typ=pgv&rnd=m209pp5yajxlo4iq&sid=1134002947328204066&loc=https%3A%2F%2Fwww.dev.wsj.com%2F&new=1&arf=0&ltm=1728381490349&ref=&tzo=-330&wsz=1278x497&res=1278x622&dpr=1&col=24&bln=en-US&chs=UTF-8&cks=m209ppnefljcdsz7&ckp=m209pp5y9z1soaak&glb=&cp_userState=anon&cp_testGroup=99&cp_env=staging&cp_topDomain=wsj.com&cp_template=full&cp_access=free&cp_section=US%20Home%20Page&cp_subsection=&cp_cms_name=CAPS&cp_subscriber=nonsubscriber&cp_edition=naus&cp_bucket=2&cp_ab_bucket=32&cp_pageContentSource=WSJ%20Online&cp_pageContentType=Home&cp_pageContentTypeDetai=desktopweb&cp_pageSiteProduct=WSJ&cp_userTags=&cp_sessionState=none, line 1: TypeError: cX.loadScript is not a function
JavaScript error: https://d3h0wybtovte4j.cloudfront.net/ugeovhprh.js, line 1: TypeError: URL constructor: null/foo.html?o=u&r=&l=https://www.dev.wsj.com/&aa=NA&ib=false&buster=NPUYKhoSHrQlKRGG is not a valid URL.
JavaScript warning: https://sc-static.net/scevent.min.js, line 2: Script terminated by timeout at:
m@https://sc-static.net/scevent.min.js:2:2789
c@https://sc-static.net/scevent.min.js:2:6893

JavaScript error: , line 0: TypeError: NetworkError when attempting to fetch resource.
JavaScript error: , line 0: TypeError: NetworkError when attempting to fetch resource.
JavaScript error: , line 0: uncaught exception: undefined
JavaScript warning: https://static.adsafeprotected.com/sca.17.6.4.js line 31 > eval, line 1: Script terminated by timeout at:
@https://static.adsafeprotected.com/sca.17.6.4.js line 31 > eval:1:130
@https://static.adsafeprotected.com/sca.17.6.4.js line 31 > eval:1:131
a79@https://static.adsafeprotected.com/sca.17.6.4.js:31:6967
a93/a167<@https://static.adsafeprotected.com/sca.17.6.4.js:32:23257
a@https://static.adsafeprotected.com/sca.17.6.4.js:31:22283
h@https://static.adsafeprotected.com/sca.17.6.4.js:31:22411
h@https://static.adsafeprotected.com/sca.17.6.4.js:31:22504
h@https://static.adsafeprotected.com/sca.17.6.4.js:31:22504
h@https://static.adsafeprotected.com/sca.17.6.4.js:31:22504
h@https://static.adsafeprotected.com/sca.17.6.4.js:31:22504
h@https://static.adsafeprotected.com/sca.17.6.4.js:31:22504
h@https://static.adsafeprotected.com/sca.17.6.4.js:31:22504
h@https://static.adsafeprotected.com/sca.17.6.4.js:31:22504
h@https://static.adsafeprotected.com/sca.17.6.4.js:31:22504
h@https://static.adsafeprotected.com/sca.17.6.4.js:31:22504
h@https://static.adsafeprotected.com/sca.17.6.4.js:31:22504
h@https://static.adsafeprotected.com/sca.17.6.4.js:31:22504
h@https://static.adsafeprotected.com/sca.17.6.4.js:31:22504
h@https://static.adsafeprotected.com/sca.17.6.4.js:31:22504
h@https://static.adsafeprotected.com/sca.17.6.4.js:31:22504
h@https://static.adsafeprotected.com/sca.17.6.4.js:31:22504
h@https://static.adsafeprotected.com/sca.17.6.4.js:31:22504
h@https://static.adsafeprotected.com/sca.17.6.4.js:31:22504
h@https://static.adsafeprotected.com/sca.17.6.4.js:31:22504
h@https://static.adsafeprotected.com/sca.17.6.4.js:31:22504
h@https://static.adsafeprotected.com/sca.17.6.4.js:31:22504
h@https://static.adsafeprotected.com/sca.17.6.4.js:31:22504
h@https://static.adsafeprotected.com/sca.17.6.4.js:31:22504
h@https://static.adsafeprotected.com/sca.17.6.4.js:31:22504
h@https://static.adsafeprotected.com/sca.17.6.4.js:31:22504
h@https://static.adsafeprotected.com/sca.17.6.4.js:31:22504
h@https://static.adsafeprotected.com/sca.17.6.4.js:31:22504
h@https://static.adsafeprotected.com/sca.17.6.4.js:31:22504
h@https://static.adsafeprotected.com/sca.17.6.4.js:31:22504
h@https://static.adsafeprotected.com/sca.17.6.4.js:31:22504
h@https://static.adsafeprotected.com/sca.17.6.4.js:31:22504
h@https://static.adsafeprotected.com/sca.17.6.4.js:31:22504
h@https://static.adsafeprotected.com/sca.17.6.4.js:31:22504
h@https://static.adsafeprotected.com/sca.17.6.4.js:31:22504
h@https://static.adsafeprotected.com/sca.17.6.4.js:31:22504
h@https://static.adsafeprotected.com/sca.17.6.4.js:31:22504
h@https://static.adsafeprotected.com/sca.17.6.4.js:31:22504
h@https://static.adsafeprotected.com/sca.17.6.4.js:31:22504
h@https://static.adsafeprotected.com/sca.17.6.4.js:31:22504
h@https://static.adsafeprotected.com/sca.17.6.4.js:31:22504
h@https://static.adsafeprotected.com/sca.17.6.4.js:31:22504
h@https://static.adsafeprotected.com/sca.17.6.4.js:31:22504
h@https://static.adsafeprotected.com/sca.17.6.4.js:31:22504
h@https://static.adsafeprotected.com/sca.17.6.4.js:31:22504
h@https://static.adsafeprotected.com/sca.17.6.4.js:31:22504
h@https://static.adsafeprotected.com/sca.17.6.4.js:31:22504
h@https://static.adsafeprotected.com/sca.17.6.4.js:31:22504
h@https://static.adsafeprotected.com/sca.17.6.4.js:31:22504
h@https://static.adsafeprotected.com/sca.17.6.4.js:31:22504
h@https://static.adsafeprotected.com/sca.17.6.4.js:31:22504
h@https://static.adsafeprotected.com/sca.17.6.4.js:31:22504
h@https://static.adsafeprotected.com/sca.17.6.4.js:31:22504
h@https://static.adsafeprotected.com/sca.17.6.4.js:31:22504
h@https://static.adsafeprotected.com/sca.17.6.4.js:31:22504
h@https://static.adsafeprotected.com/sca.17.6.4.js:31:22504
h@https://static.adsafeprotected.com/sca.17.6.4.js:31:22504
h@https://static.adsafeprotected.com/sca.17.6.4.js:31:22504
h@https://static.adsafeprotected.com/sca.17.6.4.js:31:22504
h@https://static.adsafeprotected.com/sca.17.6.4.js:31:22504
h@https://static.adsafeprotected.com/sca.17.6.4.js:31:22504
h@https://static.adsafeprotected.com/sca.17.6.4.js:31:22504
h@https://static.adsafeprotected.com/sca.17.6.4.js:31:22504
h@https://static.adsafeprotected.com/sca.17.6.4.js:31:22504
h@https://static.adsafeprotected.com/sca.17.6.4.js:31:22504
h@https://static.adsafeprotected.com/sca.17.6.4.js:31:22504
h@https://static.adsafeprotected.com/sca.17.6.4.js:31:22504
h@https://static.adsafeprotected.com/sca.17.6.4.js:31:22504
h@https://static.adsafeprotected.com/sca.17.6.4.js:31:22504
h@https://static.adsafeprotected.com/sca.17.6.4.js:31:22504
h@https://static.adsafeprotected.com/sca.17.6.4.js:31:22504
h@https://static.adsafeprotected.com/sca.17.6.4.js:31:22504
h@https://static.adsafeprotected.com/sca.17.6.4.js:31:22504
h@https://static.adsafeprotected.com/sca.17.6.4.js:31:22504
h@https://static.adsafeprotected.com/sca.17.6.4.js:31:22504
h@https://static.adsafeprotected.com/sca.17.6.4.js:31:22504
h@https://static.adsafeprotected.com/sca.17.6.4.js:31:22504
h@https://static.adsafeprotected.com/sca.17.6.4.js:31:22504
h@https://static.adsafeprotected.com/sca.17.6.4.js:31:22504
h@https://static.adsafeprotected.com/sca.17.6.4.js:31:22504
h@https://static.adsafeprotected.com/sca.17.6.4.js:31:22504
h@https://static.adsafeprotected.com/sca.17.6.4.js:31:22504
h@https://static.adsafeprotected.com/sca.17.6.4.js:31:22504
h@https://static.adsafeprotected.com/sca.17.6.4.js:31:22504
h@https://static.adsafeprotected.com/sca.17.6.4.js:31:22504
h@https://static.adsafeprotected.com/sca.17.6.4.js:31:22504
h@https://static.adsafeprotected.com/sca.17.6.4.js:31:22504
h@https://static.adsafeprotected.com/sca.17.6.4.js:31:22504
h@https://static.adsafeprotected.com/sca.17.6.4.js:31:22504
h@https://static.adsafeprotected.com/sca.17.6.4.js:31:22504
h@https://static.adsafeprotected.com/sca.17.6.4.js:31:22504
h@https://static.adsafeprotected.com/sca.17.6.4.js:31:22504
h@https://static.adsafeprotected.com/sca.17.6.4.js:31:22504
h@https://static.adsafeprotected.com/sca.17.6.4.js:31:22504
h@https://static.adsafeprotected.com/sca.17.6.4.js:31:22504
h@https://static.adsafeprotected.com/sca.17.6.4.js:31:22504
h@https://static.adsafeprotected.com/sca.17.6.4.js:31:22504
h@https://static.adsafeprotected.com/sca.17.6.4.js:31:22504
h@https://static.adsafeprotected.com/sca.17.6.4.js:31:22504
h@https://static.adsafeprotected.com/sca.17.6.4.js:31:22504
h@https://static.adsafeprotected.com/sca.17.6.4.js:31:22504
h@https://static.adsafeprotected.com/sca.17.6.4.js:31:22504
h@https://static.adsafeprotected.com/sca.17.6.4.js:31:22504
h@https://static.adsafeprotected.com/sca.17.6.4.js:31:22504
h@https://static.adsafeprotected.com/sca.17.6.4.js:31:22504
h@https://static.adsafeprotected.com/sca.17.6.4.js:31:22504
h@https://static.adsafeprotected.com/sca.17.6.4.js:31:22504
h@https://static.adsafeprotected.com/sca.17.6.4.js:31:22504
h@https://static.adsafeprotected.com/sca.17.6.4.js:31:22504
h@https://static.adsafeprotected.com/sca.17.6.4.js:31:22504
h@https://static.adsafeprotected.com/sca.17.6.4.js:31:22504
h@https://static.adsafeprotected.com/sca.17.6.4.js:31:22504
h@https://static.adsafeprotected.com/sca.17.6.4.js:31:22504
h@https://static.adsafeprotected.com/sca.17.6.4.js:31:22504
h@https://static.adsafeprotected.com/sca.17.6.4.js:31:22504
h@https://static.adsafeprotected.com/sca.17.6.4.js:31:22504
h@https://static.adsafeprotected.com/sca.17.6.4.js:31:22504
h@https://static.adsafeprotected.com/sca.17.6.4.js:31:22504
h@https://static.adsafeprotected.com/sca.17.6.4.js:31:22504
h@https://static.adsafeprotected.com/sca.17.6.4.js:31:22504
h@https://static.adsafeprotected.com/sca.17.6.4.js:31:22504
h@https://static.adsafeprotected.com/sca.17.6.4.js:31:22504
h@https://static.adsafeprotected.com/sca.17.6.4.js:31:22504
h@https://static.adsafeprotected.com/sca.17.6.4.js:31:22504

JavaScript warning: https://int-replay-wsj-elections.ore.onservo.com/election/_next/static/chunks/main-c0569e4635de2e62.js, line 1: Script terminated by timeout at:
r@https://int-replay-wsj-elections.ore.onservo.com/election/_next/static/chunks/main-c0569e4635de2e62.js:1:111518

1728381652956	Marionette	INFO	Stopped listening on port 64457
Dynamically enable window occlusion 1
!!! error running onStopped callback: TypeError: callback is not a function
