1728421886287	geckodriver	INFO	Listening on 127.0.0.1:57999
1728421889314	mozrunner::runner	INFO	Running command: "C:\\Program Files\\Mozilla Firefox\\firefox.exe" "--marionette" "--remote-debugging-port" "58000" "--remote-allow-hosts" "localhost" "-no-remote" "-profile" "D:\\Users\\sasikumarj\\AppData\\Local\\Temp\\rust_mozprofile22LJ3p"
console.warn: services.settings: Ignoring preference override of remote settings server
console.warn: services.settings: Allow by setting MOZ_REMOTE_SETTINGS_DEVTOOLS=1 in the environment
Dynamically enable window occlusion 0
1728421890304	Marionette	INFO	Marionette enabled
1728421890563	Marionette	INFO	Listening on port 58010
WebDriver BiDi listening on ws://127.0.0.1:58000
Read port: 58010
1728421890828	RemoteAgent	WARN	TLS certificate errors will be ignored for this session
DevTools listening on ws://127.0.0.1:58000/devtools/browser/fb6e6967-7654-4711-a58c-2ec766ea897d
JavaScript warning: https://www.marketwatch.com/_next/static/chunks/main-7c2c5b4ee7ae4ea0.js, line 1: unreachable code after return statement
JavaScript error: https://cdn.cxense.com/sp1.html#ver=2.8.80&typ=pgv&rnd=m20xrt0ybdrqlid9&sid=9222325317970825873&loc=https%3A%2F%2Fwww.marketwatch.com%2Fstory%2Fis-the-u-s-stock-market-closed-on-juneteenth-what-investors-need-to-know-11655230158&new=1&arf=0&ltm=1728421899448&ref=&tzo=-330&wsz=1278x497&res=1278x622&dpr=1&col=24&bln=en-US&chs=UTF-8&cks=m20xrt361g8g0vnq&ckp=m20xrt0ydzot60p8&glb=&amo=1655731440&cp_userState=anon&cp_testGroup=61&cp_topDomain=marketwatch.com&cp_pwTag=default&cp_pwPlacement=cx-articlecover&cp_pwCampaign=226&cp_pwType=free&cp_type=Market%20Extra&cp_template=preview&cp_access=paid&cp_section=Markets&cp_subsection=Markets&cp_cms_name=MarketWatch%20CMS%20(PROD)&cp_vix=&cp_subscriber=nonsubscriber&cp_edition=naus&cp_bucket=9&cp_ab_bucket=59&cp_pageContentSource=MarketWatch&cp_pageContentType=Article&cp_pageContentTypeDetai=standard&cp_pageSiteProduct=MW&cp_userTags=&cp_sessionState=none, line 1: TypeError: cX.loadScript is not a function
JavaScript error: https://dr5dymrsxhdzh.cloudfront.net/files/f194c261/combined/3d1cc39d2b1e431b8befd35856de3b1b.js, line 70: TypeError: e.data.indexOf is not a function
JavaScript error: https://dr5dymrsxhdzh.cloudfront.net/files/f194c261/combined/3d1cc39d2b1e431b8befd35856de3b1b.js, line 70: TypeError: e.data.indexOf is not a function
JavaScript error: https://dr5dymrsxhdzh.cloudfront.net/files/f194c261/combined/3d1cc39d2b1e431b8befd35856de3b1b.js, line 70: TypeError: e.data.indexOf is not a function
JavaScript error: https://dr5dymrsxhdzh.cloudfront.net/files/f194c261/combined/3d1cc39d2b1e431b8befd35856de3b1b.js, line 70: TypeError: e.data.indexOf is not a function
JavaScript warning: https://pagead2.googlesyndication.com/bg/WEoqGYGTldYSfSNCQ9Ugqu-00NFuS6e6WOK2G2Y_zzI.js line 2 > eval line 5858 > eval line 1 > eval line 1 > eval, line 1: WEBGL_debug_renderer_info is deprecated in Firefox and will be removed. Please use RENDERER.
JavaScript warning: https://pagead2.googlesyndication.com/bg/WEoqGYGTldYSfSNCQ9Ugqu-00NFuS6e6WOK2G2Y_zzI.js line 2 > eval line 5828 > eval line 1 > eval line 1 > eval, line 1: WEBGL_debug_renderer_info is deprecated in Firefox and will be removed. Please use RENDERER.
Exiting due to channel error.
Exiting due to channel error.
Exiting due to channel error.
Exiting due to channel error.
Exiting due to channel error.
Exiting due to channel error.
Exiting due to channel error.
Exiting due to channel error.
Exiting due to channel error.
Exiting due to channel error.
Exiting due to channel error.
