1728407578388	geckodriver	INFO	Listening on 127.0.0.1:53881
1728407581456	mozrunner::runner	INFO	Running command: "C:\\Program Files\\Mozilla Firefox\\firefox.exe" "--marionette" "--remote-debugging-port" "53882" "--remote-allow-hosts" "localhost" "-no-remote" "-profile" "D:\\Users\\sasikumarj\\AppData\\Local\\Temp\\rust_mozprofileDZ9blh"
console.warn: services.settings: Ignoring preference override of remote settings server
console.warn: services.settings: Allow by setting MOZ_REMOTE_SETTINGS_DEVTOOLS=1 in the environment
Dynamically enable window occlusion 0
1728407582087	Marionette	INFO	Marionette enabled
1728407582337	Marionette	INFO	Listening on port 53892
WebDriver BiDi listening on ws://127.0.0.1:53882
Read port: 53892
1728407582567	RemoteAgent	WARN	TLS certificate errors will be ignored for this session
DevTools listening on ws://127.0.0.1:53882/devtools/browser/cb359fa7-1e23-48ec-aed4-af6d6c8bc790
JavaScript error: https://cdn.cxense.com/sp1.html#ver=2.8.80&typ=pgv&rnd=m20p92o6o1peqqh3&sid=1139592114930554183&loc=https%3A%2F%2Fwww.s.dev.fnlondon.com%2F&new=1&arf=0&ltm=1728407588554&ref=&tzo=-330&wsz=1278x497&res=1278x622&dpr=1&col=24&bln=en-US&chs=UTF-8&cks=m20p92teln7hbm18&ckp=m20p92o6xrlyt7za&glb=&cp_userState=anon&cp_testGroup=90&cp_env=staging&cp_topDomain=fnlondon.com&cp_template=full&cp_access=free&cp_section=Home&cp_subsection=&cp_cms_name=CAPS&cp_subscriber=nonsubscriber&cp_edition=europegb&cp_bucket=8&cp_ab_bucket=8&cp_pageContentSource=FN%20London&cp_pageContentType=Home&cp_pageContentTypeDetai=default&cp_pageSiteProduct=FN&cp_userTags=&cp_sessionState=none, line 1: TypeError: cX.loadScript is not a function
JavaScript error: , line 0: TypeError: NetworkError when attempting to fetch resource.
JavaScript error: , line 0: TypeError: NetworkError when attempting to fetch resource.
JavaScript warning: https://pagead2.googlesyndication.com/bg/WEoqGYGTldYSfSNCQ9Ugqu-00NFuS6e6WOK2G2Y_zzI.js line 2 > eval line 4690 > eval line 1 > eval line 1 > eval, line 1: WEBGL_debug_renderer_info is deprecated in Firefox and will be removed. Please use RENDERER.
JavaScript error: , line 0: TypeError: NetworkError when attempting to fetch resource.
JavaScript error: https://asset.barrons.com/article/public/fn_full_article.dfb75bf78e25.js, line 62: TypeError: e(...).offset() is undefined
JavaScript error: https://asset.barrons.com/article/public/fn_full_article.dfb75bf78e25.js, line 26: TypeError: e(...).offset() is undefined
JavaScript warning: https://pagead2.googlesyndication.com/bg/WEoqGYGTldYSfSNCQ9Ugqu-00NFuS6e6WOK2G2Y_zzI.js line 2 > eval line 6201 > eval line 1 > eval line 1 > eval, line 1: WEBGL_debug_renderer_info is deprecated in Firefox and will be removed. Please use RENDERER.
JavaScript error: https://asset.barrons.com/article/public/fn_full_article.dfb75bf78e25.js, line 26: TypeError: e(...).offset() is undefined
JavaScript warning: https://static-cdn.spot.im/production/launcher/tags/v3.27.0/launcher/346-bundle.js, line 2: Script terminated by timeout at:
Bl@https://static-cdn.spot.im/production/launcher/tags/v3.27.0/launcher/346-bundle.js:2:131675
64448/xu/<@https://static-cdn.spot.im/production/launcher/tags/v3.27.0/launcher/346-bundle.js:2:168505
xu@https://static-cdn.spot.im/production/launcher/tags/v3.27.0/launcher/346-bundle.js:2:168515
bs@https://static-cdn.spot.im/production/launcher/tags/v3.27.0/launcher/346-bundle.js:2:157856
ms@https://static-cdn.spot.im/production/launcher/tags/v3.27.0/launcher/346-bundle.js:2:157784
vs@https://static-cdn.spot.im/production/launcher/tags/v3.27.0/launcher/346-bundle.js:2:157645
as@https://static-cdn.spot.im/production/launcher/tags/v3.27.0/launcher/346-bundle.js:2:152781
S@https://static-cdn.spot.im/production/launcher/tags/v3.27.0/launcher/346-bundle.js:2:218215
L@https://static-cdn.spot.im/production/launcher/tags/v3.27.0/launcher/346-bundle.js:2:218746
YBdB/</h/<@https://asset.barrons.com/article/public/fn_full_article.dfb75bf78e25.js:62:41981
h@https://asset.barrons.com/article/public/fn_full_article.dfb75bf78e25.js:62:42096
u@https://asset.barrons.com/article/public/fn_full_article.dfb75bf78e25.js:62:41454

1728407685246	Marionette	INFO	Stopped listening on port 53892
Dynamically enable window occlusion 1
