1728565777047	geckodriver	INFO	Listening on 127.0.0.1:64428
1728565780110	mozrunner::runner	INFO	Running command: "C:\\Program Files\\Mozilla Firefox\\firefox.exe" "--marionette" "--remote-debugging-port" "64429" "--remote-allow-hosts" "localhost" "-no-remote" "-profile" "D:\\Users\\sasikumarj\\AppData\\Local\\Temp\\rust_mozprofileA0L6Hy"
console.warn: services.settings: Ignoring preference override of remote settings server
console.warn: services.settings: Allow by setting MOZ_REMOTE_SETTINGS_DEVTOOLS=1 in the environment
Dynamically enable window occlusion 0
1728565780726	Marionette	INFO	Marionette enabled
1728565780966	Marionette	INFO	Listening on port 64436
WebDriver BiDi listening on ws://127.0.0.1:64429
Read port: 64436
1728565781223	RemoteAgent	WARN	TLS certificate errors will be ignored for this session
DevTools listening on ws://127.0.0.1:64429/devtools/browser/a6e0a7e2-1e75-477d-a862-abebce96a8b6
JavaScript error: https://cdn.cxense.com/sp1.html#ver=2.8.81&typ=pgv&rnd=m23bfs8nrgdjcfyd&sid=9222325317970825875&loc=https%3A%2F%2Fwww.barrons.com%2F&new=1&arf=0&ltm=1728565785530&ref=&tzo=-330&wsz=1278x497&res=1278x622&dpr=1&col=24&bln=en-US&chs=UTF-8&cks=m23bfsqoia9mra7p&ckp=m23bfs8nbeze0qhb&glb=&cp_userState=anon&cp_testGroup=12&cp_topDomain=barrons.com&cp_access=free&cp_section=US%20Home%20Page%20Weekday&cp_subsection=&cp_cms_name=CAPS&cp_subscriber=nonsubscriber&cp_edition=naus&cp_bucket=5&cp_ab_bucket=75&cp_pageContentSource=Barrons%20Online&cp_pageContentType=Home&cp_pageContentTypeDetai=default&cp_pageSiteProduct=BOL&cp_userTags=&cp_sessionState=none, line 1: TypeError: cX.loadScript is not a function
JavaScript error: https://asset.barrons.com/fp/assets/webpack4/runtime.9e37bf9b1d9ed2.js, line 1: ChunkLoadError: Loading chunk 877 failed.
(error: https://asset.barrons.com/fp/assets/webpack4/877.4e5d331222ef02.js)
JavaScript error: https://asset.barrons.com/fp/assets/webpack4/runtime.9e37bf9b1d9ed2.js, line 1: ChunkLoadError: Loading chunk 877 failed.
(error: https://asset.barrons.com/fp/assets/webpack4/877.4e5d331222ef02.js)
JavaScript error: https://asset.barrons.com/fp/assets/webpack4/runtime.9e37bf9b1d9ed2.js, line 1: ChunkLoadError: Loading chunk 877 failed.
(error: https://asset.barrons.com/fp/assets/webpack4/877.4e5d331222ef02.js)
JavaScript error: https://asset.barrons.com/fp/assets/webpack4/runtime.9e37bf9b1d9ed2.js, line 1: ChunkLoadError: Loading chunk 877 failed.
(error: https://asset.barrons.com/fp/assets/webpack4/877.4e5d331222ef02.js)
JavaScript error: , line 0: TypeError: NetworkError when attempting to fetch resource.
JavaScript error: , line 0: TypeError: NetworkError when attempting to fetch resource.
JavaScript error: , line 0: TypeError: NetworkError when attempting to fetch resource.
JavaScript error: , line 0: TypeError: NetworkError when attempting to fetch resource.
JavaScript error: , line 0: TypeError: NetworkError when attempting to fetch resource.
JavaScript error: , line 0: TypeError: NetworkError when attempting to fetch resource.
JavaScript error: , line 0: TypeError: NetworkError when attempting to fetch resource.
JavaScript error: , line 0: TypeError: NetworkError when attempting to fetch resource.
JavaScript error: , line 0: TypeError: NetworkError when attempting to fetch resource.
JavaScript error: , line 0: TypeError: NetworkError when attempting to fetch resource.
JavaScript error: , line 0: TypeError: NetworkError when attempting to fetch resource.
JavaScript error: , line 0: TypeError: NetworkError when attempting to fetch resource.
JavaScript error: , line 0: TypeError: NetworkError when attempting to fetch resource.
JavaScript error: , line 0: TypeError: NetworkError when attempting to fetch resource.
JavaScript error: , line 0: TypeError: NetworkError when attempting to fetch resource.
JavaScript error: , line 0: TypeError: NetworkError when attempting to fetch resource.
JavaScript error: , line 0: TypeError: NetworkError when attempting to fetch resource.
JavaScript error: , line 0: TypeError: NetworkError when attempting to fetch resource.
JavaScript error: , line 0: TypeError: NetworkError when attempting to fetch resource.
JavaScript error: , line 0: TypeError: NetworkError when attempting to fetch resource.
JavaScript error: https://www.barrons.com/asset/dj-watchlist/v1.11.0/p-8e3b6675.entry.js, line 11: TypeError: Error.captureStackTrace is not a function
console.error: ({})
console.error: ({})
JavaScript warning: https://www.s.dev.barrons.com/_next/static/chunks/main-fc8ea3f3c8e9e983.js, line 6: Script terminated by timeout at:
78018/w/<@https://www.s.dev.barrons.com/_next/static/chunks/main-fc8ea3f3c8e9e983.js:6:16343
t@https://www.s.dev.barrons.com/_next/static/chunks/main-fc8ea3f3c8e9e983.js:6:15839

JavaScript warning: https://www.gstatic.com/_/mss/boq-subscribewithgoogle/_/js/k=boq-subscribewithgoogle.SubscribewithgoogleClientUi.en_US.SplArP-rjcA.es5.O/am=MBgwAw/d=1/excm=_b,_tp,serviceiframeview/ed=1/dg=0/wt=2/ujg=1/rs=ABXTjI58lWJaA1O4F6MTgQYBsFgWIvXmAQ/m=_b,_tp, line 284: Script terminated by timeout at:
_.Vo.prototype.init@https://www.gstatic.com/_/mss/boq-subscribewithgoogle/_/js/k=boq-subscribewithgoogle.SubscribewithgoogleClientUi.en_US.SplArP-rjcA.es5.O/am=MBgwAw/d=1/excm=_b,_tp,serviceiframeview/ed=1/dg=0/wt=2/ujg=1/rs=ABXTjI58lWJaA1O4F6MTgQYBsFgWIvXmAQ/m=_b,_tp:284:90
_.Vo@https://www.gstatic.com/_/mss/boq-subscribewithgoogle/_/js/k=boq-subscribewithgoogle.SubscribewithgoogleClientUi.en_US.SplArP-rjcA.es5.O/am=MBgwAw/d=1/excm=_b,_tp,serviceiframeview/ed=1/dg=0/wt=2/ujg=1/rs=ABXTjI58lWJaA1O4F6MTgQYBsFgWIvXmAQ/m=_b,_tp:281:1678
lp@https://www.gstatic.com/_/mss/boq-subscribewithgoogle/_/js/k=boq-subscribewithgoogle.SubscribewithgoogleClientUi.en_US.SplArP-rjcA.es5.O/am=MBgwAw/d=1/excm=_b,_tp,serviceiframeview/ed=1/dg=0/wt=2/ujg=1/rs=ABXTjI58lWJaA1O4F6MTgQYBsFgWIvXmAQ/m=_b,_tp:288:415
c@https://www.gstatic.com/_/mss/boq-subscribewithgoogle/_/js/k=boq-subscribewithgoogle.SubscribewithgoogleClientUi.en_US.SplArP-rjcA.es5.O/am=MBgwAw/d=1/excm=_b,_tp,serviceiframeview/ed=1/dg=0/wt=2/ujg=1/rs=ABXTjI58lWJaA1O4F6MTgQYBsFgWIvXmAQ/m=_b,_tp:296:252
b@https://www.gstatic.com/_/mss/boq-subscribewithgoogle/_/js/k=boq-subscribewithgoogle.SubscribewithgoogleClientUi.en_US.SplArP-rjcA.es5.O/am=MBgwAw/d=1/excm=_b,_tp,serviceiframeview/ed=1/dg=0/wt=2/ujg=1/rs=ABXTjI58lWJaA1O4F6MTgQYBsFgWIvXmAQ/m=_b,_tp:287:48

JavaScript warning: https://fpt.live.com/?session_id=06b12c60f689475b8e39f5ea82a90b10&CustomerId=33e01921-4d64-4f8c-a055-5bdaffd5e33d&PageId=SI, line 5: WEBGL_debug_renderer_info is deprecated in Firefox and will be removed. Please use RENDERER.
console.warn: LoginRecipes: "Falling back to a synchronous message for: https://login.live.com."
console.warn: LoginRecipes: "Falling back to a synchronous message for: https://login.live.com."
console.warn: LoginRecipes: "Falling back to a synchronous message for: https://login.live.com."
console.warn: LoginRecipes: "Falling back to a synchronous message for: https://login.live.com."
console.warn: LoginRecipes: "Falling back to a synchronous message for: https://login.live.com."
console.warn: LoginRecipes: "Falling back to a synchronous message for: https://login.live.com."
console.warn: LoginRecipes: "Falling back to a synchronous message for: https://login.live.com."
console.warn: LoginRecipes: "Falling back to a synchronous message for: https://login.live.com."
console.warn: LoginRecipes: "Falling back to a synchronous message for: https://login.live.com."
console.warn: LoginRecipes: "Falling back to a synchronous message for: https://login.live.com."
1728565812388	Marionette	WARN	Ignoring event 'DOMContentLoaded' because document has an invalid readyState of 'complete'.
JavaScript warning: https://res-1.cdn.office.net/midgard/versionless/livepersonacard_without-react_4e09eb534f633f2b7d57.js, line 2: unreachable code after return statement
JavaScript warning: https://cdn.adnxs.com/v/s/246/trk.js, line 8: Script terminated by timeout at:
zn@https://cdn.adnxs.com/v/s/246/trk.js:8:15
_.B@https://cdn.adnxs.com/v/s/246/trk.js:560:3307
_.C@https://cdn.adnxs.com/v/s/246/trk.js:560:1400
md/<@https://cdn.adnxs.com/v/s/246/trk.js:560:5653

JavaScript warning: https://pagead2.googlesyndication.com/pagead/managed/js/activeview/current/ufs_web_display.js, line 14: Script terminated by timeout at:
E@https://pagead2.googlesyndication.com/pagead/managed/js/activeview/current/ufs_web_display.js:14:325
h@https://pagead2.googlesyndication.com/pagead/managed/js/activeview/current/ufs_web_display.js:94:449

JavaScript warning: https://pagead2.googlesyndication.com/bg/OPjMWwJBtReHhWwOPXWsCqm1x5VpbT9SkyMWV37nL8g.js line 2 > eval line 4131 > eval line 1 > eval line 1 > eval, line 1: WEBGL_debug_renderer_info is deprecated in Firefox and will be removed. Please use RENDERER.
1728565831821	Marionette	INFO	Stopped listening on port 64436
JavaScript warning: https://res.public.onecdn.static.microsoft/owamail/hashed-v1/scripts/owa.61781.m.4cbb2ef9.js, line 31: Script terminated by timeout at:
i@https://res.public.onecdn.static.microsoft/owamail/hashed-v1/scripts/owa.61781.m.4cbb2ef9.js:31:797051
get@https://res.public.onecdn.static.microsoft/owamail/hashed-v1/scripts/owa.61781.m.4cbb2ef9.js:31:797294
62167/em/this.determineAd@https://res.public.onecdn.static.microsoft/owamail/hashed-v1/scripts/owa.62167.m.98a00357.js:1:10232
62167/et/ee</<@https://res.public.onecdn.static.microsoft/owamail/hashed-v1/scripts/owa.62167.m.98a00357.js:1:8239
62167/et/ee<@https://res.public.onecdn.static.microsoft/owamail/hashed-v1/scripts/owa.62167.m.98a00357.js:1:8334

Dynamically enable window occlusion 1
