1729054713158	geckodriver	INFO	Listening on 127.0.0.1:58479
1729054716398	mozrunner::runner	INFO	Running command: "C:\\Program Files\\Mozilla Firefox\\firefox.exe" "--marionette" "--remote-debugging-port" "58480" "--remote-allow-hosts" "localhost" "-no-remote" "-profile" "D:\\Users\\sasikumarj\\AppData\\Local\\Temp\\rust_mozprofilenXxYaX"
console.warn: services.settings: Ignoring preference override of remote settings server
console.warn: services.settings: Allow by setting MOZ_REMOTE_SETTINGS_DEVTOOLS=1 in the environment
Dynamically enable window occlusion 0
1729054717063	Marionette	INFO	Marionette enabled
1729054717352	Marionette	INFO	Listening on port 58502
Read port: 58502
WebDriver BiDi listening on ws://127.0.0.1:58480
1729054717503	RemoteAgent	WARN	TLS certificate errors will be ignored for this session
DevTools listening on ws://127.0.0.1:58480/devtools/browser/14a38da9-7760-43f9-be4c-1be2336f9635
JavaScript error: https://cdn.cxense.com/sp1.html#ver=2.8.81&typ=pgv&rnd=m2bejeqatfrecd5s&sid=1134002947328204066&loc=https%3A%2F%2Fwww.s.dev.wsj.com%2F&new=1&arf=0&ltm=1729054722911&ref=&tzo=-330&wsz=1278x497&res=1278x622&dpr=1&col=24&bln=en-US&chs=UTF-8&cks=m2bejez5eu9vq6x2&ckp=m2bejeqaybjcz1lc&glb=&cp_userState=anon&cp_testGroup=59&cp_env=staging&cp_topDomain=wsj.com&cp_access=free&cp_section=US%20Home%20Page&cp_subsection=&cp_cms_name=CAPS&cp_subscriber=nonsubscriber&cp_edition=naus&cp_bucket=3&cp_ab_bucket=93&cp_pageContentSource=WSJ%20Online&cp_pageContentType=Home&cp_pageContentTypeDetai=desktopweb&cp_pageSiteProduct=WSJ&cp_userTags=&cp_sessionState=none, line 1: TypeError: cX.loadScript is not a function
JavaScript error: https://www.s.dev.wsj.com/ line 1 > injectedScript, line 1: SyntaxError: redeclaration of const cxHandleCusomterNavSubscribeBtnUpdate
JavaScript warning: https://int-replay-wsj-elections.ore.onservo.com/election/_next/static/chunks/main-c0569e4635de2e62.js, line 1: unreachable code after return statement
JavaScript error: , line 0: TypeError: NetworkError when attempting to fetch resource.
JavaScript error: , line 0: TypeError: NetworkError when attempting to fetch resource.
JavaScript warning: https://pagead2.googlesyndication.com/bg/-DbLkJJK3YZOSOasYi6rcjkBM_N5vpNI48728xD2bD8.js line 2 > eval line 5021 > eval line 1 > eval line 1 > eval, line 1: WEBGL_debug_renderer_info is deprecated in Firefox and will be removed. Please use RENDERER.
JavaScript warning: https://pagead2.googlesyndication.com/bg/-DbLkJJK3YZOSOasYi6rcjkBM_N5vpNI48728xD2bD8.js line 2 > eval line 4937 > eval line 1 > eval line 1 > eval, line 1: WEBGL_debug_renderer_info is deprecated in Firefox and will be removed. Please use RENDERER.
JavaScript warning: https://cdn.cxense.com/cx.js, line 6: Script terminated by timeout at:
ua/<@https://cdn.cxense.com/cx.js:6:70921

JavaScript warning: https://int-replay-wsj-elections.ore.onservo.com/election/_next/static/chunks/main-c0569e4635de2e62.js, line 1: Script terminated by timeout at:
8018/g/<@https://int-replay-wsj-elections.ore.onservo.com/election/_next/static/chunks/main-c0569e4635de2e62.js:1:111956
r@https://int-replay-wsj-elections.ore.onservo.com/election/_next/static/chunks/main-c0569e4635de2e62.js:1:111426

JavaScript error: , line 0: TypeError: NetworkError when attempting to fetch resource.
JavaScript error: , line 0: TypeError: NetworkError when attempting to fetch resource.
console.warn: LoginRecipes: "Falling back to a synchronous message for: https://sso.int.accounts.dowjones.com."
console.warn: LoginRecipes: "Falling back to a synchronous message for: https://sso.int.accounts.dowjones.com."
console.warn: LoginRecipes: "Falling back to a synchronous message for: https://sso.int.accounts.dowjones.com."
console.warn: LoginRecipes: "Falling back to a synchronous message for: https://sso.int.accounts.dowjones.com."
JavaScript warning: https://www.googletagmanager.com/gtag/js?id=G-GJ5S1GJYKT, line 223: Script terminated by timeout at:
f@https://www.googletagmanager.com/gtag/js?id=G-GJ5S1GJYKT:223:111
dd@https://www.googletagmanager.com/gtag/js?id=G-GJ5S1GJYKT:225:79
r@https://www.googletagmanager.com/gtag/js?id=G-GJ5S1GJYKT:221:1781
FA@https://www.googletagmanager.com/gtag/js?id=G-GJ5S1GJYKT:593:149
DA/</<@https://www.googletagmanager.com/gtag/js?id=G-GJ5S1GJYKT:591:187
z@https://www.googletagmanager.com/gtag/js?id=G-GJ5S1GJYKT:199:203
DA/<@https://www.googletagmanager.com/gtag/js?id=G-GJ5S1GJYKT:591:167
z@https://www.googletagmanager.com/gtag/js?id=G-GJ5S1GJYKT:199:203
DA@https://www.googletagmanager.com/gtag/js?id=G-GJ5S1GJYKT:591:134
EA/<@https://www.googletagmanager.com/gtag/js?id=G-GJ5S1GJYKT:591:111

JavaScript error: https://cdn.cxense.com/sp1.html#ver=2.8.81&typ=pgv&rnd=m2bek0x1fuxpgh7i&sid=1134002947328204066&loc=https%3A%2F%2Fwww.dev.wsj.com%2Fpreference-center%2Falerts%3Falert%3Dsection%26id%3Dtech%252Fai&new=0&arf=0&ltm=1729054751663&ref=&tzo=-330&wsz=1278x497&res=1278x622&dpr=1&col=24&bln=en-US&chs=UTF-8&cks=m2bek129vet21q63&ckp=m2bejeqaybjcz1lc&glb=&eid0=e4cefa22ef027cc0132f0c218da37da39cdb3228234af4df969b5c463592e123&eit0=wsj&cp_userState=anon&cp_testGroup=59&cp_env=staging&cp_topDomain=wsj.com&cp_template=full&cp_access=paid&cp_section=Preference%20Center&cp_subsection=Alerts&cp_cms_name=servo&cp_subscriber=registered&cp_edition=naus&cp_bucket=5&cp_ab_bucket=55&cp_pageContentSource=WSJ%20Online&cp_pageContentType=CustomerResources&cp_pageContentTypeDetai=preference-center&cp_pageSiteProduct=WSJ&cp_userTags=BARRONS-SUB&cp_sessionState=ca, line 1: TypeError: cX.loadScript is not a function
1729054753676	Marionette	WARN	Ignoring event 'DOMContentLoaded' because document has an invalid readyState of 'complete'.
JavaScript warning: https://sc-static.net/scevent.min.js, line 2: Script terminated by timeout at:
m@https://sc-static.net/scevent.min.js:2:2789
c@https://sc-static.net/scevent.min.js:2:6893

1729054754483	Marionette	INFO	Stopped listening on port 58502
Dynamically enable window occlusion 1
