1728482552289	geckodriver	INFO	Listening on 127.0.0.1:50410
1728482555350	mozrunner::runner	INFO	Running command: "C:\\Program Files\\Mozilla Firefox\\firefox.exe" "--marionette" "--remote-debugging-port" "50411" "--remote-allow-hosts" "localhost" "-no-remote" "-profile" "D:\\Users\\sasikumarj\\AppData\\Local\\Temp\\rust_mozprofilemyftZC"
console.warn: services.settings: Ignoring preference override of remote settings server
console.warn: services.settings: Allow by setting MOZ_REMOTE_SETTINGS_DEVTOOLS=1 in the environment
Dynamically enable window occlusion 0
1728482556042	Marionette	INFO	Marionette enabled
1728482556330	Marionette	INFO	Listening on port 50421
WebDriver BiDi listening on ws://127.0.0.1:50411
Read port: 50421
1728482556620	RemoteAgent	WARN	TLS certificate errors will be ignored for this session
DevTools listening on ws://127.0.0.1:50411/devtools/browser/387f5229-5d58-460d-ae36-0e1fea67226d
JavaScript warning: https://www.dev.marketwatch.com/_next/static/chunks/main-7c2c5b4ee7ae4ea0.js, line 1: unreachable code after return statement
JavaScript error: https://cdn.cxense.com/sp1.html#ver=2.8.80&typ=pgv&rnd=m21xw72djaw6q26d&sid=1138573015853471556&loc=https%3A%2F%2Fwww.dev.marketwatch.com%2Fauthor%2FCatey-Hill&new=1&arf=0&ltm=1728482570445&ref=&tzo=-330&wsz=1278x497&res=1278x622&dpr=1&col=24&bln=en-US&chs=UTF-8&cks=m21xw73y4eis23lp&ckp=m21xw72dk9pkhkql&glb=&cp_userState=anon&cp_testGroup=87&cp_env=staging&cp_topDomain=marketwatch.com&cp_template=full&cp_access=free&cp_section=Author&cp_subsection=Catey%20Hill&cp_cms_name=Peavey&cp_subscriber=nonsubscriber&cp_edition=naus&cp_bucket=6&cp_ab_bucket=96&cp_pageContentSource=MarketWatch&cp_pageContentType=Summaries&cp_pageContentTypeDetai=default&cp_pageSiteProduct=MW&cp_userTags=&cp_sessionState=none, line 1: TypeError: cX.loadScript is not a function
JavaScript error: https://d3h0wybtovte4j.cloudfront.net/ugeovhprh.js, line 1: TypeError: URL constructor: null/foo.html?o=u&r=&l=https://www.dev.marketwatch.com/author/Catey-Hill&aa=NA&ib=false&buster=yJjfIjRdRYCdhqsU is not a valid URL.
JavaScript error: , line 0: uncaught exception: undefined
JavaScript error: https://www.dev.marketwatch.com/author/Catey-Hill line 33 > injectedScript, line 23: SecurityError: Permission denied to access property "clearTimeout" on cross-origin object
JavaScript warning: https://gum.criteo.com/syncframe?origin=criteoPrebidAdapter&topUrl=www.dev.marketwatch.com&us_privacy=1YNN&gpp=DBABRg~BVoAACA&gpp_sid=9#{%22cw%22:true,%22lsw%22:true,%22origin%22:%22criteoPrebidAdapter%22,%22requestId%22:%220.5043686229332512%22,%22tld%22:%22www.dev.marketwatch.com%22,%22topUrl%22:%22www.dev.marketwatch.com%22,%22version%22:%229_12_0%22}, line 13: Script terminated by timeout at:
r.prototype.flushEventQueue@https://gum.criteo.com/syncframe?origin=criteoPrebidAdapter&topUrl=www.dev.marketwatch.com&us_privacy=1YNN&gpp=DBABRg~BVoAACA&gpp_sid=9#{%22cw%22:true,%22lsw%22:true,%22origin%22:%22criteoPrebidAdapter%22,%22requestId%22:%220.5043686229332512%22,%22tld%22:%22www.dev.marketwatch.com%22,%22topUrl%22:%22www.dev.marketwatch.com%22,%22version%22:%229_12_0%22}:13:3137
r/<@https://gum.criteo.com/syncframe?origin=criteoPrebidAdapter&topUrl=www.dev.marketwatch.com&us_privacy=1YNN&gpp=DBABRg~BVoAACA&gpp_sid=9#{%22cw%22:true,%22lsw%22:true,%22origin%22:%22criteoPrebidAdapter%22,%22requestId%22:%220.5043686229332512%22,%22tld%22:%22www.dev.marketwatch.com%22,%22topUrl%22:%22www.dev.marketwatch.com%22,%22version%22:%229_12_0%22}:13:3642

JavaScript error: https://d3h0wybtovte4j.cloudfront.net/ugeovhprh.js, line 1: TypeError: URL constructor: null/foo.html?o=u&r=&l=https://www.stg.marketwatch.com/welcome-watchlist&aa=NA&ib=false&buster=MtDxWTjYrJxhcMmr is not a valid URL.
1728482583607	Marionette	INFO	Stopped listening on port 50421
JavaScript warning: https://sts3.wsj.net/bucket-a/maggie/dev/static/js/scripts-stg-ff1ebb0448.min.js, line 47: Script terminated by timeout at:
ajax@https://sts3.wsj.net/bucket-a/maggie/dev/static/js/scripts-stg-ff1ebb0448.min.js:47:16173
ajaxAbort@https://sts3.wsj.net/bucket-a/maggie/dev/static/js/scripts-stg-ff1ebb0448.min.js:47:18839
abort@https://sts3.wsj.net/bucket-a/maggie/dev/static/js/scripts-stg-ff1ebb0448.min.js:47:24141
stop@https://sts3.wsj.net/bucket-a/maggie/dev/static/js/scripts-stg-ff1ebb0448.min.js:47:12725
e.exports/i.signalR.prototype.stop@https://sts3.wsj.net/bucket-a/maggie/dev/static/js/scripts-stg-ff1ebb0448.min.js:75:524
start/o/</</<@https://sts3.wsj.net/bucket-a/maggie/dev/static/js/scripts-stg-ff1ebb0448.min.js:47:9265

Dynamically enable window occlusion 1
!!! error running onStopped callback: TypeError: callback is not a function
