1729684125317	geckodriver	INFO	Listening on 127.0.0.1:60030
1729684128384	mozrunner::runner	INFO	Running command: "C:\\Program Files\\Mozilla Firefox\\firefox.exe" "--marionette" "--remote-debugging-port" "60031" "--remote-allow-hosts" "localhost" "-no-remote" "-profile" "D:\\Users\\sasikumarj\\AppData\\Local\\Temp\\rust_mozprofileIstnPb"
console.warn: services.settings: Ignoring preference override of remote settings server
console.warn: services.settings: Allow by setting MOZ_REMOTE_SETTINGS_DEVTOOLS=1 in the environment
Dynamically enable window occlusion 0
1729684129076	Marionette	INFO	Marionette enabled
1729684129329	Marionette	INFO	Listening on port 60038
WebDriver BiDi listening on ws://127.0.0.1:60031
Read port: 60038
1729684129602	RemoteAgent	WARN	TLS certificate errors will be ignored for this session
DevTools listening on ws://127.0.0.1:60031/devtools/browser/c2846595-045e-44f5-8ff3-d9c84aecb86e
JavaScript error: https://cdn.cxense.com/sp1.html#ver=2.8.81&typ=pgv&rnd=m2lt9vazk47gx4nt&sid=9222325317970825875&loc=https%3A%2F%2Fwww.barrons.com%2F&new=1&arf=0&ltm=1729684133822&ref=&tzo=-330&wsz=1278x497&res=1278x622&dpr=1&col=24&bln=en-US&chs=UTF-8&cks=m2lt9vsi5qk1mzna&ckp=m2lt9vazdszrkl5j&glb=&cp_userState=anon&cp_testGroup=16&cp_topDomain=barrons.com&cp_access=free&cp_section=US%20Home%20Page%20Weekday&cp_subsection=&cp_cms_name=CAPS&cp_subscriber=nonsubscriber&cp_edition=naus&cp_bucket=8&cp_ab_bucket=68&cp_pageContentSource=Barrons%20Online&cp_pageContentType=Home&cp_pageContentTypeDetai=default&cp_pageSiteProduct=BOL&cp_userTags=&cp_sessionState=none, line 1: TypeError: cX.loadScript is not a function
JavaScript error: https://asset.barrons.com/fp/assets/webpack4/runtime.854e2b45bc2e8d.js, line 1: ChunkLoadError: Loading chunk 877 failed.
(error: https://asset.barrons.com/fp/assets/webpack4/877.4e5d331222ef02.js)
JavaScript error: https://asset.barrons.com/fp/assets/webpack4/runtime.854e2b45bc2e8d.js, line 1: ChunkLoadError: Loading chunk 877 failed.
(error: https://asset.barrons.com/fp/assets/webpack4/877.4e5d331222ef02.js)
JavaScript error: https://asset.barrons.com/fp/assets/webpack4/runtime.854e2b45bc2e8d.js, line 1: ChunkLoadError: Loading chunk 877 failed.
(error: https://asset.barrons.com/fp/assets/webpack4/877.4e5d331222ef02.js)
JavaScript error: https://asset.barrons.com/fp/assets/webpack4/runtime.854e2b45bc2e8d.js, line 1: ChunkLoadError: Loading chunk 877 failed.
(error: https://asset.barrons.com/fp/assets/webpack4/877.4e5d331222ef02.js)
JavaScript error: , line 0: TypeError: NetworkError when attempting to fetch resource.
JavaScript error: , line 0: TypeError: NetworkError when attempting to fetch resource.
JavaScript error: , line 0: TypeError: NetworkError when attempting to fetch resource.
JavaScript error: , line 0: TypeError: NetworkError when attempting to fetch resource.
JavaScript error: , line 0: TypeError: NetworkError when attempting to fetch resource.
JavaScript error: , line 0: TypeError: NetworkError when attempting to fetch resource.
JavaScript error: , line 0: TypeError: NetworkError when attempting to fetch resource.
JavaScript error: , line 0: TypeError: NetworkError when attempting to fetch resource.
JavaScript error: , line 0: TypeError: NetworkError when attempting to fetch resource.
JavaScript error: , line 0: TypeError: NetworkError when attempting to fetch resource.
JavaScript error: , line 0: TypeError: NetworkError when attempting to fetch resource.
JavaScript error: , line 0: TypeError: NetworkError when attempting to fetch resource.
JavaScript error: , line 0: TypeError: NetworkError when attempting to fetch resource.
JavaScript error: , line 0: TypeError: NetworkError when attempting to fetch resource.
JavaScript error: , line 0: TypeError: NetworkError when attempting to fetch resource.
JavaScript error: , line 0: TypeError: NetworkError when attempting to fetch resource.
JavaScript error: , line 0: TypeError: NetworkError when attempting to fetch resource.
JavaScript error: , line 0: TypeError: NetworkError when attempting to fetch resource.
JavaScript error: , line 0: TypeError: NetworkError when attempting to fetch resource.
JavaScript error: , line 0: TypeError: NetworkError when attempting to fetch resource.
JavaScript error: https://www.barrons.com/asset/dj-watchlist/v1.11.0/p-8e3b6675.entry.js, line 11: TypeError: Error.captureStackTrace is not a function
console.error: ({})
console.error: ({})
JavaScript error: https://cdn.cxense.com/sp1.html#ver=2.8.81&typ=pgv&rnd=m2lta0u2dwd156ft&sid=9222325317970825875&loc=https%3A%2F%2Fwww.s.dev.barrons.com%2Farticles%2Fbuy-under-armour-stock-pick-51650672000&new=0&arf=0&ltm=1729684140994&ref=&tzo=-330&wsz=1278x497&res=1278x622&dpr=1&col=24&bln=en-US&chs=UTF-8&cks=m2lta0y4gjt5azax&ckp=m2lt9vazdszrkl5j&glb=&amo=1720048200&cp_userState=anon&cp_testGroup=16&cp_env=staging&cp_topDomain=barrons.com&cp_pwTag=default&cp_pwPlacement=cx-snippetad&cp_pwCampaign=10&cp_pwType=personalized&cp_type=Retail&cp_template=preview&cp_access=PAID&cp_section=Retail&cp_subsection=Sizing%20Up%20Small-Caps&cp_cms_name=Methode&cp_vix=&cp_subscriber=nonsubscriber&cp_edition=naus&cp_bucket=8&cp_ab_bucket=68&cp_pageContentSource=Barron's%20Online&cp_pageContentType=Article&cp_pageContentTypeDetai=STANDARD&cp_pageSiteProduct=BOL&cp_userTags=&cp_sessionState=none, line 1: TypeError: cX.loadScript is not a function
JavaScript warning: https://www.gstatic.com/_/mss/boq-subscribewithgoogle/_/js/k=boq-subscribewithgoogle.SubscribewithgoogleClientUi.en_US.UWDcIBfNPfI.es5.O/am=MBgwAw/d=1/excm=_b,_tp,serviceiframeview/ed=1/dg=0/wt=2/ujg=1/rs=ABXTjI4n5r6d01qrlNES6XxsnIgUg1L34A/m=_b,_tp, line 299: Script terminated by timeout at:
c@https://www.gstatic.com/_/mss/boq-subscribewithgoogle/_/js/k=boq-subscribewithgoogle.SubscribewithgoogleClientUi.en_US.UWDcIBfNPfI.es5.O/am=MBgwAw/d=1/excm=_b,_tp,serviceiframeview/ed=1/dg=0/wt=2/ujg=1/rs=ABXTjI4n5r6d01qrlNES6XxsnIgUg1L34A/m=_b,_tp:299:187
b@https://www.gstatic.com/_/mss/boq-subscribewithgoogle/_/js/k=boq-subscribewithgoogle.SubscribewithgoogleClientUi.en_US.UWDcIBfNPfI.es5.O/am=MBgwAw/d=1/excm=_b,_tp,serviceiframeview/ed=1/dg=0/wt=2/ujg=1/rs=ABXTjI4n5r6d01qrlNES6XxsnIgUg1L34A/m=_b,_tp:290:48

JavaScript error: , line 0: TypeError: NetworkError when attempting to fetch resource.
JavaScript error: https://ace.wsj.com/assets-staging/ace/uac.min.js, line 1: TypeError: o is null
JavaScript error: https://ace.wsj.com/assets-staging/ace/uac.min.js, line 1: TypeError: o is null
console.error: ({})
console.error: ({})
JavaScript error: https://instant.page/5.1.0, line 1: SyntaxError: redeclaration of var e
JavaScript error: https://instant.page/5.1.0, line 1: SyntaxError: redeclaration of var e
JavaScript warning: https://pagead2.googlesyndication.com/bg/O8sEcXgCa466l54yXaTCnHuhcM3JDbR5gQBH2mnA7-c.js line 2 > eval line 7096 > eval line 1 > eval line 1 > eval, line 1: WEBGL_debug_renderer_info is deprecated in Firefox and will be removed. Please use RENDERER.
JavaScript warning: https://pagead2.googlesyndication.com/bg/O8sEcXgCa466l54yXaTCnHuhcM3JDbR5gQBH2mnA7-c.js line 2 > eval line 4589 > eval line 1 > eval line 1 > eval, line 1: WEBGL_debug_renderer_info is deprecated in Firefox and will be removed. Please use RENDERER.
JavaScript warning: https://pagead2.googlesyndication.com/bg/O8sEcXgCa466l54yXaTCnHuhcM3JDbR5gQBH2mnA7-c.js line 2 > eval line 2549 > eval line 1 > eval line 1 > eval, line 1: WEBGL_debug_renderer_info is deprecated in Firefox and will be removed. Please use RENDERER.
JavaScript warning: https://cdn.gbqofs.com/sv/b/detector-bootstrap.min.js, line 0: Successfully compiled asm.js code (total compilation time 5ms)
JavaScript error: , line 0: TypeError: NetworkError when attempting to fetch resource.
JavaScript error: , line 0: TypeError: NetworkError when attempting to fetch resource.
JavaScript error: https://www.s.dev.barrons.com/_next/static/chunks/7637-e3e236b9df5b1ed3.js, line 1: TypeError: IntersectionObserver.observe: Argument 1 is not an object.
JavaScript warning: https://www.s.dev.barrons.com/_next/static/chunks/6779-f9ce6923195cf921.js, line 12: Script terminated by timeout at:
38993/getXFromTheme/</<@https://www.s.dev.barrons.com/_next/static/chunks/6779-f9ce6923195cf921.js:12:190365
getResponsiveSpace@https://www.s.dev.barrons.com/_next/static/chunks/6779-f9ce6923195cf921.js:12:183693
93387/generateLogicalProps/<@https://www.s.dev.barrons.com/_next/static/chunks/6779-f9ce6923195cf921.js:12:183886
logicalMargins@https://www.s.dev.barrons.com/_next/static/chunks/6779-f9ce6923195cf921.js:12:184172
93387/logicalProps/<@https://www.s.dev.barrons.com/_next/static/chunks/6779-f9ce6923195cf921.js:12:184321
handleInterpolation@https://www.s.dev.barrons.com/_next/static/chunks/6779-f9ce6923195cf921.js:12:59190
serializeStyles@https://www.s.dev.barrons.com/_next/static/chunks/6779-f9ce6923195cf921.js:12:59576
55319/createStyled/</ec<@https://www.s.dev.barrons.com/_next/static/chunks/6779-f9ce6923195cf921.js:12:61732
57607/withEmotionCache/<@https://www.s.dev.barrons.com/_next/static/chunks/6779-f9ce6923195cf921.js:12:54633
Xh@https://www.s.dev.barrons.com/_next/static/chunks/framework-1093784b1a58324b.js:9:60992
Zi@https://www.s.dev.barrons.com/_next/static/chunks/framework-1093784b1a58324b.js:9:71288
x@https://www.s.dev.barrons.com/_next/static/chunks/framework-1093784b1a58324b.js:9:121534
Vk@https://www.s.dev.barrons.com/_next/static/chunks/framework-1093784b1a58324b.js:9:99133
64448/Jk/<@https://www.s.dev.barrons.com/_next/static/chunks/framework-1093784b1a58324b.js:9:99001
Jk@https://www.s.dev.barrons.com/_next/static/chunks/framework-1093784b1a58324b.js:9:99006
Hk@https://www.s.dev.barrons.com/_next/static/chunks/framework-1093784b1a58324b.js:9:94050
J@https://www.s.dev.barrons.com/_next/static/chunks/framework-1093784b1a58324b.js:33:1365
R@https://www.s.dev.barrons.com/_next/static/chunks/framework-1093784b1a58324b.js:33:1894
@https://ats-wrapper.privacymanager.io/ats-modules/a2d2f543-7d16-413e-b7c0-7fc163090b73/ats.js:1:55346
T@https://ats-wrapper.privacymanager.io/ats-modules/a2d2f543-7d16-413e-b7c0-7fc163090b73/ats.js:1:55114
x@https://ats-wrapper.privacymanager.io/ats-modules/a2d2f543-7d16-413e-b7c0-7fc163090b73/ats.js:1:55174

JavaScript error: , line 0: TypeError: NetworkError when attempting to fetch resource.
JavaScript error: , line 0: TypeError: NetworkError when attempting to fetch resource.
JavaScript error: , line 0: TypeError: NetworkError when attempting to fetch resource.
console.warn: LoginRecipes: "Falling back to a synchronous message for: https://sso.int.accounts.dowjones.com."
console.warn: LoginRecipes: "Falling back to a synchronous message for: https://sso.int.accounts.dowjones.com."
console.warn: LoginRecipes: "Falling back to a synchronous message for: https://sso.int.accounts.dowjones.com."
console.warn: LoginRecipes: "Falling back to a synchronous message for: https://sso.int.accounts.dowjones.com."
JavaScript warning: https://www.googletagmanager.com/gtag/js?id=G-GJ5S1GJYKT, line 194: Script terminated by timeout at:
Ta@https://www.googletagmanager.com/gtag/js?id=G-GJ5S1GJYKT:194:33
Ta@https://www.googletagmanager.com/gtag/js?id=G-GJ5S1GJYKT:194:145
Ta@https://www.googletagmanager.com/gtag/js?id=G-GJ5S1GJYKT:194:189
Ta@https://www.googletagmanager.com/gtag/js?id=G-GJ5S1GJYKT:194:189
Um@https://www.googletagmanager.com/gtag/js?id=G-GJ5S1GJYKT:391:455
Tm.prototype.flush@https://www.googletagmanager.com/gtag/js?id=G-GJ5S1GJYKT:395:336
Tm.prototype.push@https://www.googletagmanager.com/gtag/js?id=G-GJ5S1GJYKT:393:403
Mm@https://www.googletagmanager.com/gtag/js?id=G-GJ5S1GJYKT:390:785
pI/<@https://www.googletagmanager.com/gtag/js?id=G-GJ5S1GJYKT:721:187
ca.Yk/<@https://www.googletagmanager.com/gtag/js?id=G-GJ5S1GJYKT:663:126
ca.Yk/c/<@https://www.googletagmanager.com/gtag/js?id=G-GJ5S1GJYKT:662:420

console.error: ({})
console.error: ({})
JavaScript error: https://instant.page/5.1.0, line 1: SyntaxError: redeclaration of var e
JavaScript error: https://www.s.dev.barrons.com/_next/static/chunks/framework-1093784b1a58324b.js, line 9: Error: Minified React error #418; visit https://reactjs.org/docs/error-decoder.html?invariant=418 for the full message or use the non-minified dev environment for full errors and additional helpful warnings.
JavaScript error: https://www.s.dev.barrons.com/_next/static/chunks/framework-1093784b1a58324b.js, line 9: Error: Minified React error #418; visit https://reactjs.org/docs/error-decoder.html?invariant=418 for the full message or use the non-minified dev environment for full errors and additional helpful warnings.
JavaScript error: https://www.s.dev.barrons.com/_next/static/chunks/framework-1093784b1a58324b.js, line 9: Error: Minified React error #418; visit https://reactjs.org/docs/error-decoder.html?invariant=418 for the full message or use the non-minified dev environment for full errors and additional helpful warnings.
JavaScript error: https://www.s.dev.barrons.com/_next/static/chunks/framework-1093784b1a58324b.js, line 9: Error: Minified React error #418; visit https://reactjs.org/docs/error-decoder.html?invariant=418 for the full message or use the non-minified dev environment for full errors and additional helpful warnings.
JavaScript error: https://www.s.dev.barrons.com/_next/static/chunks/framework-1093784b1a58324b.js, line 9: Error: Minified React error #418; visit https://reactjs.org/docs/error-decoder.html?invariant=418 for the full message or use the non-minified dev environment for full errors and additional helpful warnings.
JavaScript error: https://www.s.dev.barrons.com/_next/static/chunks/framework-1093784b1a58324b.js, line 9: Error: Minified React error #418; visit https://reactjs.org/docs/error-decoder.html?invariant=418 for the full message or use the non-minified dev environment for full errors and additional helpful warnings.
JavaScript error: https://www.s.dev.barrons.com/_next/static/chunks/framework-1093784b1a58324b.js, line 9: Error: Minified React error #418; visit https://reactjs.org/docs/error-decoder.html?invariant=418 for the full message or use the non-minified dev environment for full errors and additional helpful warnings.
JavaScript error: https://www.s.dev.barrons.com/_next/static/chunks/framework-1093784b1a58324b.js, line 9: Error: Minified React error #418; visit https://reactjs.org/docs/error-decoder.html?invariant=418 for the full message or use the non-minified dev environment for full errors and additional helpful warnings.
JavaScript error: https://www.s.dev.barrons.com/_next/static/chunks/framework-1093784b1a58324b.js, line 9: Error: Minified React error #418; visit https://reactjs.org/docs/error-decoder.html?invariant=418 for the full message or use the non-minified dev environment for full errors and additional helpful warnings.
JavaScript error: https://www.s.dev.barrons.com/_next/static/chunks/framework-1093784b1a58324b.js, line 9: Error: Minified React error #423; visit https://reactjs.org/docs/error-decoder.html?invariant=423 for the full message or use the non-minified dev environment for full errors and additional helpful warnings.
JavaScript warning: https://pagead2.googlesyndication.com/bg/O8sEcXgCa466l54yXaTCnHuhcM3JDbR5gQBH2mnA7-c.js line 2 > eval line 7156 > eval line 1 > eval line 1 > eval, line 1: WEBGL_debug_renderer_info is deprecated in Firefox and will be removed. Please use RENDERER.
JavaScript warning: https://pagead2.googlesyndication.com/bg/O8sEcXgCa466l54yXaTCnHuhcM3JDbR5gQBH2mnA7-c.js line 2 > eval line 4220 > eval line 1 > eval line 1 > eval, line 1: WEBGL_debug_renderer_info is deprecated in Firefox and will be removed. Please use RENDERER.
JavaScript warning: https://pagead2.googlesyndication.com/bg/O8sEcXgCa466l54yXaTCnHuhcM3JDbR5gQBH2mnA7-c.js line 2 > eval line 6014 > eval line 1 > eval line 1 > eval, line 1: WEBGL_debug_renderer_info is deprecated in Firefox and will be removed. Please use RENDERER.
JavaScript warning: https://cdn.gbqofs.com/sv/b/detector-bootstrap.min.js, line 0: Successfully compiled asm.js code (total compilation time 2ms)
JavaScript warning: https://pagead2.googlesyndication.com/bg/O8sEcXgCa466l54yXaTCnHuhcM3JDbR5gQBH2mnA7-c.js line 2 > eval line 7567 > eval line 1 > eval line 1 > eval, line 1: WEBGL_debug_renderer_info is deprecated in Firefox and will be removed. Please use RENDERER.
1729684189058	Marionette	WARN	Ignoring event 'pageshow' because document has an invalid readyState of 'uninitialized'.
JavaScript error: , line 0: TypeError: NetworkError when attempting to fetch resource.
1729684192158	Marionette	WARN	Ignoring event 'pageshow' because document has an invalid readyState of 'uninitialized'.
1729684195064	Marionette	INFO	Stopped listening on port 60038
JavaScript warning: https://s0.2mdn.net/879366/express_html_inpage_rendering_lib_200_280.js, line 78: Script terminated by timeout at:
Eg.prototype.C@https://s0.2mdn.net/879366/express_html_inpage_rendering_lib_200_280.js:78:651

Dynamically enable window occlusion 1
JavaScript error: , line 0: TypeError: NetworkError when attempting to fetch resource.
JavaScript error: , line 0: TypeError: NetworkError when attempting to fetch resource.
JavaScript error: , line 0: TypeError: NetworkError when attempting to fetch resource.
JavaScript error: , line 0: TypeError: NetworkError when attempting to fetch resource.
